<Event xmlns="http://schemas.microsoft.com/win/2004/08/events/event">
		<System>
			<Provider Name="Microsoft-Windows-DistributedCOM" Guid="{1B562E86-B7AA-4131-BADC-B6F3A001407E}" EventSourceName="DCOM" />
			<EventID Qualifiers="0">10010</EventID>
			<Version>0</Version>
			<Level>2</Level>
			<Task>0</Task>
			<Opcode>0</Opcode>
			<Keywords>0x8080000000000000</Keywords>
			<TimeCreated SystemTime="2020-01-16T03:35:34.986662200Z" />
			<EventRecordID>16474</EventRecordID>
			<Correlation />
			<Execution ProcessID="676" ThreadID="2680" />
			<Channel>System</Channel>
			<Computer>DESKTOP-SQG8FRI</Computer>
			<Security UserID="S-1-5-18" />
		</System>
		<EventData>
			<Data Name="param1">{E60687F7-01A1-40AA-86AC-DB1CBF673334}</Data>
		</EventData>
		<RenderingInfo Culture="ru-RU">
			<Message>Регистрация сервера {E60687F7-01A1-40AA-86AC-DB1CBF673334} DCOM не выполнена за отведенное время ожидания.</Message>
			<Level>Ошибка</Level>
			<Task />
			<Opcode>Сведения</Opcode>
			<Channel />
			<Provider>Microsoft-Windows-DistributedCOM</Provider>
			<Keywords>
				<Keyword>Классический</Keyword>
			</Keywords>
		</RenderingInfo>
	</Event>
	<Event xmlns="http://schemas.microsoft.com/win/2004/08/events/event">
		<System>
			<Provider Name="Service Control Manager" Guid="{555908d1-a6d7-4695-8e1e-26931d2012f4}" EventSourceName="Service Control Manager" />
			<EventID Qualifiers="49152">7023</EventID>
			<Version>0</Version>
			<Level>2</Level>
			<Task>0</Task>
			<Opcode>0</Opcode>
			<Keywords>0x8080000000000000</Keywords>
			<TimeCreated SystemTime="2020-01-16T03:33:34.984616800Z" />
			<EventRecordID>16473</EventRecordID>
			<Correlation />
			<Execution ProcessID="820" ThreadID="17972" />
			<Channel>System</Channel>
			<Computer>DESKTOP-SQG8FRI</Computer>
			<Security />
		</System>
		<EventData>
			<Data Name="param1">wuauserv</Data>
			<Data Name="param2">%%2</Data>
			<Binary>770075006100750073006500720076000000</Binary>
		</EventData>
		<RenderingInfo Culture="ru-RU">
			<Message>Служба "wuauserv" завершена из-за ошибки 
Не удается найти указанный файл.</Message>
			<Level>Ошибка</Level>
			<Task />
			<Opcode />
			<Channel />
			<Provider>Microsoft-Windows-Service Control Manager</Provider>
			<Keywords>
				<Keyword>Классический</Keyword>
			</Keywords>
		</RenderingInfo>
	</Event>
	<Event xmlns="http://schemas.microsoft.com/win/2004/08/events/event">
		<System>
			<Provider Name="Microsoft-Windows-DistributedCOM" Guid="{1B562E86-B7AA-4131-BADC-B6F3A001407E}" EventSourceName="DCOM" />
			<EventID Qualifiers="0">10010</EventID>
			<Version>0</Version>
			<Level>2</Level>
			<Task>0</Task>
			<Opcode>0</Opcode>
			<Keywords>0x8080000000000000</Keywords>
			<TimeCreated SystemTime="2020-01-16T03:32:46.671664100Z" />
			<EventRecordID>16470</EventRecordID>
			<Correlation />
			<Execution ProcessID="676" ThreadID="1040" />
			<Channel>System</Channel>
			<Computer>DESKTOP-SQG8FRI</Computer>
			<Security UserID="S-1-5-19" />
		</System>
		<EventData>
			<Data Name="param1">{E60687F7-01A1-40AA-86AC-DB1CBF673334}</Data>
		</EventData>
		<RenderingInfo Culture="ru-RU">
			<Message>Регистрация сервера {E60687F7-01A1-40AA-86AC-DB1CBF673334} DCOM не выполнена за отведенное время ожидания.</Message>
			<Level>Ошибка</Level>
			<Task />
			<Opcode>Сведения</Opcode>
			<Channel />
			<Provider>Microsoft-Windows-DistributedCOM</Provider>
			<Keywords>
				<Keyword>Классический</Keyword>
			</Keywords>
		</RenderingInfo>
	</Event>
	<Event xmlns="http://schemas.microsoft.com/win/2004/08/events/event">
		<System>
			<Provider Name="Service Control Manager" Guid="{555908d1-a6d7-4695-8e1e-26931d2012f4}" EventSourceName="Service Control Manager" />
			<EventID Qualifiers="49152">7023</EventID>
			<Version>0</Version>
			<Level>2</Level>
			<Task>0</Task>
			<Opcode>0</Opcode>
			<Keywords>0x8080000000000000</Keywords>
			<TimeCreated SystemTime="2020-01-16T03:30:46.669611600Z" />
			<EventRecordID>16469</EventRecordID>
			<Correlation />
			<Execution ProcessID="820" ThreadID="16760" />
			<Channel>System</Channel>
			<Computer>DESKTOP-SQG8FRI</Computer>
			<Security />
		</System>
		<EventData>
			<Data Name="param1">wuauserv</Data>
			<Data Name="param2">%%2</Data>
			<Binary>770075006100750073006500720076000000</Binary>
		</EventData>
		<RenderingInfo Culture="ru-RU">
			<Message>Служба "wuauserv" завершена из-за ошибки 
Не удается найти указанный файл.</Message>
			<Level>Ошибка</Level>
			<Task />
			<Opcode />
			<Channel />
			<Provider>Microsoft-Windows-Service Control Manager</Provider>
			<Keywords>
				<Keyword>Классический</Keyword>
			</Keywords>
		</RenderingInfo>
	</Event>
	<Event xmlns="http://schemas.microsoft.com/win/2004/08/events/event">
		<System>
			<Provider Name="Microsoft-Windows-DistributedCOM" Guid="{1B562E86-B7AA-4131-BADC-B6F3A001407E}" EventSourceName="DCOM" />
			<EventID Qualifiers="0">10010</EventID>
			<Version>0</Version>
			<Level>2</Level>
			<Task>0</Task>
			<Opcode>0</Opcode>
			<Keywords>0x8080000000000000</Keywords>
			<TimeCreated SystemTime="2020-01-16T03:30:46.641669300Z" />
			<EventRecordID>16468</EventRecordID>
			<Correlation />
			<Execution ProcessID="676" ThreadID="1040" />
			<Channel>System</Channel>
			<Computer>DESKTOP-SQG8FRI</Computer>
			<Security UserID="S-1-5-19" />
		</System>
		<EventData>
			<Data Name="param1">{E60687F7-01A1-40AA-86AC-DB1CBF673334}</Data>
		</EventData>
		<RenderingInfo Culture="ru-RU">
			<Message>Регистрация сервера {E60687F7-01A1-40AA-86AC-DB1CBF673334} DCOM не выполнена за отведенное время ожидания.</Message>
			<Level>Ошибка</Level>
			<Task />
			<Opcode>Сведения</Opcode>
			<Channel />
			<Provider>Microsoft-Windows-DistributedCOM</Provider>
			<Keywords>
				<Keyword>Классический</Keyword>
			</Keywords>
		</RenderingInfo>
	</Event>
	<Event xmlns="http://schemas.microsoft.com/win/2004/08/events/event">
		<System>
			<Provider Name="Service Control Manager" Guid="{555908d1-a6d7-4695-8e1e-26931d2012f4}" EventSourceName="Service Control Manager" />
			<EventID Qualifiers="49152">7023</EventID>
			<Version>0</Version>
			<Level>2</Level>
			<Task>0</Task>
			<Opcode>0</Opcode>
			<Keywords>0x8080000000000000</Keywords>
			<TimeCreated SystemTime="2020-01-16T03:28:46.640617100Z" />
			<EventRecordID>16467</EventRecordID>
			<Correlation />
			<Execution ProcessID="820" ThreadID="16760" />
			<Channel>System</Channel>
			<Computer>DESKTOP-SQG8FRI</Computer>
			<Security />
		</System>
		<EventData>
			<Data Name="param1">wuauserv</Data>
			<Data Name="param2">%%2</Data>
			<Binary>770075006100750073006500720076000000</Binary>
		</EventData>
		<RenderingInfo Culture="ru-RU">
			<Message>Служба "wuauserv" завершена из-за ошибки 
Не удается найти указанный файл.</Message>
			<Level>Ошибка</Level>
			<Task />
			<Opcode />
			<Channel />
			<Provider>Microsoft-Windows-Service Control Manager</Provider>
			<Keywords>
				<Keyword>Классический</Keyword>
			</Keywords>
		</RenderingInfo>
	</Event>
	<Event xmlns="http://schemas.microsoft.com/win/2004/08/events/event">
		<System>
			<Provider Name="Microsoft-Windows-DistributedCOM" Guid="{1B562E86-B7AA-4131-BADC-B6F3A001407E}" EventSourceName="DCOM" />
			<EventID Qualifiers="0">10010</EventID>
			<Version>0</Version>
			<Level>2</Level>
			<Task>0</Task>
			<Opcode>0</Opcode>
			<Keywords>0x8080000000000000</Keywords>
			<TimeCreated SystemTime="2020-01-16T03:28:46.576653500Z" />
			<EventRecordID>16466</EventRecordID>
			<Correlation />
			<Execution ProcessID="676" ThreadID="1040" />
			<Channel>System</Channel>
			<Computer>DESKTOP-SQG8FRI</Computer>
			<Security UserID="S-1-5-19" />
		</System>
		<EventData>
			<Data Name="param1">{E60687F7-01A1-40AA-86AC-DB1CBF673334}</Data>
		</EventData>
		<RenderingInfo Culture="ru-RU">
			<Message>Регистрация сервера {E60687F7-01A1-40AA-86AC-DB1CBF673334} DCOM не выполнена за отведенное время ожидания.</Message>
			<Level>Ошибка</Level>
			<Task />
			<Opcode>Сведения</Opcode>
			<Channel />
			<Provider>Microsoft-Windows-DistributedCOM</Provider>
			<Keywords>
				<Keyword>Классический</Keyword>
			</Keywords>
		</RenderingInfo>
	</Event>
	<Event xmlns="http://schemas.microsoft.com/win/2004/08/events/event">
		<System>
			<Provider Name="Service Control Manager" Guid="{555908d1-a6d7-4695-8e1e-26931d2012f4}" EventSourceName="Service Control Manager" />
			<EventID Qualifiers="49152">7023</EventID>
			<Version>0</Version>
			<Level>2</Level>
			<Task>0</Task>
			<Opcode>0</Opcode>
			<Keywords>0x8080000000000000</Keywords>
			<TimeCreated SystemTime="2020-01-16T03:26:46.574640800Z" />
			<EventRecordID>16465</EventRecordID>
			<Correlation />
			<Execution ProcessID="820" ThreadID="16760" />
			<Channel>System</Channel>
			<Computer>DESKTOP-SQG8FRI</Computer>
			<Security />
		</System>
		<EventData>
			<Data Name="param1">wuauserv</Data>
			<Data Name="param2">%%2</Data>
			<Binary>770075006100750073006500720076000000</Binary>
		</EventData>
		<RenderingInfo Culture="ru-RU">
			<Message>Служба "wuauserv" завершена из-за ошибки 
Не удается найти указанный файл.</Message>
			<Level>Ошибка</Level>
			<Task />
			<Opcode />
			<Channel />
			<Provider>Microsoft-Windows-Service Control Manager</Provider>
			<Keywords>
				<Keyword>Классический</Keyword>
			</Keywords>
		</RenderingInfo>
	</Event>
	<Event xmlns="http://schemas.microsoft.com/win/2004/08/events/event">
		<System>
			<Provider Name="Microsoft-Windows-DistributedCOM" Guid="{1B562E86-B7AA-4131-BADC-B6F3A001407E}" EventSourceName="DCOM" />
			<EventID Qualifiers="0">10010</EventID>
			<Version>0</Version>
			<Level>2</Level>
			<Task>0</Task>
			<Opcode>0</Opcode>
			<Keywords>0x8080000000000000</Keywords>
			<TimeCreated SystemTime="2020-01-16T03:26:46.538658800Z" />
			<EventRecordID>16464</EventRecordID>
			<Correlation />
			<Execution ProcessID="676" ThreadID="1040" />
			<Channel>System</Channel>
			<Computer>DESKTOP-SQG8FRI</Computer>
			<Security UserID="S-1-5-19" />
		</System>
		<EventData>
			<Data Name="param1">{E60687F7-01A1-40AA-86AC-DB1CBF673334}</Data>
		</EventData>
		<RenderingInfo Culture="ru-RU">
			<Message>Регистрация сервера {E60687F7-01A1-40AA-86AC-DB1CBF673334} DCOM не выполнена за отведенное время ожидания.</Message>
			<Level>Ошибка</Level>
			<Task />
			<Opcode>Сведения</Opcode>
			<Channel />
			<Provider>Microsoft-Windows-DistributedCOM</Provider>
			<Keywords>
				<Keyword>Классический</Keyword>
			</Keywords>
		</RenderingInfo>
	</Event>
	<Event xmlns="http://schemas.microsoft.com/win/2004/08/events/event">
		<System>
			<Provider Name="Service Control Manager" Guid="{555908d1-a6d7-4695-8e1e-26931d2012f4}" EventSourceName="Service Control Manager" />
			<EventID Qualifiers="49152">7023</EventID>
			<Version>0</Version>
			<Level>2</Level>
			<Task>0</Task>
			<Opcode>0</Opcode>
			<Keywords>0x8080000000000000</Keywords>
			<TimeCreated SystemTime="2020-01-16T03:24:46.536616100Z" />
			<EventRecordID>16463</EventRecordID>
			<Correlation />
			<Execution ProcessID="820" ThreadID="10176" />
			<Channel>System</Channel>
			<Computer>DESKTOP-SQG8FRI</Computer>
			<Security />
		</System>
		<EventData>
			<Data Name="param1">wuauserv</Data>
			<Data Name="param2">%%2</Data>
			<Binary>770075006100750073006500720076000000</Binary>
		</EventData>
		<RenderingInfo Culture="ru-RU">
			<Message>Служба "wuauserv" завершена из-за ошибки 
Не удается найти указанный файл.</Message>
			<Level>Ошибка</Level>
			<Task />
			<Opcode />
			<Channel />
			<Provider>Microsoft-Windows-Service Control Manager</Provider>
			<Keywords>
				<Keyword>Классический</Keyword>
			</Keywords>
		</RenderingInfo>
	</Event>
	<Event xmlns="http://schemas.microsoft.com/win/2004/08/events/event">
		<System>
			<Provider Name="Microsoft-Windows-DistributedCOM" Guid="{1B562E86-B7AA-4131-BADC-B6F3A001407E}" EventSourceName="DCOM" />
			<EventID Qualifiers="0">10010</EventID>
			<Version>0</Version>
			<Level>2</Level>
			<Task>0</Task>
			<Opcode>0</Opcode>
			<Keywords>0x8080000000000000</Keywords>
			<TimeCreated SystemTime="2020-01-16T03:24:46.500616000Z" />
			<EventRecordID>16462</EventRecordID>
			<Correlation />
			<Execution ProcessID="676" ThreadID="1040" />
			<Channel>System</Channel>
			<Computer>DESKTOP-SQG8FRI</Computer>
			<Security UserID="S-1-5-19" />
		</System>
		<EventData>
			<Data Name="param1">{E60687F7-01A1-40AA-86AC-DB1CBF673334}</Data>
		</EventData>
		<RenderingInfo Culture="ru-RU">
			<Message>Регистрация сервера {E60687F7-01A1-40AA-86AC-DB1CBF673334} DCOM не выполнена за отведенное время ожидания.</Message>
			<Level>Ошибка</Level>
			<Task />
			<Opcode>Сведения</Opcode>
			<Channel />
			<Provider>Microsoft-Windows-DistributedCOM</Provider>
			<Keywords>
				<Keyword>Классический</Keyword>
			</Keywords>
		</RenderingInfo>
	</Event>
	<Event xmlns="http://schemas.microsoft.com/win/2004/08/events/event">
		<System>
			<Provider Name="Service Control Manager" Guid="{555908d1-a6d7-4695-8e1e-26931d2012f4}" EventSourceName="Service Control Manager" />
			<EventID Qualifiers="49152">7023</EventID>
			<Version>0</Version>
			<Level>2</Level>
			<Task>0</Task>
			<Opcode>0</Opcode>
			<Keywords>0x8080000000000000</Keywords>
			<TimeCreated SystemTime="2020-01-16T03:22:46.497670200Z" />
			<EventRecordID>16461</EventRecordID>
			<Correlation />
			<Execution ProcessID="820" ThreadID="9504" />
			<Channel>System</Channel>
			<Computer>DESKTOP-SQG8FRI</Computer>
			<Security />
		</System>
		<EventData>
			<Data Name="param1">wuauserv</Data>
			<Data Name="param2">%%2</Data>
			<Binary>770075006100750073006500720076000000</Binary>
		</EventData>
		<RenderingInfo Culture="ru-RU">
			<Message>Служба "wuauserv" завершена из-за ошибки 
Не удается найти указанный файл.</Message>
			<Level>Ошибка</Level>
			<Task />
			<Opcode />
			<Channel />
			<Provider>Microsoft-Windows-Service Control Manager</Provider>
			<Keywords>
				<Keyword>Классический</Keyword>
			</Keywords>
		</RenderingInfo>
	</Event>
	<Event xmlns="http://schemas.microsoft.com/win/2004/08/events/event">
		<System>
			<Provider Name="Microsoft-Windows-DistributedCOM" Guid="{1B562E86-B7AA-4131-BADC-B6F3A001407E}" EventSourceName="DCOM" />
			<EventID Qualifiers="0">10010</EventID>
			<Version>0</Version>
			<Level>2</Level>
			<Task>0</Task>
			<Opcode>0</Opcode>
			<Keywords>0x8080000000000000</Keywords>
			<TimeCreated SystemTime="2020-01-16T03:22:46.462662100Z" />
			<EventRecordID>16460</EventRecordID>
			<Correlation />
			<Execution ProcessID="676" ThreadID="1040" />
			<Channel>System</Channel>
			<Computer>DESKTOP-SQG8FRI</Computer>
			<Security UserID="S-1-5-19" />
		</System>
		<EventData>
			<Data Name="param1">{E60687F7-01A1-40AA-86AC-DB1CBF673334}</Data>
		</EventData>
		<RenderingInfo Culture="ru-RU">
			<Message>Регистрация сервера {E60687F7-01A1-40AA-86AC-DB1CBF673334} DCOM не выполнена за отведенное время ожидания.</Message>
			<Level>Ошибка</Level>
			<Task />
			<Opcode>Сведения</Opcode>
			<Channel />
			<Provider>Microsoft-Windows-DistributedCOM</Provider>
			<Keywords>
				<Keyword>Классический</Keyword>
			</Keywords>
		</RenderingInfo>
	</Event>
	<Event xmlns="http://schemas.microsoft.com/win/2004/08/events/event">
		<System>
			<Provider Name="Service Control Manager" Guid="{555908d1-a6d7-4695-8e1e-26931d2012f4}" EventSourceName="Service Control Manager" />
			<EventID Qualifiers="49152">7023</EventID>
			<Version>0</Version>
			<Level>2</Level>
			<Task>0</Task>
			<Opcode>0</Opcode>
			<Keywords>0x8080000000000000</Keywords>
			<TimeCreated SystemTime="2020-01-16T03:20:46.460611800Z" />
			<EventRecordID>16459</EventRecordID>
			<Correlation />
			<Execution ProcessID="820" ThreadID="9504" />
			<Channel>System</Channel>
			<Computer>DESKTOP-SQG8FRI</Computer>
			<Security />
		</System>
		<EventData>
			<Data Name="param1">wuauserv</Data>
			<Data Name="param2">%%2</Data>
			<Binary>770075006100750073006500720076000000</Binary>
		</EventData>
		<RenderingInfo Culture="ru-RU">
			<Message>Служба "wuauserv" завершена из-за ошибки 
Не удается найти указанный файл.</Message>
			<Level>Ошибка</Level>
			<Task />
			<Opcode />
			<Channel />
			<Provider>Microsoft-Windows-Service Control Manager</Provider>
			<Keywords>
				<Keyword>Классический</Keyword>
			</Keywords>
		</RenderingInfo>
	</Event>
	<Event xmlns="http://schemas.microsoft.com/win/2004/08/events/event">
		<System>
			<Provider Name="Microsoft-Windows-DistributedCOM" Guid="{1B562E86-B7AA-4131-BADC-B6F3A001407E}" EventSourceName="DCOM" />
			<EventID Qualifiers="0">10010</EventID>
			<Version>0</Version>
			<Level>2</Level>
			<Task>0</Task>
			<Opcode>0</Opcode>
			<Keywords>0x8080000000000000</Keywords>
			<TimeCreated SystemTime="2020-01-16T03:20:46.423656200Z" />
			<EventRecordID>16458</EventRecordID>
			<Correlation />
			<Execution ProcessID="676" ThreadID="1040" />
			<Channel>System</Channel>
			<Computer>DESKTOP-SQG8FRI</Computer>
			<Security UserID="S-1-5-19" />
		</System>
		<EventData>
			<Data Name="param1">{E60687F7-01A1-40AA-86AC-DB1CBF673334}</Data>
		</EventData>
		<RenderingInfo Culture="ru-RU">
			<Message>Регистрация сервера {E60687F7-01A1-40AA-86AC-DB1CBF673334} DCOM не выполнена за отведенное время ожидания.</Message>
			<Level>Ошибка</Level>
			<Task />
			<Opcode>Сведения</Opcode>
			<Channel />
			<Provider>Microsoft-Windows-DistributedCOM</Provider>
			<Keywords>
				<Keyword>Классический</Keyword>
			</Keywords>
		</RenderingInfo>
	</Event>
	<Event xmlns="http://schemas.microsoft.com/win/2004/08/events/event">
		<System>
			<Provider Name="Service Control Manager" Guid="{555908d1-a6d7-4695-8e1e-26931d2012f4}" EventSourceName="Service Control Manager" />
			<EventID Qualifiers="49152">7023</EventID>
			<Version>0</Version>
			<Level>2</Level>
			<Task>0</Task>
			<Opcode>0</Opcode>
			<Keywords>0x8080000000000000</Keywords>
			<TimeCreated SystemTime="2020-01-16T03:18:46.421612000Z" />
			<EventRecordID>16457</EventRecordID>
			<Correlation />
			<Execution ProcessID="820" ThreadID="16760" />
			<Channel>System</Channel>
			<Computer>DESKTOP-SQG8FRI</Computer>
			<Security />
		</System>
		<EventData>
			<Data Name="param1">wuauserv</Data>
			<Data Name="param2">%%2</Data>
			<Binary>770075006100750073006500720076000000</Binary>
		</EventData>
		<RenderingInfo Culture="ru-RU">
			<Message>Служба "wuauserv" завершена из-за ошибки 
Не удается найти указанный файл.</Message>
			<Level>Ошибка</Level>
			<Task />
			<Opcode />
			<Channel />
			<Provider>Microsoft-Windows-Service Control Manager</Provider>
			<Keywords>
				<Keyword>Классический</Keyword>
			</Keywords>
		</RenderingInfo>
	</Event>
	<Event xmlns="http://schemas.microsoft.com/win/2004/08/events/event">
		<System>
			<Provider Name="Microsoft-Windows-DistributedCOM" Guid="{1B562E86-B7AA-4131-BADC-B6F3A001407E}" EventSourceName="DCOM" />
			<EventID Qualifiers="0">10010</EventID>
			<Version>0</Version>
			<Level>2</Level>
			<Task>0</Task>
			<Opcode>0</Opcode>
			<Keywords>0x8080000000000000</Keywords>
			<TimeCreated SystemTime="2020-01-16T03:18:46.382658300Z" />
			<EventRecordID>16456</EventRecordID>
			<Correlation />
			<Execution ProcessID="676" ThreadID="1040" />
			<Channel>System</Channel>
			<Computer>DESKTOP-SQG8FRI</Computer>
			<Security UserID="S-1-5-19" />
		</System>
		<EventData>
			<Data Name="param1">{E60687F7-01A1-40AA-86AC-DB1CBF673334}</Data>
		</EventData>
		<RenderingInfo Culture="ru-RU">
			<Message>Регистрация сервера {E60687F7-01A1-40AA-86AC-DB1CBF673334} DCOM не выполнена за отведенное время ожидания.</Message>
			<Level>Ошибка</Level>
			<Task />
			<Opcode>Сведения</Opcode>
			<Channel />
			<Provider>Microsoft-Windows-DistributedCOM</Provider>
			<Keywords>
				<Keyword>Классический</Keyword>
			</Keywords>
		</RenderingInfo>
	</Event>
	<Event xmlns="http://schemas.microsoft.com/win/2004/08/events/event">
		<System>
			<Provider Name="Service Control Manager" Guid="{555908d1-a6d7-4695-8e1e-26931d2012f4}" EventSourceName="Service Control Manager" />
			<EventID Qualifiers="49152">7023</EventID>
			<Version>0</Version>
			<Level>2</Level>
			<Task>0</Task>
			<Opcode>0</Opcode>
			<Keywords>0x8080000000000000</Keywords>
			<TimeCreated SystemTime="2020-01-16T03:16:46.380671200Z" />
			<EventRecordID>16455</EventRecordID>
			<Correlation />
			<Execution ProcessID="820" ThreadID="9504" />
			<Channel>System</Channel>
			<Computer>DESKTOP-SQG8FRI</Computer>
			<Security />
		</System>
		<EventData>
			<Data Name="param1">wuauserv</Data>
			<Data Name="param2">%%2</Data>
			<Binary>770075006100750073006500720076000000</Binary>
		</EventData>
		<RenderingInfo Culture="ru-RU">
			<Message>Служба "wuauserv" завершена из-за ошибки 
Не удается найти указанный файл.</Message>
			<Level>Ошибка</Level>
			<Task />
			<Opcode />
			<Channel />
			<Provider>Microsoft-Windows-Service Control Manager</Provider>
			<Keywords>
				<Keyword>Классический</Keyword>
			</Keywords>
		</RenderingInfo>
	</Event>
	<Event xmlns="http://schemas.microsoft.com/win/2004/08/events/event">
		<System>
			<Provider Name="Microsoft-Windows-DistributedCOM" Guid="{1B562E86-B7AA-4131-BADC-B6F3A001407E}" EventSourceName="DCOM" />
			<EventID Qualifiers="0">10010</EventID>
			<Version>0</Version>
			<Level>2</Level>
			<Task>0</Task>
			<Opcode>0</Opcode>
			<Keywords>0x8080000000000000</Keywords>
			<TimeCreated SystemTime="2020-01-16T03:16:46.343634700Z" />
			<EventRecordID>16454</EventRecordID>
			<Correlation />
			<Execution ProcessID="676" ThreadID="1040" />
			<Channel>System</Channel>
			<Computer>DESKTOP-SQG8FRI</Computer>
			<Security UserID="S-1-5-19" />
		</System>
		<EventData>
			<Data Name="param1">{E60687F7-01A1-40AA-86AC-DB1CBF673334}</Data>
		</EventData>
		<RenderingInfo Culture="ru-RU">
			<Message>Регистрация сервера {E60687F7-01A1-40AA-86AC-DB1CBF673334} DCOM не выполнена за отведенное время ожидания.</Message>
			<Level>Ошибка</Level>
			<Task />
			<Opcode>Сведения</Opcode>
			<Channel />
			<Provider>Microsoft-Windows-DistributedCOM</Provider>
			<Keywords>
				<Keyword>Классический</Keyword>
			</Keywords>
		</RenderingInfo>
	</Event>
	<Event xmlns="http://schemas.microsoft.com/win/2004/08/events/event">
		<System>
			<Provider Name="Service Control Manager" Guid="{555908d1-a6d7-4695-8e1e-26931d2012f4}" EventSourceName="Service Control Manager" />
			<EventID Qualifiers="49152">7023</EventID>
			<Version>0</Version>
			<Level>2</Level>
			<Task>0</Task>
			<Opcode>0</Opcode>
			<Keywords>0x8080000000000000</Keywords>
			<TimeCreated SystemTime="2020-01-16T03:14:46.339663000Z" />
			<EventRecordID>16453</EventRecordID>
			<Correlation />
			<Execution ProcessID="820" ThreadID="16760" />
			<Channel>System</Channel>
			<Computer>DESKTOP-SQG8FRI</Computer>
			<Security />
		</System>
		<EventData>
			<Data Name="param1">wuauserv</Data>
			<Data Name="param2">%%2</Data>
			<Binary>770075006100750073006500720076000000</Binary>
		</EventData>
		<RenderingInfo Culture="ru-RU">
			<Message>Служба "wuauserv" завершена из-за ошибки 
Не удается найти указанный файл.</Message>
			<Level>Ошибка</Level>
			<Task />
			<Opcode />
			<Channel />
			<Provider>Microsoft-Windows-Service Control Manager</Provider>
			<Keywords>
				<Keyword>Классический</Keyword>
			</Keywords>
		</RenderingInfo>
	</Event>
	<Event xmlns="http://schemas.microsoft.com/win/2004/08/events/event">
		<System>
			<Provider Name="Microsoft-Windows-DistributedCOM" Guid="{1B562E86-B7AA-4131-BADC-B6F3A001407E}" EventSourceName="DCOM" />
			<EventID Qualifiers="0">10010</EventID>
			<Version>0</Version>
			<Level>2</Level>
			<Task>0</Task>
			<Opcode>0</Opcode>
			<Keywords>0x8080000000000000</Keywords>
			<TimeCreated SystemTime="2020-01-16T03:14:46.304635300Z" />
			<EventRecordID>16452</EventRecordID>
			<Correlation />
			<Execution ProcessID="676" ThreadID="1040" />
			<Channel>System</Channel>
			<Computer>DESKTOP-SQG8FRI</Computer>
			<Security UserID="S-1-5-19" />
		</System>
		<EventData>
			<Data Name="param1">{E60687F7-01A1-40AA-86AC-DB1CBF673334}</Data>
		</EventData>
		<RenderingInfo Culture="ru-RU">
			<Message>Регистрация сервера {E60687F7-01A1-40AA-86AC-DB1CBF673334} DCOM не выполнена за отведенное время ожидания.</Message>
			<Level>Ошибка</Level>
			<Task />
			<Opcode>Сведения</Opcode>
			<Channel />
			<Provider>Microsoft-Windows-DistributedCOM</Provider>
			<Keywords>
				<Keyword>Классический</Keyword>
			</Keywords>
		</RenderingInfo>
	</Event>
	<Event xmlns="http://schemas.microsoft.com/win/2004/08/events/event">
		<System>
			<Provider Name="Service Control Manager" Guid="{555908d1-a6d7-4695-8e1e-26931d2012f4}" EventSourceName="Service Control Manager" />
			<EventID Qualifiers="49152">7023</EventID>
			<Version>0</Version>
			<Level>2</Level>
			<Task>0</Task>
			<Opcode>0</Opcode>
			<Keywords>0x8080000000000000</Keywords>
			<TimeCreated SystemTime="2020-01-16T03:12:46.302611600Z" />
			<EventRecordID>16451</EventRecordID>
			<Correlation />
			<Execution ProcessID="820" ThreadID="16760" />
			<Channel>System</Channel>
			<Computer>DESKTOP-SQG8FRI</Computer>
			<Security />
		</System>
		<EventData>
			<Data Name="param1">wuauserv</Data>
			<Data Name="param2">%%2</Data>
			<Binary>770075006100750073006500720076000000</Binary>
		</EventData>
		<RenderingInfo Culture="ru-RU">
			<Message>Служба "wuauserv" завершена из-за ошибки 
Не удается найти указанный файл.</Message>
			<Level>Ошибка</Level>
			<Task />
			<Opcode />
			<Channel />
			<Provider>Microsoft-Windows-Service Control Manager</Provider>
			<Keywords>
				<Keyword>Классический</Keyword>
			</Keywords>
		</RenderingInfo>
	</Event>
	<Event xmlns="http://schemas.microsoft.com/win/2004/08/events/event">
		<System>
			<Provider Name="Microsoft-Windows-DistributedCOM" Guid="{1B562E86-B7AA-4131-BADC-B6F3A001407E}" EventSourceName="DCOM" />
			<EventID Qualifiers="0">10010</EventID>
			<Version>0</Version>
			<Level>2</Level>
			<Task>0</Task>
			<Opcode>0</Opcode>
			<Keywords>0x8080000000000000</Keywords>
			<TimeCreated SystemTime="2020-01-16T03:12:46.261659900Z" />
			<EventRecordID>16450</EventRecordID>
			<Correlation />
			<Execution ProcessID="676" ThreadID="1040" />
			<Channel>System</Channel>
			<Computer>DESKTOP-SQG8FRI</Computer>
			<Security UserID="S-1-5-19" />
		</System>
		<EventData>
			<Data Name="param1">{E60687F7-01A1-40AA-86AC-DB1CBF673334}</Data>
		</EventData>
		<RenderingInfo Culture="ru-RU">
			<Message>Регистрация сервера {E60687F7-01A1-40AA-86AC-DB1CBF673334} DCOM не выполнена за отведенное время ожидания.</Message>
			<Level>Ошибка</Level>
			<Task />
			<Opcode>Сведения</Opcode>
			<Channel />
			<Provider>Microsoft-Windows-DistributedCOM</Provider>
			<Keywords>
				<Keyword>Классический</Keyword>
			</Keywords>
		</RenderingInfo>
	</Event>
	<Event xmlns="http://schemas.microsoft.com/win/2004/08/events/event">
		<System>
			<Provider Name="Service Control Manager" Guid="{555908d1-a6d7-4695-8e1e-26931d2012f4}" EventSourceName="Service Control Manager" />
			<EventID Qualifiers="49152">7023</EventID>
			<Version>0</Version>
			<Level>2</Level>
			<Task>0</Task>
			<Opcode>0</Opcode>
			<Keywords>0x8080000000000000</Keywords>
			<TimeCreated SystemTime="2020-01-16T03:10:46.259705600Z" />
			<EventRecordID>16449</EventRecordID>
			<Correlation />
			<Execution ProcessID="820" ThreadID="16760" />
			<Channel>System</Channel>
			<Computer>DESKTOP-SQG8FRI</Computer>
			<Security />
		</System>
		<EventData>
			<Data Name="param1">wuauserv</Data>
			<Data Name="param2">%%2</Data>
			<Binary>770075006100750073006500720076000000</Binary>
		</EventData>
		<RenderingInfo Culture="ru-RU">
			<Message>Служба "wuauserv" завершена из-за ошибки 
Не удается найти указанный файл.</Message>
			<Level>Ошибка</Level>
			<Task />
			<Opcode />
			<Channel />
			<Provider>Microsoft-Windows-Service Control Manager</Provider>
			<Keywords>
				<Keyword>Классический</Keyword>
			</Keywords>
		</RenderingInfo>
	</Event>
	<Event xmlns="http://schemas.microsoft.com/win/2004/08/events/event">
		<System>
			<Provider Name="Microsoft-Windows-DistributedCOM" Guid="{1B562E86-B7AA-4131-BADC-B6F3A001407E}" EventSourceName="DCOM" />
			<EventID Qualifiers="0">10010</EventID>
			<Version>0</Version>
			<Level>2</Level>
			<Task>0</Task>
			<Opcode>0</Opcode>
			<Keywords>0x8080000000000000</Keywords>
			<TimeCreated SystemTime="2020-01-16T03:10:46.223629800Z" />
			<EventRecordID>16448</EventRecordID>
			<Correlation />
			<Execution ProcessID="676" ThreadID="1040" />
			<Channel>System</Channel>
			<Computer>DESKTOP-SQG8FRI</Computer>
			<Security UserID="S-1-5-19" />
		</System>
		<EventData>
			<Data Name="param1">{E60687F7-01A1-40AA-86AC-DB1CBF673334}</Data>
		</EventData>
		<RenderingInfo Culture="ru-RU">
			<Message>Регистрация сервера {E60687F7-01A1-40AA-86AC-DB1CBF673334} DCOM не выполнена за отведенное время ожидания.</Message>
			<Level>Ошибка</Level>
			<Task />
			<Opcode>Сведения</Opcode>
			<Channel />
			<Provider>Microsoft-Windows-DistributedCOM</Provider>
			<Keywords>
				<Keyword>Классический</Keyword>
			</Keywords>
		</RenderingInfo>
	</Event>
	<Event xmlns="http://schemas.microsoft.com/win/2004/08/events/event">
		<System>
			<Provider Name="Service Control Manager" Guid="{555908d1-a6d7-4695-8e1e-26931d2012f4}" EventSourceName="Service Control Manager" />
			<EventID Qualifiers="49152">7023</EventID>
			<Version>0</Version>
			<Level>2</Level>
			<Task>0</Task>
			<Opcode>0</Opcode>
			<Keywords>0x8080000000000000</Keywords>
			<TimeCreated SystemTime="2020-01-16T03:08:46.221618500Z" />
			<EventRecordID>16447</EventRecordID>
			<Correlation />
			<Execution ProcessID="820" ThreadID="16760" />
			<Channel>System</Channel>
			<Computer>DESKTOP-SQG8FRI</Computer>
			<Security />
		</System>
		<EventData>
			<Data Name="param1">wuauserv</Data>
			<Data Name="param2">%%2</Data>
			<Binary>770075006100750073006500720076000000</Binary>
		</EventData>
		<RenderingInfo Culture="ru-RU">
			<Message>Служба "wuauserv" завершена из-за ошибки 
Не удается найти указанный файл.</Message>
			<Level>Ошибка</Level>
			<Task />
			<Opcode />
			<Channel />
			<Provider>Microsoft-Windows-Service Control Manager</Provider>
			<Keywords>
				<Keyword>Классический</Keyword>
			</Keywords>
		</RenderingInfo>
	</Event>
	<Event xmlns="http://schemas.microsoft.com/win/2004/08/events/event">
		<System>
			<Provider Name="Microsoft-Windows-DistributedCOM" Guid="{1B562E86-B7AA-4131-BADC-B6F3A001407E}" EventSourceName="DCOM" />
			<EventID Qualifiers="0">10010</EventID>
			<Version>0</Version>
			<Level>2</Level>
			<Task>0</Task>
			<Opcode>0</Opcode>
			<Keywords>0x8080000000000000</Keywords>
			<TimeCreated SystemTime="2020-01-16T03:08:46.179658800Z" />
			<EventRecordID>16446</EventRecordID>
			<Correlation />
			<Execution ProcessID="676" ThreadID="1040" />
			<Channel>System</Channel>
			<Computer>DESKTOP-SQG8FRI</Computer>
			<Security UserID="S-1-5-19" />
		</System>
		<EventData>
			<Data Name="param1">{E60687F7-01A1-40AA-86AC-DB1CBF673334}</Data>
		</EventData>
		<RenderingInfo Culture="ru-RU">
			<Message>Регистрация сервера {E60687F7-01A1-40AA-86AC-DB1CBF673334} DCOM не выполнена за отведенное время ожидания.</Message>
			<Level>Ошибка</Level>
			<Task />
			<Opcode>Сведения</Opcode>
			<Channel />
			<Provider>Microsoft-Windows-DistributedCOM</Provider>
			<Keywords>
				<Keyword>Классический</Keyword>
			</Keywords>
		</RenderingInfo>
	</Event>
	<Event xmlns="http://schemas.microsoft.com/win/2004/08/events/event">
		<System>
			<Provider Name="Service Control Manager" Guid="{555908d1-a6d7-4695-8e1e-26931d2012f4}" EventSourceName="Service Control Manager" />
			<EventID Qualifiers="49152">7023</EventID>
			<Version>0</Version>
			<Level>2</Level>
			<Task>0</Task>
			<Opcode>0</Opcode>
			<Keywords>0x8080000000000000</Keywords>
			<TimeCreated SystemTime="2020-01-19T03:08:52.862406100Z" />
			<EventRecordID>17032</EventRecordID>
			<Correlation />
			<Execution ProcessID="808" ThreadID="18808" />
			<Channel>System</Channel>
			<Computer>DESKTOP-SQG8FRI</Computer>
			<Security />
		</System>
		<EventData>
			<Data Name="param1">wuauserv</Data>
			<Data Name="param2">%%2</Data>
			<Binary>770075006100750073006500720076000000</Binary>
		</EventData>
		<RenderingInfo Culture="ru-RU">
			<Message>Служба "wuauserv" завершена из-за ошибки 
Не удается найти указанный файл.</Message>
			<Level>Ошибка</Level>
			<Task />
			<Opcode />
			<Channel />
			<Provider>Microsoft-Windows-Service Control Manager</Provider>
			<Keywords>
				<Keyword>Классический</Keyword>
			</Keywords>
		</RenderingInfo>
	</Event>
	<Event xmlns="http://schemas.microsoft.com/win/2004/08/events/event">
		<System>
			<Provider Name="Microsoft-Windows-DistributedCOM" Guid="{1B562E86-B7AA-4131-BADC-B6F3A001407E}" EventSourceName="DCOM" />
			<EventID Qualifiers="0">10010</EventID>
			<Version>0</Version>
			<Level>2</Level>
			<Task>0</Task>
			<Opcode>0</Opcode>
			<Keywords>0x8080000000000000</Keywords>
			<TimeCreated SystemTime="2020-01-19T03:08:52.838411000Z" />
			<EventRecordID>17031</EventRecordID>
			<Correlation />
			<Execution ProcessID="636" ThreadID="8352" />
			<Channel>System</Channel>
			<Computer>DESKTOP-SQG8FRI</Computer>
			<Security UserID="S-1-5-21-1379532148-1851618953-3399223282-1001" />
		</System>
		<EventData>
			<Data Name="param1">{E60687F7-01A1-40AA-86AC-DB1CBF673334}</Data>
		</EventData>
		<RenderingInfo Culture="ru-RU">
			<Message>Регистрация сервера {E60687F7-01A1-40AA-86AC-DB1CBF673334} DCOM не выполнена за отведенное время ожидания.</Message>
			<Level>Ошибка</Level>
			<Task />
			<Opcode>Сведения</Opcode>
			<Channel />
>>>>>>> fec8b2897779bba52b1342b43a1359c7b424db85
			<Provider>Microsoft-Windows-DistributedCOM</Provider>
			<Keywords>
				<Keyword>Классический</Keyword>
			</Keywords>
		</RenderingInfo>
	</Event>
</Events>
