<Event xmlns="http://schemas.microsoft.com/win/2004/08/events/event">
		<System>
			<Provider Name="Service Control Manager" Guid="{555908d1-a6d7-4695-8e1e-26931d2012f4}" EventSourceName="Service Control Manager" />
			<EventID Qualifiers="49152">7023</EventID>
			<Version>0</Version>
			<Level>2</Level>
			<Task>0</Task>
			<Opcode>0</Opcode>
			<Keywords>0x8080000000000000</Keywords>
			<TimeCreated SystemTime="2020-01-17T00:29:44.907879600Z" />
			<EventRecordID>16530</EventRecordID>
			<Correlation />
			<Execution ProcessID="820" ThreadID="13392" />
			<Channel>System</Channel>
			<Computer>DESKTOP-SQG8FRI</Computer>
			<Security />
		</System>
		<EventData>
			<Data Name="param1">wuauserv</Data>
			<Data Name="param2">%%2</Data>
			<Binary>770075006100750073006500720076000000</Binary>
		</EventData>
		<RenderingInfo Culture="ru-RU">
			<Message>Служба "wuauserv" завершена из-за ошибки 
Не удается найти указанный файл.</Message>
			<Level>Ошибка</Level>
			<Task />
			<Opcode />
			<Channel />
			<Provider>Microsoft-Windows-Service Control Manager</Provider>
			<Keywords>
				<Keyword>Классический</Keyword>
			</Keywords>
		</RenderingInfo>
	</Event>
	<Event xmlns="http://schemas.microsoft.com/win/2004/08/events/event">
		<System>
			<Provider Name="Microsoft-Windows-DistributedCOM" Guid="{1B562E86-B7AA-4131-BADC-B6F3A001407E}" EventSourceName="DCOM" />
			<EventID Qualifiers="0">10010</EventID>
			<Version>0</Version>
			<Level>2</Level>
			<Task>0</Task>
			<Opcode>0</Opcode>
			<Keywords>0x8080000000000000</Keywords>
			<TimeCreated SystemTime="2020-01-17T00:29:44.873846400Z" />
			<EventRecordID>16529</EventRecordID>
			<Correlation />
			<Execution ProcessID="676" ThreadID="10172" />
			<Channel>System</Channel>
			<Computer>DESKTOP-SQG8FRI</Computer>
			<Security UserID="S-1-5-18" />
		</System>
		<EventData>
			<Data Name="param1">{E60687F7-01A1-40AA-86AC-DB1CBF673334}</Data>
		</EventData>
		<RenderingInfo Culture="ru-RU">
			<Message>Регистрация сервера {E60687F7-01A1-40AA-86AC-DB1CBF673334} DCOM не выполнена за отведенное время ожидания.</Message>
			<Level>Ошибка</Level>
			<Task />
			<Opcode>Сведения</Opcode>
			<Channel />
			<Provider>Microsoft-Windows-DistributedCOM</Provider>
			<Keywords>
				<Keyword>Классический</Keyword>
			</Keywords>
		</RenderingInfo>
	</Event>
	<Event xmlns="http://schemas.microsoft.com/win/2004/08/events/event">
		<System>
			<Provider Name="Service Control Manager" Guid="{555908d1-a6d7-4695-8e1e-26931d2012f4}" EventSourceName="Service Control Manager" />
			<EventID Qualifiers="49152">7023</EventID>
			<Version>0</Version>
			<Level>2</Level>
			<Task>0</Task>
			<Opcode>0</Opcode>
			<Keywords>0x8080000000000000</Keywords>
			<TimeCreated SystemTime="2020-01-17T00:27:44.872527800Z" />
			<EventRecordID>16528</EventRecordID>
			<Correlation />
			<Execution ProcessID="820" ThreadID="13392" />
			<Channel>System</Channel>
			<Computer>DESKTOP-SQG8FRI</Computer>
			<Security />
		</System>
		<EventData>
			<Data Name="param1">wuauserv</Data>
			<Data Name="param2">%%2</Data>
			<Binary>770075006100750073006500720076000000</Binary>
		</EventData>
		<RenderingInfo Culture="ru-RU">
			<Message>Служба "wuauserv" завершена из-за ошибки 
Не удается найти указанный файл.</Message>
			<Level>Ошибка</Level>
			<Task />
			<Opcode />
			<Channel />
			<Provider>Microsoft-Windows-Service Control Manager</Provider>
			<Keywords>
				<Keyword>Классический</Keyword>
			</Keywords>
		</RenderingInfo>
	</Event>
	<Event xmlns="http://schemas.microsoft.com/win/2004/08/events/event">
		<System>
			<Provider Name="Microsoft-Windows-DistributedCOM" Guid="{1B562E86-B7AA-4131-BADC-B6F3A001407E}" EventSourceName="DCOM" />
			<EventID Qualifiers="0">10010</EventID>
			<Version>0</Version>
			<Level>2</Level>
			<Task>0</Task>
			<Opcode>0</Opcode>
			<Keywords>0x8080000000000000</Keywords>
			<TimeCreated SystemTime="2020-01-17T00:27:44.836548300Z" />
			<EventRecordID>16527</EventRecordID>
			<Correlation />
			<Execution ProcessID="676" ThreadID="15652" />
			<Channel>System</Channel>
			<Computer>DESKTOP-SQG8FRI</Computer>
			<Security UserID="S-1-5-18" />
		</System>
		<EventData>
			<Data Name="param1">{E60687F7-01A1-40AA-86AC-DB1CBF673334}</Data>
		</EventData>
		<RenderingInfo Culture="ru-RU">
			<Message>Регистрация сервера {E60687F7-01A1-40AA-86AC-DB1CBF673334} DCOM не выполнена за отведенное время ожидания.</Message>
			<Level>Ошибка</Level>
			<Task />
			<Opcode>Сведения</Opcode>
			<Channel />
			<Provider>Microsoft-Windows-DistributedCOM</Provider>
			<Keywords>
				<Keyword>Классический</Keyword>
			</Keywords>
		</RenderingInfo>
	</Event>
	<Event xmlns="http://schemas.microsoft.com/win/2004/08/events/event">
		<System>
			<Provider Name="Service Control Manager" Guid="{555908d1-a6d7-4695-8e1e-26931d2012f4}" EventSourceName="Service Control Manager" />
			<EventID Qualifiers="49152">7023</EventID>
			<Version>0</Version>
			<Level>2</Level>
			<Task>0</Task>
			<Opcode>0</Opcode>
			<Keywords>0x8080000000000000</Keywords>
			<TimeCreated SystemTime="2020-01-17T00:25:44.836566400Z" />
			<EventRecordID>16526</EventRecordID>
			<Correlation />
			<Execution ProcessID="820" ThreadID="13392" />
			<Channel>System</Channel>
			<Computer>DESKTOP-SQG8FRI</Computer>
			<Security />
		</System>
		<EventData>
			<Data Name="param1">wuauserv</Data>
			<Data Name="param2">%%2</Data>
			<Binary>770075006100750073006500720076000000</Binary>
		</EventData>
		<RenderingInfo Culture="ru-RU">
			<Message>Служба "wuauserv" завершена из-за ошибки 
Не удается найти указанный файл.</Message>
			<Level>Ошибка</Level>
			<Task />
			<Opcode />
			<Channel />
			<Provider>Microsoft-Windows-Service Control Manager</Provider>
			<Keywords>
				<Keyword>Классический</Keyword>
			</Keywords>
		</RenderingInfo>
	</Event>
	<Event xmlns="http://schemas.microsoft.com/win/2004/08/events/event">
		<System>
			<Provider Name="Microsoft-Windows-DistributedCOM" Guid="{1B562E86-B7AA-4131-BADC-B6F3A001407E}" EventSourceName="DCOM" />
			<EventID Qualifiers="0">10010</EventID>
			<Version>0</Version>
			<Level>2</Level>
			<Task>0</Task>
			<Opcode>0</Opcode>
			<Keywords>0x8080000000000000</Keywords>
			<TimeCreated SystemTime="2020-01-17T00:25:44.801549800Z" />
			<EventRecordID>16525</EventRecordID>
			<Correlation />
			<Execution ProcessID="676" ThreadID="17816" />
			<Channel>System</Channel>
			<Computer>DESKTOP-SQG8FRI</Computer>
			<Security UserID="S-1-5-18" />
		</System>
		<EventData>
			<Data Name="param1">{E60687F7-01A1-40AA-86AC-DB1CBF673334}</Data>
		</EventData>
		<RenderingInfo Culture="ru-RU">
			<Message>Регистрация сервера {E60687F7-01A1-40AA-86AC-DB1CBF673334} DCOM не выполнена за отведенное время ожидания.</Message>
			<Level>Ошибка</Level>
			<Task />
			<Opcode>Сведения</Opcode>
			<Channel />
			<Provider>Microsoft-Windows-DistributedCOM</Provider>
			<Keywords>
				<Keyword>Классический</Keyword>
			</Keywords>
		</RenderingInfo>
	</Event>
	<Event xmlns="http://schemas.microsoft.com/win/2004/08/events/event">
		<System>
			<Provider Name="Service Control Manager" Guid="{555908d1-a6d7-4695-8e1e-26931d2012f4}" EventSourceName="Service Control Manager" />
			<EventID Qualifiers="49152">7023</EventID>
			<Version>0</Version>
			<Level>2</Level>
			<Task>0</Task>
			<Opcode>0</Opcode>
			<Keywords>0x8080000000000000</Keywords>
			<TimeCreated SystemTime="2020-01-17T00:23:44.800525900Z" />
			<EventRecordID>16524</EventRecordID>
			<Correlation />
			<Execution ProcessID="820" ThreadID="9672" />
			<Channel>System</Channel>
			<Computer>DESKTOP-SQG8FRI</Computer>
			<Security />
		</System>
		<EventData>
			<Data Name="param1">wuauserv</Data>
			<Data Name="param2">%%2</Data>
			<Binary>770075006100750073006500720076000000</Binary>
		</EventData>
		<RenderingInfo Culture="ru-RU">
			<Message>Служба "wuauserv" завершена из-за ошибки 
Не удается найти указанный файл.</Message>
			<Level>Ошибка</Level>
			<Task />
			<Opcode />
			<Channel />
			<Provider>Microsoft-Windows-Service Control Manager</Provider>
			<Keywords>
				<Keyword>Классический</Keyword>
			</Keywords>
		</RenderingInfo>
	</Event>
	<Event xmlns="http://schemas.microsoft.com/win/2004/08/events/event">
		<System>
			<Provider Name="Microsoft-Windows-DistributedCOM" Guid="{1B562E86-B7AA-4131-BADC-B6F3A001407E}" EventSourceName="DCOM" />
			<EventID Qualifiers="0">10010</EventID>
			<Version>0</Version>
			<Level>2</Level>
			<Task>0</Task>
			<Opcode>0</Opcode>
			<Keywords>0x8080000000000000</Keywords>
			<TimeCreated SystemTime="2020-01-17T00:23:43.749589300Z" />
			<EventRecordID>16523</EventRecordID>
			<Correlation />
			<Execution ProcessID="676" ThreadID="17816" />
			<Channel>System</Channel>
			<Computer>DESKTOP-SQG8FRI</Computer>
			<Security UserID="S-1-5-18" />
		</System>
		<EventData>
			<Data Name="param1">{E60687F7-01A1-40AA-86AC-DB1CBF673334}</Data>
		</EventData>
		<RenderingInfo Culture="ru-RU">
			<Message>Регистрация сервера {E60687F7-01A1-40AA-86AC-DB1CBF673334} DCOM не выполнена за отведенное время ожидания.</Message>
			<Level>Ошибка</Level>
			<Task />
			<Opcode>Сведения</Opcode>
			<Channel />
			<Provider>Microsoft-Windows-DistributedCOM</Provider>
			<Keywords>
				<Keyword>Классический</Keyword>
			</Keywords>
		</RenderingInfo>
	</Event>
	<Event xmlns="http://schemas.microsoft.com/win/2004/08/events/event">
		<System>
			<Provider Name="Service Control Manager" Guid="{555908d1-a6d7-4695-8e1e-26931d2012f4}" EventSourceName="Service Control Manager" />
			<EventID Qualifiers="49152">7023</EventID>
			<Version>0</Version>
			<Level>2</Level>
			<Task>0</Task>
			<Opcode>0</Opcode>
			<Keywords>0x8080000000000000</Keywords>
			<TimeCreated SystemTime="2020-01-17T00:21:43.747527000Z" />
			<EventRecordID>16522</EventRecordID>
			<Correlation />
			<Execution ProcessID="820" ThreadID="9672" />
			<Channel>System</Channel>
			<Computer>DESKTOP-SQG8FRI</Computer>
			<Security />
		</System>
		<EventData>
			<Data Name="param1">wuauserv</Data>
			<Data Name="param2">%%2</Data>
			<Binary>770075006100750073006500720076000000</Binary>
		</EventData>
		<RenderingInfo Culture="ru-RU">
			<Message>Служба "wuauserv" завершена из-за ошибки 
Не удается найти указанный файл.</Message>
			<Level>Ошибка</Level>
			<Task />
			<Opcode />
			<Channel />
			<Provider>Microsoft-Windows-Service Control Manager</Provider>
			<Keywords>
				<Keyword>Классический</Keyword>
			</Keywords>
		</RenderingInfo>
	</Event>
	<Event xmlns="http://schemas.microsoft.com/win/2004/08/events/event">
		<System>
			<Provider Name="Microsoft-Windows-DistributedCOM" Guid="{1B562E86-B7AA-4131-BADC-B6F3A001407E}" EventSourceName="DCOM" />
			<EventID Qualifiers="0">10010</EventID>
			<Version>0</Version>
			<Level>2</Level>
			<Task>0</Task>
			<Opcode>0</Opcode>
			<Keywords>0x8080000000000000</Keywords>
			<TimeCreated SystemTime="2020-01-17T00:21:43.720564900Z" />
			<EventRecordID>16521</EventRecordID>
			<Correlation />
			<Execution ProcessID="676" ThreadID="15652" />
			<Channel>System</Channel>
			<Computer>DESKTOP-SQG8FRI</Computer>
			<Security UserID="S-1-5-18" />
		</System>
		<EventData>
			<Data Name="param1">{E60687F7-01A1-40AA-86AC-DB1CBF673334}</Data>
		</EventData>
		<RenderingInfo Culture="ru-RU">
			<Message>Регистрация сервера {E60687F7-01A1-40AA-86AC-DB1CBF673334} DCOM не выполнена за отведенное время ожидания.</Message>
			<Level>Ошибка</Level>
			<Task />
			<Opcode>Сведения</Opcode>
			<Channel />
			<Provider>Microsoft-Windows-DistributedCOM</Provider>
			<Keywords>
				<Keyword>Классический</Keyword>
			</Keywords>
		</RenderingInfo>
	</Event>
	<Event xmlns="http://schemas.microsoft.com/win/2004/08/events/event">
		<System>
			<Provider Name="Service Control Manager" Guid="{555908d1-a6d7-4695-8e1e-26931d2012f4}" EventSourceName="Service Control Manager" />
			<EventID Qualifiers="49152">7023</EventID>
			<Version>0</Version>
			<Level>2</Level>
			<Task>0</Task>
			<Opcode>0</Opcode>
			<Keywords>0x8080000000000000</Keywords>
			<TimeCreated SystemTime="2020-01-17T00:19:43.716527500Z" />
			<EventRecordID>16520</EventRecordID>
			<Correlation />
			<Execution ProcessID="820" ThreadID="13392" />
			<Channel>System</Channel>
			<Computer>DESKTOP-SQG8FRI</Computer>
			<Security />
		</System>
		<EventData>
			<Data Name="param1">wuauserv</Data>
			<Data Name="param2">%%2</Data>
			<Binary>770075006100750073006500720076000000</Binary>
		</EventData>
		<RenderingInfo Culture="ru-RU">
			<Message>Служба "wuauserv" завершена из-за ошибки 
Не удается найти указанный файл.</Message>
			<Level>Ошибка</Level>
			<Task />
			<Opcode />
			<Channel />
			<Provider>Microsoft-Windows-Service Control Manager</Provider>
			<Keywords>
				<Keyword>Классический</Keyword>
			</Keywords>
		</RenderingInfo>
	</Event>
	<Event xmlns="http://schemas.microsoft.com/win/2004/08/events/event">
		<System>
			<Provider Name="Microsoft-Windows-DistributedCOM" Guid="{1B562E86-B7AA-4131-BADC-B6F3A001407E}" EventSourceName="DCOM" />
			<EventID Qualifiers="0">10010</EventID>
			<Version>0</Version>
			<Level>2</Level>
			<Task>0</Task>
			<Opcode>0</Opcode>
			<Keywords>0x8080000000000000</Keywords>
			<TimeCreated SystemTime="2020-01-17T00:19:43.691566200Z" />
			<EventRecordID>16519</EventRecordID>
			<Correlation />
			<Execution ProcessID="676" ThreadID="17816" />
			<Channel>System</Channel>
			<Computer>DESKTOP-SQG8FRI</Computer>
			<Security UserID="S-1-5-18" />
		</System>
		<EventData>
			<Data Name="param1">{E60687F7-01A1-40AA-86AC-DB1CBF673334}</Data>
		</EventData>
		<RenderingInfo Culture="ru-RU">
			<Message>Регистрация сервера {E60687F7-01A1-40AA-86AC-DB1CBF673334} DCOM не выполнена за отведенное время ожидания.</Message>
			<Level>Ошибка</Level>
			<Task />
			<Opcode>Сведения</Opcode>
			<Channel />
			<Provider>Microsoft-Windows-DistributedCOM</Provider>
			<Keywords>
				<Keyword>Классический</Keyword>
			</Keywords>
		</RenderingInfo>
	</Event>
	<Event xmlns="http://schemas.microsoft.com/win/2004/08/events/event">
		<System>
			<Provider Name="Service Control Manager" Guid="{555908d1-a6d7-4695-8e1e-26931d2012f4}" EventSourceName="Service Control Manager" />
			<EventID Qualifiers="49152">7023</EventID>
			<Version>0</Version>
			<Level>2</Level>
			<Task>0</Task>
			<Opcode>0</Opcode>
			<Keywords>0x8080000000000000</Keywords>
			<TimeCreated SystemTime="2020-01-17T00:17:43.688527800Z" />
			<EventRecordID>16516</EventRecordID>
			<Correlation />
			<Execution ProcessID="820" ThreadID="1548" />
			<Channel>System</Channel>
			<Computer>DESKTOP-SQG8FRI</Computer>
			<Security />
		</System>
		<EventData>
			<Data Name="param1">wuauserv</Data>
			<Data Name="param2">%%2</Data>
			<Binary>770075006100750073006500720076000000</Binary>
		</EventData>
		<RenderingInfo Culture="ru-RU">
			<Message>Служба "wuauserv" завершена из-за ошибки 
Не удается найти указанный файл.</Message>
			<Level>Ошибка</Level>
			<Task />
			<Opcode />
			<Channel />
			<Provider>Microsoft-Windows-Service Control Manager</Provider>
			<Keywords>
				<Keyword>Классический</Keyword>
			</Keywords>
		</RenderingInfo>
	</Event>
	<Event xmlns="http://schemas.microsoft.com/win/2004/08/events/event">
		<System>
			<Provider Name="Microsoft-Windows-DistributedCOM" Guid="{1B562E86-B7AA-4131-BADC-B6F3A001407E}" EventSourceName="DCOM" />
			<EventID Qualifiers="0">10010</EventID>
			<Version>0</Version>
			<Level>2</Level>
			<Task>0</Task>
			<Opcode>0</Opcode>
			<Keywords>0x8080000000000000</Keywords>
			<TimeCreated SystemTime="2020-01-17T00:17:43.660527500Z" />
			<EventRecordID>16515</EventRecordID>
			<Correlation />
			<Execution ProcessID="676" ThreadID="10172" />
			<Channel>System</Channel>
			<Computer>DESKTOP-SQG8FRI</Computer>
			<Security UserID="S-1-5-18" />
		</System>
		<EventData>
			<Data Name="param1">{E60687F7-01A1-40AA-86AC-DB1CBF673334}</Data>
		</EventData>
		<RenderingInfo Culture="ru-RU">
			<Message>Регистрация сервера {E60687F7-01A1-40AA-86AC-DB1CBF673334} DCOM не выполнена за отведенное время ожидания.</Message>
			<Level>Ошибка</Level>
			<Task />
			<Opcode>Сведения</Opcode>
			<Channel />
			<Provider>Microsoft-Windows-DistributedCOM</Provider>
			<Keywords>
				<Keyword>Классический</Keyword>
			</Keywords>
		</RenderingInfo>
	</Event>
	<Event xmlns="http://schemas.microsoft.com/win/2004/08/events/event">
		<System>
			<Provider Name="Service Control Manager" Guid="{555908d1-a6d7-4695-8e1e-26931d2012f4}" EventSourceName="Service Control Manager" />
			<EventID Qualifiers="49152">7023</EventID>
			<Version>0</Version>
			<Level>2</Level>
			<Task>0</Task>
			<Opcode>0</Opcode>
			<Keywords>0x8080000000000000</Keywords>
			<TimeCreated SystemTime="2020-01-17T00:15:43.657526600Z" />
			<EventRecordID>16514</EventRecordID>
			<Correlation />
			<Execution ProcessID="820" ThreadID="13656" />
			<Channel>System</Channel>
			<Computer>DESKTOP-SQG8FRI</Computer>
			<Security />
		</System>
		<EventData>
			<Data Name="param1">wuauserv</Data>
			<Data Name="param2">%%2</Data>
			<Binary>770075006100750073006500720076000000</Binary>
		</EventData>
		<RenderingInfo Culture="ru-RU">
			<Message>Служба "wuauserv" завершена из-за ошибки 
Не удается найти указанный файл.</Message>
			<Level>Ошибка</Level>
			<Task />
			<Opcode />
			<Channel />
			<Provider>Microsoft-Windows-Service Control Manager</Provider>
			<Keywords>
				<Keyword>Классический</Keyword>
			</Keywords>
		</RenderingInfo>
	</Event>
	<Event xmlns="http://schemas.microsoft.com/win/2004/08/events/event">
		<System>
			<Provider Name="Microsoft-Windows-DistributedCOM" Guid="{1B562E86-B7AA-4131-BADC-B6F3A001407E}" EventSourceName="DCOM" />
			<EventID Qualifiers="0">10010</EventID>
			<Version>0</Version>
			<Level>2</Level>
			<Task>0</Task>
			<Opcode>0</Opcode>
			<Keywords>0x8080000000000000</Keywords>
			<TimeCreated SystemTime="2020-01-17T00:15:43.622526700Z" />
			<EventRecordID>16513</EventRecordID>
			<Correlation />
			<Execution ProcessID="676" ThreadID="3644" />
			<Channel>System</Channel>
			<Computer>DESKTOP-SQG8FRI</Computer>
			<Security UserID="S-1-5-21-1379532148-1851618953-3399223282-1001" />
		</System>
		<EventData>
			<Data Name="param1">{E60687F7-01A1-40AA-86AC-DB1CBF673334}</Data>
		</EventData>
		<RenderingInfo Culture="ru-RU">
			<Message>Регистрация сервера {E60687F7-01A1-40AA-86AC-DB1CBF673334} DCOM не выполнена за отведенное время ожидания.</Message>
			<Level>Ошибка</Level>
			<Task />
			<Opcode>Сведения</Opcode>
			<Channel />
			<Provider>Microsoft-Windows-DistributedCOM</Provider>
			<Keywords>
				<Keyword>Классический</Keyword>
			</Keywords>
		</RenderingInfo>
	</Event>
	<Event xmlns="http://schemas.microsoft.com/win/2004/08/events/event">
		<System>
			<Provider Name="Bonjour Service" />
			<EventID Qualifiers="0">100</EventID>
			<Level>2</Level>
			<Task>0</Task>
			<Keywords>0x80000000000000</Keywords>
			<TimeCreated SystemTime="2020-01-17T00:14:35.807528500Z" />
			<EventRecordID>618417</EventRecordID>
			<Channel>Application</Channel>
			<Computer>DESKTOP-SQG8FRI</Computer>
			<Security />
		</System>
		<EventData>
			<Data>mDNSCoreReceiveResponse: Unexpected conflict discarding   23 9.2.2.3.8.E.4.0.0.A.7.6.4.0.5.1.0.0.0.0.0.0.0.0.0.0.0.0.0.8.E.F.ip6.arpa. PTR DESKTOP-SQG8FRI.local.</Data>
		</EventData>
		<RenderingInfo Culture="ru-RU">
			<Message>mDNSCoreReceiveResponse: Unexpected conflict discarding   23 9.2.2.3.8.E.4.0.0.A.7.6.4.0.5.1.0.0.0.0.0.0.0.0.0.0.0.0.0.8.E.F.ip6.arpa. PTR DESKTOP-SQG8FRI.local.</Message>
			<Level>Ошибка</Level>
			<Task />
			<Opcode>Сведения</Opcode>
			<Channel />
			<Provider />
			<Keywords>
				<Keyword>Классический</Keyword>
			</Keywords>
		</RenderingInfo>
	</Event>
	<Event xmlns="http://schemas.microsoft.com/win/2004/08/events/event">
		<System>
			<Provider Name="Bonjour Service" />
			<EventID Qualifiers="0">100</EventID>
			<Level>2</Level>
			<Task>0</Task>
			<Keywords>0x80000000000000</Keywords>
			<TimeCreated SystemTime="2020-01-17T00:14:35.807528500Z" />
			<EventRecordID>618416</EventRecordID>
			<Channel>Application</Channel>
			<Computer>DESKTOP-SQG8FRI</Computer>
			<Security />
		</System>
		<EventData>
			<Data>mDNSCoreReceiveResponse: Received from FE80:0000:0000:0000:1504:67A0:04E8:3229:5353   25 9.2.2.3.8.E.4.0.0.A.7.6.4.0.5.1.0.0.0.0.0.0.0.0.0.0.0.0.0.8.E.F.ip6.arpa. PTR DESKTOP-SQG8FRI-2.local.</Data>
		</EventData>
		<RenderingInfo Culture="ru-RU">
			<Message>mDNSCoreReceiveResponse: Received from FE80:0000:0000:0000:1504:67A0:04E8:3229:5353   25 9.2.2.3.8.E.4.0.0.A.7.6.4.0.5.1.0.0.0.0.0.0.0.0.0.0.0.0.0.8.E.F.ip6.arpa. PTR DESKTOP-SQG8FRI-2.local.</Message>
			<Level>Ошибка</Level>
			<Task />
			<Opcode>Сведения</Opcode>
			<Channel />
			<Provider />
			<Keywords>
				<Keyword>Классический</Keyword>
			</Keywords>
		</RenderingInfo>
	</Event>
	<Event xmlns="http://schemas.microsoft.com/win/2004/08/events/event">
		<System>
			<Provider Name="Bonjour Service" />
			<EventID Qualifiers="0">100</EventID>
			<Level>2</Level>
			<Task>0</Task>
			<Keywords>0x80000000000000</Keywords>
			<TimeCreated SystemTime="2020-01-17T00:14:35.807528500Z" />
			<EventRecordID>618415</EventRecordID>
			<Channel>Application</Channel>
			<Computer>DESKTOP-SQG8FRI</Computer>
			<Security />
		</System>
		<EventData>
			<Data>mDNSCoreReceiveResponse: Unexpected conflict discarding   23 5.8.D.F.A.0.A.2.B.E.8.0.E.1.4.C.0.0.0.0.0.0.0.0.0.0.0.0.0.8.E.F.ip6.arpa. PTR DESKTOP-SQG8FRI.local.</Data>
		</EventData>
		<RenderingInfo Culture="ru-RU">
			<Message>mDNSCoreReceiveResponse: Unexpected conflict discarding   23 5.8.D.F.A.0.A.2.B.E.8.0.E.1.4.C.0.0.0.0.0.0.0.0.0.0.0.0.0.8.E.F.ip6.arpa. PTR DESKTOP-SQG8FRI.local.</Message>
			<Level>Ошибка</Level>
			<Task />
			<Opcode>Сведения</Opcode>
			<Channel />
			<Provider />
			<Keywords>
				<Keyword>Классический</Keyword>
			</Keywords>
		</RenderingInfo>
	</Event>
	<Event xmlns="http://schemas.microsoft.com/win/2004/08/events/event">
		<System>
			<Provider Name="Bonjour Service" />
			<EventID Qualifiers="0">100</EventID>
			<Level>2</Level>
			<Task>0</Task>
			<Keywords>0x80000000000000</Keywords>
			<TimeCreated SystemTime="2020-01-17T00:14:35.807528500Z" />
			<EventRecordID>618414</EventRecordID>
			<Channel>Application</Channel>
			<Computer>DESKTOP-SQG8FRI</Computer>
			<Security />
		</System>
		<EventData>
			<Data>mDNSCoreReceiveResponse: Received from 192.168.56.1:5353   25 5.8.D.F.A.0.A.2.B.E.8.0.E.1.4.C.0.0.0.0.0.0.0.0.0.0.0.0.0.8.E.F.ip6.arpa. PTR DESKTOP-SQG8FRI-2.local.</Data>
		</EventData>
		<RenderingInfo Culture="ru-RU">
			<Message>mDNSCoreReceiveResponse: Received from 192.168.56.1:5353   25 5.8.D.F.A.0.A.2.B.E.8.0.E.1.4.C.0.0.0.0.0.0.0.0.0.0.0.0.0.8.E.F.ip6.arpa. PTR DESKTOP-SQG8FRI-2.local.</Message>
			<Level>Ошибка</Level>
			<Task />
			<Opcode>Сведения</Opcode>
			<Channel />
			<Provider />
			<Keywords>
				<Keyword>Классический</Keyword>
			</Keywords>
		</RenderingInfo>
	</Event>
	<Event xmlns="http://schemas.microsoft.com/win/2004/08/events/event">
		<System>
			<Provider Name="Bonjour Service" />
			<EventID Qualifiers="0">100</EventID>
			<Level>2</Level>
			<Task>0</Task>
			<Keywords>0x80000000000000</Keywords>
			<TimeCreated SystemTime="2020-01-17T00:14:35.807528500Z" />
			<EventRecordID>618413</EventRecordID>
			<Channel>Application</Channel>
			<Computer>DESKTOP-SQG8FRI</Computer>
			<Security />
		</System>
		<EventData>
			<Data>mDNSCoreReceiveResponse: Unexpected conflict discarding   23 1.56.168.192.in-addr.arpa. PTR DESKTOP-SQG8FRI.local.</Data>
		</EventData>
		<RenderingInfo Culture="ru-RU">
			<Message>mDNSCoreReceiveResponse: Unexpected conflict discarding   23 1.56.168.192.in-addr.arpa. PTR DESKTOP-SQG8FRI.local.</Message>
			<Level>Ошибка</Level>
			<Task />
			<Opcode>Сведения</Opcode>
			<Channel />
			<Provider />
			<Keywords>
				<Keyword>Классический</Keyword>
			</Keywords>
		</RenderingInfo>
	</Event>
	<Event xmlns="http://schemas.microsoft.com/win/2004/08/events/event">
		<System>
			<Provider Name="Bonjour Service" />
			<EventID Qualifiers="0">100</EventID>
			<Level>2</Level>
			<Task>0</Task>
			<Keywords>0x80000000000000</Keywords>
			<TimeCreated SystemTime="2020-01-17T00:14:35.807528500Z" />
			<EventRecordID>618412</EventRecordID>
			<Channel>Application</Channel>
			<Computer>DESKTOP-SQG8FRI</Computer>
			<Security />
		</System>
		<EventData>
			<Data>mDNSCoreReceiveResponse: Received from 192.168.56.1:5353   25 1.56.168.192.in-addr.arpa. PTR DESKTOP-SQG8FRI-2.local.</Data>
		</EventData>
		<RenderingInfo Culture="ru-RU">
			<Message>mDNSCoreReceiveResponse: Received from 192.168.56.1:5353   25 1.56.168.192.in-addr.arpa. PTR DESKTOP-SQG8FRI-2.local.</Message>
			<Level>Ошибка</Level>
			<Task />
			<Opcode>Сведения</Opcode>
			<Channel />
			<Provider />
			<Keywords>
				<Keyword>Классический</Keyword>
			</Keywords>
		</RenderingInfo>
	</Event>
	<Event xmlns="http://schemas.microsoft.com/win/2004/08/events/event">
		<System>
			<Provider Name="Bonjour Service" />
			<EventID Qualifiers="0">100</EventID>
			<Level>2</Level>
			<Task>0</Task>
			<Keywords>0x80000000000000</Keywords>
			<TimeCreated SystemTime="2020-01-17T00:14:35.807528500Z" />
			<EventRecordID>618411</EventRecordID>
			<Channel>Application</Channel>
			<Computer>DESKTOP-SQG8FRI</Computer>
			<Security />
		</System>
		<EventData>
			<Data>mDNSCoreReceiveResponse: Unexpected conflict discarding   23 3.A.4.5.0.4.C.1.7.D.6.1.6.3.8.D.0.0.0.0.0.0.0.0.0.0.0.0.0.8.E.F.ip6.arpa. PTR DESKTOP-SQG8FRI.local.</Data>
		</EventData>
		<RenderingInfo Culture="ru-RU">
			<Message>mDNSCoreReceiveResponse: Unexpected conflict discarding   23 3.A.4.5.0.4.C.1.7.D.6.1.6.3.8.D.0.0.0.0.0.0.0.0.0.0.0.0.0.8.E.F.ip6.arpa. PTR DESKTOP-SQG8FRI.local.</Message>
			<Level>Ошибка</Level>
			<Task />
			<Opcode>Сведения</Opcode>
			<Channel />
			<Provider />
			<Keywords>
				<Keyword>Классический</Keyword>
			</Keywords>
		</RenderingInfo>
	</Event>
	<Event xmlns="http://schemas.microsoft.com/win/2004/08/events/event">
		<System>
			<Provider Name="Bonjour Service" />
			<EventID Qualifiers="0">100</EventID>
			<Level>2</Level>
			<Task>0</Task>
			<Keywords>0x80000000000000</Keywords>
			<TimeCreated SystemTime="2020-01-17T00:14:35.806529000Z" />
			<EventRecordID>618410</EventRecordID>
			<Channel>Application</Channel>
			<Computer>DESKTOP-SQG8FRI</Computer>
			<Security />
		</System>
		<EventData>
			<Data>mDNSCoreReceiveResponse: Received from 192.168.121.1:5353   25 3.A.4.5.0.4.C.1.7.D.6.1.6.3.8.D.0.0.0.0.0.0.0.0.0.0.0.0.0.8.E.F.ip6.arpa. PTR DESKTOP-SQG8FRI-2.local.</Data>
		</EventData>
		<RenderingInfo Culture="ru-RU">
			<Message>mDNSCoreReceiveResponse: Received from 192.168.121.1:5353   25 3.A.4.5.0.4.C.1.7.D.6.1.6.3.8.D.0.0.0.0.0.0.0.0.0.0.0.0.0.8.E.F.ip6.arpa. PTR DESKTOP-SQG8FRI-2.local.</Message>
			<Level>Ошибка</Level>
			<Task />
			<Opcode>Сведения</Opcode>
			<Channel />
			<Provider />
			<Keywords>
				<Keyword>Классический</Keyword>
			</Keywords>
		</RenderingInfo>
	</Event>
	<Event xmlns="http://schemas.microsoft.com/win/2004/08/events/event">
		<System>
			<Provider Name="Bonjour Service" />
			<EventID Qualifiers="0">100</EventID>
			<Level>2</Level>
			<Task>0</Task>
			<Keywords>0x80000000000000</Keywords>
			<TimeCreated SystemTime="2020-01-17T00:14:35.806529000Z" />
			<EventRecordID>618409</EventRecordID>
			<Channel>Application</Channel>
			<Computer>DESKTOP-SQG8FRI</Computer>
			<Security />
		</System>
		<EventData>
			<Data>mDNSCoreReceiveResponse: Unexpected conflict discarding   23 1.121.168.192.in-addr.arpa. PTR DESKTOP-SQG8FRI.local.</Data>
		</EventData>
		<RenderingInfo Culture="ru-RU">
			<Message>mDNSCoreReceiveResponse: Unexpected conflict discarding   23 1.121.168.192.in-addr.arpa. PTR DESKTOP-SQG8FRI.local.</Message>
			<Level>Ошибка</Level>
			<Task />
			<Opcode>Сведения</Opcode>
			<Channel />
			<Provider />
			<Keywords>
				<Keyword>Классический</Keyword>
			</Keywords>
		</RenderingInfo>
	</Event>
	<Event xmlns="http://schemas.microsoft.com/win/2004/08/events/event">
		<System>
			<Provider Name="Bonjour Service" />
			<EventID Qualifiers="0">100</EventID>
			<Level>2</Level>
			<Task>0</Task>
			<Keywords>0x80000000000000</Keywords>
			<TimeCreated SystemTime="2020-01-17T00:14:35.806529000Z" />
			<EventRecordID>618408</EventRecordID>
			<Channel>Application</Channel>
			<Computer>DESKTOP-SQG8FRI</Computer>
			<Security />
		</System>
		<EventData>
			<Data>mDNSCoreReceiveResponse: Received from 192.168.121.1:5353   25 1.121.168.192.in-addr.arpa. PTR DESKTOP-SQG8FRI-2.local.</Data>
		</EventData>
		<RenderingInfo Culture="ru-RU">
			<Message>mDNSCoreReceiveResponse: Received from 192.168.121.1:5353   25 1.121.168.192.in-addr.arpa. PTR DESKTOP-SQG8FRI-2.local.</Message>
			<Level>Ошибка</Level>
			<Task />
			<Opcode>Сведения</Opcode>
			<Channel />
			<Provider />
			<Keywords>
				<Keyword>Классический</Keyword>
			</Keywords>
		</RenderingInfo>
	</Event>
	<Event xmlns="http://schemas.microsoft.com/win/2004/08/events/event">
		<System>
			<Provider Name="Bonjour Service" />
			<EventID Qualifiers="0">100</EventID>
			<Level>2</Level>
			<Task>0</Task>
			<Keywords>0x80000000000000</Keywords>
			<TimeCreated SystemTime="2020-01-17T00:14:35.806529000Z" />
			<EventRecordID>618407</EventRecordID>
			<Channel>Application</Channel>
			<Computer>DESKTOP-SQG8FRI</Computer>
			<Security />
		</System>
		<EventData>
			<Data>mDNSCoreReceiveResponse: Unexpected conflict discarding   23 2.3.B.2.D.6.6.C.3.B.9.E.6.8.9.C.0.0.0.0.0.0.0.0.0.0.0.0.0.8.E.F.ip6.arpa. PTR DESKTOP-SQG8FRI.local.</Data>
		</EventData>
		<RenderingInfo Culture="ru-RU">
			<Message>mDNSCoreReceiveResponse: Unexpected conflict discarding   23 2.3.B.2.D.6.6.C.3.B.9.E.6.8.9.C.0.0.0.0.0.0.0.0.0.0.0.0.0.8.E.F.ip6.arpa. PTR DESKTOP-SQG8FRI.local.</Message>
			<Level>Ошибка</Level>
			<Task />
			<Opcode>Сведения</Opcode>
			<Channel />
			<Provider />
			<Keywords>
				<Keyword>Классический</Keyword>
			</Keywords>
		</RenderingInfo>
	</Event>
	<Event xmlns="http://schemas.microsoft.com/win/2004/08/events/event">
		<System>
			<Provider Name="Bonjour Service" />
			<EventID Qualifiers="0">100</EventID>
			<Level>2</Level>
			<Task>0</Task>
			<Keywords>0x80000000000000</Keywords>
			<TimeCreated SystemTime="2020-01-17T00:14:35.806529000Z" />
			<EventRecordID>618406</EventRecordID>
			<Channel>Application</Channel>
			<Computer>DESKTOP-SQG8FRI</Computer>
			<Security />
		</System>
		<EventData>
			<Data>mDNSCoreReceiveResponse: Received from 192.168.127.1:5353   25 2.3.B.2.D.6.6.C.3.B.9.E.6.8.9.C.0.0.0.0.0.0.0.0.0.0.0.0.0.8.E.F.ip6.arpa. PTR DESKTOP-SQG8FRI-2.local.</Data>
		</EventData>
		<RenderingInfo Culture="ru-RU">
			<Message>mDNSCoreReceiveResponse: Received from 192.168.127.1:5353   25 2.3.B.2.D.6.6.C.3.B.9.E.6.8.9.C.0.0.0.0.0.0.0.0.0.0.0.0.0.8.E.F.ip6.arpa. PTR DESKTOP-SQG8FRI-2.local.</Message>
			<Level>Ошибка</Level>
			<Task />
			<Opcode>Сведения</Opcode>
			<Channel />
			<Provider />
			<Keywords>
				<Keyword>Классический</Keyword>
			</Keywords>
		</RenderingInfo>
	</Event>
	<Event xmlns="http://schemas.microsoft.com/win/2004/08/events/event">
		<System>
			<Provider Name="Bonjour Service" />
			<EventID Qualifiers="0">100</EventID>
			<Level>2</Level>
			<Task>0</Task>
			<Keywords>0x80000000000000</Keywords>
			<TimeCreated SystemTime="2020-01-17T00:14:35.806529000Z" />
			<EventRecordID>618405</EventRecordID>
			<Channel>Application</Channel>
			<Computer>DESKTOP-SQG8FRI</Computer>
			<Security />
		</System>
		<EventData>
			<Data>mDNSCoreReceiveResponse: Unexpected conflict discarding   23 1.127.168.192.in-addr.arpa. PTR DESKTOP-SQG8FRI.local.</Data>
		</EventData>
		<RenderingInfo Culture="ru-RU">
			<Message>mDNSCoreReceiveResponse: Unexpected conflict discarding   23 1.127.168.192.in-addr.arpa. PTR DESKTOP-SQG8FRI.local.</Message>
			<Level>Ошибка</Level>
			<Task />
			<Opcode>Сведения</Opcode>
			<Channel />
			<Provider />
			<Keywords>
				<Keyword>Классический</Keyword>
			</Keywords>
		</RenderingInfo>
	</Event>
	<Event xmlns="http://schemas.microsoft.com/win/2004/08/events/event">
		<System>
			<Provider Name="Bonjour Service" />
			<EventID Qualifiers="0">100</EventID>
			<Level>2</Level>
			<Task>0</Task>
			<Keywords>0x80000000000000</Keywords>
			<TimeCreated SystemTime="2020-01-17T00:14:35.805527600Z" />
			<EventRecordID>618404</EventRecordID>
			<Channel>Application</Channel>
			<Computer>DESKTOP-SQG8FRI</Computer>
			<Security />
		</System>
		<EventData>
			<Data>mDNSCoreReceiveResponse: Received from 192.168.127.1:5353   25 1.127.168.192.in-addr.arpa. PTR DESKTOP-SQG8FRI-2.local.</Data>
		</EventData>
		<RenderingInfo Culture="ru-RU">
			<Message>mDNSCoreReceiveResponse: Received from 192.168.127.1:5353   25 1.127.168.192.in-addr.arpa. PTR DESKTOP-SQG8FRI-2.local.</Message>
			<Level>Ошибка</Level>
			<Task />
			<Opcode>Сведения</Opcode>
			<Channel />
			<Provider />
			<Keywords>
				<Keyword>Классический</Keyword>
			</Keywords>
		</RenderingInfo>
	</Event>
	<Event xmlns="http://schemas.microsoft.com/win/2004/08/events/event">
		<System>
			<Provider Name="VBoxNetLwf" />
			<EventID Qualifiers="49156">12</EventID>
			<Level>2</Level>
			<Task>0</Task>
			<Keywords>0x80000000000000</Keywords>
			<TimeCreated SystemTime="2020-01-17T00:14:17.198527100Z" />
			<EventRecordID>16510</EventRecordID>
			<Channel>System</Channel>
			<Computer>DESKTOP-SQG8FRI</Computer>
			<Security />
		</System>
		<EventData>
			<Data>\Device\VBoxNetLwf</Data>
			<Binary>0000180001000000000000000C0004C0080000000000000000000000000000000000000000000000503EAA9297E6503EAA9297E5503EAA9297E3D48564093A16</Binary>
		</EventData>
		<RenderingInfo Culture="ru-RU">
			<Message>Драйвер обнаружил внутреннюю ошибку драйвера на \Device\VBoxNetLwf.</Message>
			<Level>Ошибка</Level>
			<Task />
			<Opcode />
			<Channel />
			<Provider />
			<Keywords>
				<Keyword>Классический</Keyword>
			</Keywords>
		</RenderingInfo>
	</Event>
	<Event xmlns="http://schemas.microsoft.com/win/2004/08/events/event">
		<System>
			<Provider Name="Service Control Manager" Guid="{555908d1-a6d7-4695-8e1e-26931d2012f4}" EventSourceName="Service Control Manager" />
			<EventID Qualifiers="49152">7023</EventID>
			<Version>0</Version>
			<Level>2</Level>
			<Task>0</Task>
			<Opcode>0</Opcode>
			<Keywords>0x8080000000000000</Keywords>
			<TimeCreated SystemTime="2020-01-16T13:17:02.720212800Z" />
			<EventRecordID>16505</EventRecordID>
			<Correlation />
			<Execution ProcessID="820" ThreadID="10584" />
			<Channel>System</Channel>
			<Computer>DESKTOP-SQG8FRI</Computer>
			<Security />
		</System>
		<EventData>
			<Data Name="param1">wuauserv</Data>
			<Data Name="param2">%%2</Data>
			<Binary>770075006100750073006500720076000000</Binary>
		</EventData>
		<RenderingInfo Culture="ru-RU">
			<Message>Служба "wuauserv" завершена из-за ошибки 
Не удается найти указанный файл.</Message>
			<Level>Ошибка</Level>
			<Task />
			<Opcode />
			<Channel />
			<Provider>Microsoft-Windows-Service Control Manager</Provider>
			<Keywords>
				<Keyword>Классический</Keyword>
			</Keywords>
		</RenderingInfo>
	</Event>
	<Event xmlns="http://schemas.microsoft.com/win/2004/08/events/event">
		<System>
			<Provider Name="Microsoft-Windows-DistributedCOM" Guid="{1B562E86-B7AA-4131-BADC-B6F3A001407E}" EventSourceName="DCOM" />
			<EventID Qualifiers="0">10010</EventID>
			<Version>0</Version>
			<Level>2</Level>
			<Task>0</Task>
			<Opcode>0</Opcode>
			<Keywords>0x8080000000000000</Keywords>
			<TimeCreated SystemTime="2020-01-16T12:36:02.660254400Z" />
			<EventRecordID>16504</EventRecordID>
			<Correlation />
			<Execution ProcessID="676" ThreadID="15652" />
			<Channel>System</Channel>
			<Computer>DESKTOP-SQG8FRI</Computer>
			<Security UserID="S-1-5-18" />
		</System>
		<EventData>
			<Data Name="param1">{E60687F7-01A1-40AA-86AC-DB1CBF673334}</Data>
		</EventData>
		<RenderingInfo Culture="ru-RU">
			<Message>Регистрация сервера {E60687F7-01A1-40AA-86AC-DB1CBF673334} DCOM не выполнена за отведенное время ожидания.</Message>
			<Level>Ошибка</Level>
			<Task />
			<Opcode>Сведения</Opcode>
			<Channel />
			<Provider>Microsoft-Windows-DistributedCOM</Provider>
			<Keywords>
				<Keyword>Классический</Keyword>
			</Keywords>
		</RenderingInfo>
	</Event>
	<Event xmlns="http://schemas.microsoft.com/win/2004/08/events/event">
		<System>
			<Provider Name="Service Control Manager" Guid="{555908d1-a6d7-4695-8e1e-26931d2012f4}" EventSourceName="Service Control Manager" />
			<EventID Qualifiers="49152">7023</EventID>
			<Version>0</Version>
			<Level>2</Level>
			<Task>0</Task>
			<Opcode>0</Opcode>
			<Keywords>0x8080000000000000</Keywords>
			<TimeCreated SystemTime="2020-01-16T12:34:02.658211600Z" />
			<EventRecordID>16503</EventRecordID>
			<Correlation />
			<Execution ProcessID="820" ThreadID="9672" />
			<Channel>System</Channel>
			<Computer>DESKTOP-SQG8FRI</Computer>
			<Security />
		</System>
		<EventData>
			<Data Name="param1">wuauserv</Data>
			<Data Name="param2">%%2</Data>
			<Binary>770075006100750073006500720076000000</Binary>
		</EventData>
		<RenderingInfo Culture="ru-RU">
			<Message>Служба "wuauserv" завершена из-за ошибки 
Не удается найти указанный файл.</Message>
			<Level>Ошибка</Level>
			<Task />
			<Opcode />
			<Channel />
			<Provider>Microsoft-Windows-Service Control Manager</Provider>
			<Keywords>
				<Keyword>Классический</Keyword>
			</Keywords>
		</RenderingInfo>
	</Event>
	<Event xmlns="http://schemas.microsoft.com/win/2004/08/events/event">
		<System>
			<Provider Name="Microsoft-Windows-DistributedCOM" Guid="{1B562E86-B7AA-4131-BADC-B6F3A001407E}" EventSourceName="DCOM" />
			<EventID Qualifiers="0">10016</EventID>
			<Version>0</Version>
			<Level>2</Level>
			<Task>0</Task>
			<Opcode>0</Opcode>
			<Keywords>0x8080000000000000</Keywords>
			<TimeCreated SystemTime="2020-01-16T11:38:17.111311200Z" />
			<EventRecordID>16502</EventRecordID>
			<Correlation />
			<Execution ProcessID="676" ThreadID="3644" />
			<Channel>System</Channel>
			<Computer>DESKTOP-SQG8FRI</Computer>
			<Security UserID="S-1-5-21-1379532148-1851618953-3399223282-1001" />
		</System>
		<EventData>
			<Data Name="param1">для конкретного приложения</Data>
			<Data Name="param2">Локально</Data>
			<Data Name="param3">Активация</Data>
			<Data Name="param4">{2593F8B9-4EAF-457C-B68A-50F6B8EA6B54}</Data>
			<Data Name="param5">{15C20B67-12E7-4BB6-92BB-7AFF07997402}</Data>
			<Data Name="param6">DESKTOP-SQG8FRI</Data>
			<Data Name="param7">MACHHOME</Data>
			<Data Name="param8">S-1-5-21-1379532148-1851618953-3399223282-1001</Data>
			<Data Name="param9">LocalHost (с использованием LRPC)</Data>
			<Data Name="param10">Недоступно</Data>
			<Data Name="param11">Недоступно</Data>
		</EventData>
		<RenderingInfo Culture="ru-RU">
			<Message>Параметры разрешений для конкретного приложения не дают разрешения Локально Активация для приложения COM-сервера с CLSID 
{2593F8B9-4EAF-457C-B68A-50F6B8EA6B54}
 и APPID 
{15C20B67-12E7-4BB6-92BB-7AFF07997402}
 пользователю DESKTOP-SQG8FRI\MACHHOME с ИД безопасности (S-1-5-21-1379532148-1851618953-3399223282-1001) и адресом LocalHost (с использованием LRPC), выполняемого в контейнере приложения Недоступно с ИД безопасности (Недоступно). Это разрешение безопасности можно изменить с помощью средства администрирования служб компонентов.</Message>
			<Level>Ошибка</Level>
			<Task />
			<Opcode>Сведения</Opcode>
			<Channel />
			<Provider>Microsoft-Windows-DistributedCOM</Provider>
			<Keywords>
				<Keyword>Классический</Keyword>
			</Keywords>
		</RenderingInfo>
	</Event>
	<Event xmlns="http://schemas.microsoft.com/win/2004/08/events/event">
		<System>
			<Provider Name="Microsoft-Windows-DistributedCOM" Guid="{1B562E86-B7AA-4131-BADC-B6F3A001407E}" EventSourceName="DCOM" />
			<EventID Qualifiers="0">10010</EventID>
			<Version>0</Version>
			<Level>2</Level>
			<Task>0</Task>
			<Opcode>0</Opcode>
			<Keywords>0x8080000000000000</Keywords>
			<TimeCreated SystemTime="2020-01-16T11:29:11.394030400Z" />
			<EventRecordID>16499</EventRecordID>
			<Correlation />
			<Execution ProcessID="676" ThreadID="392" />
			<Channel>System</Channel>
			<Computer>DESKTOP-SQG8FRI</Computer>
			<Security UserID="S-1-5-21-1379532148-1851618953-3399223282-1001" />
		</System>
		<EventData>
			<Data Name="param1">{E60687F7-01A1-40AA-86AC-DB1CBF673334}</Data>
		</EventData>
		<RenderingInfo Culture="ru-RU">
			<Message>Регистрация сервера {E60687F7-01A1-40AA-86AC-DB1CBF673334} DCOM не выполнена за отведенное время ожидания.</Message>
			<Level>Ошибка</Level>
			<Task />
			<Opcode>Сведения</Opcode>
			<Channel />
			<Provider>Microsoft-Windows-DistributedCOM</Provider>
			<Keywords>
				<Keyword>Классический</Keyword>
			</Keywords>
		</RenderingInfo>
	</Event>
	<Event xmlns="http://schemas.microsoft.com/win/2004/08/events/event">
		<System>
			<Provider Name="Service Control Manager" Guid="{555908d1-a6d7-4695-8e1e-26931d2012f4}" EventSourceName="Service Control Manager" />
			<EventID Qualifiers="49152">7023</EventID>
			<Version>0</Version>
			<Level>2</Level>
			<Task>0</Task>
			<Opcode>0</Opcode>
			<Keywords>0x8080000000000000</Keywords>
			<TimeCreated SystemTime="2020-01-16T11:27:11.390522500Z" />
			<EventRecordID>16498</EventRecordID>
			<Correlation />
			<Execution ProcessID="820" ThreadID="9672" />
			<Channel>System</Channel>
			<Computer>DESKTOP-SQG8FRI</Computer>
			<Security />
		</System>
		<EventData>
			<Data Name="param1">wuauserv</Data>
			<Data Name="param2">%%2</Data>
			<Binary>770075006100750073006500720076000000</Binary>
		</EventData>
		<RenderingInfo Culture="ru-RU">
			<Message>Служба "wuauserv" завершена из-за ошибки 
Не удается найти указанный файл.</Message>
			<Level>Ошибка</Level>
			<Task />
			<Opcode />
			<Channel />
			<Provider>Microsoft-Windows-Service Control Manager</Provider>
			<Keywords>
				<Keyword>Классический</Keyword>
			</Keywords>
		</RenderingInfo>
	</Event>
	<Event xmlns="http://schemas.microsoft.com/win/2004/08/events/event">
		<System>
			<Provider Name="Microsoft-Windows-DistributedCOM" Guid="{1B562E86-B7AA-4131-BADC-B6F3A001407E}" EventSourceName="DCOM" />
			<EventID Qualifiers="0">10010</EventID>
			<Version>0</Version>
			<Level>2</Level>
			<Task>0</Task>
			<Opcode>0</Opcode>
			<Keywords>0x8080000000000000</Keywords>
			<TimeCreated SystemTime="2020-01-16T09:35:53.160636000Z" />
			<EventRecordID>16489</EventRecordID>
			<Correlation />
			<Execution ProcessID="676" ThreadID="9664" />
			<Channel>System</Channel>
			<Computer>DESKTOP-SQG8FRI</Computer>
			<Security UserID="S-1-5-18" />
		</System>
		<EventData>
			<Data Name="param1">{E60687F7-01A1-40AA-86AC-DB1CBF673334}</Data>
		</EventData>
		<RenderingInfo Culture="ru-RU">
			<Message>Регистрация сервера {E60687F7-01A1-40AA-86AC-DB1CBF673334} DCOM не выполнена за отведенное время ожидания.</Message>
			<Level>Ошибка</Level>
			<Task />
			<Opcode>Сведения</Opcode>
			<Channel />
			<Provider>Microsoft-Windows-DistributedCOM</Provider>
			<Keywords>
				<Keyword>Классический</Keyword>
			</Keywords>
		</RenderingInfo>
	</Event>
	<Event xmlns="http://schemas.microsoft.com/win/2004/08/events/event">
		<System>
			<Provider Name="Service Control Manager" Guid="{555908d1-a6d7-4695-8e1e-26931d2012f4}" EventSourceName="Service Control Manager" />
			<EventID Qualifiers="49152">7023</EventID>
			<Version>0</Version>
			<Level>2</Level>
			<Task>0</Task>
			<Opcode>0</Opcode>
			<Keywords>0x8080000000000000</Keywords>
			<TimeCreated SystemTime="2020-01-16T09:33:53.159614800Z" />
			<EventRecordID>16488</EventRecordID>
			<Correlation />
			<Execution ProcessID="820" ThreadID="12764" />
			<Channel>System</Channel>
			<Computer>DESKTOP-SQG8FRI</Computer>
			<Security />
		</System>
		<EventData>
			<Data Name="param1">wuauserv</Data>
			<Data Name="param2">%%2</Data>
			<Binary>770075006100750073006500720076000000</Binary>
		</EventData>
		<RenderingInfo Culture="ru-RU">
			<Message>Служба "wuauserv" завершена из-за ошибки 
Не удается найти указанный файл.</Message>
			<Level>Ошибка</Level>
			<Task />
			<Opcode />
			<Channel />
			<Provider>Microsoft-Windows-Service Control Manager</Provider>
			<Keywords>
				<Keyword>Классический</Keyword>
			</Keywords>
		</RenderingInfo>
	</Event>
	<Event xmlns="http://schemas.microsoft.com/win/2004/08/events/event">
		<System>
			<Provider Name="Microsoft-Windows-DistributedCOM" Guid="{1B562E86-B7AA-4131-BADC-B6F3A001407E}" EventSourceName="DCOM" />
			<EventID Qualifiers="0">10010</EventID>
			<Version>0</Version>
			<Level>2</Level>
			<Task>0</Task>
			<Opcode>0</Opcode>
			<Keywords>0x8080000000000000</Keywords>
			<TimeCreated SystemTime="2020-01-16T09:20:35.692674900Z" />
			<EventRecordID>16486</EventRecordID>
			<Correlation />
			<Execution ProcessID="676" ThreadID="10284" />
			<Channel>System</Channel>
			<Computer>DESKTOP-SQG8FRI</Computer>
			<Security UserID="S-1-5-18" />
		</System>
		<EventData>
			<Data Name="param1">{E60687F7-01A1-40AA-86AC-DB1CBF673334}</Data>
		</EventData>
		<RenderingInfo Culture="ru-RU">
			<Message>Регистрация сервера {E60687F7-01A1-40AA-86AC-DB1CBF673334} DCOM не выполнена за отведенное время ожидания.</Message>
			<Level>Ошибка</Level>
			<Task />
			<Opcode>Сведения</Opcode>
			<Channel />
			<Provider>Microsoft-Windows-DistributedCOM</Provider>
			<Keywords>
				<Keyword>Классический</Keyword>
			</Keywords>
		</RenderingInfo>
	</Event>
	<Event xmlns="http://schemas.microsoft.com/win/2004/08/events/event">
		<System>
			<Provider Name="Service Control Manager" Guid="{555908d1-a6d7-4695-8e1e-26931d2012f4}" EventSourceName="Service Control Manager" />
			<EventID Qualifiers="49152">7023</EventID>
			<Version>0</Version>
			<Level>2</Level>
			<Task>0</Task>
			<Opcode>0</Opcode>
			<Keywords>0x8080000000000000</Keywords>
			<TimeCreated SystemTime="2020-01-16T09:18:35.691612800Z" />
			<EventRecordID>16485</EventRecordID>
			<Correlation />
			<Execution ProcessID="820" ThreadID="10828" />
			<Channel>System</Channel>
			<Computer>DESKTOP-SQG8FRI</Computer>
			<Security />
		</System>
		<EventData>
			<Data Name="param1">wuauserv</Data>
			<Data Name="param2">%%2</Data>
			<Binary>770075006100750073006500720076000000</Binary>
		</EventData>
		<RenderingInfo Culture="ru-RU">
			<Message>Служба "wuauserv" завершена из-за ошибки 
Не удается найти указанный файл.</Message>
			<Level>Ошибка</Level>
			<Task />
			<Opcode />
			<Channel />
			<Provider>Microsoft-Windows-Service Control Manager</Provider>
			<Keywords>
				<Keyword>Классический</Keyword>
			</Keywords>
		</RenderingInfo>
	</Event>
	<Event xmlns="http://schemas.microsoft.com/win/2004/08/events/event">
		<System>
			<Provider Name="Microsoft-Windows-DistributedCOM" Guid="{1B562E86-B7AA-4131-BADC-B6F3A001407E}" EventSourceName="DCOM" />
			<EventID Qualifiers="0">10010</EventID>
			<Version>0</Version>
			<Level>2</Level>
			<Task>0</Task>
			<Opcode>0</Opcode>
			<Keywords>0x8080000000000000</Keywords>
			<TimeCreated SystemTime="2020-01-16T06:35:43.933669700Z" />
			<EventRecordID>16483</EventRecordID>
			<Correlation />
			<Execution ProcessID="676" ThreadID="15652" />
			<Channel>System</Channel>
			<Computer>DESKTOP-SQG8FRI</Computer>
			<Security UserID="S-1-5-18" />
		</System>
		<EventData>
			<Data Name="param1">{E60687F7-01A1-40AA-86AC-DB1CBF673334}</Data>
		</EventData>
		<RenderingInfo Culture="ru-RU">
			<Message>Регистрация сервера {E60687F7-01A1-40AA-86AC-DB1CBF673334} DCOM не выполнена за отведенное время ожидания.</Message>
			<Level>Ошибка</Level>
			<Task />
			<Opcode>Сведения</Opcode>
			<Channel />
			<Provider>Microsoft-Windows-DistributedCOM</Provider>
			<Keywords>
				<Keyword>Классический</Keyword>
			</Keywords>
		</RenderingInfo>
	</Event>
	<Event xmlns="http://schemas.microsoft.com/win/2004/08/events/event">
		<System>
			<Provider Name="Service Control Manager" Guid="{555908d1-a6d7-4695-8e1e-26931d2012f4}" EventSourceName="Service Control Manager" />
			<EventID Qualifiers="49152">7023</EventID>
			<Version>0</Version>
			<Level>2</Level>
			<Task>0</Task>
			<Opcode>0</Opcode>
			<Keywords>0x8080000000000000</Keywords>
			<TimeCreated SystemTime="2020-01-16T06:33:43.930665000Z" />
			<EventRecordID>16482</EventRecordID>
			<Correlation />
			<Execution ProcessID="820" ThreadID="15216" />
			<Channel>System</Channel>
			<Computer>DESKTOP-SQG8FRI</Computer>
			<Security />
		</System>
		<EventData>
			<Data Name="param1">wuauserv</Data>
			<Data Name="param2">%%2</Data>
			<Binary>770075006100750073006500720076000000</Binary>
		</EventData>
		<RenderingInfo Culture="ru-RU">
			<Message>Служба "wuauserv" завершена из-за ошибки 
Не удается найти указанный файл.</Message>
			<Level>Ошибка</Level>
			<Task />
			<Opcode />
			<Channel />
			<Provider>Microsoft-Windows-Service Control Manager</Provider>
			<Keywords>
				<Keyword>Классический</Keyword>
			</Keywords>
		</RenderingInfo>
	</Event>
	