<Event xmlns="http://schemas.microsoft.com/win/2004/08/events/event">
		<System>
			<Provider Name="NETLOGON" />
			<EventID Qualifiers="0">5719</EventID>
			<Level>2</Level>
			<Task>0</Task>
			<Keywords>0x80000000000000</Keywords>
			<TimeCreated SystemTime="2020-01-15T04:45:37.037580000Z" />
			<EventRecordID>17098</EventRecordID>
			<Channel>System</Channel>
			<Computer>amur-kua.oduvs.so</Computer>
			<Security />
		</System>
		<EventData>
			<Data>ODUVS</Data>
			<Data>%%1311</Data>
			<Binary>5E0000C0</Binary>
		</EventData>
		<RenderingInfo Culture="ru-RU">
			<Message>Компьютер не может установить безопасный сеанс связи с контроллером домена ODUVS по следующей причине: 
Вы не можете войти в систему с этими учетными данными, так как ваш домен недоступен. Убедитесь, что устройство подключено к сети организации и повторите попытку. Если вы ранее входили в систему на этом устройстве с другими учетными данными, вы можете войти в систему с этими учетными данными. 
Это может затруднить проверку подлинности. Убедитесь, что компьютер подключен к сети. Если ошибка повторится, обратитесь к администратору домена.  

Дополнительные сведения 
Если данный компьютер является контроллером указанного домена, он устанавливает безопасный сеанс связи с эмулятором основного контроллера этого домена. В противном случае компьютер устанавливает безопасный сеанс связи с произвольным контроллером данного домена.</Message>
			<Level>Ошибка</Level>
			<Task />
			<Opcode>Сведения</Opcode>
			<Channel />
			<Provider />
			<Keywords>
				<Keyword>Классический</Keyword>
			</Keywords>
		</RenderingInfo>
	</Event>
	<Event xmlns="http://schemas.microsoft.com/win/2004/08/events/event">
		<System>
			<Provider Name="Service Control Manager" Guid="{555908d1-a6d7-4695-8e1e-26931d2012f4}" EventSourceName="Service Control Manager" />
			<EventID Qualifiers="49152">7043</EventID>
			<Version>0</Version>
			<Level>2</Level>
			<Task>0</Task>
			<Opcode>0</Opcode>
			<Keywords>0x8080000000000000</Keywords>
			<TimeCreated SystemTime="2020-01-15T04:43:10.554454500Z" />
			<EventRecordID>17043</EventRecordID>
			<Correlation ActivityID="{fc573fb7-c9cd-0002-9d23-59fccdc9d501}" />
			<Execution ProcessID="596" ThreadID="15256" />
			<Channel>System</Channel>
			<Computer>amur-kua.oduvs.so</Computer>
			<Security />
		</System>
		<EventData>
			<Data Name="param1">CK-11 Supervisor</Data>
			<Binary>43004B0031003100530075007000650072007600690073006F0072005300760063000000</Binary>
		</EventData>
		<RenderingInfo Culture="ru-RU">
			<Message>Служба "CK-11 Supervisor" не завершила работу должным образом после получения управления для выполнения предзавершающих операций.</Message>
			<Level>Ошибка</Level>
			<Task />
			<Opcode />
			<Channel />
			<Provider>Microsoft-Windows-Service Control Manager</Provider>
			<Keywords>
				<Keyword>Классический</Keyword>
			</Keywords>
		</RenderingInfo>
	</Event>
	<Event xmlns="http://schemas.microsoft.com/win/2004/08/events/event">
		<System>
			<Provider Name="Service Control Manager" Guid="{555908d1-a6d7-4695-8e1e-26931d2012f4}" EventSourceName="Service Control Manager" />
			<EventID Qualifiers="49152">7043</EventID>
			<Version>0</Version>
			<Level>2</Level>
			<Task>0</Task>
			<Opcode>0</Opcode>
			<Keywords>0x8080000000000000</Keywords>
			<TimeCreated SystemTime="2020-01-15T04:42:54.614597500Z" />
			<EventRecordID>17040</EventRecordID>
			<Correlation ActivityID="{fc573fb7-c9cd-0002-9d23-59fccdc9d501}" />
			<Execution ProcessID="596" ThreadID="15256" />
			<Channel>System</Channel>
			<Computer>amur-kua.oduvs.so</Computer>
			<Security />
		</System>
		<EventData>
			<Data Name="param1">Update Orchestrator Service</Data>
			<Binary>550073006F005300760063000000</Binary>
		</EventData>
		<RenderingInfo Culture="ru-RU">
			<Message>Служба "Update Orchestrator Service" не завершила работу должным образом после получения управления для выполнения предзавершающих операций.</Message>
			<Level>Ошибка</Level>
			<Task />
			<Opcode />
			<Channel />
			<Provider>Microsoft-Windows-Service Control Manager</Provider>
			<Keywords>
				<Keyword>Классический</Keyword>
			</Keywords>
		</RenderingInfo>
	</Event>
	<Event xmlns="http://schemas.microsoft.com/win/2004/08/events/event">
		<System>
			<Provider Name="MSOIDSVC.EXE" />
			<EventID Qualifiers="0">0</EventID>
			<Level>2</Level>
			<Task>0</Task>
			<Keywords>0x80000000000000</Keywords>
			<TimeCreated SystemTime="2020-01-15T03:57:19.635297500Z" />
			<EventRecordID>12405</EventRecordID>
			<Channel>Application</Channel>
			<Computer>amur-kua.oduvs.so</Computer>
			<Security />
		</System>
		<EventData>
			<Data>InitializeSvcAPI failed with hr = 0x8004825b</Data>
			<Binary>3C0031003600390032002C00310034003000370032002C00310032003A00350037003A00310037003A003900380038003E003A002000200050005000430052004C00200049006E0069007400690061006C0069007A00650064002000610074002000300031002F00310035002F00320030002000310032003A00350037003A003100370040007300760063006100700069002E006300700070005F003200380032000D000A003C0031003600390032002C00310034003000370032002C00310032003A00350037003A00310037003A003900390030003E003A002000200020002B004300500061007300730070006F007200740043006C00690065006E0074004C006900620072006100720079003A003A0049006E0069007400690061006C0069007A006500280047005500490044003D007B00440030004600350035004100350045002D0037003200350031002D0034003800330042002D0039003300360042002D003500380031004200440036004200340030003400420043007D002C00200050005000430052004C00560065007200730069006F006E003D0031002C0020006400770066006C006100670073003D0030007800310029004000700061007300730070006F007200740063006C00690065006E0074006C006900620072006100720079002E006300700070005F003200330030000D000A003C0031003600390032002C00310034003000370032002C00310032003A00350037003A00310037003A003900390030003E003A0020002000200049006E0069007400690061006C0069007A0069006E0067002000650078007400650072006E0061006C0020006D0065006D006F007200790020006D0061006E0061006700650072002E002E002E004000700061007300730070006F007200740063006C00690065006E0074006C006900620072006100720079002E006300700070005F003200390033000D000A003C0031003600390032002C00310034003000370032002C00310032003A00350037003A00310037003A003900390030003E003A0020002000200049006E0069007400690061006C0069007A0069006E0067002000630072007900700074006F0067007200610070006800690063002000700072006F00760069006400650072002E002E002E004000700061007300730070006F007200740063006C00690065006E0074006C006900620072006100720079002E006300700070005F003200390039000D000A003C0031003600390032002C00310034003000370032002C00310032003A00350037003A00310037003A003900390030003E003A0020002000200049006E0069007400690061006C0069007A0069006E0067002000720061006E0064006F006D0020006B00650079002E004000700061007300730070006F007200740063006C00690065006E0074006C006900620072006100720079002E006300700070005F003600310037000D000A003C0031003600390032002C00310034003000370032002C00310032003A00350037003A00310037003A003900390031003E003A0020002000200049006E0069007400690061006C0069007A0069006E006700200063006C00690065006E0074002D0073006900640065002000630072007900700074006F002E002E002E004000700061007300730070006F007200740063006C00690065006E0074006C006900620072006100720079002E006300700070005F003300300039000D000A003C0031003600390032002C00310034003000370032002C00310032003A00350037003A00310037003A003900390031003E003A0020002000200020002B0043004F0062006600750073006300610074006F0072003A003A0046006F0072006300650049006E0069007400690061006C0069007A0065002800290040006F0062006600750073006300610074006F0072002E006300700070005F003400300031000D000A003C0031003600390032002C00310034003000370032002C00310032003A00350037003A00310037003A003900390031003E003A00200020002000200020002B0043004F0062006600750073006300610074006F0072003A003A0049006E0069007400690061006C0069007A0065002800290040006F0062006600750073006300610074006F0072002E006300700070005F003200360037000D000A003C0031003600390032002C00310034003000370032002C00310032003A00350037003A00310037003A003900390031003E003A002000200020002000200020002B0043004F0062006600750073006300610074006F0072003A003A0055006E00700072006F00740065006300740044006100740061002800290040006F0062006600750073006300610074006F0072002E006300700070005F00390033000D000A003C0031003600390032002C00310034003000370032002C00310032003A00350037003A00310037003A003900390031003E003A002000200020002000200020002D0043004F0062006600750073006300610074006F0072003A003A0055006E00700072006F00740065006300740044006100740061003D003000780030000D000A003C0031003600390032002C00310034003000370032002C00310032003A00350037003A00310037003A003900390031003E003A00200020002000200020002D0043004F0062006600750073006300610074006F0072003A003A0049006E0069007400690061006C0069007A0065003D003000780030000D000A003C0031003600390032002C00310034003000370032002C00310032003A00350037003A00310037003A003900390031003E003A0020002000200020002D0043004F0062006600750073006300610074006F0072003A003A0046006F0072006300650049006E0069007400690061006C0069007A0065003D003000780030000D000A003C0031003600390032002C00310034003000370032002C00310032003A00350037003A00310037003A003900390031003E003A0020002000200049006E0069007400690061006C0069007A0069006E006700200063006F006E00660069006700750072006100740069006F006E0020006D0061006E0061006700650072002E002E002E004000700061007300730070006F007200740063006C00690065006E0074006C006900620072006100720079002E006300700070005F003300310035000D000A003C0031003600390032002C00310034003000370032002C00310032003A00350037003A00310037003A003900390031003E003A0020002000200020002B004300530065007300730069006F006E00410070007000530065007400740069006E00670073004D00610070002E00530065007400410070007000530065007400740069006E006700730028002900400061007000700063006F006E006600690067002E006300700070005F00320036000D000A003C0031003600390032002C00310034003000370032002C00310032003A00350037003A00310037003A003900390031003E003A00200020002000200020002B00430041007000700043006F006E00660069006700530065007400740069006E00670073002E005300650074004F007000740069006F006E00730028002900400041007000700043006F006E006600690067002E0068005F00350033000D000A003C0031003600390032002C00310034003000370032002C00310032003A00350037003A00310037003A003900390032003E003A002000200020002000200020002B0043004F004E0046004900470044004100540041003A003A005300650074004F007000740069006F006E00730028002900400063006C00690065006E00740063006F006E006600690067002E006300700070005F003100340038000D000A003C0031003600390032002C00310034003000370032002C00310032003A00350037003A00310037003A003900390033003E003A0020002000200020002000200053006B0069007000700069006E006700200075006E006B006E006F0077006E00200049004400430052004C0020006F007000740069006F006E00200028003600340029002E002000680072003D0030003000400063006C00690065006E00740063006F006E006600690067002E006300700070005F003200390033000D000A003C0031003600390032002C00310034003000370032002C00310032003A00350037003A00310037003A003900390033003E003A002000200020002000200020002D0043004F004E0046004900470044004100540041003A003A005300650074004F007000740069006F006E0073003D003000780030000D000A003C0031003600390032002C00310034003000370032002C00310032003A00350037003A00310037003A003900390033003E003A00200020002000200020002D00430041007000700043006F006E00660069006700530065007400740069006E00670073002E005300650074004F007000740069006F006E0073003D003000780030000D000A003C0031003600390032002C00310034003000370032002C00310032003A00350037003A00310037003A003900390033003E003A00200020002000200020002B004300530065007300730069006F006E00410070007000530065007400740069006E00670073004D00610070002E0047006500740052005000430043006C00690065006E0074004100700070004B006500790028002900400061007000700063006F006E006600690067002E006300700070005F003100370035000D000A003C0031003600390032002C00310034003000370032002C00310032003A00350037003A00310037003A003900390033003E003A00200020002000200020002D004300530065007300730069006F006E00410070007000530065007400740069006E00670073004D00610070002E0047006500740052005000430043006C00690065006E0074004100700070004B00650079003D003000780030000D000A003C0031003600390032002C00310034003000370032002C00310032003A00350037003A00310037003A003900390033003E003A0020002000200020002D004300530065007300730069006F006E00410070007000530065007400740069006E00670073004D00610070002E00530065007400410070007000530065007400740069006E00670073003D003000780030000D000A003C0031003600390032002C00310034003000370032002C00310032003A00350037003A00310037003A003900390033003E003A0020002000200020002B00430043006C00690065006E00740043006F006E006600690067004400610074006100430061006300680065004D0061006E0061006700650072003A003A0049006E0069007400690061006C0069007A00650028006400770046006C006100670073003D003000780031002900400063006C00690065006E00740063006F006E006600690067002E006300700070005F003900390031000D000A003C0031003600390032002C00310034003000370032002C00310032003A00350037003A00310037003A003900390034003E003A00200020002000200020002B00470065007400460069006C006500560065007200730069006F006E002800290040007500740069006C002E006300700070005F0032003400350035000D000A003C0031003600390032002C00310034003000370032002C00310032003A00350037003A00310037003A003900390034003E003A00200020002000200020002D00470065007400460069006C006500560065007200730069006F006E003D003000780030000D000A003C0031003600390032002C00310034003000370032002C00310032003A00350037003A00310037003A003900390035003E003A00200020002000200020002B00430043006C00690065006E00740043006F006E006600690067004400610074006100430061006300680065004D0061006E0061006700650072003A003A005300650074004F007000740069006F006E00730028002900400063006C00690065006E00740063006F006E006600690067002E006300700070005F0032003600380033000D000A003C0031003600390032002C00310034003000370032002C00310032003A00350037003A00310037003A003900390035003E003A002000200020002000200020002B0043004F004E0046004900470044004100540041003A003A005300650074004F007000740069006F006E00730028002900400063006C00690065006E00740063006F006E006600690067002E006300700070005F003100340038000D000A003C0031003600390032002C00310034003000370032002C00310032003A00350037003A00310037003A003900390035003E003A0020002000200020002000200053006B0069007000700069006E006700200075006E006B006E006F0077006E00200049004400430052004C0020006F007000740069006F006E00200028003600340029002E002000680072003D0030003000400063006C00690065006E00740063006F006E006600690067002E006300700070005F003200390033000D000A003C0031003600390032002C00310034003000370032002C00310032003A00350037003A00310037003A003900390035003E003A002000200020002000200020002D0043004F004E0046004900470044004100540041003A003A005300650074004F007000740069006F006E0073003D003000780030000D000A003C0031003600390032002C00310034003000370032002C00310032003A00350037003A00310037003A003900390035003E003A00200020002000200020004F007000740069006F006E00200049004400430052004C005F004F005000540049004F004E005F0045004E005600490052004F004E004D0045004E005400200077006900740068002000760061006C007500650020002700700072006F00640075006300740069006F006E0027002E002000400063006C00690065006E00740063006F006E006600690067002E006300700070005F0032003700330037000D000A003C0031003600390032002C00310034003000370032002C00310032003A00350037003A00310037003A003900390035003E003A00200020002000200020002D00430043006C00690065006E00740043006F006E006600690067004400610074006100430061006300680065004D0061006E0061006700650072003A003A005300650074004F007000740069006F006E0073003D003000780030000D000A003C0031003600390032002C00310034003000370032002C00310032003A00350037003A00310037003A003900390035003E003A00200020002000200045006E007600690072006F006E006D0065006E0074003A0020002700700072006F00640075006300740069006F006E0027002E002000400063006C00690065006E00740063006F006E006600690067002E006300700070005F0031003000380034000D000A003C0031003600390032002C00310034003000370032002C00310032003A00350037003A00310037003A003900390035003E003A00200020002000200020002B00430043006C00690065006E00740043006F006E006600690067004400610074006100430061006300680065004D0061006E0061006700650072003A003A0043006800650063006B0049006400630072006C00440069007200730028006E0046006F006C006400650072003D00320038002C00200066004300720065006100740065003D0030002900400063006C00690065006E00740063006F006E006600690067002E006300700070005F0031003400340032000D000A003C0031003600390032002C00310034003000370032002C00310032003A00350037003A00310037003A003900390035003E003A00200020002000200020002D00430043006C00690065006E00740043006F006E006600690067004400610074006100430061006300680065004D0061006E0061006700650072003A003A0043006800650063006B0049006400630072006C0044006900720073003D003000780030000D000A003C0031003600390032002C00310034003000370032002C00310032003A00350037003A00310037003A003900390035003E003A00200020002000200020002B00430043006C00690065006E00740043006F006E006600690067004400610074006100430061006300680065004D0061006E0061006700650072003A003A0043006800650063006B0049006400630072006C00440069007200730028006E0046006F006C006400650072003D00320036002C00200066004300720065006100740065003D0030002900400063006C00690065006E00740063006F006E006600690067002E006300700070005F0031003400340032000D000A003C0031003600390032002C00310034003000370032002C00310032003A00350037003A00310037003A003900390036003E003A00200020002000200020002D00430043006C00690065006E00740043006F006E006600690067004400610074006100430061006300680065004D0061006E0061006700650072003A003A0043006800650063006B0049006400630072006C0044006900720073003D003000780030000D000A003C0031003600390032002C00310034003000370032002C00310032003A00350037003A00310037003A003900390036003E003A00200020002000200020002B00430043006C00690065006E00740043006F006E006600690067004400610074006100430061006300680065004D0061006E0061006700650072003A003A0043006800650063006B0049006400630072006C00440069007200730028006E0046006F006C006400650072003D00320038002C00200066004300720065006100740065003D0031002900400063006C00690065006E00740063006F006E006600690067002E006300700070005F0031003400340032000D000A003C0031003600390032002C00310034003000370032002C00310032003A00350037003A00310037003A003900390036003E003A00200020002000200020002D00430043006C00690065006E00740043006F006E006600690067004400610074006100430061006300680065004D0061006E0061006700650072003A003A0043006800650063006B0049006400630072006C0044006900720073003D003000780030000D000A003C0031003600390032002C00310034003000370032002C00310032003A00350037003A00310037003A003900390036003E003A00200020002000200020002B00430043006C00690065006E00740043006F006E006600690067004400610074006100430061006300680065004D0061006E0061006700650072003A003A0043006800650063006B0049006400630072006C00440069007200730028006E0046006F006C006400650072003D00320038002C00200066004300720065006100740065003D0031002900400063006C00690065006E00740063006F006E006600690067002E006300700070005F0031003400340032000D000A003C0031003600390032002C00310034003000370032002C00310032003A00350037003A00310037003A003900390036003E003A00200020002000200020002D00430043006C00690065006E00740043006F006E006600690067004400610074006100430061006300680065004D0061006E0061006700650072003A003A0043006800650063006B0049006400630072006C0044006900720073003D003000780030000D000A003C0031003600390032002C00310034003000370032002C00310032003A00350037003A00310037003A003900390036003E003A00200020002000200020002B00430043006C00690065006E00740043006F006E006600690067004400610074006100430061006300680065004D0061006E0061006700650072003A003A004C006F006100640043006F006E00660069006700750072006100740069006F006E0028002900400063006C00690065006E00740063006F006E006600690067002E006300700070005F0031003300330038000D000A003C0031003600390032002C00310034003000370032002C00310032003A00350037003A00310037003A003900390036003E003A0020002000200020002000520065006100640052006500670043006F006E00660069006700550052004C0020006600610069006C0065006400200077006900740068002000680072003D00380030003000370030003000300032002E00200049004400430052004C002000770069006C006C0020007500730065002000700072006F00640075006300740069006F006E002000550052004C002000610073002000640065006600610075006C0074002E00400063006C00690065006E00740063006F006E006600690067002E006300700070005F0031003300350037000D000A003C0031003600390032002C00310034003000370032002C00310032003A00350037003A00310037003A003900390036003E003A002000200020002000200020002B00430043006C00690065006E00740043006F006E006600690067004400610074006100430061006300680065004D0061006E0061006700650072003A003A004C006F00630061007400650049006400630072006C00460069006C006500730028002900400063006C00690065006E00740063006F006E006600690067002E006300700070005F0032003200340033000D000A003C0031003600390032002C00310034003000370032002C00310032003A00350037003A00310037003A003900390036003E003A0020002000200020002000200020002B00430043006C00690065006E00740043006F006E006600690067004400610074006100430061006300680065004D0061006E0061006700650072003A003A004C006F00630061007400650049006400630072006C00460069006C00650028002900400063006C00690065006E00740063006F006E006600690067002E006300700070005F0032003100380034000D000A003C0031003600390032002C00310034003000370032002C00310032003A00350037003A00310037003A003900390036003E003A0020002000200020002000200020002D00430043006C00690065006E00740043006F006E006600690067004400610074006100430061006300680065004D0061006E0061006700650072003A003A004C006F00630061007400650049006400630072006C00460069006C0065003D003000780031000D000A003C0031003600390032002C00310034003000370032002C00310032003A00350037003A00310037003A003900390036003E003A002000200020002000200020002D00430043006C00690065006E00740043006F006E006600690067004400610074006100430061006300680065004D0061006E0061006700650072003A003A004C006F00630061007400650049006400630072006C00460069006C00650073003D003000780031000D000A003C0031003600390032002C00310034003000370032002C00310032003A00350037003A00310037003A003900390036003E003A00200020002000200020002D00430043006C00690065006E00740043006F006E006600690067004400610074006100430061006300680065004D0061006E0061006700650072003A003A004C006F006100640043006F006E00660069006700750072006100740069006F006E003D0030007800380030003000340038003800370032000D000A003C0031003600390032002C00310034003000370032002C00310032003A00350037003A00310037003A003900390036003E003A00200020002000200020002B00430043006C00690065006E00740043006F006E006600690067004400610074006100430061006300680065004D0061006E0061006700650072003A003A00550070006400610074006500460072006F006D00500061007300730070006F0072007400530065007200760065007200730028004C006F0063006100740065003D0031003000340039002C002000620046006F007200630065005500700064006100740065003D0030002C002000620049006E0069007400690061006C0044006F0077006E006C006F00610064003D0031002900400063006C00690065006E00740063006F006E006600690067002E006300700070005F0032003300390035000D000A003C0031003600390032002C00310034003000370032002C00310032003A00350037003A00310037003A003900390036003E003A002000200020002000200020002B00430043006C00690065006E00740043006F006E006600690067004400610074006100430061006300680065004D0061006E0061006700650072003A003A0044006F0077006E006C006F0061006400440061007400610028002900400063006C00690065006E00740063006F006E006600690067002E006300700070005F0032003500350030000D000A003C0031003600390032002C00310034003000370032002C00310032003A00350037003A00310037003A003900390037003E003A0020002000200020002000200020002B00430043006C00690065006E00740043006F006E006600690067004400610074006100430061006300680065004D0061006E0061006700650072003A003A0043006800650063006B0043006F006E006E0065006300740069006F006E0028002900400063006C00690065006E00740063006F006E006600690067002E006300700070005F0032003400390038000D000A003C0031003600390032002C00310034003000370032002C00310032003A00350037003A00310038003A00310036003E003A0020002000200020002000200020002D00430043006C00690065006E00740043006F006E006600690067004400610074006100430061006300680065004D0061006E0061006700650072003A003A0043006800650063006B0043006F006E006E0065006300740069006F006E003D003000780030000D000A003C0031003600390032002C00310034003000370032002C00310032003A00350037003A00310038003A00340037003E003A0020002000200020002000200020002B004F00700065006E00280073007400720055007300650072004100670065006E0074003A0020004D006F007A0069006C006C0061002F0034002E0030002000280063006F006D00700061007400690062006C0065003B0020004D00530049004500200036002E0030003B002000570069006E0064006F007700730020004E005400200036002E0032003B002000570069006E00360034003B0020002E004E004500540034002E00300043003B0020002E004E004500540034002E00300045003B0020005400610062006C0065007400200050004300200032002E0030003B0020002E004E0045005400200043004C005200200032002E0030002E00350030003700320037003B0020002E004E0045005400200043004C005200200033002E0030002E00330030003700320039003B0020002E004E0045005400200043004C005200200033002E0035002E00330030003700320039003B0020004D0053004F0049004400430052004C00200037002E003200350030002E0034003500350036002E0030003B0020004100700070002000530065006100720063006800500072006F0074006F0063006F006C0048006F00730074002E006500780065002C00200037002E0030002E00310037003700360033002E003800330031002C0020007B00440030004600350035004100350045002D0037003200350031002D0034003800330042002D0039003300360042002D003500380031004200440036004200340030003400420043007D0029002C00200064007700410063006300650073007300540079007000650020003000780030002900400063006C00690065006E00740063006F006E006600690067002E006300700070005F0034003200330030000D000A003C0031003600390032002C00310034003000370032002C00310032003A00350037003A00310038003A00370036003E003A0020002000200020002000200020002D004F00700065006E003D003000780030000D000A003C0031003600390032002C00310034003000370032002C00310032003A00350037003A00310038003A003100310032003E003A0020002000200020002000200020002B005200650071007500650073007400550072006C002800730074007200550072006C003A00200068007400740070003A002F002F0063006C00690065006E00740063006F006E006600690067002E006D006900630072006F0073006F00660074006F006E006C0069006E0065002D0070002E006E00650074002F00660070006C006900730074002E0078006D006C002900400063006C00690065006E00740063006F006E006600690067002E006300700070005F0034003300300030000D000A003C0031003600390032002C00310034003000370032002C00310032003A00350037003A00310038003A003100340031003E003A00200020002000200020002000200020002B005200650071007500650073007400550072006C002800730074007200550072006C003A00200068007400740070003A002F002F0063006C00690065006E00740063006F006E006600690067002E006D006900630072006F0073006F00660074006F006E006C0069006E0065002D0070002E006E00650074002F00660070006C006900730074002E0078006D006C002900400063006C00690065006E00740063006F006E006600690067002E006300700070005F0034003300330033000D000A003C0031003600390032002C00310034003000370032002C00310032003A00350037003A00310038003A003100350032003E003A002000200020002000200020002000200020002B004300500072006F007800790043006F006E006600690067003A003A00470065007400500072006F0078007900480061006E0064006C0065007200280029004000700072006F007800790063006F006E006600690067002E006300700070005F00330030000D000A003C0031003600390032002C00310034003000370032002C00310032003A00350037003A00310038003A003100360035003E003A0020002000200020002000200020002000200020002B004300500072006F007800790043006F006E006600690067003A003A0044006900730063006F00760065007200500072006F00780079005300650072007600650072007300280029004000700072006F007800790063006F006E006600690067002E006300700070005F003300370035000D000A003C0031003600390032002C00310034003000370032002C00310032003A00350037003A00310038003A003100380033003E003A00200020002000200020002000200020002000200020002B004300500072006F007800790043006F006E006600690067003A003A00470065007400500072006F007800790056006900610043006F006E00660069006700550072006C00280029004000700072006F007800790063006F006E006600690067002E006300700070005F003200360036000D000A003C0031003600390032002C00310034003000370032002C00310032003A00350037003A00310038003A003100390031003E003A002000200020002000200020002000200020002000200020002B004300500072006F007800790043006F006E006600690067003A003A00470065007400500072006F007800790046006F007200550072006C00280029004000700072006F007800790063006F006E006600690067002E006300700070005F003100370034000D000A003C0031003600390032002C00310034003000370032002C00310032003A00350037003A00310038003A003200360034003E003A002000200020002000200020002000200020002000200020002D004300500072006F007800790043006F006E006600690067003A003A00470065007400500072006F007800790046006F007200550072006C003D003000780030000D000A003C0031003600390032002C00310034003000370032002C00310032003A00350037003A00310038003A003200370038003E003A00200020002000200020002000200020002000200020002D004300500072006F007800790043006F006E006600690067003A003A00470065007400500072006F007800790056006900610043006F006E00660069006700550072006C003D003000780030000D000A003C0031003600390032002C00310034003000370032002C00310032003A00350037003A00310038003A003200390039003E003A0020002000200020002000200020002000200020002D004300500072006F007800790043006F006E006600690067003A003A0044006900730063006F00760065007200500072006F007800790053006500720076006500720073003D003000780030000D000A003C0031003600390032002C00310034003000370032002C00310032003A00350037003A00310038003A003300350030003E003A0020002000200020002000200020002000200020002B004300500072006F0078007900480061006E0064006C00650072003A003A0049006E0069007400280029004000700072006F007800790063006F006E006600690067002E006300700070005F003500300035000D000A003C0031003600390032002C00310034003000370032002C00310032003A00350037003A00310038003A003300350030003E003A00200020002000200020002000200020002000200020002B004300500072006F00780079004E006500670061007400690076006500430061006300680065003A003A004C006F006F006B0075007000280029004000700072006F007800790063006F006E006600690067002E006300700070005F003700340034000D000A003C0031003600390032002C00310034003000370032002C00310032003A00350037003A00310038003A003300350030003E003A00200020002000200020002000200020002000200020002D004300500072006F00780079004E006500670061007400690076006500430061006300680065003A003A004C006F006F006B0075007000280029000D000A003C0031003600390032002C00310034003000370032002C00310032003A00350037003A00310038003A003300350030003E003A0020002000200020002000200020002000200020002D004300500072006F0078007900480061006E0064006C00650072003A003A0049006E00690074003D003000780030000D000A003C0031003600390032002C00310034003000370032002C00310032003A00350037003A00310038003A003300350031003E003A002000200020002000200020002000200020002D004300500072006F007800790043006F006E006600690067003A003A00470065007400500072006F0078007900480061006E0064006C00650072003D003000780030000D000A003C0031003600390032002C00310034003000370032002C00310032003A00350037003A00310038003A003300350031003E003A002000200020002000200020002000200020002B004300500072006F0078007900480061006E0064006C00650072003A003A00530065006E00640052006500710075006500730074005700690074006800500072006F00780079004600610069006C004F00760065007200280029004000700072006F007800790063006F006E006600690067002E006300700070005F003600370035000D000A003C0031003600390032002C00310034003000370032002C00310032003A00350037003A00310038003A003400320034003E003A0020002000200020002000200020002000200020002B004300500072006F0078007900480061006E0064006C00650072003A003A005300650074004E00650078007400500072006F0078007900530065007400740069006E0067007300280029004000700072006F007800790063006F006E006600690067002E006300700070005F003500390038000D000A003C0031003600390032002C00310034003000370032002C00310032003A00350037003A00310038003A003500320030003E003A0020002000200020002000200020002000200020002D004300500072006F0078007900480061006E0064006C00650072003A003A005300650074004E00650078007400500072006F0078007900530065007400740069006E00670073003D003000780030000D000A003C0031003600390032002C00310034003000370032002C00310032003A00350037003A00310038003A003500370033003E003A002000200020002000200020002000200020002D004300500072006F0078007900480061006E0064006C00650072003A003A00530065006E00640052006500710075006500730074005700690074006800500072006F00780079004600610069006C004F007600650072003D003000780030000D000A003C0031003600390032002C00310034003000370032002C00310032003A00350037003A00310038003A003500390038003E003A002000200020002000200020002000200048007400740070005100750065007200790049006E0066006F002000720065007400750072006E006500640020007300740061007400750073003A0020003400300037002E00400063006C00690065006E00740063006F006E006600690067002E006300700070005F0034003400390034000D000A003C0031003600390032002C00310034003000370032002C00310032003A00350037003A00310038003A003600310031003E003A00200020002000200020002000200020002D005200650071007500650073007400550072006C003D0030007800380030003000340038003200350042000D000A003C0031003600390032002C00310034003000370032002C00310032003A00350037003A00310038003A003600330036003E003A0020002000200020002000200020002D005200650071007500650073007400550072006C003D0030007800380030003000340038003200350042000D000A003C0031003600390032002C00310034003000370032002C00310032003A00350037003A00310038003A003600340039003E003A0020002000200020002000200055006E00610062006C006500200074006F0020006F00700065006E00200072006500710075006500730074002000550052004C00200030007800380030003000340038003200350062002E00400063006C00690065006E00740063006F006E006600690067002E006300700070005F0032003600330031000D000A003C0031003600390032002C00310034003000370032002C00310032003A00350037003A00310038003A003600360033003E003A002000200020002000200020002D00430043006C00690065006E00740043006F006E006600690067004400610074006100430061006300680065004D0061006E0061006700650072003A003A0044006F0077006E006C006F006100640044006100740061003D0030007800380030003000340038003200350042000D000A003C0031003600390032002C00310034003000370032002C00310032003A00350037003A00310038003A003600370036003E003A002000200020002000200044006F0077006E006C006F0061006400440061007400610020006600610069006C006500640020007700690074006800200030007800380030003000340038003200350062002E00400063006C00690065006E00740063006F006E006600690067002E006300700070005F0032003400310035000D000A003C0031003600390032002C00310034003000370032002C00310032003A00350037003A00310038003A003700310034003E003A00200020002000200020002D00430043006C00690065006E00740043006F006E006600690067004400610074006100430061006300680065004D0061006E0061006700650072003A003A00550070006400610074006500460072006F006D00500061007300730070006F007200740053006500720076006500720073003D0030007800380030003000340038003200350042000D000A003C0031003600390032002C00310034003000370032002C00310032003A00350037003A00310038003A003700320037003E003A00200020002000200055006E00610062006C006500200074006F00200064006F0077006E006C006F00610064002000660069006C00650073002E00400063006C00690065006E00740063006F006E006600690067002E006300700070005F0031003100380038000D000A003C0031003600390032002C00310034003000370032002C00310032003A00350037003A00310038003A003700360034003E003A0020002000200020002D00430043006C00690065006E00740043006F006E006600690067004400610074006100430061006300680065004D0061006E0061006700650072003A003A0049006E0069007400690061006C0069007A0065003D0030007800380030003000340038003200350042000D000A003C0031003600390032002C00310034003000370032002C00310032003A00350037003A00310038003A003700380039003E003A002000200020004600610069006C0075007200650020002D00200075006E0072006F006C006C0069006E006700200069006E0069007400690061006C0069007A006100740069006F006E002E00200030007800380030003000340038003200350062004000700061007300730070006F007200740063006C00690065006E0074006C006900620072006100720079002E006300700070005F003300370031000D000A003C0031003600390032002C00310034003000370032002C00310032003A00350037003A00310038003A003800310034003E003A0020002000200020002B004300500061007300730070006F007200740043006C00690065006E0074004C006900620072006100720079003A003A0055006E0069006E0069007400690061006C0069007A006500280029004000700061007300730070006F007200740063006C00690065006E0074006C006900620072006100720079002E006300700070005F003300390032000D000A003C0031003600390032002C00310034003000370032002C00310032003A00350037003A00310038003A003800350031003E003A00200020002000200055006E0069006E0069007400690061006C0069007A0069006E00670020006900640065006E0074006900740079002000730074006F00720065002E002E002E004000700061007300730070006F007200740063006C00690065006E0074006C006900620072006100720079002E006300700070005F003400300035000D000A003C0031003600390032002C00310034003000370032002C00310032003A00350037003A00310039003A00340033003E003A00200020002000200020002B0043004900640065006E007400690074007900530074006F00720065003A003A00520065006C00650061007300650041006C006C0054006F006B0065006E0042006100670073002800290040006900640065006E007400690074007900730074006F00720065002E006300700070005F003300390039000D000A003C0031003600390032002C00310034003000370032002C00310032003A00350037003A00310039003A00350035003E003A00200020002000200020002D0043004900640065006E007400690074007900530074006F00720065003A003A00520065006C00650061007300650041006C006C0054006F006B0065006E0042006100670073003D003000780030000D000A003C0031003600390032002C00310034003000370032002C00310032003A00350037003A00310039003A00380030003E003A00200020002000200055006E0069006E0069007400690061006C0069007A0069006E006700200063006F006E00660069006700750072006100740069006F006E0020006D0061006E0061006700650072002E002E002E004000700061007300730070006F007200740063006C00690065006E0074006C006900620072006100720079002E006300700070005F003400310031000D000A003C0031003600390032002C00310034003000370032002C00310032003A00350037003A00310039003A003100340034003E003A00200020002000200020002B00430043006C00690065006E00740043006F006E006600690067004400610074006100430061006300680065004D0061006E0061006700650072003A003A0055006E0069006E0069007400690061006C0069007A00650028002900400063006C00690065006E00740063006F006E006600690067002E006300700070005F003800320036000D000A003C0031003600390032002C00310034003000370032002C00310032003A00350037003A00310039003A003100390033003E003A002000200020002000200020002B00480054005400500052006500710075006500730074003A003A00430061006E00630065006C00500065006E00640069006E006700520065007100750065007300740028002900400063006C00690065006E00740063006F006E006600690067002E006300700070005F0034003600300038000D000A003C0031003600390032002C00310034003000370032002C00310032003A00350037003A00310039003A003200310038003E003A002000200020002000200020002D00480054005400500052006500710075006500730074003A003A00430061006E00630065006C00500065006E00640069006E00670052006500710075006500730074003D003000780030000D000A003C0031003600390032002C00310034003000370032002C00310032003A00350037003A00310039003A003200330030003E003A00200020002000200020002D00430043006C00690065006E00740043006F006E006600690067004400610074006100430061006300680065004D0061006E0061006700650072003A003A0055006E0069006E0069007400690061006C0069007A0065003D003000780030000D000A003C0031003600390032002C00310034003000370032002C00310032003A00350037003A00310039003A003200330031003E003A00200020002000200055006E0069006E0069007400690061006C0069007A0069006E006700200063006C00690065006E0074002D0073006900640065002000630072007900700074006F002E002E002E004000700061007300730070006F007200740063006C00690065006E0074006C006900620072006100720079002E006300700070005F003400320031000D000A003C0031003600390032002C00310034003000370032002C00310032003A00350037003A00310039003A003200380030003E003A00200020002000200055006E0069006E0069007400690061006C0069007A0069006E0067002000720061006E0064006F006D0020006B00650079002E002E002E004000700061007300730070006F007200740063006C00690065006E0074006C006900620072006100720079002E006300700070005F003400320039000D000A003C0031003600390032002C00310034003000370032002C00310032003A00350037003A00310039003A003500350037003E003A00200020002000200055006E0069006E0069007400690061006C0069007A0069006E0067002000630072007900700074006F0067007200610070006800690063002000700072006F00760069006400650072002E002E002E004000700061007300730070006F007200740063006C00690065006E0074006C006900620072006100720079002E006300700070005F003400330038000D000A003C0031003600390032002C00310034003000370032002C00310032003A00350037003A00310039003A003600300038003E003A00200020002000200055006E0069006E0069007400690061006C0069007A0069006E0067002000650078007400650072006E0061006C0020006D0065006D006F007200790020006D0061006E0061006700650072002E002E002E004000700061007300730070006F007200740063006C00690065006E0074006C006900620072006100720079002E006300700070005F003400340035000D000A003C0031003600390032002C00310034003000370032002C00310032003A00350037003A00310039003A003600320031003E003A0020002000200020002D004300500061007300730070006F007200740043006C00690065006E0074004C006900620072006100720079003A003A0055006E0069006E0069007400690061006C0069007A0065003D003000780030000D000A003C0031003600390032002C00310034003000370032002C00310032003A00350037003A00310039003A003600330034003E003A002000200020002D004300500061007300730070006F007200740043006C00690065006E0074004C006900620072006100720079003A003A0049006E0069007400690061006C0069007A0065003D0030007800380030003000340038003200350042000D000A00</Binary>
		</EventData>
	</Event>
	<Event xmlns="http://schemas.microsoft.com/win/2004/08/events/event">
		<System>
			<Provider Name="NETLOGON" />
			<EventID Qualifiers="0">5719</EventID>
			<Level>2</Level>
			<Task>0</Task>
			<Keywords>0x80000000000000</Keywords>
			<TimeCreated SystemTime="2020-01-15T03:54:36.014520400Z" />
			<EventRecordID>17029</EventRecordID>
			<Channel>System</Channel>
			<Computer>amur-kua.oduvs.so</Computer>
			<Security />
		</System>
		<EventData>
			<Data>ODUVS</Data>
			<Data>%%1311</Data>
			<Binary>5E0000C0</Binary>
		</EventData>
		<RenderingInfo Culture="ru-RU">
			<Message>Компьютер не может установить безопасный сеанс связи с контроллером домена ODUVS по следующей причине: 
Вы не можете войти в систему с этими учетными данными, так как ваш домен недоступен. Убедитесь, что устройство подключено к сети организации и повторите попытку. Если вы ранее входили в систему на этом устройстве с другими учетными данными, вы можете войти в систему с этими учетными данными. 
Это может затруднить проверку подлинности. Убедитесь, что компьютер подключен к сети. Если ошибка повторится, обратитесь к администратору домена.  

Дополнительные сведения 
Если данный компьютер является контроллером указанного домена, он устанавливает безопасный сеанс связи с эмулятором основного контроллера этого домена. В противном случае компьютер устанавливает безопасный сеанс связи с произвольным контроллером данного домена.</Message>
			<Level>Ошибка</Level>
			<Task />
			<Opcode>Сведения</Opcode>
			<Channel />
			<Provider />
			<Keywords>
				<Keyword>Классический</Keyword>
			</Keywords>
		</RenderingInfo>
	</Event>
	<Event xmlns="http://schemas.microsoft.com/win/2004/08/events/event">
		<System>
			<Provider Name="Microsoft-Windows-WindowsUpdateClient" Guid="{945a8954-c147-4acd-923f-40c45405a658}" />
			<EventID>20</EventID>
			<Version>1</Version>
			<Level>2</Level>
			<Task>1</Task>
			<Opcode>13</Opcode>
			<Keywords>0x8000000000000028</Keywords>
			<TimeCreated SystemTime="2020-01-14T03:07:05.072992700Z" />
			<EventRecordID>16980</EventRecordID>
			<Correlation />
			<Execution ProcessID="20032" ThreadID="21388" />
			<Channel>System</Channel>
			<Computer>amur-kua.oduvs.so</Computer>
			<Security UserID="S-1-5-18" />
		</System>
		<EventData>
			<Data Name="errorCode">0x8024200d</Data>
			<Data Name="updateTitle">Обновление функций до Windows 10 (выпуски для бизнеса), версия 1909, ru-ru x64</Data>
			<Data Name="updateGuid">{5284ed71-f775-42aa-8097-6d75a4ee3c1b}</Data>
			<Data Name="updateRevisionNumber">202</Data>
			<Data Name="serviceGuid">{3da21691-e39d-4da6-8a4b-b43877bcb1b7}</Data>
		</EventData>
		<RenderingInfo Culture="ru-RU">
			<Message>Ошибка установки: не удается установить следующее обновление из-за ошибки 0x8024200D: Обновление функций до Windows 10 (выпуски для бизнеса), версия 1909, ru-ru x64.</Message>
			<Level>Ошибка</Level>
			<Task>Агент Центра обновления Windows</Task>
			<Opcode>Установка</Opcode>
			<Channel>Система</Channel>
			<Provider>Microsoft-Windows-WindowsUpdateClient</Provider>
			<Keywords>
				<Keyword>Установка</Keyword>
				<Keyword>Отказ</Keyword>
			</Keywords>
		</RenderingInfo>
	</Event>
	<Event xmlns="http://schemas.microsoft.com/win/2004/08/events/event">
		<System>
			<Provider Name="Microsoft-Windows-WindowsUpdateClient" Guid="{945a8954-c147-4acd-923f-40c45405a658}" />
			<EventID>20</EventID>
			<Version>1</Version>
			<Level>2</Level>
			<Task>1</Task>
			<Opcode>13</Opcode>
			<Keywords>0x8000000000000028</Keywords>
			<TimeCreated SystemTime="2020-01-14T03:00:35.685345500Z" />
			<EventRecordID>16976</EventRecordID>
			<Correlation />
			<Execution ProcessID="20032" ThreadID="21388" />
			<Channel>System</Channel>
			<Computer>amur-kua.oduvs.so</Computer>
			<Security UserID="S-1-5-18" />
		</System>
		<EventData>
			<Data Name="errorCode">0x8024200d</Data>
			<Data Name="updateTitle">Обновление функций до Windows 10 (выпуски для бизнеса), версия 1903, ru-ru x64</Data>
			<Data Name="updateGuid">{dc86a871-bdfa-49cc-848d-413871774107}</Data>
			<Data Name="updateRevisionNumber">202</Data>
			<Data Name="serviceGuid">{3da21691-e39d-4da6-8a4b-b43877bcb1b7}</Data>
		</EventData>
		<RenderingInfo Culture="ru-RU">
			<Message>Ошибка установки: не удается установить следующее обновление из-за ошибки 0x8024200D: Обновление функций до Windows 10 (выпуски для бизнеса), версия 1903, ru-ru x64.</Message>
			<Level>Ошибка</Level>
			<Task>Агент Центра обновления Windows</Task>
			<Opcode>Установка</Opcode>
			<Channel>Система</Channel>
			<Provider>Microsoft-Windows-WindowsUpdateClient</Provider>
			<Keywords>
				<Keyword>Установка</Keyword>
				<Keyword>Отказ</Keyword>
			</Keywords>
		</RenderingInfo>
	</Event>
	<Event xmlns="http://schemas.microsoft.com/win/2004/08/events/event">
		<System>
			<Provider Name="Microsoft-Windows-DistributedCOM" Guid="{1B562E86-B7AA-4131-BADC-B6F3A001407E}" EventSourceName="DCOM" />
			<EventID Qualifiers="0">10016</EventID>
			<Version>0</Version>
			<Level>2</Level>
			<Task>0</Task>
			<Opcode>0</Opcode>
			<Keywords>0x8080000000000000</Keywords>
			<TimeCreated SystemTime="2020-01-13T05:04:22.350879200Z" />
			<EventRecordID>16939</EventRecordID>
			<Correlation />
			<Execution ProcessID="1124" ThreadID="9912" />
			<Channel>System</Channel>
			<Computer>amur-kua.oduvs.so</Computer>
			<Security UserID="S-1-5-21-578921006-2288858441-1423896827-22345" />
		</System>
		<EventData>
			<Data Name="param1">для конкретного приложения</Data>
			<Data Name="param2">Локально</Data>
			<Data Name="param3">Активация</Data>
			<Data Name="param4">{2593F8B9-4EAF-457C-B68A-50F6B8EA6B54}</Data>
			<Data Name="param5">{15C20B67-12E7-4BB6-92BB-7AFF07997402}</Data>
			<Data Name="param6">ODUVS</Data>
			<Data Name="param7">amur_kua</Data>
			<Data Name="param8">S-1-5-21-578921006-2288858441-1423896827-22345</Data>
			<Data Name="param9">LocalHost (с использованием LRPC)</Data>
			<Data Name="param10">Недоступно</Data>
			<Data Name="param11">Недоступно</Data>
		</EventData>
		<RenderingInfo Culture="ru-RU">
			<Message>Параметры разрешений для конкретного приложения не дают разрешения Локально Активация для приложения COM-сервера с CLSID 
{2593F8B9-4EAF-457C-B68A-50F6B8EA6B54}
 и APPID 
{15C20B67-12E7-4BB6-92BB-7AFF07997402}
 пользователю ODUVS\amur_kua с ИД безопасности (S-1-5-21-578921006-2288858441-1423896827-22345) и адресом LocalHost (с использованием LRPC), выполняемого в контейнере приложения Недоступно с ИД безопасности (Недоступно). Это разрешение безопасности можно изменить с помощью средства администрирования служб компонентов.</Message>
			<Level>Ошибка</Level>
			<Task />
			<Opcode>Сведения</Opcode>
			<Channel />
			<Provider>Microsoft-Windows-DistributedCOM</Provider>
			<Keywords>
				<Keyword>Классический</Keyword>
			</Keywords>
		</RenderingInfo>
	</Event>
	<Event xmlns="http://schemas.microsoft.com/win/2004/08/events/event">
		<System>
			<Provider Name="Microsoft-Windows-DistributedCOM" Guid="{1B562E86-B7AA-4131-BADC-B6F3A001407E}" EventSourceName="DCOM" />
			<EventID Qualifiers="0">10001</EventID>
			<Version>0</Version>
			<Level>2</Level>
			<Task>0</Task>
			<Opcode>0</Opcode>
			<Keywords>0x8080000000000000</Keywords>
			<TimeCreated SystemTime="2020-01-13T05:00:31.440207800Z" />
			<EventRecordID>16936</EventRecordID>
			<Correlation />
			<Execution ProcessID="720" ThreadID="3276" />
			<Channel>System</Channel>
			<Computer>amur-kua.oduvs.so</Computer>
			<Security UserID="S-1-5-21-578921006-2288858441-1423896827-22345" />
		</System>
		<EventData>
			<Data Name="param1">"C:\Program Files\WindowsApps\Microsoft.WindowsStore_11912.1001.1.0_x64__8wekyb3d8bbwe\WinStore.App.exe" -ServerName:App.AppXc75wvwned5vhz4xyxxecvgdjhdkgsdza.mca</Data>
			<Data Name="param2">0</Data>
			<Data Name="param3">Microsoft.WindowsStore_11912.1001.1.0_x64__8wekyb3d8bbwe!App</Data>
			<Data Name="param4">Недоступно</Data>
			<Data Name="param5">Недоступно</Data>
		</EventData>
		<RenderingInfo Culture="ru-RU">
			<Message>Не удалось запустить DCOM-сервер: Microsoft.WindowsStore_11912.1001.1.0_x64__8wekyb3d8bbwe!App как Недоступно/Недоступно.Ошибка:
"0"
Произошла при запуске команды:
"C:\Program Files\WindowsApps\Microsoft.WindowsStore_11912.1001.1.0_x64__8wekyb3d8bbwe\WinStore.App.exe" -ServerName:App.AppXc75wvwned5vhz4xyxxecvgdjhdkgsdza.mca</Message>
			<Level>Ошибка</Level>
			<Task />
			<Opcode>Сведения</Opcode>
			<Channel />
			<Provider>Microsoft-Windows-DistributedCOM</Provider>
			<Keywords>
				<Keyword>Классический</Keyword>
			</Keywords>
		</RenderingInfo>
	</Event>
	