<Event xmlns="http://schemas.microsoft.com/win/2004/08/events/event">
		<System>
			<Provider Name="Service Control Manager" Guid="{555908d1-a6d7-4695-8e1e-26931d2012f4}" EventSourceName="Service Control Manager" />
			<EventID Qualifiers="49152">7023</EventID>
			<Version>0</Version>
			<Level>2</Level>
			<Task>0</Task>
			<Opcode>0</Opcode>
			<Keywords>0x8080000000000000</Keywords>
			<TimeCreated SystemTime="2020-01-17T14:39:08.799059000Z" />
			<EventRecordID>16804</EventRecordID>
			<Correlation />
			<Execution ProcessID="808" ThreadID="18108" />
			<Channel>System</Channel>
			<Computer>DESKTOP-SQG8FRI</Computer>
			<Security />
		</System>
		<EventData>
			<Data Name="param1">wuauserv</Data>
			<Data Name="param2">%%2</Data>
			<Binary>770075006100750073006500720076000000</Binary>
		</EventData>
		<RenderingInfo Culture="ru-RU">
			<Message>Служба "wuauserv" завершена из-за ошибки 
Не удается найти указанный файл.</Message>
			<Level>Ошибка</Level>
			<Task />
			<Opcode />
			<Channel />
			<Provider>Microsoft-Windows-Service Control Manager</Provider>
			<Keywords>
				<Keyword>Классический</Keyword>
			</Keywords>
		</RenderingInfo>
	</Event>
	<Event xmlns="http://schemas.microsoft.com/win/2004/08/events/event">
		<System>
			<Provider Name="Microsoft-Windows-DistributedCOM" Guid="{1B562E86-B7AA-4131-BADC-B6F3A001407E}" EventSourceName="DCOM" />
			<EventID Qualifiers="0">10010</EventID>
			<Version>0</Version>
			<Level>2</Level>
			<Task>0</Task>
			<Opcode>0</Opcode>
			<Keywords>0x8080000000000000</Keywords>
			<TimeCreated SystemTime="2020-01-17T14:39:08.776083400Z" />
			<EventRecordID>16803</EventRecordID>
			<Correlation />
			<Execution ProcessID="636" ThreadID="5080" />
			<Channel>System</Channel>
			<Computer>DESKTOP-SQG8FRI</Computer>
			<Security UserID="S-1-5-19" />
		</System>
		<EventData>
			<Data Name="param1">{E60687F7-01A1-40AA-86AC-DB1CBF673334}</Data>
		</EventData>
		<RenderingInfo Culture="ru-RU">
			<Message>Регистрация сервера {E60687F7-01A1-40AA-86AC-DB1CBF673334} DCOM не выполнена за отведенное время ожидания.</Message>
			<Level>Ошибка</Level>
			<Task />
			<Opcode>Сведения</Opcode>
			<Channel />
			<Provider>Microsoft-Windows-DistributedCOM</Provider>
			<Keywords>
				<Keyword>Классический</Keyword>
			</Keywords>
		</RenderingInfo>
	</Event>
	<Event xmlns="http://schemas.microsoft.com/win/2004/08/events/event">
		<System>
			<Provider Name="Service Control Manager" Guid="{555908d1-a6d7-4695-8e1e-26931d2012f4}" EventSourceName="Service Control Manager" />
			<EventID Qualifiers="49152">7023</EventID>
			<Version>0</Version>
			<Level>2</Level>
			<Task>0</Task>
			<Opcode>0</Opcode>
			<Keywords>0x8080000000000000</Keywords>
			<TimeCreated SystemTime="2020-01-17T14:37:08.774002300Z" />
			<EventRecordID>16802</EventRecordID>
			<Correlation />
			<Execution ProcessID="808" ThreadID="14476" />
			<Channel>System</Channel>
			<Computer>DESKTOP-SQG8FRI</Computer>
			<Security />
		</System>
		<EventData>
			<Data Name="param1">wuauserv</Data>
			<Data Name="param2">%%2</Data>
			<Binary>770075006100750073006500720076000000</Binary>
		</EventData>
		<RenderingInfo Culture="ru-RU">
			<Message>Служба "wuauserv" завершена из-за ошибки 
Не удается найти указанный файл.</Message>
			<Level>Ошибка</Level>
			<Task />
			<Opcode />
			<Channel />
			<Provider>Microsoft-Windows-Service Control Manager</Provider>
			<Keywords>
				<Keyword>Классический</Keyword>
			</Keywords>
		</RenderingInfo>
	</Event>
	<Event xmlns="http://schemas.microsoft.com/win/2004/08/events/event">
		<System>
			<Provider Name="Microsoft-Windows-DistributedCOM" Guid="{1B562E86-B7AA-4131-BADC-B6F3A001407E}" EventSourceName="DCOM" />
			<EventID Qualifiers="0">10016</EventID>
			<Version>0</Version>
			<Level>2</Level>
			<Task>0</Task>
			<Opcode>0</Opcode>
			<Keywords>0x8080000000000000</Keywords>
			<TimeCreated SystemTime="2020-01-17T14:24:09.302592700Z" />
			<EventRecordID>16801</EventRecordID>
			<Correlation />
			<Execution ProcessID="636" ThreadID="14400" />
			<Channel>System</Channel>
			<Computer>DESKTOP-SQG8FRI</Computer>
			<Security UserID="S-1-5-19" />
		</System>
		<EventData>
			<Data Name="param1">для конкретного приложения</Data>
			<Data Name="param2">Локально</Data>
			<Data Name="param3">Активация</Data>
			<Data Name="param4">{9A4948D9-13FC-4FAC-B60A-FBA6EE0FB11C}</Data>
			<Data Name="param5">{50E1C3FD-EC35-490E-9CCF-C68F9AE91919}</Data>
			<Data Name="param6">NT AUTHORITY</Data>
			<Data Name="param7">LOCAL SERVICE</Data>
			<Data Name="param8">S-1-5-19</Data>
			<Data Name="param9">LocalHost (с использованием LRPC)</Data>
			<Data Name="param10">Недоступно</Data>
			<Data Name="param11">Недоступно</Data>
		</EventData>
		<RenderingInfo Culture="ru-RU">
			<Message>Параметры разрешений для конкретного приложения не дают разрешения Локально Активация для приложения COM-сервера с CLSID 
{9A4948D9-13FC-4FAC-B60A-FBA6EE0FB11C}
 и APPID 
{50E1C3FD-EC35-490E-9CCF-C68F9AE91919}
 пользователю NT AUTHORITY\LOCAL SERVICE с ИД безопасности (S-1-5-19) и адресом LocalHost (с использованием LRPC), выполняемого в контейнере приложения Недоступно с ИД безопасности (Недоступно). Это разрешение безопасности можно изменить с помощью средства администрирования служб компонентов.</Message>
			<Level>Ошибка</Level>
			<Task />
			<Opcode>Сведения</Opcode>
			<Channel />
			<Provider>Microsoft-Windows-DistributedCOM</Provider>
			<Keywords>
				<Keyword>Классический</Keyword>
			</Keywords>
		</RenderingInfo>
	</Event>
	<Event xmlns="http://schemas.microsoft.com/win/2004/08/events/event">
		<System>
			<Provider Name="Microsoft-Windows-DistributedCOM" Guid="{1B562E86-B7AA-4131-BADC-B6F3A001407E}" EventSourceName="DCOM" />
			<EventID Qualifiers="0">10010</EventID>
			<Version>0</Version>
			<Level>2</Level>
			<Task>0</Task>
			<Opcode>0</Opcode>
			<Keywords>0x8080000000000000</Keywords>
			<TimeCreated SystemTime="2020-01-17T14:24:09.263632800Z" />
			<EventRecordID>16800</EventRecordID>
			<Correlation />
			<Execution ProcessID="636" ThreadID="14400" />
			<Channel>System</Channel>
			<Computer>DESKTOP-SQG8FRI</Computer>
			<Security UserID="S-1-5-19" />
		</System>
		<EventData>
			<Data Name="param1">{E60687F7-01A1-40AA-86AC-DB1CBF673334}</Data>
		</EventData>
		<RenderingInfo Culture="ru-RU">
			<Message>Регистрация сервера {E60687F7-01A1-40AA-86AC-DB1CBF673334} DCOM не выполнена за отведенное время ожидания.</Message>
			<Level>Ошибка</Level>
			<Task />
			<Opcode>Сведения</Opcode>
			<Channel />
			<Provider>Microsoft-Windows-DistributedCOM</Provider>
			<Keywords>
				<Keyword>Классический</Keyword>
			</Keywords>
		</RenderingInfo>
	</Event>
	<Event xmlns="http://schemas.microsoft.com/win/2004/08/events/event">
		<System>
			<Provider Name="Service Control Manager" Guid="{555908d1-a6d7-4695-8e1e-26931d2012f4}" EventSourceName="Service Control Manager" />
			<EventID Qualifiers="49152">7023</EventID>
			<Version>0</Version>
			<Level>2</Level>
			<Task>0</Task>
			<Opcode>0</Opcode>
			<Keywords>0x8080000000000000</Keywords>
			<TimeCreated SystemTime="2020-01-17T14:22:09.261126100Z" />
			<EventRecordID>16799</EventRecordID>
			<Correlation />
			<Execution ProcessID="808" ThreadID="18108" />
			<Channel>System</Channel>
			<Computer>DESKTOP-SQG8FRI</Computer>
			<Security />
		</System>
		<EventData>
			<Data Name="param1">wuauserv</Data>
			<Data Name="param2">%%2</Data>
			<Binary>770075006100750073006500720076000000</Binary>
		</EventData>
		<RenderingInfo Culture="ru-RU">
			<Message>Служба "wuauserv" завершена из-за ошибки 
Не удается найти указанный файл.</Message>
			<Level>Ошибка</Level>
			<Task />
			<Opcode />
			<Channel />
			<Provider>Microsoft-Windows-Service Control Manager</Provider>
			<Keywords>
				<Keyword>Классический</Keyword>
			</Keywords>
		</RenderingInfo>
	</Event>
	<Event xmlns="http://schemas.microsoft.com/win/2004/08/events/event">
		<System>
			<Provider Name="Microsoft-Windows-DistributedCOM" Guid="{1B562E86-B7AA-4131-BADC-B6F3A001407E}" EventSourceName="DCOM" />
			<EventID Qualifiers="0">10010</EventID>
			<Version>0</Version>
			<Level>2</Level>
			<Task>0</Task>
			<Opcode>0</Opcode>
			<Keywords>0x8080000000000000</Keywords>
			<TimeCreated SystemTime="2020-01-17T14:22:09.238170300Z" />
			<EventRecordID>16798</EventRecordID>
			<Correlation />
			<Execution ProcessID="636" ThreadID="14400" />
			<Channel>System</Channel>
			<Computer>DESKTOP-SQG8FRI</Computer>
			<Security UserID="S-1-5-19" />
		</System>
		<EventData>
			<Data Name="param1">{E60687F7-01A1-40AA-86AC-DB1CBF673334}</Data>
		</EventData>
		<RenderingInfo Culture="ru-RU">
			<Message>Регистрация сервера {E60687F7-01A1-40AA-86AC-DB1CBF673334} DCOM не выполнена за отведенное время ожидания.</Message>
			<Level>Ошибка</Level>
			<Task />
			<Opcode>Сведения</Opcode>
			<Channel />
			<Provider>Microsoft-Windows-DistributedCOM</Provider>
			<Keywords>
				<Keyword>Классический</Keyword>
			</Keywords>
		</RenderingInfo>
	</Event>
	<Event xmlns="http://schemas.microsoft.com/win/2004/08/events/event">
		<System>
			<Provider Name="Service Control Manager" Guid="{555908d1-a6d7-4695-8e1e-26931d2012f4}" EventSourceName="Service Control Manager" />
			<EventID Qualifiers="49152">7023</EventID>
			<Version>0</Version>
			<Level>2</Level>
			<Task>0</Task>
			<Opcode>0</Opcode>
			<Keywords>0x8080000000000000</Keywords>
			<TimeCreated SystemTime="2020-01-17T14:20:09.235293700Z" />
			<EventRecordID>16797</EventRecordID>
			<Correlation />
			<Execution ProcessID="808" ThreadID="2152" />
			<Channel>System</Channel>
			<Computer>DESKTOP-SQG8FRI</Computer>
			<Security />
		</System>
		<EventData>
			<Data Name="param1">wuauserv</Data>
			<Data Name="param2">%%2</Data>
			<Binary>770075006100750073006500720076000000</Binary>
		</EventData>
		<RenderingInfo Culture="ru-RU">
			<Message>Служба "wuauserv" завершена из-за ошибки 
Не удается найти указанный файл.</Message>
			<Level>Ошибка</Level>
			<Task />
			<Opcode />
			<Channel />
			<Provider>Microsoft-Windows-Service Control Manager</Provider>
			<Keywords>
				<Keyword>Классический</Keyword>
			</Keywords>
		</RenderingInfo>
	</Event>
	<Event xmlns="http://schemas.microsoft.com/win/2004/08/events/event">
		<System>
			<Provider Name="Microsoft-Windows-DistributedCOM" Guid="{1B562E86-B7AA-4131-BADC-B6F3A001407E}" EventSourceName="DCOM" />
			<EventID Qualifiers="0">10016</EventID>
			<Version>0</Version>
			<Level>2</Level>
			<Task>0</Task>
			<Opcode>0</Opcode>
			<Keywords>0x8080000000000000</Keywords>
			<TimeCreated SystemTime="2020-01-17T14:05:10.125093000Z" />
			<EventRecordID>16796</EventRecordID>
			<Correlation />
			<Execution ProcessID="636" ThreadID="1556" />
			<Channel>System</Channel>
			<Computer>DESKTOP-SQG8FRI</Computer>
			<Security UserID="S-1-5-19" />
		</System>
		<EventData>
			<Data Name="param1">для конкретного приложения</Data>
			<Data Name="param2">Локально</Data>
			<Data Name="param3">Активация</Data>
			<Data Name="param4">{9A4948D9-13FC-4FAC-B60A-FBA6EE0FB11C}</Data>
			<Data Name="param5">{50E1C3FD-EC35-490E-9CCF-C68F9AE91919}</Data>
			<Data Name="param6">NT AUTHORITY</Data>
			<Data Name="param7">LOCAL SERVICE</Data>
			<Data Name="param8">S-1-5-19</Data>
			<Data Name="param9">LocalHost (с использованием LRPC)</Data>
			<Data Name="param10">Недоступно</Data>
			<Data Name="param11">Недоступно</Data>
		</EventData>
		<RenderingInfo Culture="ru-RU">
			<Message>Параметры разрешений для конкретного приложения не дают разрешения Локально Активация для приложения COM-сервера с CLSID 
{9A4948D9-13FC-4FAC-B60A-FBA6EE0FB11C}
 и APPID 
{50E1C3FD-EC35-490E-9CCF-C68F9AE91919}
 пользователю NT AUTHORITY\LOCAL SERVICE с ИД безопасности (S-1-5-19) и адресом LocalHost (с использованием LRPC), выполняемого в контейнере приложения Недоступно с ИД безопасности (Недоступно). Это разрешение безопасности можно изменить с помощью средства администрирования служб компонентов.</Message>
			<Level>Ошибка</Level>
			<Task />
			<Opcode>Сведения</Opcode>
			<Channel />
			<Provider>Microsoft-Windows-DistributedCOM</Provider>
			<Keywords>
				<Keyword>Классический</Keyword>
			</Keywords>
		</RenderingInfo>
	</Event>
	<Event xmlns="http://schemas.microsoft.com/win/2004/08/events/event">
		<System>
			<Provider Name="Microsoft-Windows-DistributedCOM" Guid="{1B562E86-B7AA-4131-BADC-B6F3A001407E}" EventSourceName="DCOM" />
			<EventID Qualifiers="0">10010</EventID>
			<Version>0</Version>
			<Level>2</Level>
			<Task>0</Task>
			<Opcode>0</Opcode>
			<Keywords>0x8080000000000000</Keywords>
			<TimeCreated SystemTime="2020-01-17T14:05:10.087685700Z" />
			<EventRecordID>16795</EventRecordID>
			<Correlation />
			<Execution ProcessID="636" ThreadID="1556" />
			<Channel>System</Channel>
			<Computer>DESKTOP-SQG8FRI</Computer>
			<Security UserID="S-1-5-19" />
		</System>
		<EventData>
			<Data Name="param1">{E60687F7-01A1-40AA-86AC-DB1CBF673334}</Data>
		</EventData>
		<RenderingInfo Culture="ru-RU">
			<Message>Регистрация сервера {E60687F7-01A1-40AA-86AC-DB1CBF673334} DCOM не выполнена за отведенное время ожидания.</Message>
			<Level>Ошибка</Level>
			<Task />
			<Opcode>Сведения</Opcode>
			<Channel />
			<Provider>Microsoft-Windows-DistributedCOM</Provider>
			<Keywords>
				<Keyword>Классический</Keyword>
			</Keywords>
		</RenderingInfo>
	</Event>
	<Event xmlns="http://schemas.microsoft.com/win/2004/08/events/event">
		<System>
			<Provider Name="Service Control Manager" Guid="{555908d1-a6d7-4695-8e1e-26931d2012f4}" EventSourceName="Service Control Manager" />
			<EventID Qualifiers="49152">7023</EventID>
			<Version>0</Version>
			<Level>2</Level>
			<Task>0</Task>
			<Opcode>0</Opcode>
			<Keywords>0x8080000000000000</Keywords>
			<TimeCreated SystemTime="2020-01-17T14:03:10.085431400Z" />
			<EventRecordID>16794</EventRecordID>
			<Correlation />
			<Execution ProcessID="808" ThreadID="14476" />
			<Channel>System</Channel>
			<Computer>DESKTOP-SQG8FRI</Computer>
			<Security />
		</System>
		<EventData>
			<Data Name="param1">wuauserv</Data>
			<Data Name="param2">%%2</Data>
			<Binary>770075006100750073006500720076000000</Binary>
		</EventData>
		<RenderingInfo Culture="ru-RU">
			<Message>Служба "wuauserv" завершена из-за ошибки 
Не удается найти указанный файл.</Message>
			<Level>Ошибка</Level>
			<Task />
			<Opcode />
			<Channel />
			<Provider>Microsoft-Windows-Service Control Manager</Provider>
			<Keywords>
				<Keyword>Классический</Keyword>
			</Keywords>
		</RenderingInfo>
	</Event>
	<Event xmlns="http://schemas.microsoft.com/win/2004/08/events/event">
		<System>
			<Provider Name="Microsoft-Windows-DistributedCOM" Guid="{1B562E86-B7AA-4131-BADC-B6F3A001407E}" EventSourceName="DCOM" />
			<EventID Qualifiers="0">10010</EventID>
			<Version>0</Version>
			<Level>2</Level>
			<Task>0</Task>
			<Opcode>0</Opcode>
			<Keywords>0x8080000000000000</Keywords>
			<TimeCreated SystemTime="2020-01-17T14:03:10.060380800Z" />
			<EventRecordID>16793</EventRecordID>
			<Correlation />
			<Execution ProcessID="636" ThreadID="1556" />
			<Channel>System</Channel>
			<Computer>DESKTOP-SQG8FRI</Computer>
			<Security UserID="S-1-5-19" />
		</System>
		<EventData>
			<Data Name="param1">{E60687F7-01A1-40AA-86AC-DB1CBF673334}</Data>
		</EventData>
		<RenderingInfo Culture="ru-RU">
			<Message>Регистрация сервера {E60687F7-01A1-40AA-86AC-DB1CBF673334} DCOM не выполнена за отведенное время ожидания.</Message>
			<Level>Ошибка</Level>
			<Task />
			<Opcode>Сведения</Opcode>
			<Channel />
			<Provider>Microsoft-Windows-DistributedCOM</Provider>
			<Keywords>
				<Keyword>Классический</Keyword>
			</Keywords>
		</RenderingInfo>
	</Event>
	<Event xmlns="http://schemas.microsoft.com/win/2004/08/events/event">
		<System>
			<Provider Name="Service Control Manager" Guid="{555908d1-a6d7-4695-8e1e-26931d2012f4}" EventSourceName="Service Control Manager" />
			<EventID Qualifiers="49152">7023</EventID>
			<Version>0</Version>
			<Level>2</Level>
			<Task>0</Task>
			<Opcode>0</Opcode>
			<Keywords>0x8080000000000000</Keywords>
			<TimeCreated SystemTime="2020-01-17T14:01:10.058152200Z" />
			<EventRecordID>16792</EventRecordID>
			<Correlation />
			<Execution ProcessID="808" ThreadID="18108" />
			<Channel>System</Channel>
			<Computer>DESKTOP-SQG8FRI</Computer>
			<Security />
		</System>
		<EventData>
			<Data Name="param1">wuauserv</Data>
			<Data Name="param2">%%2</Data>
			<Binary>770075006100750073006500720076000000</Binary>
		</EventData>
		<RenderingInfo Culture="ru-RU">
			<Message>Служба "wuauserv" завершена из-за ошибки 
Не удается найти указанный файл.</Message>
			<Level>Ошибка</Level>
			<Task />
			<Opcode />
			<Channel />
			<Provider>Microsoft-Windows-Service Control Manager</Provider>
			<Keywords>
				<Keyword>Классический</Keyword>
			</Keywords>
		</RenderingInfo>
	</Event>
	<Event xmlns="http://schemas.microsoft.com/win/2004/08/events/event">
		<System>
			<Provider Name="Microsoft-Windows-DistributedCOM" Guid="{1B562E86-B7AA-4131-BADC-B6F3A001407E}" EventSourceName="DCOM" />
			<EventID Qualifiers="0">10010</EventID>
			<Version>0</Version>
			<Level>2</Level>
			<Task>0</Task>
			<Opcode>0</Opcode>
			<Keywords>0x8080000000000000</Keywords>
			<TimeCreated SystemTime="2020-01-17T13:44:42.890065100Z" />
			<EventRecordID>16791</EventRecordID>
			<Correlation />
			<Execution ProcessID="636" ThreadID="10992" />
			<Channel>System</Channel>
			<Computer>DESKTOP-SQG8FRI</Computer>
			<Security UserID="S-1-5-18" />
		</System>
		<EventData>
			<Data Name="param1">{E60687F7-01A1-40AA-86AC-DB1CBF673334}</Data>
		</EventData>
		<RenderingInfo Culture="ru-RU">
			<Message>Регистрация сервера {E60687F7-01A1-40AA-86AC-DB1CBF673334} DCOM не выполнена за отведенное время ожидания.</Message>
			<Level>Ошибка</Level>
			<Task />
			<Opcode>Сведения</Opcode>
			<Channel />
			<Provider>Microsoft-Windows-DistributedCOM</Provider>
			<Keywords>
				<Keyword>Классический</Keyword>
			</Keywords>
		</RenderingInfo>
	</Event>
	<Event xmlns="http://schemas.microsoft.com/win/2004/08/events/event">
		<System>
			<Provider Name="Service Control Manager" Guid="{555908d1-a6d7-4695-8e1e-26931d2012f4}" EventSourceName="Service Control Manager" />
			<EventID Qualifiers="49152">7023</EventID>
			<Version>0</Version>
			<Level>2</Level>
			<Task>0</Task>
			<Opcode>0</Opcode>
			<Keywords>0x8080000000000000</Keywords>
			<TimeCreated SystemTime="2020-01-17T13:42:42.888055800Z" />
			<EventRecordID>16790</EventRecordID>
			<Correlation />
			<Execution ProcessID="808" ThreadID="14476" />
			<Channel>System</Channel>
			<Computer>DESKTOP-SQG8FRI</Computer>
			<Security />
		</System>
		<EventData>
			<Data Name="param1">wuauserv</Data>
			<Data Name="param2">%%2</Data>
			<Binary>770075006100750073006500720076000000</Binary>
		</EventData>
		<RenderingInfo Culture="ru-RU">
			<Message>Служба "wuauserv" завершена из-за ошибки 
Не удается найти указанный файл.</Message>
			<Level>Ошибка</Level>
			<Task />
			<Opcode />
			<Channel />
			<Provider>Microsoft-Windows-Service Control Manager</Provider>
			<Keywords>
				<Keyword>Классический</Keyword>
			</Keywords>
		</RenderingInfo>
	</Event>
	<Event xmlns="http://schemas.microsoft.com/win/2004/08/events/event">
		<System>
			<Provider Name="Microsoft-Windows-DistributedCOM" Guid="{1B562E86-B7AA-4131-BADC-B6F3A001407E}" EventSourceName="DCOM" />
			<EventID Qualifiers="0">10010</EventID>
			<Version>0</Version>
			<Level>2</Level>
			<Task>0</Task>
			<Opcode>0</Opcode>
			<Keywords>0x8080000000000000</Keywords>
			<TimeCreated SystemTime="2020-01-17T13:42:42.864094400Z" />
			<EventRecordID>16789</EventRecordID>
			<Correlation />
			<Execution ProcessID="636" ThreadID="14400" />
			<Channel>System</Channel>
			<Computer>DESKTOP-SQG8FRI</Computer>
			<Security UserID="S-1-5-21-1379532148-1851618953-3399223282-1001" />
		</System>
		<EventData>
			<Data Name="param1">{E60687F7-01A1-40AA-86AC-DB1CBF673334}</Data>
		</EventData>
		<RenderingInfo Culture="ru-RU">
			<Message>Регистрация сервера {E60687F7-01A1-40AA-86AC-DB1CBF673334} DCOM не выполнена за отведенное время ожидания.</Message>
			<Level>Ошибка</Level>
			<Task />
			<Opcode>Сведения</Opcode>
			<Channel />
			<Provider>Microsoft-Windows-DistributedCOM</Provider>
			<Keywords>
				<Keyword>Классический</Keyword>
			</Keywords>
		</RenderingInfo>
	</Event>
	<Event xmlns="http://schemas.microsoft.com/win/2004/08/events/event">
		<System>
			<Provider Name="Service Control Manager" Guid="{555908d1-a6d7-4695-8e1e-26931d2012f4}" EventSourceName="Service Control Manager" />
			<EventID Qualifiers="49152">7023</EventID>
			<Version>0</Version>
			<Level>2</Level>
			<Task>0</Task>
			<Opcode>0</Opcode>
			<Keywords>0x8080000000000000</Keywords>
			<TimeCreated SystemTime="2020-01-17T13:40:42.861864700Z" />
			<EventRecordID>16787</EventRecordID>
			<Correlation />
			<Execution ProcessID="808" ThreadID="7284" />
			<Channel>System</Channel>
			<Computer>DESKTOP-SQG8FRI</Computer>
			<Security />
		</System>
		<EventData>
			<Data Name="param1">wuauserv</Data>
			<Data Name="param2">%%2</Data>
			<Binary>770075006100750073006500720076000000</Binary>
		</EventData>
		<RenderingInfo Culture="ru-RU">
			<Message>Служба "wuauserv" завершена из-за ошибки 
Не удается найти указанный файл.</Message>
			<Level>Ошибка</Level>
			<Task />
			<Opcode />
			<Channel />
			<Provider>Microsoft-Windows-Service Control Manager</Provider>
			<Keywords>
				<Keyword>Классический</Keyword>
			</Keywords>
		</RenderingInfo>
	</Event>
	<Event xmlns="http://schemas.microsoft.com/win/2004/08/events/event">
		<System>
			<Provider Name="Microsoft-Windows-DistributedCOM" Guid="{1B562E86-B7AA-4131-BADC-B6F3A001407E}" EventSourceName="DCOM" />
			<EventID Qualifiers="0">10016</EventID>
			<Version>0</Version>
			<Level>2</Level>
			<Task>0</Task>
			<Opcode>0</Opcode>
			<Keywords>0x8080000000000000</Keywords>
			<TimeCreated SystemTime="2020-01-17T13:23:34.051170900Z" />
			<EventRecordID>16786</EventRecordID>
			<Correlation />
			<Execution ProcessID="636" ThreadID="16112" />
			<Channel>System</Channel>
			<Computer>DESKTOP-SQG8FRI</Computer>
			<Security UserID="S-1-5-19" />
		</System>
		<EventData>
			<Data Name="param1">для конкретного приложения</Data>
			<Data Name="param2">Локально</Data>
			<Data Name="param3">Активация</Data>
			<Data Name="param4">{9A4948D9-13FC-4FAC-B60A-FBA6EE0FB11C}</Data>
			<Data Name="param5">{50E1C3FD-EC35-490E-9CCF-C68F9AE91919}</Data>
			<Data Name="param6">NT AUTHORITY</Data>
			<Data Name="param7">LOCAL SERVICE</Data>
			<Data Name="param8">S-1-5-19</Data>
			<Data Name="param9">LocalHost (с использованием LRPC)</Data>
			<Data Name="param10">Недоступно</Data>
			<Data Name="param11">Недоступно</Data>
		</EventData>
		<RenderingInfo Culture="ru-RU">
			<Message>Параметры разрешений для конкретного приложения не дают разрешения Локально Активация для приложения COM-сервера с CLSID 
{9A4948D9-13FC-4FAC-B60A-FBA6EE0FB11C}
 и APPID 
{50E1C3FD-EC35-490E-9CCF-C68F9AE91919}
 пользователю NT AUTHORITY\LOCAL SERVICE с ИД безопасности (S-1-5-19) и адресом LocalHost (с использованием LRPC), выполняемого в контейнере приложения Недоступно с ИД безопасности (Недоступно). Это разрешение безопасности можно изменить с помощью средства администрирования служб компонентов.</Message>
			<Level>Ошибка</Level>
			<Task />
			<Opcode>Сведения</Opcode>
			<Channel />
			<Provider>Microsoft-Windows-DistributedCOM</Provider>
			<Keywords>
				<Keyword>Классический</Keyword>
			</Keywords>
		</RenderingInfo>
	</Event>
	<Event xmlns="http://schemas.microsoft.com/win/2004/08/events/event">
		<System>
			<Provider Name="Microsoft-Windows-DistributedCOM" Guid="{1B562E86-B7AA-4131-BADC-B6F3A001407E}" EventSourceName="DCOM" />
			<EventID Qualifiers="0">10010</EventID>
			<Version>0</Version>
			<Level>2</Level>
			<Task>0</Task>
			<Opcode>0</Opcode>
			<Keywords>0x8080000000000000</Keywords>
			<TimeCreated SystemTime="2020-01-17T13:23:34.013220300Z" />
			<EventRecordID>16785</EventRecordID>
			<Correlation />
			<Execution ProcessID="636" ThreadID="16112" />
			<Channel>System</Channel>
			<Computer>DESKTOP-SQG8FRI</Computer>
			<Security UserID="S-1-5-19" />
		</System>
		<EventData>
			<Data Name="param1">{E60687F7-01A1-40AA-86AC-DB1CBF673334}</Data>
		</EventData>
		<RenderingInfo Culture="ru-RU">
			<Message>Регистрация сервера {E60687F7-01A1-40AA-86AC-DB1CBF673334} DCOM не выполнена за отведенное время ожидания.</Message>
			<Level>Ошибка</Level>
			<Task />
			<Opcode>Сведения</Opcode>
			<Channel />
			<Provider>Microsoft-Windows-DistributedCOM</Provider>
			<Keywords>
				<Keyword>Классический</Keyword>
			</Keywords>
		</RenderingInfo>
	</Event>
	<Event xmlns="http://schemas.microsoft.com/win/2004/08/events/event">
		<System>
			<Provider Name="Service Control Manager" Guid="{555908d1-a6d7-4695-8e1e-26931d2012f4}" EventSourceName="Service Control Manager" />
			<EventID Qualifiers="49152">7023</EventID>
			<Version>0</Version>
			<Level>2</Level>
			<Task>0</Task>
			<Opcode>0</Opcode>
			<Keywords>0x8080000000000000</Keywords>
			<TimeCreated SystemTime="2020-01-17T13:21:34.010231300Z" />
			<EventRecordID>16784</EventRecordID>
			<Correlation />
			<Execution ProcessID="808" ThreadID="2532" />
			<Channel>System</Channel>
			<Computer>DESKTOP-SQG8FRI</Computer>
			<Security />
		</System>
		<EventData>
			<Data Name="param1">wuauserv</Data>
			<Data Name="param2">%%2</Data>
			<Binary>770075006100750073006500720076000000</Binary>
		</EventData>
		<RenderingInfo Culture="ru-RU">
			<Message>Служба "wuauserv" завершена из-за ошибки 
Не удается найти указанный файл.</Message>
			<Level>Ошибка</Level>
			<Task />
			<Opcode />
			<Channel />
			<Provider>Microsoft-Windows-Service Control Manager</Provider>
			<Keywords>
				<Keyword>Классический</Keyword>
			</Keywords>
		</RenderingInfo>
	</Event>
	<Event xmlns="http://schemas.microsoft.com/win/2004/08/events/event">
		<System>
			<Provider Name="Microsoft-Windows-DistributedCOM" Guid="{1B562E86-B7AA-4131-BADC-B6F3A001407E}" EventSourceName="DCOM" />
			<EventID Qualifiers="0">10010</EventID>
			<Version>0</Version>
			<Level>2</Level>
			<Task>0</Task>
			<Opcode>0</Opcode>
			<Keywords>0x8080000000000000</Keywords>
			<TimeCreated SystemTime="2020-01-17T13:21:33.986308300Z" />
			<EventRecordID>16783</EventRecordID>
			<Correlation />
			<Execution ProcessID="636" ThreadID="16112" />
			<Channel>System</Channel>
			<Computer>DESKTOP-SQG8FRI</Computer>
			<Security UserID="S-1-5-19" />
		</System>
		<EventData>
			<Data Name="param1">{E60687F7-01A1-40AA-86AC-DB1CBF673334}</Data>
		</EventData>
		<RenderingInfo Culture="ru-RU">
			<Message>Регистрация сервера {E60687F7-01A1-40AA-86AC-DB1CBF673334} DCOM не выполнена за отведенное время ожидания.</Message>
			<Level>Ошибка</Level>
			<Task />
			<Opcode>Сведения</Opcode>
			<Channel />
			<Provider>Microsoft-Windows-DistributedCOM</Provider>
			<Keywords>
				<Keyword>Классический</Keyword>
			</Keywords>
		</RenderingInfo>
	</Event>
	<Event xmlns="http://schemas.microsoft.com/win/2004/08/events/event">
		<System>
			<Provider Name="Service Control Manager" Guid="{555908d1-a6d7-4695-8e1e-26931d2012f4}" EventSourceName="Service Control Manager" />
			<EventID Qualifiers="49152">7023</EventID>
			<Version>0</Version>
			<Level>2</Level>
			<Task>0</Task>
			<Opcode>0</Opcode>
			<Keywords>0x8080000000000000</Keywords>
			<TimeCreated SystemTime="2020-01-17T13:19:33.984189800Z" />
			<EventRecordID>16782</EventRecordID>
			<Correlation />
			<Execution ProcessID="808" ThreadID="2152" />
			<Channel>System</Channel>
			<Computer>DESKTOP-SQG8FRI</Computer>
			<Security />
		</System>
		<EventData>
			<Data Name="param1">wuauserv</Data>
			<Data Name="param2">%%2</Data>
			<Binary>770075006100750073006500720076000000</Binary>
		</EventData>
		<RenderingInfo Culture="ru-RU">
			<Message>Служба "wuauserv" завершена из-за ошибки 
Не удается найти указанный файл.</Message>
			<Level>Ошибка</Level>
			<Task />
			<Opcode />
			<Channel />
			<Provider>Microsoft-Windows-Service Control Manager</Provider>
			<Keywords>
				<Keyword>Классический</Keyword>
			</Keywords>
		</RenderingInfo>
	</Event>
	<Event xmlns="http://schemas.microsoft.com/win/2004/08/events/event">
		<System>
			<Provider Name="Microsoft-Windows-DistributedCOM" Guid="{1B562E86-B7AA-4131-BADC-B6F3A001407E}" EventSourceName="DCOM" />
			<EventID Qualifiers="0">10016</EventID>
			<Version>0</Version>
			<Level>2</Level>
			<Task>0</Task>
			<Opcode>0</Opcode>
			<Keywords>0x8080000000000000</Keywords>
			<TimeCreated SystemTime="2020-01-17T13:05:37.961486900Z" />
			<EventRecordID>16781</EventRecordID>
			<Correlation />
			<Execution ProcessID="636" ThreadID="10992" />
			<Channel>System</Channel>
			<Computer>DESKTOP-SQG8FRI</Computer>
			<Security UserID="S-1-5-19" />
		</System>
		<EventData>
			<Data Name="param1">для конкретного приложения</Data>
			<Data Name="param2">Локально</Data>
			<Data Name="param3">Активация</Data>
			<Data Name="param4">{9A4948D9-13FC-4FAC-B60A-FBA6EE0FB11C}</Data>
			<Data Name="param5">{50E1C3FD-EC35-490E-9CCF-C68F9AE91919}</Data>
			<Data Name="param6">NT AUTHORITY</Data>
			<Data Name="param7">LOCAL SERVICE</Data>
			<Data Name="param8">S-1-5-19</Data>
			<Data Name="param9">LocalHost (с использованием LRPC)</Data>
			<Data Name="param10">Недоступно</Data>
			<Data Name="param11">Недоступно</Data>
		</EventData>
		<RenderingInfo Culture="ru-RU">
			<Message>Параметры разрешений для конкретного приложения не дают разрешения Локально Активация для приложения COM-сервера с CLSID 
{9A4948D9-13FC-4FAC-B60A-FBA6EE0FB11C}
 и APPID 
{50E1C3FD-EC35-490E-9CCF-C68F9AE91919}
 пользователю NT AUTHORITY\LOCAL SERVICE с ИД безопасности (S-1-5-19) и адресом LocalHost (с использованием LRPC), выполняемого в контейнере приложения Недоступно с ИД безопасности (Недоступно). Это разрешение безопасности можно изменить с помощью средства администрирования служб компонентов.</Message>
			<Level>Ошибка</Level>
			<Task />
			<Opcode>Сведения</Opcode>
			<Channel />
			<Provider>Microsoft-Windows-DistributedCOM</Provider>
			<Keywords>
				<Keyword>Классический</Keyword>
			</Keywords>
		</RenderingInfo>
	</Event>
	<Event xmlns="http://schemas.microsoft.com/win/2004/08/events/event">
		<System>
			<Provider Name="Microsoft-Windows-DistributedCOM" Guid="{1B562E86-B7AA-4131-BADC-B6F3A001407E}" EventSourceName="DCOM" />
			<EventID Qualifiers="0">10010</EventID>
			<Version>0</Version>
			<Level>2</Level>
			<Task>0</Task>
			<Opcode>0</Opcode>
			<Keywords>0x8080000000000000</Keywords>
			<TimeCreated SystemTime="2020-01-17T13:05:37.935469600Z" />
			<EventRecordID>16780</EventRecordID>
			<Correlation />
			<Execution ProcessID="636" ThreadID="10992" />
			<Channel>System</Channel>
			<Computer>DESKTOP-SQG8FRI</Computer>
			<Security UserID="S-1-5-19" />
		</System>
		<EventData>
			<Data Name="param1">{E60687F7-01A1-40AA-86AC-DB1CBF673334}</Data>
		</EventData>
		<RenderingInfo Culture="ru-RU">
			<Message>Регистрация сервера {E60687F7-01A1-40AA-86AC-DB1CBF673334} DCOM не выполнена за отведенное время ожидания.</Message>
			<Level>Ошибка</Level>
			<Task />
			<Opcode>Сведения</Opcode>
			<Channel />
			<Provider>Microsoft-Windows-DistributedCOM</Provider>
			<Keywords>
				<Keyword>Классический</Keyword>
			</Keywords>
		</RenderingInfo>
	</Event>
	<Event xmlns="http://schemas.microsoft.com/win/2004/08/events/event">
		<System>
			<Provider Name="Service Control Manager" Guid="{555908d1-a6d7-4695-8e1e-26931d2012f4}" EventSourceName="Service Control Manager" />
			<EventID Qualifiers="49152">7023</EventID>
			<Version>0</Version>
			<Level>2</Level>
			<Task>0</Task>
			<Opcode>0</Opcode>
			<Keywords>0x8080000000000000</Keywords>
			<TimeCreated SystemTime="2020-01-17T13:03:37.933276600Z" />
			<EventRecordID>16779</EventRecordID>
			<Correlation />
			<Execution ProcessID="808" ThreadID="2152" />
			<Channel>System</Channel>
			<Computer>DESKTOP-SQG8FRI</Computer>
			<Security />
		</System>
		<EventData>
			<Data Name="param1">wuauserv</Data>
			<Data Name="param2">%%2</Data>
			<Binary>770075006100750073006500720076000000</Binary>
		</EventData>
		<RenderingInfo Culture="ru-RU">
			<Message>Служба "wuauserv" завершена из-за ошибки 
Не удается найти указанный файл.</Message>
			<Level>Ошибка</Level>
			<Task />
			<Opcode />
			<Channel />
			<Provider>Microsoft-Windows-Service Control Manager</Provider>
			<Keywords>
				<Keyword>Классический</Keyword>
			</Keywords>
		</RenderingInfo>
	</Event>
	<Event xmlns="http://schemas.microsoft.com/win/2004/08/events/event">
		<System>
			<Provider Name="Microsoft-Windows-DistributedCOM" Guid="{1B562E86-B7AA-4131-BADC-B6F3A001407E}" EventSourceName="DCOM" />
			<EventID Qualifiers="0">10010</EventID>
			<Version>0</Version>
			<Level>2</Level>
			<Task>0</Task>
			<Opcode>0</Opcode>
			<Keywords>0x8080000000000000</Keywords>
			<TimeCreated SystemTime="2020-01-17T13:03:37.906319400Z" />
			<EventRecordID>16778</EventRecordID>
			<Correlation />
			<Execution ProcessID="636" ThreadID="10992" />
			<Channel>System</Channel>
			<Computer>DESKTOP-SQG8FRI</Computer>
			<Security UserID="S-1-5-19" />
		</System>
		<EventData>
			<Data Name="param1">{E60687F7-01A1-40AA-86AC-DB1CBF673334}</Data>
		</EventData>
		<RenderingInfo Culture="ru-RU">
			<Message>Регистрация сервера {E60687F7-01A1-40AA-86AC-DB1CBF673334} DCOM не выполнена за отведенное время ожидания.</Message>
			<Level>Ошибка</Level>
			<Task />
			<Opcode>Сведения</Opcode>
			<Channel />
			<Provider>Microsoft-Windows-DistributedCOM</Provider>
			<Keywords>
				<Keyword>Классический</Keyword>
			</Keywords>
		</RenderingInfo>
	</Event>
	<Event xmlns="http://schemas.microsoft.com/win/2004/08/events/event">
		<System>
			<Provider Name="Service Control Manager" Guid="{555908d1-a6d7-4695-8e1e-26931d2012f4}" EventSourceName="Service Control Manager" />
			<EventID Qualifiers="49152">7023</EventID>
			<Version>0</Version>
			<Level>2</Level>
			<Task>0</Task>
			<Opcode>0</Opcode>
			<Keywords>0x8080000000000000</Keywords>
			<TimeCreated SystemTime="2020-01-17T13:01:37.904306000Z" />
			<EventRecordID>16777</EventRecordID>
			<Correlation />
			<Execution ProcessID="808" ThreadID="4636" />
			<Channel>System</Channel>
			<Computer>DESKTOP-SQG8FRI</Computer>
			<Security />
		</System>
		<EventData>
			<Data Name="param1">wuauserv</Data>
			<Data Name="param2">%%2</Data>
			<Binary>770075006100750073006500720076000000</Binary>
		</EventData>
		<RenderingInfo Culture="ru-RU">
			<Message>Служба "wuauserv" завершена из-за ошибки 
Не удается найти указанный файл.</Message>
			<Level>Ошибка</Level>
			<Task />
			<Opcode />
			<Channel />
			<Provider>Microsoft-Windows-Service Control Manager</Provider>
			<Keywords>
				<Keyword>Классический</Keyword>
			</Keywords>
		</RenderingInfo>
	</Event>
	<Event xmlns="http://schemas.microsoft.com/win/2004/08/events/event">
		<System>
			<Provider Name="Microsoft-Windows-DistributedCOM" Guid="{1B562E86-B7AA-4131-BADC-B6F3A001407E}" EventSourceName="DCOM" />
			<EventID Qualifiers="0">10010</EventID>
			<Version>0</Version>
			<Level>2</Level>
			<Task>0</Task>
			<Opcode>0</Opcode>
			<Keywords>0x8080000000000000</Keywords>
			<TimeCreated SystemTime="2020-01-17T12:46:27.705152400Z" />
			<EventRecordID>16776</EventRecordID>
			<Correlation />
			<Execution ProcessID="636" ThreadID="564" />
			<Channel>System</Channel>
			<Computer>DESKTOP-SQG8FRI</Computer>
			<Security UserID="S-1-5-18" />
		</System>
		<EventData>
			<Data Name="param1">{E60687F7-01A1-40AA-86AC-DB1CBF673334}</Data>
		</EventData>
		<RenderingInfo Culture="ru-RU">
			<Message>Регистрация сервера {E60687F7-01A1-40AA-86AC-DB1CBF673334} DCOM не выполнена за отведенное время ожидания.</Message>
			<Level>Ошибка</Level>
			<Task />
			<Opcode>Сведения</Opcode>
			<Channel />
			<Provider>Microsoft-Windows-DistributedCOM</Provider>
			<Keywords>
				<Keyword>Классический</Keyword>
			</Keywords>
		</RenderingInfo>
	</Event>
	<Event xmlns="http://schemas.microsoft.com/win/2004/08/events/event">
		<System>
			<Provider Name="Service Control Manager" Guid="{555908d1-a6d7-4695-8e1e-26931d2012f4}" EventSourceName="Service Control Manager" />
			<EventID Qualifiers="49152">7023</EventID>
			<Version>0</Version>
			<Level>2</Level>
			<Task>0</Task>
			<Opcode>0</Opcode>
			<Keywords>0x8080000000000000</Keywords>
			<TimeCreated SystemTime="2020-01-17T12:44:27.702703500Z" />
			<EventRecordID>16775</EventRecordID>
			<Correlation />
			<Execution ProcessID="808" ThreadID="18408" />
			<Channel>System</Channel>
			<Computer>DESKTOP-SQG8FRI</Computer>
			<Security />
		</System>
		<EventData>
			<Data Name="param1">wuauserv</Data>
			<Data Name="param2">%%2</Data>
			<Binary>770075006100750073006500720076000000</Binary>
		</EventData>
		<RenderingInfo Culture="ru-RU">
			<Message>Служба "wuauserv" завершена из-за ошибки 
Не удается найти указанный файл.</Message>
			<Level>Ошибка</Level>
			<Task />
			<Opcode />
			<Channel />
			<Provider>Microsoft-Windows-Service Control Manager</Provider>
			<Keywords>
				<Keyword>Классический</Keyword>
			</Keywords>
		</RenderingInfo>
	</Event>
	<Event xmlns="http://schemas.microsoft.com/win/2004/08/events/event">
		<System>
			<Provider Name="Microsoft-Windows-DistributedCOM" Guid="{1B562E86-B7AA-4131-BADC-B6F3A001407E}" EventSourceName="DCOM" />
			<EventID Qualifiers="0">10016</EventID>
			<Version>0</Version>
			<Level>2</Level>
			<Task>0</Task>
			<Opcode>0</Opcode>
			<Keywords>0x8080000000000000</Keywords>
			<TimeCreated SystemTime="2020-01-17T12:33:50.720284700Z" />
			<EventRecordID>16774</EventRecordID>
			<Correlation />
			<Execution ProcessID="636" ThreadID="564" />
			<Channel>System</Channel>
			<Computer>DESKTOP-SQG8FRI</Computer>
			<Security UserID="S-1-5-19" />
		</System>
		<EventData>
			<Data Name="param1">для конкретного приложения</Data>
			<Data Name="param2">Локально</Data>
			<Data Name="param3">Активация</Data>
			<Data Name="param4">{9A4948D9-13FC-4FAC-B60A-FBA6EE0FB11C}</Data>
			<Data Name="param5">{50E1C3FD-EC35-490E-9CCF-C68F9AE91919}</Data>
			<Data Name="param6">NT AUTHORITY</Data>
			<Data Name="param7">LOCAL SERVICE</Data>
			<Data Name="param8">S-1-5-19</Data>
			<Data Name="param9">LocalHost (с использованием LRPC)</Data>
			<Data Name="param10">Недоступно</Data>
			<Data Name="param11">Недоступно</Data>
		</EventData>
		<RenderingInfo Culture="ru-RU">
			<Message>Параметры разрешений для конкретного приложения не дают разрешения Локально Активация для приложения COM-сервера с CLSID 
{9A4948D9-13FC-4FAC-B60A-FBA6EE0FB11C}
 и APPID 
{50E1C3FD-EC35-490E-9CCF-C68F9AE91919}
 пользователю NT AUTHORITY\LOCAL SERVICE с ИД безопасности (S-1-5-19) и адресом LocalHost (с использованием LRPC), выполняемого в контейнере приложения Недоступно с ИД безопасности (Недоступно). Это разрешение безопасности можно изменить с помощью средства администрирования служб компонентов.</Message>
			<Level>Ошибка</Level>
			<Task />
			<Opcode>Сведения</Opcode>
			<Channel />
			<Provider>Microsoft-Windows-DistributedCOM</Provider>
			<Keywords>
				<Keyword>Классический</Keyword>
			</Keywords>
		</RenderingInfo>
	</Event>
	<Event xmlns="http://schemas.microsoft.com/win/2004/08/events/event">
		<System>
			<Provider Name="Microsoft-Windows-DistributedCOM" Guid="{1B562E86-B7AA-4131-BADC-B6F3A001407E}" EventSourceName="DCOM" />
			<EventID Qualifiers="0">10010</EventID>
			<Version>0</Version>
			<Level>2</Level>
			<Task>0</Task>
			<Opcode>0</Opcode>
			<Keywords>0x8080000000000000</Keywords>
			<TimeCreated SystemTime="2020-01-17T12:33:50.694343000Z" />
			<EventRecordID>16773</EventRecordID>
			<Correlation />
			<Execution ProcessID="636" ThreadID="564" />
			<Channel>System</Channel>
			<Computer>DESKTOP-SQG8FRI</Computer>
			<Security UserID="S-1-5-19" />
		</System>
		<EventData>
			<Data Name="param1">{E60687F7-01A1-40AA-86AC-DB1CBF673334}</Data>
		</EventData>
		<RenderingInfo Culture="ru-RU">
			<Message>Регистрация сервера {E60687F7-01A1-40AA-86AC-DB1CBF673334} DCOM не выполнена за отведенное время ожидания.</Message>
			<Level>Ошибка</Level>
			<Task />
			<Opcode>Сведения</Opcode>
			<Channel />
			<Provider>Microsoft-Windows-DistributedCOM</Provider>
			<Keywords>
				<Keyword>Классический</Keyword>
			</Keywords>
		</RenderingInfo>
	</Event>
	<Event xmlns="http://schemas.microsoft.com/win/2004/08/events/event">
		<System>
			<Provider Name="Service Control Manager" Guid="{555908d1-a6d7-4695-8e1e-26931d2012f4}" EventSourceName="Service Control Manager" />
			<EventID Qualifiers="49152">7023</EventID>
			<Version>0</Version>
			<Level>2</Level>
			<Task>0</Task>
			<Opcode>0</Opcode>
			<Keywords>0x8080000000000000</Keywords>
			<TimeCreated SystemTime="2020-01-17T12:31:50.693252000Z" />
			<EventRecordID>16772</EventRecordID>
			<Correlation />
			<Execution ProcessID="808" ThreadID="2532" />
			<Channel>System</Channel>
			<Computer>DESKTOP-SQG8FRI</Computer>
			<Security />
		</System>
		<EventData>
			<Data Name="param1">wuauserv</Data>
			<Data Name="param2">%%2</Data>
			<Binary>770075006100750073006500720076000000</Binary>
		</EventData>
		<RenderingInfo Culture="ru-RU">
			<Message>Служба "wuauserv" завершена из-за ошибки 
Не удается найти указанный файл.</Message>
			<Level>Ошибка</Level>
			<Task />
			<Opcode />
			<Channel />
			<Provider>Microsoft-Windows-Service Control Manager</Provider>
			<Keywords>
				<Keyword>Классический</Keyword>
			</Keywords>
		</RenderingInfo>
	</Event>
	<Event xmlns="http://schemas.microsoft.com/win/2004/08/events/event">
		<System>
			<Provider Name="Microsoft-Windows-DistributedCOM" Guid="{1B562E86-B7AA-4131-BADC-B6F3A001407E}" EventSourceName="DCOM" />
			<EventID Qualifiers="0">10010</EventID>
			<Version>0</Version>
			<Level>2</Level>
			<Task>0</Task>
			<Opcode>0</Opcode>
			<Keywords>0x8080000000000000</Keywords>
			<TimeCreated SystemTime="2020-01-17T12:31:50.668297000Z" />
			<EventRecordID>16771</EventRecordID>
			<Correlation />
			<Execution ProcessID="636" ThreadID="564" />
			<Channel>System</Channel>
			<Computer>DESKTOP-SQG8FRI</Computer>
			<Security UserID="S-1-5-19" />
		</System>
		<EventData>
			<Data Name="param1">{E60687F7-01A1-40AA-86AC-DB1CBF673334}</Data>
		</EventData>
		<RenderingInfo Culture="ru-RU">
			<Message>Регистрация сервера {E60687F7-01A1-40AA-86AC-DB1CBF673334} DCOM не выполнена за отведенное время ожидания.</Message>
			<Level>Ошибка</Level>
			<Task />
			<Opcode>Сведения</Opcode>
			<Channel />
			<Provider>Microsoft-Windows-DistributedCOM</Provider>
			<Keywords>
				<Keyword>Классический</Keyword>
			</Keywords>
		</RenderingInfo>
	</Event>
	<Event xmlns="http://schemas.microsoft.com/win/2004/08/events/event">
		<System>
			<Provider Name="Service Control Manager" Guid="{555908d1-a6d7-4695-8e1e-26931d2012f4}" EventSourceName="Service Control Manager" />
			<EventID Qualifiers="49152">7023</EventID>
			<Version>0</Version>
			<Level>2</Level>
			<Task>0</Task>
			<Opcode>0</Opcode>
			<Keywords>0x8080000000000000</Keywords>
			<TimeCreated SystemTime="2020-01-17T12:29:50.667210200Z" />
			<EventRecordID>16770</EventRecordID>
			<Correlation />
			<Execution ProcessID="808" ThreadID="17500" />
			<Channel>System</Channel>
			<Computer>DESKTOP-SQG8FRI</Computer>
			<Security />
		</System>
		<EventData>
			<Data Name="param1">wuauserv</Data>
			<Data Name="param2">%%2</Data>
			<Binary>770075006100750073006500720076000000</Binary>
		</EventData>
		<RenderingInfo Culture="ru-RU">
			<Message>Служба "wuauserv" завершена из-за ошибки 
Не удается найти указанный файл.</Message>
			<Level>Ошибка</Level>
			<Task />
			<Opcode />
			<Channel />
			<Provider>Microsoft-Windows-Service Control Manager</Provider>
			<Keywords>
				<Keyword>Классический</Keyword>
			</Keywords>
		</RenderingInfo>
	</Event>
	<Event xmlns="http://schemas.microsoft.com/win/2004/08/events/event">
		<System>
			<Provider Name="Microsoft-Windows-DistributedCOM" Guid="{1B562E86-B7AA-4131-BADC-B6F3A001407E}" EventSourceName="DCOM" />
			<EventID Qualifiers="0">10010</EventID>
			<Version>0</Version>
			<Level>2</Level>
			<Task>0</Task>
			<Opcode>0</Opcode>
			<Keywords>0x8080000000000000</Keywords>
			<TimeCreated SystemTime="2020-01-17T12:27:48.616558500Z" />
			<EventRecordID>16769</EventRecordID>
			<Correlation />
			<Execution ProcessID="636" ThreadID="16112" />
			<Channel>System</Channel>
			<Computer>DESKTOP-SQG8FRI</Computer>
			<Security UserID="S-1-5-18" />
		</System>
		<EventData>
			<Data Name="param1">{E60687F7-01A1-40AA-86AC-DB1CBF673334}</Data>
		</EventData>
		<RenderingInfo Culture="ru-RU">
			<Message>Регистрация сервера {E60687F7-01A1-40AA-86AC-DB1CBF673334} DCOM не выполнена за отведенное время ожидания.</Message>
			<Level>Ошибка</Level>
			<Task />
			<Opcode>Сведения</Opcode>
			<Channel />
			<Provider>Microsoft-Windows-DistributedCOM</Provider>
			<Keywords>
				<Keyword>Классический</Keyword>
			</Keywords>
		</RenderingInfo>
	</Event>
	<Event xmlns="http://schemas.microsoft.com/win/2004/08/events/event">
		<System>
			<Provider Name="Service Control Manager" Guid="{555908d1-a6d7-4695-8e1e-26931d2012f4}" EventSourceName="Service Control Manager" />
			<EventID Qualifiers="49152">7023</EventID>
			<Version>0</Version>
			<Level>2</Level>
			<Task>0</Task>
			<Opcode>0</Opcode>
			<Keywords>0x8080000000000000</Keywords>
			<TimeCreated SystemTime="2020-01-17T12:25:48.616181000Z" />
			<EventRecordID>16767</EventRecordID>
			<Correlation />
			<Execution ProcessID="808" ThreadID="2532" />
			<Channel>System</Channel>
			<Computer>DESKTOP-SQG8FRI</Computer>
			<Security />
		</System>
		<EventData>
			<Data Name="param1">wuauserv</Data>
			<Data Name="param2">%%2</Data>
			<Binary>770075006100750073006500720076000000</Binary>
		</EventData>
		<RenderingInfo Culture="ru-RU">
			<Message>Служба "wuauserv" завершена из-за ошибки 
Не удается найти указанный файл.</Message>
			<Level>Ошибка</Level>
			<Task />
			<Opcode />
			<Channel />
			<Provider>Microsoft-Windows-Service Control Manager</Provider>
			<Keywords>
				<Keyword>Классический</Keyword>
			</Keywords>
		</RenderingInfo>
	</Event>
	<Event xmlns="http://schemas.microsoft.com/win/2004/08/events/event">
		<System>
			<Provider Name="Microsoft-Windows-DistributedCOM" Guid="{1B562E86-B7AA-4131-BADC-B6F3A001407E}" EventSourceName="DCOM" />
			<EventID Qualifiers="0">10010</EventID>
			<Version>0</Version>
			<Level>2</Level>
			<Task>0</Task>
			<Opcode>0</Opcode>
			<Keywords>0x8080000000000000</Keywords>
			<TimeCreated SystemTime="2020-01-17T12:05:57.149695100Z" />
			<EventRecordID>16764</EventRecordID>
			<Correlation />
			<Execution ProcessID="636" ThreadID="10500" />
			<Channel>System</Channel>
			<Computer>DESKTOP-SQG8FRI</Computer>
			<Security UserID="S-1-5-21-1379532148-1851618953-3399223282-1001" />
		</System>
		<EventData>
			<Data Name="param1">{E60687F7-01A1-40AA-86AC-DB1CBF673334}</Data>
		</EventData>
		<RenderingInfo Culture="ru-RU">
			<Message>Регистрация сервера {E60687F7-01A1-40AA-86AC-DB1CBF673334} DCOM не выполнена за отведенное время ожидания.</Message>
			<Level>Ошибка</Level>
			<Task />
			<Opcode>Сведения</Opcode>
			<Channel />
			<Provider>Microsoft-Windows-DistributedCOM</Provider>
			<Keywords>
				<Keyword>Классический</Keyword>
			</Keywords>
		</RenderingInfo>
	</Event>
	<Event xmlns="http://schemas.microsoft.com/win/2004/08/events/event">
		<System>
			<Provider Name="Service Control Manager" Guid="{555908d1-a6d7-4695-8e1e-26931d2012f4}" EventSourceName="Service Control Manager" />
			<EventID Qualifiers="49152">7023</EventID>
			<Version>0</Version>
			<Level>2</Level>
			<Task>0</Task>
			<Opcode>0</Opcode>
			<Keywords>0x8080000000000000</Keywords>
			<TimeCreated SystemTime="2020-01-17T12:03:57.147790400Z" />
			<EventRecordID>16763</EventRecordID>
			<Correlation />
			<Execution ProcessID="808" ThreadID="2532" />
			<Channel>System</Channel>
			<Computer>DESKTOP-SQG8FRI</Computer>
			<Security />
		</System>
		<EventData>
			<Data Name="param1">wuauserv</Data>
			<Data Name="param2">%%2</Data>
			<Binary>770075006100750073006500720076000000</Binary>
		</EventData>
		<RenderingInfo Culture="ru-RU">
			<Message>Служба "wuauserv" завершена из-за ошибки 
Не удается найти указанный файл.</Message>
			<Level>Ошибка</Level>
			<Task />
			<Opcode />
			<Channel />
			<Provider>Microsoft-Windows-Service Control Manager</Provider>
			<Keywords>
				<Keyword>Классический</Keyword>
			</Keywords>
		</RenderingInfo>
	</Event>
	