<Event xmlns="http://schemas.microsoft.com/win/2004/08/events/event">
		<System>
			<Provider Name="Microsoft-Windows-DistributedCOM" Guid="{1B562E86-B7AA-4131-BADC-B6F3A001407E}" EventSourceName="DCOM" />
			<EventID Qualifiers="0">10010</EventID>
			<Version>0</Version>
			<Level>2</Level>
			<Task>0</Task>
			<Opcode>0</Opcode>
			<Keywords>0x8080000000000000</Keywords>
			<TimeCreated SystemTime="2020-01-17T11:07:34.638557700Z" />
			<EventRecordID>16721</EventRecordID>
			<Correlation />
			<Execution ProcessID="636" ThreadID="1612" />
			<Channel>System</Channel>
			<Computer>DESKTOP-SQG8FRI</Computer>
			<Security UserID="S-1-5-21-1379532148-1851618953-3399223282-1001" />
		</System>
		<EventData>
			<Data Name="param1">{E60687F7-01A1-40AA-86AC-DB1CBF673334}</Data>
		</EventData>
		<RenderingInfo Culture="ru-RU">
			<Message>Регистрация сервера {E60687F7-01A1-40AA-86AC-DB1CBF673334} DCOM не выполнена за отведенное время ожидания.</Message>
			<Level>Ошибка</Level>
			<Task />
			<Opcode>Сведения</Opcode>
			<Channel />
			<Provider>Microsoft-Windows-DistributedCOM</Provider>
			<Keywords>
				<Keyword>Классический</Keyword>
			</Keywords>
		</RenderingInfo>
	</Event>
	<Event xmlns="http://schemas.microsoft.com/win/2004/08/events/event">
		<System>
			<Provider Name="Service Control Manager" Guid="{555908d1-a6d7-4695-8e1e-26931d2012f4}" EventSourceName="Service Control Manager" />
			<EventID Qualifiers="49152">7023</EventID>
			<Version>0</Version>
			<Level>2</Level>
			<Task>0</Task>
			<Opcode>0</Opcode>
			<Keywords>0x8080000000000000</Keywords>
			<TimeCreated SystemTime="2020-01-17T11:05:34.636733700Z" />
			<EventRecordID>16720</EventRecordID>
			<Correlation />
			<Execution ProcessID="808" ThreadID="2532" />
			<Channel>System</Channel>
			<Computer>DESKTOP-SQG8FRI</Computer>
			<Security />
		</System>
		<EventData>
			<Data Name="param1">wuauserv</Data>
			<Data Name="param2">%%2</Data>
			<Binary>770075006100750073006500720076000000</Binary>
		</EventData>
		<RenderingInfo Culture="ru-RU">
			<Message>Служба "wuauserv" завершена из-за ошибки 
Не удается найти указанный файл.</Message>
			<Level>Ошибка</Level>
			<Task />
			<Opcode />
			<Channel />
			<Provider>Microsoft-Windows-Service Control Manager</Provider>
			<Keywords>
				<Keyword>Классический</Keyword>
			</Keywords>
		</RenderingInfo>
	</Event>
	<Event xmlns="http://schemas.microsoft.com/win/2004/08/events/event">
		<System>
			<Provider Name="Microsoft-Windows-DistributedCOM" Guid="{1B562E86-B7AA-4131-BADC-B6F3A001407E}" EventSourceName="DCOM" />
			<EventID Qualifiers="0">10010</EventID>
			<Version>0</Version>
			<Level>2</Level>
			<Task>0</Task>
			<Opcode>0</Opcode>
			<Keywords>0x8080000000000000</Keywords>
			<TimeCreated SystemTime="2020-01-17T11:05:34.611729900Z" />
			<EventRecordID>16719</EventRecordID>
			<Correlation />
			<Execution ProcessID="636" ThreadID="564" />
			<Channel>System</Channel>
			<Computer>DESKTOP-SQG8FRI</Computer>
			<Security UserID="S-1-5-21-1379532148-1851618953-3399223282-1001" />
		</System>
		<EventData>
			<Data Name="param1">{E60687F7-01A1-40AA-86AC-DB1CBF673334}</Data>
		</EventData>
		<RenderingInfo Culture="ru-RU">
			<Message>Регистрация сервера {E60687F7-01A1-40AA-86AC-DB1CBF673334} DCOM не выполнена за отведенное время ожидания.</Message>
			<Level>Ошибка</Level>
			<Task />
			<Opcode>Сведения</Opcode>
			<Channel />
			<Provider>Microsoft-Windows-DistributedCOM</Provider>
			<Keywords>
				<Keyword>Классический</Keyword>
			</Keywords>
		</RenderingInfo>
	</Event>
	<Event xmlns="http://schemas.microsoft.com/win/2004/08/events/event">
		<System>
			<Provider Name="Service Control Manager" Guid="{555908d1-a6d7-4695-8e1e-26931d2012f4}" EventSourceName="Service Control Manager" />
			<EventID Qualifiers="49152">7023</EventID>
			<Version>0</Version>
			<Level>2</Level>
			<Task>0</Task>
			<Opcode>0</Opcode>
			<Keywords>0x8080000000000000</Keywords>
			<TimeCreated SystemTime="2020-01-17T11:03:34.607438800Z" />
			<EventRecordID>16718</EventRecordID>
			<Correlation />
			<Execution ProcessID="808" ThreadID="2532" />
			<Channel>System</Channel>
			<Computer>DESKTOP-SQG8FRI</Computer>
			<Security />
		</System>
		<EventData>
			<Data Name="param1">wuauserv</Data>
			<Data Name="param2">%%2</Data>
			<Binary>770075006100750073006500720076000000</Binary>
		</EventData>
		<RenderingInfo Culture="ru-RU">
			<Message>Служба "wuauserv" завершена из-за ошибки 
Не удается найти указанный файл.</Message>
			<Level>Ошибка</Level>
			<Task />
			<Opcode />
			<Channel />
			<Provider>Microsoft-Windows-Service Control Manager</Provider>
			<Keywords>
				<Keyword>Классический</Keyword>
			</Keywords>
		</RenderingInfo>
	</Event>
	<Event xmlns="http://schemas.microsoft.com/win/2004/08/events/event">
		<System>
			<Provider Name="Microsoft-Windows-DistributedCOM" Guid="{1B562E86-B7AA-4131-BADC-B6F3A001407E}" EventSourceName="DCOM" />
			<EventID Qualifiers="0">10010</EventID>
			<Version>0</Version>
			<Level>2</Level>
			<Task>0</Task>
			<Opcode>0</Opcode>
			<Keywords>0x8080000000000000</Keywords>
			<TimeCreated SystemTime="2020-01-17T11:03:34.573492900Z" />
			<EventRecordID>16717</EventRecordID>
			<Correlation />
			<Execution ProcessID="636" ThreadID="1032" />
			<Channel>System</Channel>
			<Computer>DESKTOP-SQG8FRI</Computer>
			<Security UserID="S-1-5-18" />
		</System>
		<EventData>
			<Data Name="param1">{E60687F7-01A1-40AA-86AC-DB1CBF673334}</Data>
		</EventData>
		<RenderingInfo Culture="ru-RU">
			<Message>Регистрация сервера {E60687F7-01A1-40AA-86AC-DB1CBF673334} DCOM не выполнена за отведенное время ожидания.</Message>
			<Level>Ошибка</Level>
			<Task />
			<Opcode>Сведения</Opcode>
			<Channel />
			<Provider>Microsoft-Windows-DistributedCOM</Provider>
			<Keywords>
				<Keyword>Классический</Keyword>
			</Keywords>
		</RenderingInfo>
	</Event>
	<Event xmlns="http://schemas.microsoft.com/win/2004/08/events/event">
		<System>
			<Provider Name="Service Control Manager" Guid="{555908d1-a6d7-4695-8e1e-26931d2012f4}" EventSourceName="Service Control Manager" />
			<EventID Qualifiers="49152">7023</EventID>
			<Version>0</Version>
			<Level>2</Level>
			<Task>0</Task>
			<Opcode>0</Opcode>
			<Keywords>0x8080000000000000</Keywords>
			<TimeCreated SystemTime="2020-01-17T11:01:34.570580800Z" />
			<EventRecordID>16716</EventRecordID>
			<Correlation />
			<Execution ProcessID="808" ThreadID="2532" />
			<Channel>System</Channel>
			<Computer>DESKTOP-SQG8FRI</Computer>
			<Security />
		</System>
		<EventData>
			<Data Name="param1">wuauserv</Data>
			<Data Name="param2">%%2</Data>
			<Binary>770075006100750073006500720076000000</Binary>
		</EventData>
		<RenderingInfo Culture="ru-RU">
			<Message>Служба "wuauserv" завершена из-за ошибки 
Не удается найти указанный файл.</Message>
			<Level>Ошибка</Level>
			<Task />
			<Opcode />
			<Channel />
			<Provider>Microsoft-Windows-Service Control Manager</Provider>
			<Keywords>
				<Keyword>Классический</Keyword>
			</Keywords>
		</RenderingInfo>
	</Event>
	<Event xmlns="http://schemas.microsoft.com/win/2004/08/events/event">
		<System>
			<Provider Name="Microsoft-Windows-DistributedCOM" Guid="{1B562E86-B7AA-4131-BADC-B6F3A001407E}" EventSourceName="DCOM" />
			<EventID Qualifiers="0">10010</EventID>
			<Version>0</Version>
			<Level>2</Level>
			<Task>0</Task>
			<Opcode>0</Opcode>
			<Keywords>0x8080000000000000</Keywords>
			<TimeCreated SystemTime="2020-01-17T11:01:34.547640600Z" />
			<EventRecordID>16715</EventRecordID>
			<Correlation />
			<Execution ProcessID="636" ThreadID="10016" />
			<Channel>System</Channel>
			<Computer>DESKTOP-SQG8FRI</Computer>
			<Security UserID="S-1-5-18" />
		</System>
		<EventData>
			<Data Name="param1">{E60687F7-01A1-40AA-86AC-DB1CBF673334}</Data>
		</EventData>
		<RenderingInfo Culture="ru-RU">
			<Message>Регистрация сервера {E60687F7-01A1-40AA-86AC-DB1CBF673334} DCOM не выполнена за отведенное время ожидания.</Message>
			<Level>Ошибка</Level>
			<Task />
			<Opcode>Сведения</Opcode>
			<Channel />
			<Provider>Microsoft-Windows-DistributedCOM</Provider>
			<Keywords>
				<Keyword>Классический</Keyword>
			</Keywords>
		</RenderingInfo>
	</Event>
	<Event xmlns="http://schemas.microsoft.com/win/2004/08/events/event">
		<System>
			<Provider Name="Microsoft-Windows-DistributedCOM" Guid="{1B562E86-B7AA-4131-BADC-B6F3A001407E}" EventSourceName="DCOM" />
			<EventID Qualifiers="0">10016</EventID>
			<Version>0</Version>
			<Level>2</Level>
			<Task>0</Task>
			<Opcode>0</Opcode>
			<Keywords>0x8080000000000000</Keywords>
			<TimeCreated SystemTime="2020-01-17T11:00:37.796117400Z" />
			<EventRecordID>16713</EventRecordID>
			<Correlation />
			<Execution ProcessID="636" ThreadID="12752" />
			<Channel>System</Channel>
			<Computer>DESKTOP-SQG8FRI</Computer>
			<Security UserID="S-1-5-21-1379532148-1851618953-3399223282-1001" />
		</System>
		<EventData>
			<Data Name="param1">для конкретного приложения</Data>
			<Data Name="param2">Локально</Data>
			<Data Name="param3">Активация</Data>
			<Data Name="param4">{2593F8B9-4EAF-457C-B68A-50F6B8EA6B54}</Data>
			<Data Name="param5">{15C20B67-12E7-4BB6-92BB-7AFF07997402}</Data>
			<Data Name="param6">DESKTOP-SQG8FRI</Data>
			<Data Name="param7">MACHHOME</Data>
			<Data Name="param8">S-1-5-21-1379532148-1851618953-3399223282-1001</Data>
			<Data Name="param9">LocalHost (с использованием LRPC)</Data>
			<Data Name="param10">Недоступно</Data>
			<Data Name="param11">Недоступно</Data>
		</EventData>
		<RenderingInfo Culture="ru-RU">
			<Message>Параметры разрешений для конкретного приложения не дают разрешения Локально Активация для приложения COM-сервера с CLSID 
{2593F8B9-4EAF-457C-B68A-50F6B8EA6B54}
 и APPID 
{15C20B67-12E7-4BB6-92BB-7AFF07997402}
 пользователю DESKTOP-SQG8FRI\MACHHOME с ИД безопасности (S-1-5-21-1379532148-1851618953-3399223282-1001) и адресом LocalHost (с использованием LRPC), выполняемого в контейнере приложения Недоступно с ИД безопасности (Недоступно). Это разрешение безопасности можно изменить с помощью средства администрирования служб компонентов.</Message>
			<Level>Ошибка</Level>
			<Task />
			<Opcode>Сведения</Opcode>
			<Channel />
			<Provider>Microsoft-Windows-DistributedCOM</Provider>
			<Keywords>
				<Keyword>Классический</Keyword>
			</Keywords>
		</RenderingInfo>
	</Event>
	<Event xmlns="http://schemas.microsoft.com/win/2004/08/events/event">
		<System>
			<Provider Name="Service Control Manager" Guid="{555908d1-a6d7-4695-8e1e-26931d2012f4}" EventSourceName="Service Control Manager" />
			<EventID Qualifiers="49152">7023</EventID>
			<Version>0</Version>
			<Level>2</Level>
			<Task>0</Task>
			<Opcode>0</Opcode>
			<Keywords>0x8080000000000000</Keywords>
			<TimeCreated SystemTime="2020-01-17T10:59:34.543057100Z" />
			<EventRecordID>16711</EventRecordID>
			<Correlation />
			<Execution ProcessID="808" ThreadID="7116" />
			<Channel>System</Channel>
			<Computer>DESKTOP-SQG8FRI</Computer>
			<Security />
		</System>
		<EventData>
			<Data Name="param1">wuauserv</Data>
			<Data Name="param2">%%2</Data>
			<Binary>770075006100750073006500720076000000</Binary>
		</EventData>
		<RenderingInfo Culture="ru-RU">
			<Message>Служба "wuauserv" завершена из-за ошибки 
Не удается найти указанный файл.</Message>
			<Level>Ошибка</Level>
			<Task />
			<Opcode />
			<Channel />
			<Provider>Microsoft-Windows-Service Control Manager</Provider>
			<Keywords>
				<Keyword>Классический</Keyword>
			</Keywords>
		</RenderingInfo>
	</Event>
	<Event xmlns="http://schemas.microsoft.com/win/2004/08/events/event">
		<System>
			<Provider Name="Microsoft-Windows-DistributedCOM" Guid="{1B562E86-B7AA-4131-BADC-B6F3A001407E}" EventSourceName="DCOM" />
			<EventID Qualifiers="0">10010</EventID>
			<Version>0</Version>
			<Level>2</Level>
			<Task>0</Task>
			<Opcode>0</Opcode>
			<Keywords>0x8080000000000000</Keywords>
			<TimeCreated SystemTime="2020-01-17T10:59:34.521122200Z" />
			<EventRecordID>16710</EventRecordID>
			<Correlation />
			<Execution ProcessID="636" ThreadID="1556" />
			<Channel>System</Channel>
			<Computer>DESKTOP-SQG8FRI</Computer>
			<Security UserID="S-1-5-18" />
		</System>
		<EventData>
			<Data Name="param1">{E60687F7-01A1-40AA-86AC-DB1CBF673334}</Data>
		</EventData>
		<RenderingInfo Culture="ru-RU">
			<Message>Регистрация сервера {E60687F7-01A1-40AA-86AC-DB1CBF673334} DCOM не выполнена за отведенное время ожидания.</Message>
			<Level>Ошибка</Level>
			<Task />
			<Opcode>Сведения</Opcode>
			<Channel />
			<Provider>Microsoft-Windows-DistributedCOM</Provider>
			<Keywords>
				<Keyword>Классический</Keyword>
			</Keywords>
		</RenderingInfo>
	</Event>
	<Event xmlns="http://schemas.microsoft.com/win/2004/08/events/event">
		<System>
			<Provider Name="Service Control Manager" Guid="{555908d1-a6d7-4695-8e1e-26931d2012f4}" EventSourceName="Service Control Manager" />
			<EventID Qualifiers="49152">7023</EventID>
			<Version>0</Version>
			<Level>2</Level>
			<Task>0</Task>
			<Opcode>0</Opcode>
			<Keywords>0x8080000000000000</Keywords>
			<TimeCreated SystemTime="2020-01-17T10:57:34.518076300Z" />
			<EventRecordID>16709</EventRecordID>
			<Correlation />
			<Execution ProcessID="808" ThreadID="2152" />
			<Channel>System</Channel>
			<Computer>DESKTOP-SQG8FRI</Computer>
			<Security />
		</System>
		<EventData>
			<Data Name="param1">wuauserv</Data>
			<Data Name="param2">%%2</Data>
			<Binary>770075006100750073006500720076000000</Binary>
		</EventData>
		<RenderingInfo Culture="ru-RU">
			<Message>Служба "wuauserv" завершена из-за ошибки 
Не удается найти указанный файл.</Message>
			<Level>Ошибка</Level>
			<Task />
			<Opcode />
			<Channel />
			<Provider>Microsoft-Windows-Service Control Manager</Provider>
			<Keywords>
				<Keyword>Классический</Keyword>
			</Keywords>
		</RenderingInfo>
	</Event>
	<Event xmlns="http://schemas.microsoft.com/win/2004/08/events/event">
		<System>
			<Provider Name="Microsoft-Windows-DistributedCOM" Guid="{1B562E86-B7AA-4131-BADC-B6F3A001407E}" EventSourceName="DCOM" />
			<EventID Qualifiers="0">10010</EventID>
			<Version>0</Version>
			<Level>2</Level>
			<Task>0</Task>
			<Opcode>0</Opcode>
			<Keywords>0x8080000000000000</Keywords>
			<TimeCreated SystemTime="2020-01-17T10:57:34.494117400Z" />
			<EventRecordID>16708</EventRecordID>
			<Correlation />
			<Execution ProcessID="636" ThreadID="1612" />
			<Channel>System</Channel>
			<Computer>DESKTOP-SQG8FRI</Computer>
			<Security UserID="S-1-5-21-1379532148-1851618953-3399223282-1001" />
		</System>
		<EventData>
			<Data Name="param1">{E60687F7-01A1-40AA-86AC-DB1CBF673334}</Data>
		</EventData>
		<RenderingInfo Culture="ru-RU">
			<Message>Регистрация сервера {E60687F7-01A1-40AA-86AC-DB1CBF673334} DCOM не выполнена за отведенное время ожидания.</Message>
			<Level>Ошибка</Level>
			<Task />
			<Opcode>Сведения</Opcode>
			<Channel />
			<Provider>Microsoft-Windows-DistributedCOM</Provider>
			<Keywords>
				<Keyword>Классический</Keyword>
			</Keywords>
		</RenderingInfo>
	</Event>
	<Event xmlns="http://schemas.microsoft.com/win/2004/08/events/event">
		<System>
			<Provider Name="Service Control Manager" Guid="{555908d1-a6d7-4695-8e1e-26931d2012f4}" EventSourceName="Service Control Manager" />
			<EventID Qualifiers="49152">7023</EventID>
			<Version>0</Version>
			<Level>2</Level>
			<Task>0</Task>
			<Opcode>0</Opcode>
			<Keywords>0x8080000000000000</Keywords>
			<TimeCreated SystemTime="2020-01-17T10:55:34.489763800Z" />
			<EventRecordID>16706</EventRecordID>
			<Correlation />
			<Execution ProcessID="808" ThreadID="8076" />
			<Channel>System</Channel>
			<Computer>DESKTOP-SQG8FRI</Computer>
			<Security />
		</System>
		<EventData>
			<Data Name="param1">wuauserv</Data>
			<Data Name="param2">%%2</Data>
			<Binary>770075006100750073006500720076000000</Binary>
		</EventData>
		<RenderingInfo Culture="ru-RU">
			<Message>Служба "wuauserv" завершена из-за ошибки 
Не удается найти указанный файл.</Message>
			<Level>Ошибка</Level>
			<Task />
			<Opcode />
			<Channel />
			<Provider>Microsoft-Windows-Service Control Manager</Provider>
			<Keywords>
				<Keyword>Классический</Keyword>
			</Keywords>
		</RenderingInfo>
	</Event>
	<Event xmlns="http://schemas.microsoft.com/win/2004/08/events/event">
		<System>
			<Provider Name="Microsoft-Windows-DistributedCOM" Guid="{1B562E86-B7AA-4131-BADC-B6F3A001407E}" EventSourceName="DCOM" />
			<EventID Qualifiers="0">10010</EventID>
			<Version>0</Version>
			<Level>2</Level>
			<Task>0</Task>
			<Opcode>0</Opcode>
			<Keywords>0x8080000000000000</Keywords>
			<TimeCreated SystemTime="2020-01-17T10:55:34.452763700Z" />
			<EventRecordID>16705</EventRecordID>
			<Correlation />
			<Execution ProcessID="636" ThreadID="1600" />
			<Channel>System</Channel>
			<Computer>DESKTOP-SQG8FRI</Computer>
			<Security UserID="S-1-5-18" />
		</System>
		<EventData>
			<Data Name="param1">{E60687F7-01A1-40AA-86AC-DB1CBF673334}</Data>
		</EventData>
		<RenderingInfo Culture="ru-RU">
			<Message>Регистрация сервера {E60687F7-01A1-40AA-86AC-DB1CBF673334} DCOM не выполнена за отведенное время ожидания.</Message>
			<Level>Ошибка</Level>
			<Task />
			<Opcode>Сведения</Opcode>
			<Channel />
			<Provider>Microsoft-Windows-DistributedCOM</Provider>
			<Keywords>
				<Keyword>Классический</Keyword>
			</Keywords>
		</RenderingInfo>
	</Event>
	<Event xmlns="http://schemas.microsoft.com/win/2004/08/events/event">
		<System>
			<Provider Name="Microsoft-Windows-DistributedCOM" Guid="{1B562E86-B7AA-4131-BADC-B6F3A001407E}" EventSourceName="DCOM" />
			<EventID Qualifiers="0">10016</EventID>
			<Version>0</Version>
			<Level>2</Level>
			<Task>0</Task>
			<Opcode>0</Opcode>
			<Keywords>0x8080000000000000</Keywords>
			<TimeCreated SystemTime="2020-01-17T10:54:07.931699600Z" />
			<EventRecordID>16704</EventRecordID>
			<Correlation />
			<Execution ProcessID="636" ThreadID="564" />
			<Channel>System</Channel>
			<Computer>DESKTOP-SQG8FRI</Computer>
			<Security UserID="S-1-5-21-1379532148-1851618953-3399223282-1001" />
		</System>
		<EventData>
			<Data Name="param1">для конкретного приложения</Data>
			<Data Name="param2">Локально</Data>
			<Data Name="param3">Активация</Data>
			<Data Name="param4">{2593F8B9-4EAF-457C-B68A-50F6B8EA6B54}</Data>
			<Data Name="param5">{15C20B67-12E7-4BB6-92BB-7AFF07997402}</Data>
			<Data Name="param6">DESKTOP-SQG8FRI</Data>
			<Data Name="param7">MACHHOME</Data>
			<Data Name="param8">S-1-5-21-1379532148-1851618953-3399223282-1001</Data>
			<Data Name="param9">LocalHost (с использованием LRPC)</Data>
			<Data Name="param10">Недоступно</Data>
			<Data Name="param11">Недоступно</Data>
		</EventData>
		<RenderingInfo Culture="ru-RU">
			<Message>Параметры разрешений для конкретного приложения не дают разрешения Локально Активация для приложения COM-сервера с CLSID 
{2593F8B9-4EAF-457C-B68A-50F6B8EA6B54}
 и APPID 
{15C20B67-12E7-4BB6-92BB-7AFF07997402}
 пользователю DESKTOP-SQG8FRI\MACHHOME с ИД безопасности (S-1-5-21-1379532148-1851618953-3399223282-1001) и адресом LocalHost (с использованием LRPC), выполняемого в контейнере приложения Недоступно с ИД безопасности (Недоступно). Это разрешение безопасности можно изменить с помощью средства администрирования служб компонентов.</Message>
			<Level>Ошибка</Level>
			<Task />
			<Opcode>Сведения</Opcode>
			<Channel />
			<Provider>Microsoft-Windows-DistributedCOM</Provider>
			<Keywords>
				<Keyword>Классический</Keyword>
			</Keywords>
		</RenderingInfo>
	</Event>
	<Event xmlns="http://schemas.microsoft.com/win/2004/08/events/event">
		<System>
			<Provider Name="Service Control Manager" Guid="{555908d1-a6d7-4695-8e1e-26931d2012f4}" EventSourceName="Service Control Manager" />
			<EventID Qualifiers="49152">7023</EventID>
			<Version>0</Version>
			<Level>2</Level>
			<Task>0</Task>
			<Opcode>0</Opcode>
			<Keywords>0x8080000000000000</Keywords>
			<TimeCreated SystemTime="2020-01-17T10:53:34.431856900Z" />
			<EventRecordID>16701</EventRecordID>
			<Correlation />
			<Execution ProcessID="808" ThreadID="2152" />
			<Channel>System</Channel>
			<Computer>DESKTOP-SQG8FRI</Computer>
			<Security />
		</System>
		<EventData>
			<Data Name="param1">wuauserv</Data>
			<Data Name="param2">%%2</Data>
			<Binary>770075006100750073006500720076000000</Binary>
		</EventData>
		<RenderingInfo Culture="ru-RU">
			<Message>Служба "wuauserv" завершена из-за ошибки 
Не удается найти указанный файл.</Message>
			<Level>Ошибка</Level>
			<Task />
			<Opcode />
			<Channel />
			<Provider>Microsoft-Windows-Service Control Manager</Provider>
			<Keywords>
				<Keyword>Классический</Keyword>
			</Keywords>
		</RenderingInfo>
	</Event>
	<Event xmlns="http://schemas.microsoft.com/win/2004/08/events/event">
		<System>
			<Provider Name="Microsoft-Windows-DistributedCOM" Guid="{1B562E86-B7AA-4131-BADC-B6F3A001407E}" EventSourceName="DCOM" />
			<EventID Qualifiers="0">10010</EventID>
			<Version>0</Version>
			<Level>2</Level>
			<Task>0</Task>
			<Opcode>0</Opcode>
			<Keywords>0x8080000000000000</Keywords>
			<TimeCreated SystemTime="2020-01-17T10:53:34.401892300Z" />
			<EventRecordID>16700</EventRecordID>
			<Correlation />
			<Execution ProcessID="636" ThreadID="1628" />
			<Channel>System</Channel>
			<Computer>DESKTOP-SQG8FRI</Computer>
			<Security UserID="S-1-5-18" />
		</System>
		<EventData>
			<Data Name="param1">{E60687F7-01A1-40AA-86AC-DB1CBF673334}</Data>
		</EventData>
		<RenderingInfo Culture="ru-RU">
			<Message>Регистрация сервера {E60687F7-01A1-40AA-86AC-DB1CBF673334} DCOM не выполнена за отведенное время ожидания.</Message>
			<Level>Ошибка</Level>
			<Task />
			<Opcode>Сведения</Opcode>
			<Channel />
			<Provider>Microsoft-Windows-DistributedCOM</Provider>
			<Keywords>
				<Keyword>Классический</Keyword>
			</Keywords>
		</RenderingInfo>
	</Event>
	<Event xmlns="http://schemas.microsoft.com/win/2004/08/events/event">
		<System>
			<Provider Name="Service Control Manager" Guid="{555908d1-a6d7-4695-8e1e-26931d2012f4}" EventSourceName="Service Control Manager" />
			<EventID Qualifiers="49152">7023</EventID>
			<Version>0</Version>
			<Level>2</Level>
			<Task>0</Task>
			<Opcode>0</Opcode>
			<Keywords>0x8080000000000000</Keywords>
			<TimeCreated SystemTime="2020-01-17T10:51:34.374200100Z" />
			<EventRecordID>16699</EventRecordID>
			<Correlation />
			<Execution ProcessID="808" ThreadID="2152" />
			<Channel>System</Channel>
			<Computer>DESKTOP-SQG8FRI</Computer>
			<Security />
		</System>
		<EventData>
			<Data Name="param1">wuauserv</Data>
			<Data Name="param2">%%2</Data>
			<Binary>770075006100750073006500720076000000</Binary>
		</EventData>
		<RenderingInfo Culture="ru-RU">
			<Message>Служба "wuauserv" завершена из-за ошибки 
Не удается найти указанный файл.</Message>
			<Level>Ошибка</Level>
			<Task />
			<Opcode />
			<Channel />
			<Provider>Microsoft-Windows-Service Control Manager</Provider>
			<Keywords>
				<Keyword>Классический</Keyword>
			</Keywords>
		</RenderingInfo>
	</Event>
	<Event xmlns="http://schemas.microsoft.com/win/2004/08/events/event">
		<System>
			<Provider Name="Microsoft-Windows-DistributedCOM" Guid="{1B562E86-B7AA-4131-BADC-B6F3A001407E}" EventSourceName="DCOM" />
			<EventID Qualifiers="0">10010</EventID>
			<Version>0</Version>
			<Level>2</Level>
			<Task>0</Task>
			<Opcode>0</Opcode>
			<Keywords>0x8080000000000000</Keywords>
			<TimeCreated SystemTime="2020-01-17T10:51:34.344199900Z" />
			<EventRecordID>16698</EventRecordID>
			<Correlation />
			<Execution ProcessID="636" ThreadID="1628" />
			<Channel>System</Channel>
			<Computer>DESKTOP-SQG8FRI</Computer>
			<Security UserID="S-1-5-18" />
		</System>
		<EventData>
			<Data Name="param1">{E60687F7-01A1-40AA-86AC-DB1CBF673334}</Data>
		</EventData>
		<RenderingInfo Culture="ru-RU">
			<Message>Регистрация сервера {E60687F7-01A1-40AA-86AC-DB1CBF673334} DCOM не выполнена за отведенное время ожидания.</Message>
			<Level>Ошибка</Level>
			<Task />
			<Opcode>Сведения</Opcode>
			<Channel />
			<Provider>Microsoft-Windows-DistributedCOM</Provider>
			<Keywords>
				<Keyword>Классический</Keyword>
			</Keywords>
		</RenderingInfo>
	</Event>
	<Event xmlns="http://schemas.microsoft.com/win/2004/08/events/event">
		<System>
			<Provider Name="Service Control Manager" Guid="{555908d1-a6d7-4695-8e1e-26931d2012f4}" EventSourceName="Service Control Manager" />
			<EventID Qualifiers="49152">7023</EventID>
			<Version>0</Version>
			<Level>2</Level>
			<Task>0</Task>
			<Opcode>0</Opcode>
			<Keywords>0x8080000000000000</Keywords>
			<TimeCreated SystemTime="2020-01-17T10:49:34.320113300Z" />
			<EventRecordID>16695</EventRecordID>
			<Correlation />
			<Execution ProcessID="808" ThreadID="2532" />
			<Channel>System</Channel>
			<Computer>DESKTOP-SQG8FRI</Computer>
			<Security />
		</System>
		<EventData>
			<Data Name="param1">wuauserv</Data>
			<Data Name="param2">%%2</Data>
			<Binary>770075006100750073006500720076000000</Binary>
		</EventData>
		<RenderingInfo Culture="ru-RU">
			<Message>Служба "wuauserv" завершена из-за ошибки 
Не удается найти указанный файл.</Message>
			<Level>Ошибка</Level>
			<Task />
			<Opcode />
			<Channel />
			<Provider>Microsoft-Windows-Service Control Manager</Provider>
			<Keywords>
				<Keyword>Классический</Keyword>
			</Keywords>
		</RenderingInfo>
	</Event>
	<Event xmlns="http://schemas.microsoft.com/win/2004/08/events/event">
		<System>
			<Provider Name="Microsoft-Windows-DistributedCOM" Guid="{1B562E86-B7AA-4131-BADC-B6F3A001407E}" EventSourceName="DCOM" />
			<EventID Qualifiers="0">10010</EventID>
			<Version>0</Version>
			<Level>2</Level>
			<Task>0</Task>
			<Opcode>0</Opcode>
			<Keywords>0x8080000000000000</Keywords>
			<TimeCreated SystemTime="2020-01-17T10:48:13.823301500Z" />
			<EventRecordID>16692</EventRecordID>
			<Correlation />
			<Execution ProcessID="636" ThreadID="840" />
			<Channel>System</Channel>
			<Computer>DESKTOP-SQG8FRI</Computer>
			<Security UserID="S-1-5-18" />
		</System>
		<EventData>
			<Data Name="param1">{E60687F7-01A1-40AA-86AC-DB1CBF673334}</Data>
		</EventData>
		<RenderingInfo Culture="ru-RU">
			<Message>Регистрация сервера {E60687F7-01A1-40AA-86AC-DB1CBF673334} DCOM не выполнена за отведенное время ожидания.</Message>
			<Level>Ошибка</Level>
			<Task />
			<Opcode>Сведения</Opcode>
			<Channel />
			<Provider>Microsoft-Windows-DistributedCOM</Provider>
			<Keywords>
				<Keyword>Классический</Keyword>
			</Keywords>
		</RenderingInfo>
	</Event>
	<Event xmlns="http://schemas.microsoft.com/win/2004/08/events/event">
		<System>
			<Provider Name="Service Control Manager" Guid="{555908d1-a6d7-4695-8e1e-26931d2012f4}" EventSourceName="Service Control Manager" />
			<EventID Qualifiers="49152">7023</EventID>
			<Version>0</Version>
			<Level>2</Level>
			<Task>0</Task>
			<Opcode>0</Opcode>
			<Keywords>0x8080000000000000</Keywords>
			<TimeCreated SystemTime="2020-01-17T10:46:13.797006900Z" />
			<EventRecordID>16691</EventRecordID>
			<Correlation />
			<Execution ProcessID="808" ThreadID="8076" />
			<Channel>System</Channel>
			<Computer>DESKTOP-SQG8FRI</Computer>
			<Security />
		</System>
		<EventData>
			<Data Name="param1">wuauserv</Data>
			<Data Name="param2">%%2</Data>
			<Binary>770075006100750073006500720076000000</Binary>
		</EventData>
		<RenderingInfo Culture="ru-RU">
			<Message>Служба "wuauserv" завершена из-за ошибки 
Не удается найти указанный файл.</Message>
			<Level>Ошибка</Level>
			<Task />
			<Opcode />
			<Channel />
			<Provider>Microsoft-Windows-Service Control Manager</Provider>
			<Keywords>
				<Keyword>Классический</Keyword>
			</Keywords>
		</RenderingInfo>
	</Event>
	<Event xmlns="http://schemas.microsoft.com/win/2004/08/events/event">
		<System>
			<Provider Name="Microsoft-Windows-DistributedCOM" Guid="{1B562E86-B7AA-4131-BADC-B6F3A001407E}" EventSourceName="DCOM" />
			<EventID Qualifiers="0">10010</EventID>
			<Version>0</Version>
			<Level>2</Level>
			<Task>0</Task>
			<Opcode>0</Opcode>
			<Keywords>0x8080000000000000</Keywords>
			<TimeCreated SystemTime="2020-01-17T10:46:13.746990900Z" />
			<EventRecordID>16690</EventRecordID>
			<Correlation />
			<Execution ProcessID="636" ThreadID="840" />
			<Channel>System</Channel>
			<Computer>DESKTOP-SQG8FRI</Computer>
			<Security UserID="S-1-5-18" />
		</System>
		<EventData>
			<Data Name="param1">{E60687F7-01A1-40AA-86AC-DB1CBF673334}</Data>
		</EventData>
		<RenderingInfo Culture="ru-RU">
			<Message>Регистрация сервера {E60687F7-01A1-40AA-86AC-DB1CBF673334} DCOM не выполнена за отведенное время ожидания.</Message>
			<Level>Ошибка</Level>
			<Task />
			<Opcode>Сведения</Opcode>
			<Channel />
			<Provider>Microsoft-Windows-DistributedCOM</Provider>
			<Keywords>
				<Keyword>Классический</Keyword>
			</Keywords>
		</RenderingInfo>
	</Event>
	<Event xmlns="http://schemas.microsoft.com/win/2004/08/events/event">
		<System>
			<Provider Name="Service Control Manager" Guid="{555908d1-a6d7-4695-8e1e-26931d2012f4}" EventSourceName="Service Control Manager" />
			<EventID Qualifiers="49152">7023</EventID>
			<Version>0</Version>
			<Level>2</Level>
			<Task>0</Task>
			<Opcode>0</Opcode>
			<Keywords>0x8080000000000000</Keywords>
			<TimeCreated SystemTime="2020-01-17T10:44:13.719425300Z" />
			<EventRecordID>16688</EventRecordID>
			<Correlation />
			<Execution ProcessID="808" ThreadID="8076" />
			<Channel>System</Channel>
			<Computer>DESKTOP-SQG8FRI</Computer>
			<Security />
		</System>
		<EventData>
			<Data Name="param1">wuauserv</Data>
			<Data Name="param2">%%2</Data>
			<Binary>770075006100750073006500720076000000</Binary>
		</EventData>
		<RenderingInfo Culture="ru-RU">
			<Message>Служба "wuauserv" завершена из-за ошибки 
Не удается найти указанный файл.</Message>
			<Level>Ошибка</Level>
			<Task />
			<Opcode />
			<Channel />
			<Provider>Microsoft-Windows-Service Control Manager</Provider>
			<Keywords>
				<Keyword>Классический</Keyword>
			</Keywords>
		</RenderingInfo>
	</Event>
	<Event xmlns="http://schemas.microsoft.com/win/2004/08/events/event">
		<System>
			<Provider Name="Microsoft-Windows-DistributedCOM" Guid="{1B562E86-B7AA-4131-BADC-B6F3A001407E}" EventSourceName="DCOM" />
			<EventID Qualifiers="0">10010</EventID>
			<Version>0</Version>
			<Level>2</Level>
			<Task>0</Task>
			<Opcode>0</Opcode>
			<Keywords>0x8080000000000000</Keywords>
			<TimeCreated SystemTime="2020-01-17T10:44:13.689423100Z" />
			<EventRecordID>16687</EventRecordID>
			<Correlation />
			<Execution ProcessID="636" ThreadID="1612" />
			<Channel>System</Channel>
			<Computer>DESKTOP-SQG8FRI</Computer>
			<Security UserID="S-1-5-18" />
		</System>
		<EventData>
			<Data Name="param1">{E60687F7-01A1-40AA-86AC-DB1CBF673334}</Data>
		</EventData>
		<RenderingInfo Culture="ru-RU">
			<Message>Регистрация сервера {E60687F7-01A1-40AA-86AC-DB1CBF673334} DCOM не выполнена за отведенное время ожидания.</Message>
			<Level>Ошибка</Level>
			<Task />
			<Opcode>Сведения</Opcode>
			<Channel />
			<Provider>Microsoft-Windows-DistributedCOM</Provider>
			<Keywords>
				<Keyword>Классический</Keyword>
			</Keywords>
		</RenderingInfo>
	</Event>
	<Event xmlns="http://schemas.microsoft.com/win/2004/08/events/event">
		<System>
			<Provider Name="Service Control Manager" Guid="{555908d1-a6d7-4695-8e1e-26931d2012f4}" EventSourceName="Service Control Manager" />
			<EventID Qualifiers="49152">7023</EventID>
			<Version>0</Version>
			<Level>2</Level>
			<Task>0</Task>
			<Opcode>0</Opcode>
			<Keywords>0x8080000000000000</Keywords>
			<TimeCreated SystemTime="2020-01-17T10:42:13.663861600Z" />
			<EventRecordID>16686</EventRecordID>
			<Correlation />
			<Execution ProcessID="808" ThreadID="2152" />
			<Channel>System</Channel>
			<Computer>DESKTOP-SQG8FRI</Computer>
			<Security />
		</System>
		<EventData>
			<Data Name="param1">wuauserv</Data>
			<Data Name="param2">%%2</Data>
			<Binary>770075006100750073006500720076000000</Binary>
		</EventData>
		<RenderingInfo Culture="ru-RU">
			<Message>Служба "wuauserv" завершена из-за ошибки 
Не удается найти указанный файл.</Message>
			<Level>Ошибка</Level>
			<Task />
			<Opcode />
			<Channel />
			<Provider>Microsoft-Windows-Service Control Manager</Provider>
			<Keywords>
				<Keyword>Классический</Keyword>
			</Keywords>
		</RenderingInfo>
	</Event>
	<Event xmlns="http://schemas.microsoft.com/win/2004/08/events/event">
		<System>
			<Provider Name="Microsoft-Windows-DistributedCOM" Guid="{1B562E86-B7AA-4131-BADC-B6F3A001407E}" EventSourceName="DCOM" />
			<EventID Qualifiers="0">10016</EventID>
			<Version>0</Version>
			<Level>2</Level>
			<Task>0</Task>
			<Opcode>0</Opcode>
			<Keywords>0x8080000000000000</Keywords>
			<TimeCreated SystemTime="2020-01-17T10:41:33.245684800Z" />
			<EventRecordID>16683</EventRecordID>
			<Correlation />
			<Execution ProcessID="636" ThreadID="840" />
			<Channel>System</Channel>
			<Computer>DESKTOP-SQG8FRI</Computer>
			<Security UserID="S-1-5-18" />
		</System>
		<EventData>
			<Data Name="param1">для конкретного приложения</Data>
			<Data Name="param2">Локально</Data>
			<Data Name="param3">Запуск</Data>
			<Data Name="param4">Windows.SecurityCenter.WscDataProtection</Data>
			<Data Name="param5">Недоступно</Data>
			<Data Name="param6">NT AUTHORITY</Data>
			<Data Name="param7">СИСТЕМА</Data>
			<Data Name="param8">S-1-5-18</Data>
			<Data Name="param9">LocalHost (с использованием LRPC)</Data>
			<Data Name="param10">Недоступно</Data>
			<Data Name="param11">Недоступно</Data>
		</EventData>
		<RenderingInfo Culture="ru-RU">
			<Message>Параметры разрешений для конкретного приложения не дают разрешения Локально Запуск для приложения COM-сервера с CLSID 
Windows.SecurityCenter.WscDataProtection
 и APPID 
Недоступно
 пользователю NT AUTHORITY\СИСТЕМА с ИД безопасности (S-1-5-18) и адресом LocalHost (с использованием LRPC), выполняемого в контейнере приложения Недоступно с ИД безопасности (Недоступно). Это разрешение безопасности можно изменить с помощью средства администрирования служб компонентов.</Message>
			<Level>Ошибка</Level>
			<Task />
			<Opcode>Сведения</Opcode>
			<Channel />
			<Provider>Microsoft-Windows-DistributedCOM</Provider>
			<Keywords>
				<Keyword>Классический</Keyword>
			</Keywords>
		</RenderingInfo>
	</Event>
	<Event xmlns="http://schemas.microsoft.com/win/2004/08/events/event">
		<System>
			<Provider Name="VBoxNetLwf" />
			<EventID Qualifiers="49156">12</EventID>
			<Level>2</Level>
			<Task>0</Task>
			<Keywords>0x80000000000000</Keywords>
			<TimeCreated SystemTime="2020-01-17T10:41:15.079312900Z" />
			<EventRecordID>16682</EventRecordID>
			<Channel>System</Channel>
			<Computer>DESKTOP-SQG8FRI</Computer>
			<Security />
		</System>
		<EventData>
			<Data>\Device\VBoxNetLwf</Data>
			<Binary>0000180001000000000000000C0004C0080000000000000000000000000000000000000000000000503EAA9297E5503EAA9297E3D48564093A1602004C4F4F50</Binary>
		</EventData>
		<RenderingInfo Culture="ru-RU">
			<Message>Драйвер обнаружил внутреннюю ошибку драйвера на \Device\VBoxNetLwf.</Message>
			<Level>Ошибка</Level>
			<Task />
			<Opcode />
			<Channel />
			<Provider />
			<Keywords>
				<Keyword>Классический</Keyword>
			</Keywords>
		</RenderingInfo>
	</Event>
	<Event xmlns="http://schemas.microsoft.com/win/2004/08/events/event">
		<System>
			<Provider Name="Service Control Manager" Guid="{555908d1-a6d7-4695-8e1e-26931d2012f4}" EventSourceName="Service Control Manager" />
			<EventID Qualifiers="49152">7000</EventID>
			<Version>0</Version>
			<Level>2</Level>
			<Task>0</Task>
			<Opcode>0</Opcode>
			<Keywords>0x8080000000000000</Keywords>
			<TimeCreated SystemTime="2020-01-17T10:39:29.309538900Z" />
			<EventRecordID>16662</EventRecordID>
			<Correlation />
			<Execution ProcessID="808" ThreadID="4476" />
			<Channel>System</Channel>
			<Computer>DESKTOP-SQG8FRI</Computer>
			<Security />
		</System>
		<EventData>
			<Data Name="param1">Autodesk Content Service</Data>
			<Data Name="param2">%%1053</Data>
			<Binary>4100750074006F006400650073006B00200043006F006E00740065006E007400200053006500720076006900630065000000</Binary>
		</EventData>
		<RenderingInfo Culture="ru-RU">
			<Message>Сбой при запуске службы "Autodesk Content Service" из-за ошибки 
Служба не ответила на запрос своевременно.</Message>
			<Level>Ошибка</Level>
			<Task />
			<Opcode />
			<Channel />
			<Provider>Microsoft-Windows-Service Control Manager</Provider>
			<Keywords>
				<Keyword>Классический</Keyword>
			</Keywords>
		</RenderingInfo>
	</Event>
	<Event xmlns="http://schemas.microsoft.com/win/2004/08/events/event">
		<System>
			<Provider Name="Service Control Manager" Guid="{555908d1-a6d7-4695-8e1e-26931d2012f4}" EventSourceName="Service Control Manager" />
			<EventID Qualifiers="49152">7009</EventID>
			<Version>0</Version>
			<Level>2</Level>
			<Task>0</Task>
			<Opcode>0</Opcode>
			<Keywords>0x8080000000000000</Keywords>
			<TimeCreated SystemTime="2020-01-17T10:39:29.309538900Z" />
			<EventRecordID>16661</EventRecordID>
			<Correlation />
			<Execution ProcessID="808" ThreadID="4476" />
			<Channel>System</Channel>
			<Computer>DESKTOP-SQG8FRI</Computer>
			<Security />
		</System>
		<EventData>
			<Data Name="param1">90000</Data>
			<Data Name="param2">Autodesk Content Service</Data>
			<Binary>4100750074006F006400650073006B00200043006F006E00740065006E007400200053006500720076006900630065000000</Binary>
		</EventData>
		<RenderingInfo Culture="ru-RU">
			<Message>Превышение времени ожидания (90000 мс) при ожидании подключения службы "Autodesk Content Service".</Message>
			<Level>Ошибка</Level>
			<Task />
			<Opcode />
			<Channel />
			<Provider>Microsoft-Windows-Service Control Manager</Provider>
			<Keywords>
				<Keyword>Классический</Keyword>
			</Keywords>
		</RenderingInfo>
	</Event>
	<Event xmlns="http://schemas.microsoft.com/win/2004/08/events/event">
		<System>
			<Provider Name="VBoxNetLwf" />
			<EventID Qualifiers="49156">12</EventID>
			<Level>2</Level>
			<Task>0</Task>
			<Keywords>0x80000000000000</Keywords>
			<TimeCreated SystemTime="2020-01-17T10:39:28.965788100Z" />
			<EventRecordID>16660</EventRecordID>
			<Channel>System</Channel>
			<Computer>DESKTOP-SQG8FRI</Computer>
			<Security />
		</System>
		<EventData>
			<Data>\Device\VBoxNetLwf</Data>
			<Binary>0000140001000000000000000C0004C0080000000000000000000000000000000000000000000000503EAA9297E3D48564093A1602004C4F4F500000</Binary>
		</EventData>
		<RenderingInfo Culture="ru-RU">
			<Message>Драйвер обнаружил внутреннюю ошибку драйвера на \Device\VBoxNetLwf.</Message>
			<Level>Ошибка</Level>
			<Task />
			<Opcode />
			<Channel />
			<Provider />
			<Keywords>
				<Keyword>Классический</Keyword>
			</Keywords>
		</RenderingInfo>
	</Event>
	<Event xmlns="http://schemas.microsoft.com/win/2004/08/events/event">
		<System>
			<Provider Name="Service Control Manager" Guid="{555908d1-a6d7-4695-8e1e-26931d2012f4}" EventSourceName="Service Control Manager" />
			<EventID Qualifiers="49152">7000</EventID>
			<Version>0</Version>
			<Level>2</Level>
			<Task>0</Task>
			<Opcode>0</Opcode>
			<Keywords>0x8080000000000000</Keywords>
			<TimeCreated SystemTime="2020-01-17T10:39:28.700879500Z" />
			<EventRecordID>16655</EventRecordID>
			<Correlation />
			<Execution ProcessID="808" ThreadID="4768" />
			<Channel>System</Channel>
			<Computer>DESKTOP-SQG8FRI</Computer>
			<Security />
		</System>
		<EventData>
			<Data Name="param1">WinDefender</Data>
			<Data Name="param2">%%2</Data>
			<Binary>570069006E0044006500660065006E006400650072000000</Binary>
		</EventData>
		<RenderingInfo Culture="ru-RU">
			<Message>Сбой при запуске службы "WinDefender" из-за ошибки 
Не удается найти указанный файл.</Message>
			<Level>Ошибка</Level>
			<Task />
			<Opcode />
			<Channel />
			<Provider>Microsoft-Windows-Service Control Manager</Provider>
			<Keywords>
				<Keyword>Классический</Keyword>
			</Keywords>
		</RenderingInfo>
	</Event>
	<Event xmlns="http://schemas.microsoft.com/win/2004/08/events/event">
		<System>
			<Provider Name="Service Control Manager" Guid="{555908d1-a6d7-4695-8e1e-26931d2012f4}" EventSourceName="Service Control Manager" />
			<EventID Qualifiers="49152">7000</EventID>
			<Version>0</Version>
			<Level>2</Level>
			<Task>0</Task>
			<Opcode>0</Opcode>
			<Keywords>0x8080000000000000</Keywords>
			<TimeCreated SystemTime="2020-01-17T10:39:28.700879500Z" />
			<EventRecordID>16654</EventRecordID>
			<Correlation />
			<Execution ProcessID="808" ThreadID="4664" />
			<Channel>System</Channel>
			<Computer>DESKTOP-SQG8FRI</Computer>
			<Security />
		</System>
		<EventData>
			<Data Name="param1">Snorler</Data>
			<Data Name="param2">%%2</Data>
			<Binary>53006E006F0072006C00650072000000</Binary>
		</EventData>
		<RenderingInfo Culture="ru-RU">
			<Message>Сбой при запуске службы "Snorler" из-за ошибки 
Не удается найти указанный файл.</Message>
			<Level>Ошибка</Level>
			<Task />
			<Opcode />
			<Channel />
			<Provider>Microsoft-Windows-Service Control Manager</Provider>
			<Keywords>
				<Keyword>Классический</Keyword>
			</Keywords>
		</RenderingInfo>
	</Event>
	<Event xmlns="http://schemas.microsoft.com/win/2004/08/events/event">
		<System>
			<Provider Name="Service Control Manager" Guid="{555908d1-a6d7-4695-8e1e-26931d2012f4}" EventSourceName="Service Control Manager" />
			<EventID Qualifiers="49152">7000</EventID>
			<Version>0</Version>
			<Level>2</Level>
			<Task>0</Task>
			<Opcode>0</Opcode>
			<Keywords>0x8080000000000000</Keywords>
			<TimeCreated SystemTime="2020-01-17T10:39:28.685254600Z" />
			<EventRecordID>16652</EventRecordID>
			<Correlation />
			<Execution ProcessID="808" ThreadID="4536" />
			<Channel>System</Channel>
			<Computer>DESKTOP-SQG8FRI</Computer>
			<Security />
		</System>
		<EventData>
			<Data Name="param1">hasplms</Data>
			<Data Name="param2">%%2</Data>
			<Binary>68006100730070006C006D0073000000</Binary>
		</EventData>
		<RenderingInfo Culture="ru-RU">
			<Message>Сбой при запуске службы "hasplms" из-за ошибки 
Не удается найти указанный файл.</Message>
			<Level>Ошибка</Level>
			<Task />
			<Opcode />
			<Channel />
			<Provider>Microsoft-Windows-Service Control Manager</Provider>
			<Keywords>
				<Keyword>Классический</Keyword>
			</Keywords>
		</RenderingInfo>
	</Event>
	<Event xmlns="http://schemas.microsoft.com/win/2004/08/events/event">
		<System>
			<Provider Name="Service Control Manager" Guid="{555908d1-a6d7-4695-8e1e-26931d2012f4}" EventSourceName="Service Control Manager" />
			<EventID Qualifiers="49152">7000</EventID>
			<Version>0</Version>
			<Level>2</Level>
			<Task>0</Task>
			<Opcode>0</Opcode>
			<Keywords>0x8080000000000000</Keywords>
			<TimeCreated SystemTime="2020-01-17T10:39:28.685254600Z" />
			<EventRecordID>16651</EventRecordID>
			<Correlation />
			<Execution ProcessID="808" ThreadID="4492" />
			<Channel>System</Channel>
			<Computer>DESKTOP-SQG8FRI</Computer>
			<Security />
		</System>
		<EventData>
			<Data Name="param1">CloudPrinter</Data>
			<Data Name="param2">%%2</Data>
			<Binary>43006C006F00750064005000720069006E007400650072000000</Binary>
		</EventData>
		<RenderingInfo Culture="ru-RU">
			<Message>Сбой при запуске службы "CloudPrinter" из-за ошибки 
Не удается найти указанный файл.</Message>
			<Level>Ошибка</Level>
			<Task />
			<Opcode />
			<Channel />
			<Provider>Microsoft-Windows-Service Control Manager</Provider>
			<Keywords>
				<Keyword>Классический</Keyword>
			</Keywords>
		</RenderingInfo>
	</Event>
	<Event xmlns="http://schemas.microsoft.com/win/2004/08/events/event">
		<System>
			<Provider Name="Service Control Manager" Guid="{555908d1-a6d7-4695-8e1e-26931d2012f4}" EventSourceName="Service Control Manager" />
			<EventID Qualifiers="49152">7000</EventID>
			<Version>0</Version>
			<Level>2</Level>
			<Task>0</Task>
			<Opcode>0</Opcode>
			<Keywords>0x8080000000000000</Keywords>
			<TimeCreated SystemTime="2020-01-17T10:39:28.685254600Z" />
			<EventRecordID>16650</EventRecordID>
			<Correlation />
			<Execution ProcessID="808" ThreadID="4480" />
			<Channel>System</Channel>
			<Computer>DESKTOP-SQG8FRI</Computer>
			<Security />
		</System>
		<EventData>
			<Data Name="param1">backlh</Data>
			<Data Name="param2">%%2</Data>
			<Binary>6200610063006B006C0068000000</Binary>
		</EventData>
		<RenderingInfo Culture="ru-RU">
			<Message>Сбой при запуске службы "backlh" из-за ошибки 
Не удается найти указанный файл.</Message>
			<Level>Ошибка</Level>
			<Task />
			<Opcode />
			<Channel />
			<Provider>Microsoft-Windows-Service Control Manager</Provider>
			<Keywords>
				<Keyword>Классический</Keyword>
			</Keywords>
		</RenderingInfo>
	</Event>
	<Event xmlns="http://schemas.microsoft.com/win/2004/08/events/event">
		<System>
			<Provider Name="Service Control Manager" Guid="{555908d1-a6d7-4695-8e1e-26931d2012f4}" EventSourceName="Service Control Manager" />
			<EventID Qualifiers="49152">7000</EventID>
			<Version>0</Version>
			<Level>2</Level>
			<Task>0</Task>
			<Opcode>0</Opcode>
			<Keywords>0x8080000000000000</Keywords>
			<TimeCreated SystemTime="2020-01-17T10:39:28.685254600Z" />
			<EventRecordID>16649</EventRecordID>
			<Correlation />
			<Execution ProcessID="808" ThreadID="4472" />
			<Channel>System</Channel>
			<Computer>DESKTOP-SQG8FRI</Computer>
			<Security />
		</System>
		<EventData>
			<Data Name="param1">ApprelronS</Data>
			<Data Name="param2">%%2</Data>
			<Binary>410070007000720065006C0072006F006E0053000000</Binary>
		</EventData>
		<RenderingInfo Culture="ru-RU">
			<Message>Сбой при запуске службы "ApprelronS" из-за ошибки 
Не удается найти указанный файл.</Message>
			<Level>Ошибка</Level>
			<Task />
			<Opcode />
			<Channel />
			<Provider>Microsoft-Windows-Service Control Manager</Provider>
			<Keywords>
				<Keyword>Классический</Keyword>
			</Keywords>
		</RenderingInfo>
	</Event>
	<Event xmlns="http://schemas.microsoft.com/win/2004/08/events/event">
		<System>
			<Provider Name="VBoxNetLwf" />
			<EventID Qualifiers="49156">12</EventID>
			<Level>2</Level>
			<Task>0</Task>
			<Keywords>0x80000000000000</Keywords>
			<TimeCreated SystemTime="2020-01-17T10:39:28.080221400Z" />
			<EventRecordID>16646</EventRecordID>
			<Channel>System</Channel>
			<Computer>DESKTOP-SQG8FRI</Computer>
			<Security />
		</System>
		<EventData>
			<Data>\Device\VBoxNetLwf</Data>
			<Binary>00000C0001000000000000000C0004C0080000000000000000000000000000000000000000000000D48564093A1602004C4F4F50</Binary>
		</EventData>
		<RenderingInfo Culture="ru-RU">
			<Message>Драйвер обнаружил внутреннюю ошибку драйвера на \Device\VBoxNetLwf.</Message>
			<Level>Ошибка</Level>
			<Task />
			<Opcode />
			<Channel />
			<Provider />
			<Keywords>
				<Keyword>Классический</Keyword>
			</Keywords>
		</RenderingInfo>
	</Event>
	<Event xmlns="http://schemas.microsoft.com/win/2004/08/events/event">
		<System>
			<Provider Name="VBoxNetLwf" />
			<EventID Qualifiers="49156">12</EventID>
			<Level>2</Level>
			<Task>0</Task>
			<Keywords>0x80000000000000</Keywords>
			<TimeCreated SystemTime="2020-01-17T10:39:17.187615200Z" />
			<EventRecordID>16627</EventRecordID>
			<Channel>System</Channel>
			<Computer>DESKTOP-SQG8FRI</Computer>
			<Security />
		</System>
		<EventData>
			<Data>\Device\VBoxNetLwf</Data>
			<Binary>0000000001000000000000000C0004C0080000000000000000000000000000000000000000000000</Binary>
		</EventData>
		<RenderingInfo Culture="ru-RU">
			<Message>Драйвер обнаружил внутреннюю ошибку драйвера на \Device\VBoxNetLwf.</Message>
			<Level>Ошибка</Level>
			<Task />
			<Opcode />
			<Channel />
			<Provider />
			<Keywords>
				<Keyword>Классический</Keyword>
			</Keywords>
		</RenderingInfo>
	</Event>
	<Event xmlns="http://schemas.microsoft.com/win/2004/08/events/event">
		<System>
			<Provider Name="Microsoft-Windows-Kernel-Power" Guid="{331c3b3a-2005-44c2-ac5e-77220c37d6b4}" />
			<EventID>41</EventID>
			<Version>6</Version>
			<Level>1</Level>
			<Task>63</Task>
			<Opcode>0</Opcode>
			<Keywords>0x8000400000000002</Keywords>
			<TimeCreated SystemTime="2020-01-17T10:39:15.378514600Z" />
			<EventRecordID>16607</EventRecordID>
			<Correlation />
			<Execution ProcessID="4" ThreadID="8" />
			<Channel>System</Channel>
			<Computer>DESKTOP-SQG8FRI</Computer>
			<Security UserID="S-1-5-18" />
		</System>
		<EventData>
			<Data Name="BugcheckCode">0</Data>
			<Data Name="BugcheckParameter1">0x0</Data>
			<Data Name="BugcheckParameter2">0x0</Data>
			<Data Name="BugcheckParameter3">0x0</Data>
			<Data Name="BugcheckParameter4">0x0</Data>
			<Data Name="SleepInProgress">0</Data>
			<Data Name="PowerButtonTimestamp">0</Data>
			<Data Name="BootAppStatus">0</Data>
			<Data Name="Checkpoint">41</Data>
			<Data Name="ConnectedStandbyInProgress">false</Data>
			<Data Name="SystemSleepTransitionsToOn">1</Data>
			<Data Name="CsEntryScenarioInstanceId">0</Data>
			<Data Name="BugcheckInfoFromEFI">false</Data>
			<Data Name="CheckpointStatus">0</Data>
		</EventData>
		<RenderingInfo Culture="ru-RU">
			<Message>Система перезагрузилась, завершив работу с ошибками. Возможные причины ошибки: система перестала отвечать на запросы, произошел критический сбой или неожиданно отключилось питание.</Message>
			<Level>Критический</Level>
			<Task />
			<Opcode>Сведения</Opcode>
			<Channel>System</Channel>
			<Provider>Microsoft-Windows-Kernel-Power</Provider>
			<Keywords />
		</RenderingInfo>
	</Event>
	