<Event xmlns="http://schemas.microsoft.com/win/2004/08/events/event">
		<System>
			<Provider Name="Service Control Manager" Guid="{555908d1-a6d7-4695-8e1e-26931d2012f4}" EventSourceName="Service Control Manager" />
			<EventID Qualifiers="49152">7023</EventID>
			<Version>0</Version>
			<Level>2</Level>
			<Task>0</Task>
			<Opcode>0</Opcode>
			<Keywords>0x8080000000000000</Keywords>
			<TimeCreated SystemTime="2020-01-18T06:04:32.112739300Z" />
			<EventRecordID>16927</EventRecordID>
			<Correlation />
			<Execution ProcessID="808" ThreadID="18164" />
			<Channel>System</Channel>
			<Computer>DESKTOP-SQG8FRI</Computer>
			<Security />
		</System>
		<EventData>
			<Data Name="param1">wuauserv</Data>
			<Data Name="param2">%%2</Data>
			<Binary>770075006100750073006500720076000000</Binary>
		</EventData>
		<RenderingInfo Culture="ru-RU">
			<Message>Служба "wuauserv" завершена из-за ошибки 
Не удается найти указанный файл.</Message>
			<Level>Ошибка</Level>
			<Task />
			<Opcode />
			<Channel />
			<Provider>Microsoft-Windows-Service Control Manager</Provider>
			<Keywords>
				<Keyword>Классический</Keyword>
			</Keywords>
		</RenderingInfo>
	</Event>
	<Event xmlns="http://schemas.microsoft.com/win/2004/08/events/event">
		<System>
			<Provider Name="Microsoft-Windows-DistributedCOM" Guid="{1B562E86-B7AA-4131-BADC-B6F3A001407E}" EventSourceName="DCOM" />
			<EventID Qualifiers="0">10010</EventID>
			<Version>0</Version>
			<Level>2</Level>
			<Task>0</Task>
			<Opcode>0</Opcode>
			<Keywords>0x8080000000000000</Keywords>
			<TimeCreated SystemTime="2020-01-18T05:18:48.949001300Z" />
			<EventRecordID>16923</EventRecordID>
			<Correlation />
			<Execution ProcessID="636" ThreadID="14136" />
			<Channel>System</Channel>
			<Computer>DESKTOP-SQG8FRI</Computer>
			<Security UserID="S-1-5-21-1379532148-1851618953-3399223282-1001" />
		</System>
		<EventData>
			<Data Name="param1">{E60687F7-01A1-40AA-86AC-DB1CBF673334}</Data>
		</EventData>
		<RenderingInfo Culture="ru-RU">
			<Message>Регистрация сервера {E60687F7-01A1-40AA-86AC-DB1CBF673334} DCOM не выполнена за отведенное время ожидания.</Message>
			<Level>Ошибка</Level>
			<Task />
			<Opcode>Сведения</Opcode>
			<Channel />
			<Provider>Microsoft-Windows-DistributedCOM</Provider>
			<Keywords>
				<Keyword>Классический</Keyword>
			</Keywords>
		</RenderingInfo>
	</Event>
	<Event xmlns="http://schemas.microsoft.com/win/2004/08/events/event">
		<System>
			<Provider Name="Service Control Manager" Guid="{555908d1-a6d7-4695-8e1e-26931d2012f4}" EventSourceName="Service Control Manager" />
			<EventID Qualifiers="49152">7023</EventID>
			<Version>0</Version>
			<Level>2</Level>
			<Task>0</Task>
			<Opcode>0</Opcode>
			<Keywords>0x8080000000000000</Keywords>
			<TimeCreated SystemTime="2020-01-18T05:16:48.946880300Z" />
			<EventRecordID>16922</EventRecordID>
			<Correlation />
			<Execution ProcessID="808" ThreadID="19376" />
			<Channel>System</Channel>
			<Computer>DESKTOP-SQG8FRI</Computer>
			<Security />
		</System>
		<EventData>
			<Data Name="param1">wuauserv</Data>
			<Data Name="param2">%%2</Data>
			<Binary>770075006100750073006500720076000000</Binary>
		</EventData>
		<RenderingInfo Culture="ru-RU">
			<Message>Служба "wuauserv" завершена из-за ошибки 
Не удается найти указанный файл.</Message>
			<Level>Ошибка</Level>
			<Task />
			<Opcode />
			<Channel />
			<Provider>Microsoft-Windows-Service Control Manager</Provider>
			<Keywords>
				<Keyword>Классический</Keyword>
			</Keywords>
		</RenderingInfo>
	</Event>
	<Event xmlns="http://schemas.microsoft.com/win/2004/08/events/event">
		<System>
			<Provider Name="Microsoft-Windows-DistributedCOM" Guid="{1B562E86-B7AA-4131-BADC-B6F3A001407E}" EventSourceName="DCOM" />
			<EventID Qualifiers="0">10010</EventID>
			<Version>0</Version>
			<Level>2</Level>
			<Task>0</Task>
			<Opcode>0</Opcode>
			<Keywords>0x8080000000000000</Keywords>
			<TimeCreated SystemTime="2020-01-18T05:05:26.667259900Z" />
			<EventRecordID>16921</EventRecordID>
			<Correlation />
			<Execution ProcessID="636" ThreadID="18764" />
			<Channel>System</Channel>
			<Computer>DESKTOP-SQG8FRI</Computer>
			<Security UserID="S-1-5-19" />
		</System>
		<EventData>
			<Data Name="param1">{E60687F7-01A1-40AA-86AC-DB1CBF673334}</Data>
		</EventData>
		<RenderingInfo Culture="ru-RU">
			<Message>Регистрация сервера {E60687F7-01A1-40AA-86AC-DB1CBF673334} DCOM не выполнена за отведенное время ожидания.</Message>
			<Level>Ошибка</Level>
			<Task />
			<Opcode>Сведения</Opcode>
			<Channel />
			<Provider>Microsoft-Windows-DistributedCOM</Provider>
			<Keywords>
				<Keyword>Классический</Keyword>
			</Keywords>
		</RenderingInfo>
	</Event>
	<Event xmlns="http://schemas.microsoft.com/win/2004/08/events/event">
		<System>
			<Provider Name="Service Control Manager" Guid="{555908d1-a6d7-4695-8e1e-26931d2012f4}" EventSourceName="Service Control Manager" />
			<EventID Qualifiers="49152">7023</EventID>
			<Version>0</Version>
			<Level>2</Level>
			<Task>0</Task>
			<Opcode>0</Opcode>
			<Keywords>0x8080000000000000</Keywords>
			<TimeCreated SystemTime="2020-01-18T05:03:26.665238100Z" />
			<EventRecordID>16920</EventRecordID>
			<Correlation />
			<Execution ProcessID="808" ThreadID="6608" />
			<Channel>System</Channel>
			<Computer>DESKTOP-SQG8FRI</Computer>
			<Security />
		</System>
		<EventData>
			<Data Name="param1">wuauserv</Data>
			<Data Name="param2">%%2</Data>
			<Binary>770075006100750073006500720076000000</Binary>
		</EventData>
		<RenderingInfo Culture="ru-RU">
			<Message>Служба "wuauserv" завершена из-за ошибки 
Не удается найти указанный файл.</Message>
			<Level>Ошибка</Level>
			<Task />
			<Opcode />
			<Channel />
			<Provider>Microsoft-Windows-Service Control Manager</Provider>
			<Keywords>
				<Keyword>Классический</Keyword>
			</Keywords>
		</RenderingInfo>
	</Event>
	<Event xmlns="http://schemas.microsoft.com/win/2004/08/events/event">
		<System>
			<Provider Name="Microsoft-Windows-DistributedCOM" Guid="{1B562E86-B7AA-4131-BADC-B6F3A001407E}" EventSourceName="DCOM" />
			<EventID Qualifiers="0">10010</EventID>
			<Version>0</Version>
			<Level>2</Level>
			<Task>0</Task>
			<Opcode>0</Opcode>
			<Keywords>0x8080000000000000</Keywords>
			<TimeCreated SystemTime="2020-01-18T05:03:26.641269800Z" />
			<EventRecordID>16919</EventRecordID>
			<Correlation />
			<Execution ProcessID="636" ThreadID="18764" />
			<Channel>System</Channel>
			<Computer>DESKTOP-SQG8FRI</Computer>
			<Security UserID="S-1-5-19" />
		</System>
		<EventData>
			<Data Name="param1">{E60687F7-01A1-40AA-86AC-DB1CBF673334}</Data>
		</EventData>
		<RenderingInfo Culture="ru-RU">
			<Message>Регистрация сервера {E60687F7-01A1-40AA-86AC-DB1CBF673334} DCOM не выполнена за отведенное время ожидания.</Message>
			<Level>Ошибка</Level>
			<Task />
			<Opcode>Сведения</Opcode>
			<Channel />
			<Provider>Microsoft-Windows-DistributedCOM</Provider>
			<Keywords>
				<Keyword>Классический</Keyword>
			</Keywords>
		</RenderingInfo>
	</Event>
	<Event xmlns="http://schemas.microsoft.com/win/2004/08/events/event">
		<System>
			<Provider Name="Service Control Manager" Guid="{555908d1-a6d7-4695-8e1e-26931d2012f4}" EventSourceName="Service Control Manager" />
			<EventID Qualifiers="49152">7023</EventID>
			<Version>0</Version>
			<Level>2</Level>
			<Task>0</Task>
			<Opcode>0</Opcode>
			<Keywords>0x8080000000000000</Keywords>
			<TimeCreated SystemTime="2020-01-18T05:01:26.639237900Z" />
			<EventRecordID>16918</EventRecordID>
			<Correlation />
			<Execution ProcessID="808" ThreadID="17628" />
			<Channel>System</Channel>
			<Computer>DESKTOP-SQG8FRI</Computer>
			<Security />
		</System>
		<EventData>
			<Data Name="param1">wuauserv</Data>
			<Data Name="param2">%%2</Data>
			<Binary>770075006100750073006500720076000000</Binary>
		</EventData>
		<RenderingInfo Culture="ru-RU">
			<Message>Служба "wuauserv" завершена из-за ошибки 
Не удается найти указанный файл.</Message>
			<Level>Ошибка</Level>
			<Task />
			<Opcode />
			<Channel />
			<Provider>Microsoft-Windows-Service Control Manager</Provider>
			<Keywords>
				<Keyword>Классический</Keyword>
			</Keywords>
		</RenderingInfo>
	</Event>
	<Event xmlns="http://schemas.microsoft.com/win/2004/08/events/event">
		<System>
			<Provider Name="Microsoft-Windows-DistributedCOM" Guid="{1B562E86-B7AA-4131-BADC-B6F3A001407E}" EventSourceName="DCOM" />
			<EventID Qualifiers="0">10010</EventID>
			<Version>0</Version>
			<Level>2</Level>
			<Task>0</Task>
			<Opcode>0</Opcode>
			<Keywords>0x8080000000000000</Keywords>
			<TimeCreated SystemTime="2020-01-18T05:01:26.607283300Z" />
			<EventRecordID>16917</EventRecordID>
			<Correlation />
			<Execution ProcessID="636" ThreadID="18764" />
			<Channel>System</Channel>
			<Computer>DESKTOP-SQG8FRI</Computer>
			<Security UserID="S-1-5-19" />
		</System>
		<EventData>
			<Data Name="param1">{E60687F7-01A1-40AA-86AC-DB1CBF673334}</Data>
		</EventData>
		<RenderingInfo Culture="ru-RU">
			<Message>Регистрация сервера {E60687F7-01A1-40AA-86AC-DB1CBF673334} DCOM не выполнена за отведенное время ожидания.</Message>
			<Level>Ошибка</Level>
			<Task />
			<Opcode>Сведения</Opcode>
			<Channel />
			<Provider>Microsoft-Windows-DistributedCOM</Provider>
			<Keywords>
				<Keyword>Классический</Keyword>
			</Keywords>
		</RenderingInfo>
	</Event>
	<Event xmlns="http://schemas.microsoft.com/win/2004/08/events/event">
		<System>
			<Provider Name="Service Control Manager" Guid="{555908d1-a6d7-4695-8e1e-26931d2012f4}" EventSourceName="Service Control Manager" />
			<EventID Qualifiers="49152">7023</EventID>
			<Version>0</Version>
			<Level>2</Level>
			<Task>0</Task>
			<Opcode>0</Opcode>
			<Keywords>0x8080000000000000</Keywords>
			<TimeCreated SystemTime="2020-01-18T04:59:26.604294400Z" />
			<EventRecordID>16916</EventRecordID>
			<Correlation />
			<Execution ProcessID="808" ThreadID="11952" />
			<Channel>System</Channel>
			<Computer>DESKTOP-SQG8FRI</Computer>
			<Security />
		</System>
		<EventData>
			<Data Name="param1">wuauserv</Data>
			<Data Name="param2">%%2</Data>
			<Binary>770075006100750073006500720076000000</Binary>
		</EventData>
		<RenderingInfo Culture="ru-RU">
			<Message>Служба "wuauserv" завершена из-за ошибки 
Не удается найти указанный файл.</Message>
			<Level>Ошибка</Level>
			<Task />
			<Opcode />
			<Channel />
			<Provider>Microsoft-Windows-Service Control Manager</Provider>
			<Keywords>
				<Keyword>Классический</Keyword>
			</Keywords>
		</RenderingInfo>
	</Event>
	<Event xmlns="http://schemas.microsoft.com/win/2004/08/events/event">
		<System>
			<Provider Name="Microsoft-Windows-DistributedCOM" Guid="{1B562E86-B7AA-4131-BADC-B6F3A001407E}" EventSourceName="DCOM" />
			<EventID Qualifiers="0">10010</EventID>
			<Version>0</Version>
			<Level>2</Level>
			<Task>0</Task>
			<Opcode>0</Opcode>
			<Keywords>0x8080000000000000</Keywords>
			<TimeCreated SystemTime="2020-01-18T04:59:26.570284800Z" />
			<EventRecordID>16915</EventRecordID>
			<Correlation />
			<Execution ProcessID="636" ThreadID="18764" />
			<Channel>System</Channel>
			<Computer>DESKTOP-SQG8FRI</Computer>
			<Security UserID="S-1-5-19" />
		</System>
		<EventData>
			<Data Name="param1">{E60687F7-01A1-40AA-86AC-DB1CBF673334}</Data>
		</EventData>
		<RenderingInfo Culture="ru-RU">
			<Message>Регистрация сервера {E60687F7-01A1-40AA-86AC-DB1CBF673334} DCOM не выполнена за отведенное время ожидания.</Message>
			<Level>Ошибка</Level>
			<Task />
			<Opcode>Сведения</Opcode>
			<Channel />
			<Provider>Microsoft-Windows-DistributedCOM</Provider>
			<Keywords>
				<Keyword>Классический</Keyword>
			</Keywords>
		</RenderingInfo>
	</Event>
	<Event xmlns="http://schemas.microsoft.com/win/2004/08/events/event">
		<System>
			<Provider Name="Service Control Manager" Guid="{555908d1-a6d7-4695-8e1e-26931d2012f4}" EventSourceName="Service Control Manager" />
			<EventID Qualifiers="49152">7023</EventID>
			<Version>0</Version>
			<Level>2</Level>
			<Task>0</Task>
			<Opcode>0</Opcode>
			<Keywords>0x8080000000000000</Keywords>
			<TimeCreated SystemTime="2020-01-18T04:57:26.569238600Z" />
			<EventRecordID>16914</EventRecordID>
			<Correlation />
			<Execution ProcessID="808" ThreadID="17628" />
			<Channel>System</Channel>
			<Computer>DESKTOP-SQG8FRI</Computer>
			<Security />
		</System>
		<EventData>
			<Data Name="param1">wuauserv</Data>
			<Data Name="param2">%%2</Data>
			<Binary>770075006100750073006500720076000000</Binary>
		</EventData>
		<RenderingInfo Culture="ru-RU">
			<Message>Служба "wuauserv" завершена из-за ошибки 
Не удается найти указанный файл.</Message>
			<Level>Ошибка</Level>
			<Task />
			<Opcode />
			<Channel />
			<Provider>Microsoft-Windows-Service Control Manager</Provider>
			<Keywords>
				<Keyword>Классический</Keyword>
			</Keywords>
		</RenderingInfo>
	</Event>
	<Event xmlns="http://schemas.microsoft.com/win/2004/08/events/event">
		<System>
			<Provider Name="Microsoft-Windows-DistributedCOM" Guid="{1B562E86-B7AA-4131-BADC-B6F3A001407E}" EventSourceName="DCOM" />
			<EventID Qualifiers="0">10010</EventID>
			<Version>0</Version>
			<Level>2</Level>
			<Task>0</Task>
			<Opcode>0</Opcode>
			<Keywords>0x8080000000000000</Keywords>
			<TimeCreated SystemTime="2020-01-18T04:57:26.535284000Z" />
			<EventRecordID>16913</EventRecordID>
			<Correlation />
			<Execution ProcessID="636" ThreadID="18764" />
			<Channel>System</Channel>
			<Computer>DESKTOP-SQG8FRI</Computer>
			<Security UserID="S-1-5-19" />
		</System>
		<EventData>
			<Data Name="param1">{E60687F7-01A1-40AA-86AC-DB1CBF673334}</Data>
		</EventData>
		<RenderingInfo Culture="ru-RU">
			<Message>Регистрация сервера {E60687F7-01A1-40AA-86AC-DB1CBF673334} DCOM не выполнена за отведенное время ожидания.</Message>
			<Level>Ошибка</Level>
			<Task />
			<Opcode>Сведения</Opcode>
			<Channel />
			<Provider>Microsoft-Windows-DistributedCOM</Provider>
			<Keywords>
				<Keyword>Классический</Keyword>
			</Keywords>
		</RenderingInfo>
	</Event>
	<Event xmlns="http://schemas.microsoft.com/win/2004/08/events/event">
		<System>
			<Provider Name="Service Control Manager" Guid="{555908d1-a6d7-4695-8e1e-26931d2012f4}" EventSourceName="Service Control Manager" />
			<EventID Qualifiers="49152">7023</EventID>
			<Version>0</Version>
			<Level>2</Level>
			<Task>0</Task>
			<Opcode>0</Opcode>
			<Keywords>0x8080000000000000</Keywords>
			<TimeCreated SystemTime="2020-01-18T04:55:26.534238700Z" />
			<EventRecordID>16912</EventRecordID>
			<Correlation />
			<Execution ProcessID="808" ThreadID="17628" />
			<Channel>System</Channel>
			<Computer>DESKTOP-SQG8FRI</Computer>
			<Security />
		</System>
		<EventData>
			<Data Name="param1">wuauserv</Data>
			<Data Name="param2">%%2</Data>
			<Binary>770075006100750073006500720076000000</Binary>
		</EventData>
		<RenderingInfo Culture="ru-RU">
			<Message>Служба "wuauserv" завершена из-за ошибки 
Не удается найти указанный файл.</Message>
			<Level>Ошибка</Level>
			<Task />
			<Opcode />
			<Channel />
			<Provider>Microsoft-Windows-Service Control Manager</Provider>
			<Keywords>
				<Keyword>Классический</Keyword>
			</Keywords>
		</RenderingInfo>
	</Event>
	<Event xmlns="http://schemas.microsoft.com/win/2004/08/events/event">
		<System>
			<Provider Name="Microsoft-Windows-DistributedCOM" Guid="{1B562E86-B7AA-4131-BADC-B6F3A001407E}" EventSourceName="DCOM" />
			<EventID Qualifiers="0">10010</EventID>
			<Version>0</Version>
			<Level>2</Level>
			<Task>0</Task>
			<Opcode>0</Opcode>
			<Keywords>0x8080000000000000</Keywords>
			<TimeCreated SystemTime="2020-01-18T04:55:26.512257600Z" />
			<EventRecordID>16911</EventRecordID>
			<Correlation />
			<Execution ProcessID="636" ThreadID="7812" />
			<Channel>System</Channel>
			<Computer>DESKTOP-SQG8FRI</Computer>
			<Security UserID="S-1-5-18" />
		</System>
		<EventData>
			<Data Name="param1">{E60687F7-01A1-40AA-86AC-DB1CBF673334}</Data>
		</EventData>
		<RenderingInfo Culture="ru-RU">
			<Message>Регистрация сервера {E60687F7-01A1-40AA-86AC-DB1CBF673334} DCOM не выполнена за отведенное время ожидания.</Message>
			<Level>Ошибка</Level>
			<Task />
			<Opcode>Сведения</Opcode>
			<Channel />
			<Provider>Microsoft-Windows-DistributedCOM</Provider>
			<Keywords>
				<Keyword>Классический</Keyword>
			</Keywords>
		</RenderingInfo>
	</Event>
	<Event xmlns="http://schemas.microsoft.com/win/2004/08/events/event">
		<System>
			<Provider Name="Service Control Manager" Guid="{555908d1-a6d7-4695-8e1e-26931d2012f4}" EventSourceName="Service Control Manager" />
			<EventID Qualifiers="49152">7023</EventID>
			<Version>0</Version>
			<Level>2</Level>
			<Task>0</Task>
			<Opcode>0</Opcode>
			<Keywords>0x8080000000000000</Keywords>
			<TimeCreated SystemTime="2020-01-18T04:53:26.510240900Z" />
			<EventRecordID>16910</EventRecordID>
			<Correlation />
			<Execution ProcessID="808" ThreadID="11952" />
			<Channel>System</Channel>
			<Computer>DESKTOP-SQG8FRI</Computer>
			<Security />
		</System>
		<EventData>
			<Data Name="param1">wuauserv</Data>
			<Data Name="param2">%%2</Data>
			<Binary>770075006100750073006500720076000000</Binary>
		</EventData>
		<RenderingInfo Culture="ru-RU">
			<Message>Служба "wuauserv" завершена из-за ошибки 
Не удается найти указанный файл.</Message>
			<Level>Ошибка</Level>
			<Task />
			<Opcode />
			<Channel />
			<Provider>Microsoft-Windows-Service Control Manager</Provider>
			<Keywords>
				<Keyword>Классический</Keyword>
			</Keywords>
		</RenderingInfo>
	</Event>
	<Event xmlns="http://schemas.microsoft.com/win/2004/08/events/event">
		<System>
			<Provider Name="Microsoft-Windows-DistributedCOM" Guid="{1B562E86-B7AA-4131-BADC-B6F3A001407E}" EventSourceName="DCOM" />
			<EventID Qualifiers="0">10010</EventID>
			<Version>0</Version>
			<Level>2</Level>
			<Task>0</Task>
			<Opcode>0</Opcode>
			<Keywords>0x8080000000000000</Keywords>
			<TimeCreated SystemTime="2020-01-18T04:53:26.488240400Z" />
			<EventRecordID>16909</EventRecordID>
			<Correlation />
			<Execution ProcessID="636" ThreadID="18764" />
			<Channel>System</Channel>
			<Computer>DESKTOP-SQG8FRI</Computer>
			<Security UserID="S-1-5-19" />
		</System>
		<EventData>
			<Data Name="param1">{E60687F7-01A1-40AA-86AC-DB1CBF673334}</Data>
		</EventData>
		<RenderingInfo Culture="ru-RU">
			<Message>Регистрация сервера {E60687F7-01A1-40AA-86AC-DB1CBF673334} DCOM не выполнена за отведенное время ожидания.</Message>
			<Level>Ошибка</Level>
			<Task />
			<Opcode>Сведения</Opcode>
			<Channel />
			<Provider>Microsoft-Windows-DistributedCOM</Provider>
			<Keywords>
				<Keyword>Классический</Keyword>
			</Keywords>
		</RenderingInfo>
	</Event>
	<Event xmlns="http://schemas.microsoft.com/win/2004/08/events/event">
		<System>
			<Provider Name="Service Control Manager" Guid="{555908d1-a6d7-4695-8e1e-26931d2012f4}" EventSourceName="Service Control Manager" />
			<EventID Qualifiers="49152">7023</EventID>
			<Version>0</Version>
			<Level>2</Level>
			<Task>0</Task>
			<Opcode>0</Opcode>
			<Keywords>0x8080000000000000</Keywords>
			<TimeCreated SystemTime="2020-01-18T04:51:26.486238600Z" />
			<EventRecordID>16908</EventRecordID>
			<Correlation />
			<Execution ProcessID="808" ThreadID="18660" />
			<Channel>System</Channel>
			<Computer>DESKTOP-SQG8FRI</Computer>
			<Security />
		</System>
		<EventData>
			<Data Name="param1">wuauserv</Data>
			<Data Name="param2">%%2</Data>
			<Binary>770075006100750073006500720076000000</Binary>
		</EventData>
		<RenderingInfo Culture="ru-RU">
			<Message>Служба "wuauserv" завершена из-за ошибки 
Не удается найти указанный файл.</Message>
			<Level>Ошибка</Level>
			<Task />
			<Opcode />
			<Channel />
			<Provider>Microsoft-Windows-Service Control Manager</Provider>
			<Keywords>
				<Keyword>Классический</Keyword>
			</Keywords>
		</RenderingInfo>
	</Event>
	<Event xmlns="http://schemas.microsoft.com/win/2004/08/events/event">
		<System>
			<Provider Name="Microsoft-Windows-DistributedCOM" Guid="{1B562E86-B7AA-4131-BADC-B6F3A001407E}" EventSourceName="DCOM" />
			<EventID Qualifiers="0">10010</EventID>
			<Version>0</Version>
			<Level>2</Level>
			<Task>0</Task>
			<Opcode>0</Opcode>
			<Keywords>0x8080000000000000</Keywords>
			<TimeCreated SystemTime="2020-01-18T04:51:26.460239400Z" />
			<EventRecordID>16907</EventRecordID>
			<Correlation />
			<Execution ProcessID="636" ThreadID="14136" />
			<Channel>System</Channel>
			<Computer>DESKTOP-SQG8FRI</Computer>
			<Security UserID="S-1-5-21-1379532148-1851618953-3399223282-1001" />
		</System>
		<EventData>
			<Data Name="param1">{E60687F7-01A1-40AA-86AC-DB1CBF673334}</Data>
		</EventData>
		<RenderingInfo Culture="ru-RU">
			<Message>Регистрация сервера {E60687F7-01A1-40AA-86AC-DB1CBF673334} DCOM не выполнена за отведенное время ожидания.</Message>
			<Level>Ошибка</Level>
			<Task />
			<Opcode>Сведения</Opcode>
			<Channel />
			<Provider>Microsoft-Windows-DistributedCOM</Provider>
			<Keywords>
				<Keyword>Классический</Keyword>
			</Keywords>
		</RenderingInfo>
	</Event>
	<Event xmlns="http://schemas.microsoft.com/win/2004/08/events/event">
		<System>
			<Provider Name="Service Control Manager" Guid="{555908d1-a6d7-4695-8e1e-26931d2012f4}" EventSourceName="Service Control Manager" />
			<EventID Qualifiers="49152">7023</EventID>
			<Version>0</Version>
			<Level>2</Level>
			<Task>0</Task>
			<Opcode>0</Opcode>
			<Keywords>0x8080000000000000</Keywords>
			<TimeCreated SystemTime="2020-01-18T04:49:26.458237300Z" />
			<EventRecordID>16906</EventRecordID>
			<Correlation />
			<Execution ProcessID="808" ThreadID="11952" />
			<Channel>System</Channel>
			<Computer>DESKTOP-SQG8FRI</Computer>
			<Security />
		</System>
		<EventData>
			<Data Name="param1">wuauserv</Data>
			<Data Name="param2">%%2</Data>
			<Binary>770075006100750073006500720076000000</Binary>
		</EventData>
		<RenderingInfo Culture="ru-RU">
			<Message>Служба "wuauserv" завершена из-за ошибки 
Не удается найти указанный файл.</Message>
			<Level>Ошибка</Level>
			<Task />
			<Opcode />
			<Channel />
			<Provider>Microsoft-Windows-Service Control Manager</Provider>
			<Keywords>
				<Keyword>Классический</Keyword>
			</Keywords>
		</RenderingInfo>
	</Event>
	<Event xmlns="http://schemas.microsoft.com/win/2004/08/events/event">
		<System>
			<Provider Name="Microsoft-Windows-DistributedCOM" Guid="{1B562E86-B7AA-4131-BADC-B6F3A001407E}" EventSourceName="DCOM" />
			<EventID Qualifiers="0">10010</EventID>
			<Version>0</Version>
			<Level>2</Level>
			<Task>0</Task>
			<Opcode>0</Opcode>
			<Keywords>0x8080000000000000</Keywords>
			<TimeCreated SystemTime="2020-01-18T04:49:26.428281700Z" />
			<EventRecordID>16905</EventRecordID>
			<Correlation />
			<Execution ProcessID="636" ThreadID="7812" />
			<Channel>System</Channel>
			<Computer>DESKTOP-SQG8FRI</Computer>
			<Security UserID="S-1-5-18" />
		</System>
		<EventData>
			<Data Name="param1">{E60687F7-01A1-40AA-86AC-DB1CBF673334}</Data>
		</EventData>
		<RenderingInfo Culture="ru-RU">
			<Message>Регистрация сервера {E60687F7-01A1-40AA-86AC-DB1CBF673334} DCOM не выполнена за отведенное время ожидания.</Message>
			<Level>Ошибка</Level>
			<Task />
			<Opcode>Сведения</Opcode>
			<Channel />
			<Provider>Microsoft-Windows-DistributedCOM</Provider>
			<Keywords>
				<Keyword>Классический</Keyword>
			</Keywords>
		</RenderingInfo>
	</Event>
	<Event xmlns="http://schemas.microsoft.com/win/2004/08/events/event">
		<System>
			<Provider Name="Service Control Manager" Guid="{555908d1-a6d7-4695-8e1e-26931d2012f4}" EventSourceName="Service Control Manager" />
			<EventID Qualifiers="49152">7023</EventID>
			<Version>0</Version>
			<Level>2</Level>
			<Task>0</Task>
			<Opcode>0</Opcode>
			<Keywords>0x8080000000000000</Keywords>
			<TimeCreated SystemTime="2020-01-18T04:47:26.425238900Z" />
			<EventRecordID>16904</EventRecordID>
			<Correlation />
			<Execution ProcessID="808" ThreadID="19376" />
			<Channel>System</Channel>
			<Computer>DESKTOP-SQG8FRI</Computer>
			<Security />
		</System>
		<EventData>
			<Data Name="param1">wuauserv</Data>
			<Data Name="param2">%%2</Data>
			<Binary>770075006100750073006500720076000000</Binary>
		</EventData>
		<RenderingInfo Culture="ru-RU">
			<Message>Служба "wuauserv" завершена из-за ошибки 
Не удается найти указанный файл.</Message>
			<Level>Ошибка</Level>
			<Task />
			<Opcode />
			<Channel />
			<Provider>Microsoft-Windows-Service Control Manager</Provider>
			<Keywords>
				<Keyword>Классический</Keyword>
			</Keywords>
		</RenderingInfo>
	</Event>
	<Event xmlns="http://schemas.microsoft.com/win/2004/08/events/event">
		<System>
			<Provider Name="Microsoft-Windows-DistributedCOM" Guid="{1B562E86-B7AA-4131-BADC-B6F3A001407E}" EventSourceName="DCOM" />
			<EventID Qualifiers="0">10010</EventID>
			<Version>0</Version>
			<Level>2</Level>
			<Task>0</Task>
			<Opcode>0</Opcode>
			<Keywords>0x8080000000000000</Keywords>
			<TimeCreated SystemTime="2020-01-18T04:47:26.393261400Z" />
			<EventRecordID>16903</EventRecordID>
			<Correlation />
			<Execution ProcessID="636" ThreadID="18764" />
			<Channel>System</Channel>
			<Computer>DESKTOP-SQG8FRI</Computer>
			<Security UserID="S-1-5-19" />
		</System>
		<EventData>
			<Data Name="param1">{E60687F7-01A1-40AA-86AC-DB1CBF673334}</Data>
		</EventData>
		<RenderingInfo Culture="ru-RU">
			<Message>Регистрация сервера {E60687F7-01A1-40AA-86AC-DB1CBF673334} DCOM не выполнена за отведенное время ожидания.</Message>
			<Level>Ошибка</Level>
			<Task />
			<Opcode>Сведения</Opcode>
			<Channel />
			<Provider>Microsoft-Windows-DistributedCOM</Provider>
			<Keywords>
				<Keyword>Классический</Keyword>
			</Keywords>
		</RenderingInfo>
	</Event>
	<Event xmlns="http://schemas.microsoft.com/win/2004/08/events/event">
		<System>
			<Provider Name="Service Control Manager" Guid="{555908d1-a6d7-4695-8e1e-26931d2012f4}" EventSourceName="Service Control Manager" />
			<EventID Qualifiers="49152">7023</EventID>
			<Version>0</Version>
			<Level>2</Level>
			<Task>0</Task>
			<Opcode>0</Opcode>
			<Keywords>0x8080000000000000</Keywords>
			<TimeCreated SystemTime="2020-01-18T04:45:26.390284600Z" />
			<EventRecordID>16902</EventRecordID>
			<Correlation />
			<Execution ProcessID="808" ThreadID="11952" />
			<Channel>System</Channel>
			<Computer>DESKTOP-SQG8FRI</Computer>
			<Security />
		</System>
		<EventData>
			<Data Name="param1">wuauserv</Data>
			<Data Name="param2">%%2</Data>
			<Binary>770075006100750073006500720076000000</Binary>
		</EventData>
		<RenderingInfo Culture="ru-RU">
			<Message>Служба "wuauserv" завершена из-за ошибки 
Не удается найти указанный файл.</Message>
			<Level>Ошибка</Level>
			<Task />
			<Opcode />
			<Channel />
			<Provider>Microsoft-Windows-Service Control Manager</Provider>
			<Keywords>
				<Keyword>Классический</Keyword>
			</Keywords>
		</RenderingInfo>
	</Event>
	<Event xmlns="http://schemas.microsoft.com/win/2004/08/events/event">
		<System>
			<Provider Name="Microsoft-Windows-DistributedCOM" Guid="{1B562E86-B7AA-4131-BADC-B6F3A001407E}" EventSourceName="DCOM" />
			<EventID Qualifiers="0">10010</EventID>
			<Version>0</Version>
			<Level>2</Level>
			<Task>0</Task>
			<Opcode>0</Opcode>
			<Keywords>0x8080000000000000</Keywords>
			<TimeCreated SystemTime="2020-01-18T04:45:26.367284300Z" />
			<EventRecordID>16901</EventRecordID>
			<Correlation />
			<Execution ProcessID="636" ThreadID="19076" />
			<Channel>System</Channel>
			<Computer>DESKTOP-SQG8FRI</Computer>
			<Security UserID="S-1-5-19" />
		</System>
		<EventData>
			<Data Name="param1">{E60687F7-01A1-40AA-86AC-DB1CBF673334}</Data>
		</EventData>
		<RenderingInfo Culture="ru-RU">
			<Message>Регистрация сервера {E60687F7-01A1-40AA-86AC-DB1CBF673334} DCOM не выполнена за отведенное время ожидания.</Message>
			<Level>Ошибка</Level>
			<Task />
			<Opcode>Сведения</Opcode>
			<Channel />
			<Provider>Microsoft-Windows-DistributedCOM</Provider>
			<Keywords>
				<Keyword>Классический</Keyword>
			</Keywords>
		</RenderingInfo>
	</Event>
	<Event xmlns="http://schemas.microsoft.com/win/2004/08/events/event">
		<System>
			<Provider Name="Service Control Manager" Guid="{555908d1-a6d7-4695-8e1e-26931d2012f4}" EventSourceName="Service Control Manager" />
			<EventID Qualifiers="49152">7023</EventID>
			<Version>0</Version>
			<Level>2</Level>
			<Task>0</Task>
			<Opcode>0</Opcode>
			<Keywords>0x8080000000000000</Keywords>
			<TimeCreated SystemTime="2020-01-18T04:43:26.364317900Z" />
			<EventRecordID>16900</EventRecordID>
			<Correlation />
			<Execution ProcessID="808" ThreadID="17628" />
			<Channel>System</Channel>
			<Computer>DESKTOP-SQG8FRI</Computer>
			<Security />
		</System>
		<EventData>
			<Data Name="param1">wuauserv</Data>
			<Data Name="param2">%%2</Data>
			<Binary>770075006100750073006500720076000000</Binary>
		</EventData>
		<RenderingInfo Culture="ru-RU">
			<Message>Служба "wuauserv" завершена из-за ошибки 
Не удается найти указанный файл.</Message>
			<Level>Ошибка</Level>
			<Task />
			<Opcode />
			<Channel />
			<Provider>Microsoft-Windows-Service Control Manager</Provider>
			<Keywords>
				<Keyword>Классический</Keyword>
			</Keywords>
		</RenderingInfo>
	</Event>
	<Event xmlns="http://schemas.microsoft.com/win/2004/08/events/event">
		<System>
			<Provider Name="Microsoft-Windows-DistributedCOM" Guid="{1B562E86-B7AA-4131-BADC-B6F3A001407E}" EventSourceName="DCOM" />
			<EventID Qualifiers="0">10010</EventID>
			<Version>0</Version>
			<Level>2</Level>
			<Task>0</Task>
			<Opcode>0</Opcode>
			<Keywords>0x8080000000000000</Keywords>
			<TimeCreated SystemTime="2020-01-18T04:43:26.333293200Z" />
			<EventRecordID>16899</EventRecordID>
			<Correlation />
			<Execution ProcessID="636" ThreadID="14136" />
			<Channel>System</Channel>
			<Computer>DESKTOP-SQG8FRI</Computer>
			<Security UserID="S-1-5-18" />
		</System>
		<EventData>
			<Data Name="param1">{E60687F7-01A1-40AA-86AC-DB1CBF673334}</Data>
		</EventData>
		<RenderingInfo Culture="ru-RU">
			<Message>Регистрация сервера {E60687F7-01A1-40AA-86AC-DB1CBF673334} DCOM не выполнена за отведенное время ожидания.</Message>
			<Level>Ошибка</Level>
			<Task />
			<Opcode>Сведения</Opcode>
			<Channel />
			<Provider>Microsoft-Windows-DistributedCOM</Provider>
			<Keywords>
				<Keyword>Классический</Keyword>
			</Keywords>
		</RenderingInfo>
	</Event>
	<Event xmlns="http://schemas.microsoft.com/win/2004/08/events/event">
		<System>
			<Provider Name="Service Control Manager" Guid="{555908d1-a6d7-4695-8e1e-26931d2012f4}" EventSourceName="Service Control Manager" />
			<EventID Qualifiers="49152">7023</EventID>
			<Version>0</Version>
			<Level>2</Level>
			<Task>0</Task>
			<Opcode>0</Opcode>
			<Keywords>0x8080000000000000</Keywords>
			<TimeCreated SystemTime="2020-01-18T04:41:26.332238200Z" />
			<EventRecordID>16898</EventRecordID>
			<Correlation />
			<Execution ProcessID="808" ThreadID="11952" />
			<Channel>System</Channel>
			<Computer>DESKTOP-SQG8FRI</Computer>
			<Security />
		</System>
		<EventData>
			<Data Name="param1">wuauserv</Data>
			<Data Name="param2">%%2</Data>
			<Binary>770075006100750073006500720076000000</Binary>
		</EventData>
		<RenderingInfo Culture="ru-RU">
			<Message>Служба "wuauserv" завершена из-за ошибки 
Не удается найти указанный файл.</Message>
			<Level>Ошибка</Level>
			<Task />
			<Opcode />
			<Channel />
			<Provider>Microsoft-Windows-Service Control Manager</Provider>
			<Keywords>
				<Keyword>Классический</Keyword>
			</Keywords>
		</RenderingInfo>
	</Event>
	<Event xmlns="http://schemas.microsoft.com/win/2004/08/events/event">
		<System>
			<Provider Name="Microsoft-Windows-DistributedCOM" Guid="{1B562E86-B7AA-4131-BADC-B6F3A001407E}" EventSourceName="DCOM" />
			<EventID Qualifiers="0">10010</EventID>
			<Version>0</Version>
			<Level>2</Level>
			<Task>0</Task>
			<Opcode>0</Opcode>
			<Keywords>0x8080000000000000</Keywords>
			<TimeCreated SystemTime="2020-01-18T04:41:26.308238600Z" />
			<EventRecordID>16897</EventRecordID>
			<Correlation />
			<Execution ProcessID="636" ThreadID="18764" />
			<Channel>System</Channel>
			<Computer>DESKTOP-SQG8FRI</Computer>
			<Security UserID="S-1-5-19" />
		</System>
		<EventData>
			<Data Name="param1">{E60687F7-01A1-40AA-86AC-DB1CBF673334}</Data>
		</EventData>
		<RenderingInfo Culture="ru-RU">
			<Message>Регистрация сервера {E60687F7-01A1-40AA-86AC-DB1CBF673334} DCOM не выполнена за отведенное время ожидания.</Message>
			<Level>Ошибка</Level>
			<Task />
			<Opcode>Сведения</Opcode>
			<Channel />
			<Provider>Microsoft-Windows-DistributedCOM</Provider>
			<Keywords>
				<Keyword>Классический</Keyword>
			</Keywords>
		</RenderingInfo>
	</Event>
	<Event xmlns="http://schemas.microsoft.com/win/2004/08/events/event">
		<System>
			<Provider Name="Service Control Manager" Guid="{555908d1-a6d7-4695-8e1e-26931d2012f4}" EventSourceName="Service Control Manager" />
			<EventID Qualifiers="49152">7023</EventID>
			<Version>0</Version>
			<Level>2</Level>
			<Task>0</Task>
			<Opcode>0</Opcode>
			<Keywords>0x8080000000000000</Keywords>
			<TimeCreated SystemTime="2020-01-18T04:39:26.306238400Z" />
			<EventRecordID>16896</EventRecordID>
			<Correlation />
			<Execution ProcessID="808" ThreadID="11952" />
			<Channel>System</Channel>
			<Computer>DESKTOP-SQG8FRI</Computer>
			<Security />
		</System>
		<EventData>
			<Data Name="param1">wuauserv</Data>
			<Data Name="param2">%%2</Data>
			<Binary>770075006100750073006500720076000000</Binary>
		</EventData>
		<RenderingInfo Culture="ru-RU">
			<Message>Служба "wuauserv" завершена из-за ошибки 
Не удается найти указанный файл.</Message>
			<Level>Ошибка</Level>
			<Task />
			<Opcode />
			<Channel />
			<Provider>Microsoft-Windows-Service Control Manager</Provider>
			<Keywords>
				<Keyword>Классический</Keyword>
			</Keywords>
		</RenderingInfo>
	</Event>
	<Event xmlns="http://schemas.microsoft.com/win/2004/08/events/event">
		<System>
			<Provider Name="Microsoft-Windows-DistributedCOM" Guid="{1B562E86-B7AA-4131-BADC-B6F3A001407E}" EventSourceName="DCOM" />
			<EventID Qualifiers="0">10010</EventID>
			<Version>0</Version>
			<Level>2</Level>
			<Task>0</Task>
			<Opcode>0</Opcode>
			<Keywords>0x8080000000000000</Keywords>
			<TimeCreated SystemTime="2020-01-18T01:45:03.167258400Z" />
			<EventRecordID>16894</EventRecordID>
			<Correlation />
			<Execution ProcessID="636" ThreadID="14344" />
			<Channel>System</Channel>
			<Computer>DESKTOP-SQG8FRI</Computer>
			<Security UserID="S-1-5-18" />
		</System>
		<EventData>
			<Data Name="param1">{E60687F7-01A1-40AA-86AC-DB1CBF673334}</Data>
		</EventData>
		<RenderingInfo Culture="ru-RU">
			<Message>Регистрация сервера {E60687F7-01A1-40AA-86AC-DB1CBF673334} DCOM не выполнена за отведенное время ожидания.</Message>
			<Level>Ошибка</Level>
			<Task />
			<Opcode>Сведения</Opcode>
			<Channel />
			<Provider>Microsoft-Windows-DistributedCOM</Provider>
			<Keywords>
				<Keyword>Классический</Keyword>
			</Keywords>
		</RenderingInfo>
	</Event>
	<Event xmlns="http://schemas.microsoft.com/win/2004/08/events/event">
		<System>
			<Provider Name="Service Control Manager" Guid="{555908d1-a6d7-4695-8e1e-26931d2012f4}" EventSourceName="Service Control Manager" />
			<EventID Qualifiers="49152">7023</EventID>
			<Version>0</Version>
			<Level>2</Level>
			<Task>0</Task>
			<Opcode>0</Opcode>
			<Keywords>0x8080000000000000</Keywords>
			<TimeCreated SystemTime="2020-01-18T01:43:03.166254600Z" />
			<EventRecordID>16893</EventRecordID>
			<Correlation />
			<Execution ProcessID="808" ThreadID="12180" />
			<Channel>System</Channel>
			<Computer>DESKTOP-SQG8FRI</Computer>
			<Security />
		</System>
		<EventData>
			<Data Name="param1">wuauserv</Data>
			<Data Name="param2">%%2</Data>
			<Binary>770075006100750073006500720076000000</Binary>
		</EventData>
		<RenderingInfo Culture="ru-RU">
			<Message>Служба "wuauserv" завершена из-за ошибки 
Не удается найти указанный файл.</Message>
			<Level>Ошибка</Level>
			<Task />
			<Opcode />
			<Channel />
			<Provider>Microsoft-Windows-Service Control Manager</Provider>
			<Keywords>
				<Keyword>Классический</Keyword>
			</Keywords>
		</RenderingInfo>
	</Event>
	<Event xmlns="http://schemas.microsoft.com/win/2004/08/events/event">
		<System>
			<Provider Name="Microsoft-Windows-DistributedCOM" Guid="{1B562E86-B7AA-4131-BADC-B6F3A001407E}" EventSourceName="DCOM" />
			<EventID Qualifiers="0">10010</EventID>
			<Version>0</Version>
			<Level>2</Level>
			<Task>0</Task>
			<Opcode>0</Opcode>
			<Keywords>0x8080000000000000</Keywords>
			<TimeCreated SystemTime="2020-01-17T23:51:06.872956600Z" />
			<EventRecordID>16892</EventRecordID>
			<Correlation />
			<Execution ProcessID="636" ThreadID="17500" />
			<Channel>System</Channel>
			<Computer>DESKTOP-SQG8FRI</Computer>
			<Security UserID="S-1-5-18" />
		</System>
		<EventData>
			<Data Name="param1">{E60687F7-01A1-40AA-86AC-DB1CBF673334}</Data>
		</EventData>
		<RenderingInfo Culture="ru-RU">
			<Message>Регистрация сервера {E60687F7-01A1-40AA-86AC-DB1CBF673334} DCOM не выполнена за отведенное время ожидания.</Message>
			<Level>Ошибка</Level>
			<Task />
			<Opcode>Сведения</Opcode>
			<Channel />
			<Provider>Microsoft-Windows-DistributedCOM</Provider>
			<Keywords>
				<Keyword>Классический</Keyword>
			</Keywords>
		</RenderingInfo>
	</Event>
	<Event xmlns="http://schemas.microsoft.com/win/2004/08/events/event">
		<System>
			<Provider Name="Service Control Manager" Guid="{555908d1-a6d7-4695-8e1e-26931d2012f4}" EventSourceName="Service Control Manager" />
			<EventID Qualifiers="49152">7023</EventID>
			<Version>0</Version>
			<Level>2</Level>
			<Task>0</Task>
			<Opcode>0</Opcode>
			<Keywords>0x8080000000000000</Keywords>
			<TimeCreated SystemTime="2020-01-17T23:49:06.870949600Z" />
			<EventRecordID>16891</EventRecordID>
			<Correlation />
			<Execution ProcessID="808" ThreadID="15696" />
			<Channel>System</Channel>
			<Computer>DESKTOP-SQG8FRI</Computer>
			<Security />
		</System>
		<EventData>
			<Data Name="param1">wuauserv</Data>
			<Data Name="param2">%%2</Data>
			<Binary>770075006100750073006500720076000000</Binary>
		</EventData>
		<RenderingInfo Culture="ru-RU">
			<Message>Служба "wuauserv" завершена из-за ошибки 
Не удается найти указанный файл.</Message>
			<Level>Ошибка</Level>
			<Task />
			<Opcode />
			<Channel />
			<Provider>Microsoft-Windows-Service Control Manager</Provider>
			<Keywords>
				<Keyword>Классический</Keyword>
			</Keywords>
		</RenderingInfo>
	</Event>
	<Event xmlns="http://schemas.microsoft.com/win/2004/08/events/event">
		<System>
			<Provider Name="Microsoft-Windows-DistributedCOM" Guid="{1B562E86-B7AA-4131-BADC-B6F3A001407E}" EventSourceName="DCOM" />
			<EventID Qualifiers="0">10010</EventID>
			<Version>0</Version>
			<Level>2</Level>
			<Task>0</Task>
			<Opcode>0</Opcode>
			<Keywords>0x8080000000000000</Keywords>
			<TimeCreated SystemTime="2020-01-17T23:06:31.775345300Z" />
			<EventRecordID>16890</EventRecordID>
			<Correlation />
			<Execution ProcessID="636" ThreadID="2040" />
			<Channel>System</Channel>
			<Computer>DESKTOP-SQG8FRI</Computer>
			<Security UserID="S-1-5-21-1379532148-1851618953-3399223282-1001" />
		</System>
		<EventData>
			<Data Name="param1">{E60687F7-01A1-40AA-86AC-DB1CBF673334}</Data>
		</EventData>
		<RenderingInfo Culture="ru-RU">
			<Message>Регистрация сервера {E60687F7-01A1-40AA-86AC-DB1CBF673334} DCOM не выполнена за отведенное время ожидания.</Message>
			<Level>Ошибка</Level>
			<Task />
			<Opcode>Сведения</Opcode>
			<Channel />
			<Provider>Microsoft-Windows-DistributedCOM</Provider>
			<Keywords>
				<Keyword>Классический</Keyword>
			</Keywords>
		</RenderingInfo>
	</Event>
	<Event xmlns="http://schemas.microsoft.com/win/2004/08/events/event">
		<System>
			<Provider Name="Service Control Manager" Guid="{555908d1-a6d7-4695-8e1e-26931d2012f4}" EventSourceName="Service Control Manager" />
			<EventID Qualifiers="49152">7023</EventID>
			<Version>0</Version>
			<Level>2</Level>
			<Task>0</Task>
			<Opcode>0</Opcode>
			<Keywords>0x8080000000000000</Keywords>
			<TimeCreated SystemTime="2020-01-17T23:04:31.773309400Z" />
			<EventRecordID>16889</EventRecordID>
			<Correlation />
			<Execution ProcessID="808" ThreadID="6040" />
			<Channel>System</Channel>
			<Computer>DESKTOP-SQG8FRI</Computer>
			<Security />
		</System>
		<EventData>
			<Data Name="param1">wuauserv</Data>
			<Data Name="param2">%%2</Data>
			<Binary>770075006100750073006500720076000000</Binary>
		</EventData>
		<RenderingInfo Culture="ru-RU">
			<Message>Служба "wuauserv" завершена из-за ошибки 
Не удается найти указанный файл.</Message>
			<Level>Ошибка</Level>
			<Task />
			<Opcode />
			<Channel />
			<Provider>Microsoft-Windows-Service Control Manager</Provider>
			<Keywords>
				<Keyword>Классический</Keyword>
			</Keywords>
		</RenderingInfo>
	</Event>
	<Event xmlns="http://schemas.microsoft.com/win/2004/08/events/event">
		<System>
			<Provider Name="Microsoft-Windows-DistributedCOM" Guid="{1B562E86-B7AA-4131-BADC-B6F3A001407E}" EventSourceName="DCOM" />
			<EventID Qualifiers="0">10010</EventID>
			<Version>0</Version>
			<Level>2</Level>
			<Task>0</Task>
			<Opcode>0</Opcode>
			<Keywords>0x8080000000000000</Keywords>
			<TimeCreated SystemTime="2020-01-17T22:44:49.985483100Z" />
			<EventRecordID>16888</EventRecordID>
			<Correlation />
			<Execution ProcessID="636" ThreadID="15776" />
			<Channel>System</Channel>
			<Computer>DESKTOP-SQG8FRI</Computer>
			<Security UserID="S-1-5-18" />
		</System>
		<EventData>
			<Data Name="param1">{E60687F7-01A1-40AA-86AC-DB1CBF673334}</Data>
		</EventData>
		<RenderingInfo Culture="ru-RU">
			<Message>Регистрация сервера {E60687F7-01A1-40AA-86AC-DB1CBF673334} DCOM не выполнена за отведенное время ожидания.</Message>
			<Level>Ошибка</Level>
			<Task />
			<Opcode>Сведения</Opcode>
			<Channel />
			<Provider>Microsoft-Windows-DistributedCOM</Provider>
			<Keywords>
				<Keyword>Классический</Keyword>
			</Keywords>
		</RenderingInfo>
	</Event>
	<Event xmlns="http://schemas.microsoft.com/win/2004/08/events/event">
		<System>
			<Provider Name="Service Control Manager" Guid="{555908d1-a6d7-4695-8e1e-26931d2012f4}" EventSourceName="Service Control Manager" />
			<EventID Qualifiers="49152">7023</EventID>
			<Version>0</Version>
			<Level>2</Level>
			<Task>0</Task>
			<Opcode>0</Opcode>
			<Keywords>0x8080000000000000</Keywords>
			<TimeCreated SystemTime="2020-01-17T22:42:49.983479700Z" />
			<EventRecordID>16887</EventRecordID>
			<Correlation />
			<Execution ProcessID="808" ThreadID="19392" />
			<Channel>System</Channel>
			<Computer>DESKTOP-SQG8FRI</Computer>
			<Security />
		</System>
		<EventData>
			<Data Name="param1">wuauserv</Data>
			<Data Name="param2">%%2</Data>
			<Binary>770075006100750073006500720076000000</Binary>
		</EventData>
		<RenderingInfo Culture="ru-RU">
			<Message>Служба "wuauserv" завершена из-за ошибки 
Не удается найти указанный файл.</Message>
			<Level>Ошибка</Level>
			<Task />
			<Opcode />
			<Channel />
			<Provider>Microsoft-Windows-Service Control Manager</Provider>
			<Keywords>
				<Keyword>Классический</Keyword>
			</Keywords>
		</RenderingInfo>
	</Event>
	<Event xmlns="http://schemas.microsoft.com/win/2004/08/events/event">
		<System>
			<Provider Name="Microsoft-Windows-DistributedCOM" Guid="{1B562E86-B7AA-4131-BADC-B6F3A001407E}" EventSourceName="DCOM" />
			<EventID Qualifiers="0">10010</EventID>
			<Version>0</Version>
			<Level>2</Level>
			<Task>0</Task>
			<Opcode>0</Opcode>
			<Keywords>0x8080000000000000</Keywords>
			<TimeCreated SystemTime="2020-01-17T22:06:32.031814100Z" />
			<EventRecordID>16886</EventRecordID>
			<Correlation />
			<Execution ProcessID="636" ThreadID="9368" />
			<Channel>System</Channel>
			<Computer>DESKTOP-SQG8FRI</Computer>
			<Security UserID="S-1-5-21-1379532148-1851618953-3399223282-1001" />
		</System>
		<EventData>
			<Data Name="param1">{E60687F7-01A1-40AA-86AC-DB1CBF673334}</Data>
		</EventData>
		<RenderingInfo Culture="ru-RU">
			<Message>Регистрация сервера {E60687F7-01A1-40AA-86AC-DB1CBF673334} DCOM не выполнена за отведенное время ожидания.</Message>
			<Level>Ошибка</Level>
			<Task />
			<Opcode>Сведения</Opcode>
			<Channel />
			<Provider>Microsoft-Windows-DistributedCOM</Provider>
			<Keywords>
				<Keyword>Классический</Keyword>
			</Keywords>
		</RenderingInfo>
	</Event>
	<Event xmlns="http://schemas.microsoft.com/win/2004/08/events/event">
		<System>
			<Provider Name="Service Control Manager" Guid="{555908d1-a6d7-4695-8e1e-26931d2012f4}" EventSourceName="Service Control Manager" />
			<EventID Qualifiers="49152">7023</EventID>
			<Version>0</Version>
			<Level>2</Level>
			<Task>0</Task>
			<Opcode>0</Opcode>
			<Keywords>0x8080000000000000</Keywords>
			<TimeCreated SystemTime="2020-01-17T22:04:32.028890600Z" />
			<EventRecordID>16885</EventRecordID>
			<Correlation />
			<Execution ProcessID="808" ThreadID="1692" />
			<Channel>System</Channel>
			<Computer>DESKTOP-SQG8FRI</Computer>
			<Security />
		</System>
		<EventData>
			<Data Name="param1">wuauserv</Data>
			<Data Name="param2">%%2</Data>
			<Binary>770075006100750073006500720076000000</Binary>
		</EventData>
		<RenderingInfo Culture="ru-RU">
			<Message>Служба "wuauserv" завершена из-за ошибки 
Не удается найти указанный файл.</Message>
			<Level>Ошибка</Level>
			<Task />
			<Opcode />
			<Channel />
			<Provider>Microsoft-Windows-Service Control Manager</Provider>
			<Keywords>
				<Keyword>Классический</Keyword>
			</Keywords>
		</RenderingInfo>
	</Event>
	<Event xmlns="http://schemas.microsoft.com/win/2004/08/events/event">
		<System>
			<Provider Name="Microsoft-Windows-DistributedCOM" Guid="{1B562E86-B7AA-4131-BADC-B6F3A001407E}" EventSourceName="DCOM" />
			<EventID Qualifiers="0">10010</EventID>
			<Version>0</Version>
			<Level>2</Level>
			<Task>0</Task>
			<Opcode>0</Opcode>
			<Keywords>0x8080000000000000</Keywords>
			<TimeCreated SystemTime="2020-01-17T21:06:32.100894100Z" />
			<EventRecordID>16883</EventRecordID>
			<Correlation />
			<Execution ProcessID="636" ThreadID="2040" />
			<Channel>System</Channel>
			<Computer>DESKTOP-SQG8FRI</Computer>
			<Security UserID="S-1-5-21-1379532148-1851618953-3399223282-1001" />
		</System>
		<EventData>
			<Data Name="param1">{E60687F7-01A1-40AA-86AC-DB1CBF673334}</Data>
		</EventData>
		<RenderingInfo Culture="ru-RU">
			<Message>Регистрация сервера {E60687F7-01A1-40AA-86AC-DB1CBF673334} DCOM не выполнена за отведенное время ожидания.</Message>
			<Level>Ошибка</Level>
			<Task />
			<Opcode>Сведения</Opcode>
			<Channel />
			<Provider>Microsoft-Windows-DistributedCOM</Provider>
			<Keywords>
				<Keyword>Классический</Keyword>
			</Keywords>
		</RenderingInfo>
	</Event>
	<Event xmlns="http://schemas.microsoft.com/win/2004/08/events/event">
		<System>
			<Provider Name="Service Control Manager" Guid="{555908d1-a6d7-4695-8e1e-26931d2012f4}" EventSourceName="Service Control Manager" />
			<EventID Qualifiers="49152">7023</EventID>
			<Version>0</Version>
			<Level>2</Level>
			<Task>0</Task>
			<Opcode>0</Opcode>
			<Keywords>0x8080000000000000</Keywords>
			<TimeCreated SystemTime="2020-01-17T21:04:32.099289900Z" />
			<EventRecordID>16882</EventRecordID>
			<Correlation />
			<Execution ProcessID="808" ThreadID="1692" />
			<Channel>System</Channel>
			<Computer>DESKTOP-SQG8FRI</Computer>
			<Security />
		</System>
		<EventData>
			<Data Name="param1">wuauserv</Data>
			<Data Name="param2">%%2</Data>
			<Binary>770075006100750073006500720076000000</Binary>
		</EventData>
		<RenderingInfo Culture="ru-RU">
			<Message>Служба "wuauserv" завершена из-за ошибки 
Не удается найти указанный файл.</Message>
			<Level>Ошибка</Level>
			<Task />
			<Opcode />
			<Channel />
			<Provider>Microsoft-Windows-Service Control Manager</Provider>
			<Keywords>
				<Keyword>Классический</Keyword>
			</Keywords>
		</RenderingInfo>
	</Event>
	<Event xmlns="http://schemas.microsoft.com/win/2004/08/events/event">
		<System>
			<Provider Name="Microsoft-Windows-DistributedCOM" Guid="{1B562E86-B7AA-4131-BADC-B6F3A001407E}" EventSourceName="DCOM" />
			<EventID Qualifiers="0">10010</EventID>
			<Version>0</Version>
			<Level>2</Level>
			<Task>0</Task>
			<Opcode>0</Opcode>
			<Keywords>0x8080000000000000</Keywords>
			<TimeCreated SystemTime="2020-01-17T20:52:16.785103200Z" />
			<EventRecordID>16881</EventRecordID>
			<Correlation />
			<Execution ProcessID="636" ThreadID="15776" />
			<Channel>System</Channel>
			<Computer>DESKTOP-SQG8FRI</Computer>
			<Security UserID="S-1-5-21-1379532148-1851618953-3399223282-1001" />
		</System>
		<EventData>
			<Data Name="param1">{E60687F7-01A1-40AA-86AC-DB1CBF673334}</Data>
		</EventData>
		<RenderingInfo Culture="ru-RU">
			<Message>Регистрация сервера {E60687F7-01A1-40AA-86AC-DB1CBF673334} DCOM не выполнена за отведенное время ожидания.</Message>
			<Level>Ошибка</Level>
			<Task />
			<Opcode>Сведения</Opcode>
			<Channel />
			<Provider>Microsoft-Windows-DistributedCOM</Provider>
			<Keywords>
				<Keyword>Классический</Keyword>
			</Keywords>
		</RenderingInfo>
	</Event>
	