<Event xmlns="http://schemas.microsoft.com/win/2004/08/events/event">
		<System>
			<Provider Name="Microsoft-Windows-GroupPolicy" Guid="{aea1b4fa-97d1-45f2-a64c-4d69fffd92c9}" />
			<EventID>1129</EventID>
			<Version>0</Version>
			<Level>2</Level>
			<Task>0</Task>
			<Opcode>0</Opcode>
			<Keywords>0x8000000000000000</Keywords>
			<TimeCreated SystemTime="2020-01-13T04:58:50.489844500Z" />
			<EventRecordID>16933</EventRecordID>
			<Correlation ActivityID="{882985c0-80ad-4cce-8097-14e7074826e6}" />
			<Execution ProcessID="1296" ThreadID="6084" />
			<Channel>System</Channel>
			<Computer>amur-kua.oduvs.so</Computer>
			<Security UserID="S-1-5-21-578921006-2288858441-1423896827-22345" />
		</System>
		<EventData>
			<Data Name="SupportInfo1">1</Data>
			<Data Name="SupportInfo2">2049</Data>
			<Data Name="ProcessingMode">1</Data>
			<Data Name="ProcessingTimeInMilliseconds">0</Data>
			<Data Name="ErrorCode">1222</Data>
			<Data Name="ErrorDescription">Сеть отсутствует или не запущена. </Data>
		</EventData>
		<RenderingInfo Culture="ru-RU">
			<Message>Сбой обработки групповой политики из-за отсутствия сетевого подключения к контроллеру домена. Это может быть временным явлением. Как только компьютеру удастся подключиться к контроллеру домена и групповая политика будет обработана успешно, будет создано сообщение об успехе. Если это сообщение не появляется в течение нескольких часов, обратитесь к администратору.</Message>
			<Level>Ошибка</Level>
			<Task />
			<Opcode>Сведения</Opcode>
			<Channel>Система</Channel>
			<Provider>Microsoft-Windows-GroupPolicy</Provider>
			<Keywords />
		</RenderingInfo>
	</Event>
	<Event xmlns="http://schemas.microsoft.com/win/2004/08/events/event">
		<System>
			<Provider Name="Microsoft-Windows-GroupPolicy" Guid="{aea1b4fa-97d1-45f2-a64c-4d69fffd92c9}" />
			<EventID>1129</EventID>
			<Version>0</Version>
			<Level>2</Level>
			<Task>0</Task>
			<Opcode>0</Opcode>
			<Keywords>0x8000000000000000</Keywords>
			<TimeCreated SystemTime="2020-01-13T04:58:09.848595400Z" />
			<EventRecordID>16928</EventRecordID>
			<Correlation ActivityID="{ef169ec1-db04-469e-b59c-ea24aa5ed9b7}" />
			<Execution ProcessID="1296" ThreadID="1524" />
			<Channel>System</Channel>
			<Computer>amur-kua.oduvs.so</Computer>
			<Security UserID="S-1-5-18" />
		</System>
		<EventData>
			<Data Name="SupportInfo1">1</Data>
			<Data Name="SupportInfo2">2049</Data>
			<Data Name="ProcessingMode">1</Data>
			<Data Name="ProcessingTimeInMilliseconds">2218</Data>
			<Data Name="ErrorCode">1222</Data>
			<Data Name="ErrorDescription">Сеть отсутствует или не запущена. </Data>
		</EventData>
		<RenderingInfo Culture="ru-RU">
			<Message>Сбой обработки групповой политики из-за отсутствия сетевого подключения к контроллеру домена. Это может быть временным явлением. Как только компьютеру удастся подключиться к контроллеру домена и групповая политика будет обработана успешно, будет создано сообщение об успехе. Если это сообщение не появляется в течение нескольких часов, обратитесь к администратору.</Message>
			<Level>Ошибка</Level>
			<Task />
			<Opcode>Сведения</Opcode>
			<Channel>Система</Channel>
			<Provider>Microsoft-Windows-GroupPolicy</Provider>
			<Keywords />
		</RenderingInfo>
	</Event>
	<Event xmlns="http://schemas.microsoft.com/win/2004/08/events/event">
		<System>
			<Provider Name="NETLOGON" />
			<EventID Qualifiers="0">5719</EventID>
			<Level>2</Level>
			<Task>0</Task>
			<Keywords>0x80000000000000</Keywords>
			<TimeCreated SystemTime="2020-01-13T04:58:09.843221100Z" />
			<EventRecordID>16925</EventRecordID>
			<Channel>System</Channel>
			<Computer>amur-kua.oduvs.so</Computer>
			<Security />
		</System>
		<EventData>
			<Data>ODUVS</Data>
			<Data>%%1311</Data>
			<Binary>5E0000C0</Binary>
		</EventData>
		<RenderingInfo Culture="ru-RU">
			<Message>Компьютер не может установить безопасный сеанс связи с контроллером домена ODUVS по следующей причине: 
Вы не можете войти в систему с этими учетными данными, так как ваш домен недоступен. Убедитесь, что устройство подключено к сети организации и повторите попытку. Если вы ранее входили в систему на этом устройстве с другими учетными данными, вы можете войти в систему с этими учетными данными. 
Это может затруднить проверку подлинности. Убедитесь, что компьютер подключен к сети. Если ошибка повторится, обратитесь к администратору домена.  

Дополнительные сведения 
Если данный компьютер является контроллером указанного домена, он устанавливает безопасный сеанс связи с эмулятором основного контроллера этого домена. В противном случае компьютер устанавливает безопасный сеанс связи с произвольным контроллером данного домена.</Message>
			<Level>Ошибка</Level>
			<Task />
			<Opcode>Сведения</Opcode>
			<Channel />
			<Provider />
			<Keywords>
				<Keyword>Классический</Keyword>
			</Keywords>
		</RenderingInfo>
	</Event>
	<Event xmlns="http://schemas.microsoft.com/win/2004/08/events/event">
		<System>
			<Provider Name="Service Control Manager" Guid="{555908d1-a6d7-4695-8e1e-26931d2012f4}" EventSourceName="Service Control Manager" />
			<EventID Qualifiers="49152">7043</EventID>
			<Version>0</Version>
			<Level>2</Level>
			<Task>0</Task>
			<Opcode>0</Opcode>
			<Keywords>0x8080000000000000</Keywords>
			<TimeCreated SystemTime="2020-01-13T04:55:43.414296100Z" />
			<EventRecordID>16869</EventRecordID>
			<Correlation ActivityID="{15831749-c9c8-0001-506a-8315c8c9d501}" />
			<Execution ProcessID="596" ThreadID="7760" />
			<Channel>System</Channel>
			<Computer>amur-kua.oduvs.so</Computer>
			<Security />
		</System>
		<EventData>
			<Data Name="param1">CK-11 Supervisor</Data>
			<Binary>43004B0031003100530075007000650072007600690073006F0072005300760063000000</Binary>
		</EventData>
		<RenderingInfo Culture="ru-RU">
			<Message>Служба "CK-11 Supervisor" не завершила работу должным образом после получения управления для выполнения предзавершающих операций.</Message>
			<Level>Ошибка</Level>
			<Task />
			<Opcode />
			<Channel />
			<Provider>Microsoft-Windows-Service Control Manager</Provider>
			<Keywords>
				<Keyword>Классический</Keyword>
			</Keywords>
		</RenderingInfo>
	</Event>
	<Event xmlns="http://schemas.microsoft.com/win/2004/08/events/event">
		<System>
			<Provider Name="Microsoft-Windows-DistributedCOM" Guid="{1B562E86-B7AA-4131-BADC-B6F3A001407E}" EventSourceName="DCOM" />
			<EventID Qualifiers="0">10010</EventID>
			<Version>0</Version>
			<Level>2</Level>
			<Task>0</Task>
			<Opcode>0</Opcode>
			<Keywords>0x8080000000000000</Keywords>
			<TimeCreated SystemTime="2020-01-13T04:22:33.466712900Z" />
			<EventRecordID>16854</EventRecordID>
			<Correlation />
			<Execution ProcessID="1124" ThreadID="7652" />
			<Channel>System</Channel>
			<Computer>amur-kua.oduvs.so</Computer>
			<Security UserID="S-1-5-21-578921006-2288858441-1423896827-22345" />
		</System>
		<EventData>
			<Data Name="param1">{E60687F7-01A1-40AA-86AC-DB1CBF673334}</Data>
		</EventData>
		<RenderingInfo Culture="ru-RU">
			<Message>Регистрация сервера {E60687F7-01A1-40AA-86AC-DB1CBF673334} DCOM не выполнена за отведенное время ожидания.</Message>
			<Level>Ошибка</Level>
			<Task />
			<Opcode>Сведения</Opcode>
			<Channel />
			<Provider>Microsoft-Windows-DistributedCOM</Provider>
			<Keywords>
				<Keyword>Классический</Keyword>
			</Keywords>
		</RenderingInfo>
	</Event>
	<Event xmlns="http://schemas.microsoft.com/win/2004/08/events/event">
		<System>
			<Provider Name="Microsoft-Windows-DistributedCOM" Guid="{1B562E86-B7AA-4131-BADC-B6F3A001407E}" EventSourceName="DCOM" />
			<EventID Qualifiers="0">10010</EventID>
			<Version>0</Version>
			<Level>2</Level>
			<Task>0</Task>
			<Opcode>0</Opcode>
			<Keywords>0x8080000000000000</Keywords>
			<TimeCreated SystemTime="2020-01-13T04:20:33.450157200Z" />
			<EventRecordID>16853</EventRecordID>
			<Correlation />
			<Execution ProcessID="1124" ThreadID="1156" />
			<Channel>System</Channel>
			<Computer>amur-kua.oduvs.so</Computer>
			<Security UserID="S-1-5-21-578921006-2288858441-1423896827-22345" />
		</System>
		<EventData>
			<Data Name="param1">{E60687F7-01A1-40AA-86AC-DB1CBF673334}</Data>
		</EventData>
		<RenderingInfo Culture="ru-RU">
			<Message>Регистрация сервера {E60687F7-01A1-40AA-86AC-DB1CBF673334} DCOM не выполнена за отведенное время ожидания.</Message>
			<Level>Ошибка</Level>
			<Task />
			<Opcode>Сведения</Opcode>
			<Channel />
			<Provider>Microsoft-Windows-DistributedCOM</Provider>
			<Keywords>
				<Keyword>Классический</Keyword>
			</Keywords>
		</RenderingInfo>
	</Event>
	<Event xmlns="http://schemas.microsoft.com/win/2004/08/events/event">
		<System>
			<Provider Name="Microsoft-Windows-DistributedCOM" Guid="{1B562E86-B7AA-4131-BADC-B6F3A001407E}" EventSourceName="DCOM" />
			<EventID Qualifiers="0">10001</EventID>
			<Version>0</Version>
			<Level>2</Level>
			<Task>0</Task>
			<Opcode>0</Opcode>
			<Keywords>0x8080000000000000</Keywords>
			<TimeCreated SystemTime="2020-01-13T04:16:50.754698100Z" />
			<EventRecordID>16838</EventRecordID>
			<Correlation />
			<Execution ProcessID="732" ThreadID="1584" />
			<Channel>System</Channel>
			<Computer>amur-kua.oduvs.so</Computer>
			<Security UserID="S-1-5-21-578921006-2288858441-1423896827-22345" />
		</System>
		<EventData>
			<Data Name="param1">"C:\Program Files\WindowsApps\Microsoft.WindowsStore_11912.1001.1.0_x64__8wekyb3d8bbwe\WinStore.App.exe" -ServerName:App.AppXc75wvwned5vhz4xyxxecvgdjhdkgsdza.mca</Data>
			<Data Name="param2">0</Data>
			<Data Name="param3">Microsoft.WindowsStore_11912.1001.1.0_x64__8wekyb3d8bbwe!App</Data>
			<Data Name="param4">Недоступно</Data>
			<Data Name="param5">Недоступно</Data>
		</EventData>
		<RenderingInfo Culture="ru-RU">
			<Message>Не удалось запустить DCOM-сервер: Microsoft.WindowsStore_11912.1001.1.0_x64__8wekyb3d8bbwe!App как Недоступно/Недоступно.Ошибка:
"0"
Произошла при запуске команды:
"C:\Program Files\WindowsApps\Microsoft.WindowsStore_11912.1001.1.0_x64__8wekyb3d8bbwe\WinStore.App.exe" -ServerName:App.AppXc75wvwned5vhz4xyxxecvgdjhdkgsdza.mca</Message>
			<Level>Ошибка</Level>
			<Task />
			<Opcode>Сведения</Opcode>
			<Channel />
			<Provider>Microsoft-Windows-DistributedCOM</Provider>
			<Keywords>
				<Keyword>Классический</Keyword>
			</Keywords>
		</RenderingInfo>
	</Event>
	<Event xmlns="http://schemas.microsoft.com/win/2004/08/events/event">
		<System>
			<Provider Name="Microsoft-Windows-GroupPolicy" Guid="{aea1b4fa-97d1-45f2-a64c-4d69fffd92c9}" />
			<EventID>1129</EventID>
			<Version>0</Version>
			<Level>2</Level>
			<Task>0</Task>
			<Opcode>0</Opcode>
			<Keywords>0x8000000000000000</Keywords>
			<TimeCreated SystemTime="2020-01-13T04:16:20.975430900Z" />
			<EventRecordID>16834</EventRecordID>
			<Correlation ActivityID="{7b994d10-7fad-40d9-9870-0302231cb551}" />
			<Execution ProcessID="1312" ThreadID="6088" />
			<Channel>System</Channel>
			<Computer>amur-kua.oduvs.so</Computer>
			<Security UserID="S-1-5-21-578921006-2288858441-1423896827-22345" />
		</System>
		<EventData>
			<Data Name="SupportInfo1">1</Data>
			<Data Name="SupportInfo2">2049</Data>
			<Data Name="ProcessingMode">1</Data>
			<Data Name="ProcessingTimeInMilliseconds">0</Data>
			<Data Name="ErrorCode">1222</Data>
			<Data Name="ErrorDescription">Сеть отсутствует или не запущена. </Data>
		</EventData>
		<RenderingInfo Culture="ru-RU">
			<Message>Сбой обработки групповой политики из-за отсутствия сетевого подключения к контроллеру домена. Это может быть временным явлением. Как только компьютеру удастся подключиться к контроллеру домена и групповая политика будет обработана успешно, будет создано сообщение об успехе. Если это сообщение не появляется в течение нескольких часов, обратитесь к администратору.</Message>
			<Level>Ошибка</Level>
			<Task />
			<Opcode>Сведения</Opcode>
			<Channel>Система</Channel>
			<Provider>Microsoft-Windows-GroupPolicy</Provider>
			<Keywords />
		</RenderingInfo>
	</Event>
	<Event xmlns="http://schemas.microsoft.com/win/2004/08/events/event">
		<System>
			<Provider Name="Microsoft-Windows-GroupPolicy" Guid="{aea1b4fa-97d1-45f2-a64c-4d69fffd92c9}" />
			<EventID>1129</EventID>
			<Version>0</Version>
			<Level>2</Level>
			<Task>0</Task>
			<Opcode>0</Opcode>
			<Keywords>0x8000000000000000</Keywords>
			<TimeCreated SystemTime="2020-01-13T04:15:55.013185900Z" />
			<EventRecordID>16826</EventRecordID>
			<Correlation ActivityID="{bab25bd5-bc1b-43a6-8f9d-93fd4194647e}" />
			<Execution ProcessID="1312" ThreadID="1508" />
			<Channel>System</Channel>
			<Computer>amur-kua.oduvs.so</Computer>
			<Security UserID="S-1-5-18" />
		</System>
		<EventData>
			<Data Name="SupportInfo1">1</Data>
			<Data Name="SupportInfo2">2049</Data>
			<Data Name="ProcessingMode">1</Data>
			<Data Name="ProcessingTimeInMilliseconds">2297</Data>
			<Data Name="ErrorCode">1222</Data>
			<Data Name="ErrorDescription">Сеть отсутствует или не запущена. </Data>
		</EventData>
		<RenderingInfo Culture="ru-RU">
			<Message>Сбой обработки групповой политики из-за отсутствия сетевого подключения к контроллеру домена. Это может быть временным явлением. Как только компьютеру удастся подключиться к контроллеру домена и групповая политика будет обработана успешно, будет создано сообщение об успехе. Если это сообщение не появляется в течение нескольких часов, обратитесь к администратору.</Message>
			<Level>Ошибка</Level>
			<Task />
			<Opcode>Сведения</Opcode>
			<Channel>Система</Channel>
			<Provider>Microsoft-Windows-GroupPolicy</Provider>
			<Keywords />
		</RenderingInfo>
	</Event>
	<Event xmlns="http://schemas.microsoft.com/win/2004/08/events/event">
		<System>
			<Provider Name="NETLOGON" />
			<EventID Qualifiers="0">5719</EventID>
			<Level>2</Level>
			<Task>0</Task>
			<Keywords>0x80000000000000</Keywords>
			<TimeCreated SystemTime="2020-01-13T04:15:55.008368800Z" />
			<EventRecordID>16823</EventRecordID>
			<Channel>System</Channel>
			<Computer>amur-kua.oduvs.so</Computer>
			<Security />
		</System>
		<EventData>
			<Data>ODUVS</Data>
			<Data>%%1311</Data>
			<Binary>5E0000C0</Binary>
		</EventData>
		<RenderingInfo Culture="ru-RU">
			<Message>Компьютер не может установить безопасный сеанс связи с контроллером домена ODUVS по следующей причине: 
Вы не можете войти в систему с этими учетными данными, так как ваш домен недоступен. Убедитесь, что устройство подключено к сети организации и повторите попытку. Если вы ранее входили в систему на этом устройстве с другими учетными данными, вы можете войти в систему с этими учетными данными. 
Это может затруднить проверку подлинности. Убедитесь, что компьютер подключен к сети. Если ошибка повторится, обратитесь к администратору домена.  

Дополнительные сведения 
Если данный компьютер является контроллером указанного домена, он устанавливает безопасный сеанс связи с эмулятором основного контроллера этого домена. В противном случае компьютер устанавливает безопасный сеанс связи с произвольным контроллером данного домена.</Message>
			<Level>Ошибка</Level>
			<Task />
			<Opcode>Сведения</Opcode>
			<Channel />
			<Provider />
			<Keywords>
				<Keyword>Классический</Keyword>
			</Keywords>
		</RenderingInfo>
	</Event>
	<Event xmlns="http://schemas.microsoft.com/win/2004/08/events/event">
		<System>
			<Provider Name="Service Control Manager" Guid="{555908d1-a6d7-4695-8e1e-26931d2012f4}" EventSourceName="Service Control Manager" />
			<EventID Qualifiers="49152">7043</EventID>
			<Version>0</Version>
			<Level>2</Level>
			<Task>0</Task>
			<Opcode>0</Opcode>
			<Keywords>0x8080000000000000</Keywords>
			<TimeCreated SystemTime="2020-01-13T04:13:27.877519700Z" />
			<EventRecordID>16759</EventRecordID>
			<Correlation ActivityID="{37b2e375-b16c-0003-9b60-b7376cb1d501}" />
			<Execution ProcessID="600" ThreadID="9236" />
			<Channel>System</Channel>
			<Computer>amur-kua.oduvs.so</Computer>
			<Security />
		</System>
		<EventData>
			<Data Name="param1">CK-11 Supervisor</Data>
			<Binary>43004B0031003100530075007000650072007600690073006F0072005300760063000000</Binary>
		</EventData>
		<RenderingInfo Culture="ru-RU">
			<Message>Служба "CK-11 Supervisor" не завершила работу должным образом после получения управления для выполнения предзавершающих операций.</Message>
			<Level>Ошибка</Level>
			<Task />
			<Opcode />
			<Channel />
			<Provider>Microsoft-Windows-Service Control Manager</Provider>
			<Keywords>
				<Keyword>Классический</Keyword>
			</Keywords>
		</RenderingInfo>
	</Event>
	<Event xmlns="http://schemas.microsoft.com/win/2004/08/events/event">
		<System>
			<Provider Name="Microsoft-Windows-DistributedCOM" Guid="{1B562E86-B7AA-4131-BADC-B6F3A001407E}" EventSourceName="DCOM" />
			<EventID Qualifiers="0">10010</EventID>
			<Version>0</Version>
			<Level>2</Level>
			<Task>0</Task>
			<Opcode>0</Opcode>
			<Keywords>0x8080000000000000</Keywords>
			<TimeCreated SystemTime="2020-01-13T04:13:22.267315800Z" />
			<EventRecordID>16757</EventRecordID>
			<Correlation />
			<Execution ProcessID="1128" ThreadID="19300" />
			<Channel>System</Channel>
			<Computer>amur-kua.oduvs.so</Computer>
			<Security UserID="S-1-5-18" />
		</System>
		<EventData>
			<Data Name="param1">{73E709EA-5D93-4B2E-BBB0-99B7938DA9E4}</Data>
		</EventData>
		<RenderingInfo Culture="ru-RU">
			<Message>Регистрация сервера {73E709EA-5D93-4B2E-BBB0-99B7938DA9E4} DCOM не выполнена за отведенное время ожидания.</Message>
			<Level>Ошибка</Level>
			<Task />
			<Opcode>Сведения</Opcode>
			<Channel />
			<Provider>Microsoft-Windows-DistributedCOM</Provider>
			<Keywords>
				<Keyword>Классический</Keyword>
			</Keywords>
		</RenderingInfo>
	</Event>
	<Event xmlns="http://schemas.microsoft.com/win/2004/08/events/event">
		<System>
			<Provider Name="Microsoft-Windows-DistributedCOM" Guid="{1B562E86-B7AA-4131-BADC-B6F3A001407E}" EventSourceName="DCOM" />
			<EventID Qualifiers="0">10010</EventID>
			<Version>0</Version>
			<Level>2</Level>
			<Task>0</Task>
			<Opcode>0</Opcode>
			<Keywords>0x8080000000000000</Keywords>
			<TimeCreated SystemTime="2020-01-13T04:12:58.275406700Z" />
			<EventRecordID>16754</EventRecordID>
			<Correlation />
			<Execution ProcessID="1128" ThreadID="1184" />
			<Channel>System</Channel>
			<Computer>amur-kua.oduvs.so</Computer>
			<Security UserID="S-1-5-21-578921006-2288858441-1423896827-22345" />
		</System>
		<EventData>
			<Data Name="param1">{9BA05972-F6A8-11CF-A442-00A0C90A8F39}</Data>
		</EventData>
		<RenderingInfo Culture="ru-RU">
			<Message>Регистрация сервера {9BA05972-F6A8-11CF-A442-00A0C90A8F39} DCOM не выполнена за отведенное время ожидания.</Message>
			<Level>Ошибка</Level>
			<Task />
			<Opcode>Сведения</Opcode>
			<Channel />
			<Provider>Microsoft-Windows-DistributedCOM</Provider>
			<Keywords>
				<Keyword>Классический</Keyword>
			</Keywords>
		</RenderingInfo>
	</Event>
	<Event xmlns="http://schemas.microsoft.com/win/2004/08/events/event">
		<System>
			<Provider Name="Microsoft-Windows-DistributedCOM" Guid="{1B562E86-B7AA-4131-BADC-B6F3A001407E}" EventSourceName="DCOM" />
			<EventID Qualifiers="0">10010</EventID>
			<Version>0</Version>
			<Level>2</Level>
			<Task>0</Task>
			<Opcode>0</Opcode>
			<Keywords>0x8080000000000000</Keywords>
			<TimeCreated SystemTime="2020-01-13T04:12:52.243372200Z" />
			<EventRecordID>16753</EventRecordID>
			<Correlation />
			<Execution ProcessID="1128" ThreadID="19300" />
			<Channel>System</Channel>
			<Computer>amur-kua.oduvs.so</Computer>
			<Security UserID="S-1-5-18" />
		</System>
		<EventData>
			<Data Name="param1">{73E709EA-5D93-4B2E-BBB0-99B7938DA9E4}</Data>
		</EventData>
		<RenderingInfo Culture="ru-RU">
			<Message>Регистрация сервера {73E709EA-5D93-4B2E-BBB0-99B7938DA9E4} DCOM не выполнена за отведенное время ожидания.</Message>
			<Level>Ошибка</Level>
			<Task />
			<Opcode>Сведения</Opcode>
			<Channel />
			<Provider>Microsoft-Windows-DistributedCOM</Provider>
			<Keywords>
				<Keyword>Классический</Keyword>
			</Keywords>
		</RenderingInfo>
	</Event>
	<Event xmlns="http://schemas.microsoft.com/win/2004/08/events/event">
		<System>
			<Provider Name="Microsoft-Windows-DistributedCOM" Guid="{1B562E86-B7AA-4131-BADC-B6F3A001407E}" EventSourceName="DCOM" />
			<EventID Qualifiers="0">10010</EventID>
			<Version>0</Version>
			<Level>2</Level>
			<Task>0</Task>
			<Opcode>0</Opcode>
			<Keywords>0x8080000000000000</Keywords>
			<TimeCreated SystemTime="2020-01-13T04:12:22.211316500Z" />
			<EventRecordID>16751</EventRecordID>
			<Correlation />
			<Execution ProcessID="1128" ThreadID="19300" />
			<Channel>System</Channel>
			<Computer>amur-kua.oduvs.so</Computer>
			<Security UserID="S-1-5-18" />
		</System>
		<EventData>
			<Data Name="param1">{73E709EA-5D93-4B2E-BBB0-99B7938DA9E4}</Data>
		</EventData>
		<RenderingInfo Culture="ru-RU">
			<Message>Регистрация сервера {73E709EA-5D93-4B2E-BBB0-99B7938DA9E4} DCOM не выполнена за отведенное время ожидания.</Message>
			<Level>Ошибка</Level>
			<Task />
			<Opcode>Сведения</Opcode>
			<Channel />
			<Provider>Microsoft-Windows-DistributedCOM</Provider>
			<Keywords>
				<Keyword>Классический</Keyword>
			</Keywords>
		</RenderingInfo>
	</Event>
	<Event xmlns="http://schemas.microsoft.com/win/2004/08/events/event">
		<System>
			<Provider Name="Microsoft-Windows-DistributedCOM" Guid="{1B562E86-B7AA-4131-BADC-B6F3A001407E}" EventSourceName="DCOM" />
			<EventID Qualifiers="0">10010</EventID>
			<Version>0</Version>
			<Level>2</Level>
			<Task>0</Task>
			<Opcode>0</Opcode>
			<Keywords>0x8080000000000000</Keywords>
			<TimeCreated SystemTime="2020-01-13T04:11:52.179951600Z" />
			<EventRecordID>16750</EventRecordID>
			<Correlation />
			<Execution ProcessID="1128" ThreadID="19300" />
			<Channel>System</Channel>
			<Computer>amur-kua.oduvs.so</Computer>
			<Security UserID="S-1-5-18" />
		</System>
		<EventData>
			<Data Name="param1">{73E709EA-5D93-4B2E-BBB0-99B7938DA9E4}</Data>
		</EventData>
		<RenderingInfo Culture="ru-RU">
			<Message>Регистрация сервера {73E709EA-5D93-4B2E-BBB0-99B7938DA9E4} DCOM не выполнена за отведенное время ожидания.</Message>
			<Level>Ошибка</Level>
			<Task />
			<Opcode>Сведения</Opcode>
			<Channel />
			<Provider>Microsoft-Windows-DistributedCOM</Provider>
			<Keywords>
				<Keyword>Классический</Keyword>
			</Keywords>
		</RenderingInfo>
	</Event>
	<Event xmlns="http://schemas.microsoft.com/win/2004/08/events/event">
		<System>
			<Provider Name="Microsoft-Windows-DistributedCOM" Guid="{1B562E86-B7AA-4131-BADC-B6F3A001407E}" EventSourceName="DCOM" />
			<EventID Qualifiers="0">10010</EventID>
			<Version>0</Version>
			<Level>2</Level>
			<Task>0</Task>
			<Opcode>0</Opcode>
			<Keywords>0x8080000000000000</Keywords>
			<TimeCreated SystemTime="2020-01-13T04:11:22.149171300Z" />
			<EventRecordID>16749</EventRecordID>
			<Correlation />
			<Execution ProcessID="1128" ThreadID="19300" />
			<Channel>System</Channel>
			<Computer>amur-kua.oduvs.so</Computer>
			<Security UserID="S-1-5-18" />
		</System>
		<EventData>
			<Data Name="param1">{73E709EA-5D93-4B2E-BBB0-99B7938DA9E4}</Data>
		</EventData>
		<RenderingInfo Culture="ru-RU">
			<Message>Регистрация сервера {73E709EA-5D93-4B2E-BBB0-99B7938DA9E4} DCOM не выполнена за отведенное время ожидания.</Message>
			<Level>Ошибка</Level>
			<Task />
			<Opcode>Сведения</Opcode>
			<Channel />
			<Provider>Microsoft-Windows-DistributedCOM</Provider>
			<Keywords>
				<Keyword>Классический</Keyword>
			</Keywords>
		</RenderingInfo>
	</Event>
	<Event xmlns="http://schemas.microsoft.com/win/2004/08/events/event">
		<System>
			<Provider Name="Microsoft-Windows-DistributedCOM" Guid="{1B562E86-B7AA-4131-BADC-B6F3A001407E}" EventSourceName="DCOM" />
			<EventID Qualifiers="0">10010</EventID>
			<Version>0</Version>
			<Level>2</Level>
			<Task>0</Task>
			<Opcode>0</Opcode>
			<Keywords>0x8080000000000000</Keywords>
			<TimeCreated SystemTime="2020-01-13T04:10:52.119955200Z" />
			<EventRecordID>16748</EventRecordID>
			<Correlation />
			<Execution ProcessID="1128" ThreadID="19300" />
			<Channel>System</Channel>
			<Computer>amur-kua.oduvs.so</Computer>
			<Security UserID="S-1-5-18" />
		</System>
		<EventData>
			<Data Name="param1">{73E709EA-5D93-4B2E-BBB0-99B7938DA9E4}</Data>
		</EventData>
		<RenderingInfo Culture="ru-RU">
			<Message>Регистрация сервера {73E709EA-5D93-4B2E-BBB0-99B7938DA9E4} DCOM не выполнена за отведенное время ожидания.</Message>
			<Level>Ошибка</Level>
			<Task />
			<Opcode>Сведения</Opcode>
			<Channel />
			<Provider>Microsoft-Windows-DistributedCOM</Provider>
			<Keywords>
				<Keyword>Классический</Keyword>
			</Keywords>
		</RenderingInfo>
	</Event>
	<Event xmlns="http://schemas.microsoft.com/win/2004/08/events/event">
		<System>
			<Provider Name="Microsoft-Windows-DistributedCOM" Guid="{1B562E86-B7AA-4131-BADC-B6F3A001407E}" EventSourceName="DCOM" />
			<EventID Qualifiers="0">10010</EventID>
			<Version>0</Version>
			<Level>2</Level>
			<Task>0</Task>
			<Opcode>0</Opcode>
			<Keywords>0x8080000000000000</Keywords>
			<TimeCreated SystemTime="2020-01-13T04:10:22.104315300Z" />
			<EventRecordID>16747</EventRecordID>
			<Correlation />
			<Execution ProcessID="1128" ThreadID="19300" />
			<Channel>System</Channel>
			<Computer>amur-kua.oduvs.so</Computer>
			<Security UserID="S-1-5-18" />
		</System>
		<EventData>
			<Data Name="param1">{73E709EA-5D93-4B2E-BBB0-99B7938DA9E4}</Data>
		</EventData>
		<RenderingInfo Culture="ru-RU">
			<Message>Регистрация сервера {73E709EA-5D93-4B2E-BBB0-99B7938DA9E4} DCOM не выполнена за отведенное время ожидания.</Message>
			<Level>Ошибка</Level>
			<Task />
			<Opcode>Сведения</Opcode>
			<Channel />
			<Provider>Microsoft-Windows-DistributedCOM</Provider>
			<Keywords>
				<Keyword>Классический</Keyword>
			</Keywords>
		</RenderingInfo>
	</Event>
	<Event xmlns="http://schemas.microsoft.com/win/2004/08/events/event">
		<System>
			<Provider Name="Microsoft-Windows-DistributedCOM" Guid="{1B562E86-B7AA-4131-BADC-B6F3A001407E}" EventSourceName="DCOM" />
			<EventID Qualifiers="0">10010</EventID>
			<Version>0</Version>
			<Level>2</Level>
			<Task>0</Task>
			<Opcode>0</Opcode>
			<Keywords>0x8080000000000000</Keywords>
			<TimeCreated SystemTime="2020-01-13T04:09:52.064412100Z" />
			<EventRecordID>16746</EventRecordID>
			<Correlation />
			<Execution ProcessID="1128" ThreadID="19300" />
			<Channel>System</Channel>
			<Computer>amur-kua.oduvs.so</Computer>
			<Security UserID="S-1-5-18" />
		</System>
		<EventData>
			<Data Name="param1">{73E709EA-5D93-4B2E-BBB0-99B7938DA9E4}</Data>
		</EventData>
		<RenderingInfo Culture="ru-RU">
			<Message>Регистрация сервера {73E709EA-5D93-4B2E-BBB0-99B7938DA9E4} DCOM не выполнена за отведенное время ожидания.</Message>
			<Level>Ошибка</Level>
			<Task />
			<Opcode>Сведения</Opcode>
			<Channel />
			<Provider>Microsoft-Windows-DistributedCOM</Provider>
			<Keywords>
				<Keyword>Классический</Keyword>
			</Keywords>
		</RenderingInfo>
	</Event>
	<Event xmlns="http://schemas.microsoft.com/win/2004/08/events/event">
		<System>
			<Provider Name="Microsoft-Windows-DistributedCOM" Guid="{1B562E86-B7AA-4131-BADC-B6F3A001407E}" EventSourceName="DCOM" />
			<EventID Qualifiers="0">10010</EventID>
			<Version>0</Version>
			<Level>2</Level>
			<Task>0</Task>
			<Opcode>0</Opcode>
			<Keywords>0x8080000000000000</Keywords>
			<TimeCreated SystemTime="2020-01-13T04:09:22.048067800Z" />
			<EventRecordID>16745</EventRecordID>
			<Correlation />
			<Execution ProcessID="1128" ThreadID="19300" />
			<Channel>System</Channel>
			<Computer>amur-kua.oduvs.so</Computer>
			<Security UserID="S-1-5-18" />
		</System>
		<EventData>
			<Data Name="param1">{73E709EA-5D93-4B2E-BBB0-99B7938DA9E4}</Data>
		</EventData>
		<RenderingInfo Culture="ru-RU">
			<Message>Регистрация сервера {73E709EA-5D93-4B2E-BBB0-99B7938DA9E4} DCOM не выполнена за отведенное время ожидания.</Message>
			<Level>Ошибка</Level>
			<Task />
			<Opcode>Сведения</Opcode>
			<Channel />
			<Provider>Microsoft-Windows-DistributedCOM</Provider>
			<Keywords>
				<Keyword>Классический</Keyword>
			</Keywords>
		</RenderingInfo>
	</Event>
	<Event xmlns="http://schemas.microsoft.com/win/2004/08/events/event">
		<System>
			<Provider Name="Microsoft-Windows-DistributedCOM" Guid="{1B562E86-B7AA-4131-BADC-B6F3A001407E}" EventSourceName="DCOM" />
			<EventID Qualifiers="0">10010</EventID>
			<Version>0</Version>
			<Level>2</Level>
			<Task>0</Task>
			<Opcode>0</Opcode>
			<Keywords>0x8080000000000000</Keywords>
			<TimeCreated SystemTime="2020-01-13T04:08:52.023502400Z" />
			<EventRecordID>16744</EventRecordID>
			<Correlation />
			<Execution ProcessID="1128" ThreadID="19300" />
			<Channel>System</Channel>
			<Computer>amur-kua.oduvs.so</Computer>
			<Security UserID="S-1-5-18" />
		</System>
		<EventData>
			<Data Name="param1">{73E709EA-5D93-4B2E-BBB0-99B7938DA9E4}</Data>
		</EventData>
		<RenderingInfo Culture="ru-RU">
			<Message>Регистрация сервера {73E709EA-5D93-4B2E-BBB0-99B7938DA9E4} DCOM не выполнена за отведенное время ожидания.</Message>
			<Level>Ошибка</Level>
			<Task />
			<Opcode>Сведения</Opcode>
			<Channel />
			<Provider>Microsoft-Windows-DistributedCOM</Provider>
			<Keywords>
				<Keyword>Классический</Keyword>
			</Keywords>
		</RenderingInfo>
	</Event>
	<Event xmlns="http://schemas.microsoft.com/win/2004/08/events/event">
		<System>
			<Provider Name="Microsoft-Windows-DistributedCOM" Guid="{1B562E86-B7AA-4131-BADC-B6F3A001407E}" EventSourceName="DCOM" />
			<EventID Qualifiers="0">10010</EventID>
			<Version>0</Version>
			<Level>2</Level>
			<Task>0</Task>
			<Opcode>0</Opcode>
			<Keywords>0x8080000000000000</Keywords>
			<TimeCreated SystemTime="2020-01-13T04:08:22.002462700Z" />
			<EventRecordID>16743</EventRecordID>
			<Correlation />
			<Execution ProcessID="1128" ThreadID="19300" />
			<Channel>System</Channel>
			<Computer>amur-kua.oduvs.so</Computer>
			<Security UserID="S-1-5-18" />
		</System>
		<EventData>
			<Data Name="param1">{73E709EA-5D93-4B2E-BBB0-99B7938DA9E4}</Data>
		</EventData>
		<RenderingInfo Culture="ru-RU">
			<Message>Регистрация сервера {73E709EA-5D93-4B2E-BBB0-99B7938DA9E4} DCOM не выполнена за отведенное время ожидания.</Message>
			<Level>Ошибка</Level>
			<Task />
			<Opcode>Сведения</Opcode>
			<Channel />
			<Provider>Microsoft-Windows-DistributedCOM</Provider>
			<Keywords>
				<Keyword>Классический</Keyword>
			</Keywords>
		</RenderingInfo>
	</Event>
	<Event xmlns="http://schemas.microsoft.com/win/2004/08/events/event">
		<System>
			<Provider Name="Microsoft-Windows-DistributedCOM" Guid="{1B562E86-B7AA-4131-BADC-B6F3A001407E}" EventSourceName="DCOM" />
			<EventID Qualifiers="0">10010</EventID>
			<Version>0</Version>
			<Level>2</Level>
			<Task>0</Task>
			<Opcode>0</Opcode>
			<Keywords>0x8080000000000000</Keywords>
			<TimeCreated SystemTime="2020-01-13T04:07:51.963863900Z" />
			<EventRecordID>16742</EventRecordID>
			<Correlation />
			<Execution ProcessID="1128" ThreadID="19300" />
			<Channel>System</Channel>
			<Computer>amur-kua.oduvs.so</Computer>
			<Security UserID="S-1-5-18" />
		</System>
		<EventData>
			<Data Name="param1">{73E709EA-5D93-4B2E-BBB0-99B7938DA9E4}</Data>
		</EventData>
		<RenderingInfo Culture="ru-RU">
			<Message>Регистрация сервера {73E709EA-5D93-4B2E-BBB0-99B7938DA9E4} DCOM не выполнена за отведенное время ожидания.</Message>
			<Level>Ошибка</Level>
			<Task />
			<Opcode>Сведения</Opcode>
			<Channel />
			<Provider>Microsoft-Windows-DistributedCOM</Provider>
			<Keywords>
				<Keyword>Классический</Keyword>
			</Keywords>
		</RenderingInfo>
	</Event>
	<Event xmlns="http://schemas.microsoft.com/win/2004/08/events/event">
		<System>
			<Provider Name="Microsoft-Windows-DistributedCOM" Guid="{1B562E86-B7AA-4131-BADC-B6F3A001407E}" EventSourceName="DCOM" />
			<EventID Qualifiers="0">10010</EventID>
			<Version>0</Version>
			<Level>2</Level>
			<Task>0</Task>
			<Opcode>0</Opcode>
			<Keywords>0x8080000000000000</Keywords>
			<TimeCreated SystemTime="2020-01-13T04:07:21.869040500Z" />
			<EventRecordID>16741</EventRecordID>
			<Correlation />
			<Execution ProcessID="1128" ThreadID="19300" />
			<Channel>System</Channel>
			<Computer>amur-kua.oduvs.so</Computer>
			<Security UserID="S-1-5-18" />
		</System>
		<EventData>
			<Data Name="param1">{73E709EA-5D93-4B2E-BBB0-99B7938DA9E4}</Data>
		</EventData>
		<RenderingInfo Culture="ru-RU">
			<Message>Регистрация сервера {73E709EA-5D93-4B2E-BBB0-99B7938DA9E4} DCOM не выполнена за отведенное время ожидания.</Message>
			<Level>Ошибка</Level>
			<Task />
			<Opcode>Сведения</Opcode>
			<Channel />
			<Provider>Microsoft-Windows-DistributedCOM</Provider>
			<Keywords>
				<Keyword>Классический</Keyword>
			</Keywords>
		</RenderingInfo>
	</Event>
	<Event xmlns="http://schemas.microsoft.com/win/2004/08/events/event">
		<System>
			<Provider Name="Microsoft-Windows-DistributedCOM" Guid="{1B562E86-B7AA-4131-BADC-B6F3A001407E}" EventSourceName="DCOM" />
			<EventID Qualifiers="0">10010</EventID>
			<Version>0</Version>
			<Level>2</Level>
			<Task>0</Task>
			<Opcode>0</Opcode>
			<Keywords>0x8080000000000000</Keywords>
			<TimeCreated SystemTime="2020-01-13T04:06:51.670994700Z" />
			<EventRecordID>16740</EventRecordID>
			<Correlation />
			<Execution ProcessID="1128" ThreadID="19300" />
			<Channel>System</Channel>
			<Computer>amur-kua.oduvs.so</Computer>
			<Security UserID="S-1-5-18" />
		</System>
		<EventData>
			<Data Name="param1">{73E709EA-5D93-4B2E-BBB0-99B7938DA9E4}</Data>
		</EventData>
		<RenderingInfo Culture="ru-RU">
			<Message>Регистрация сервера {73E709EA-5D93-4B2E-BBB0-99B7938DA9E4} DCOM не выполнена за отведенное время ожидания.</Message>
=======
			<Provider Name="Service Control Manager" Guid="{555908d1-a6d7-4695-8e1e-26931d2012f4}" EventSourceName="Service Control Manager" />
			<EventID Qualifiers="49152">7023</EventID>
			<Version>0</Version>
			<Level>2</Level>
			<Task>0</Task>
			<Opcode>0</Opcode>
			<Keywords>0x8080000000000000</Keywords>
			<TimeCreated SystemTime="2020-01-19T03:06:52.836923300Z" />
			<EventRecordID>17030</EventRecordID>
			<Correlation />
			<Execution ProcessID="808" ThreadID="20028" />
			<Channel>System</Channel>
			<Computer>DESKTOP-SQG8FRI</Computer>
			<Security />
		</System>
		<EventData>
			<Data Name="param1">wuauserv</Data>
			<Data Name="param2">%%2</Data>
			<Binary>770075006100750073006500720076000000</Binary>
		</EventData>
		<RenderingInfo Culture="ru-RU">
			<Message>Служба "wuauserv" завершена из-за ошибки 
Не удается найти указанный файл.</Message>
			<Level>Ошибка</Level>
			<Task />
			<Opcode />
			<Channel />
			<Provider>Microsoft-Windows-Service Control Manager</Provider>
			<Keywords>
				<Keyword>Классический</Keyword>
			</Keywords>
		</RenderingInfo>
	</Event>
	<Event xmlns="http://schemas.microsoft.com/win/2004/08/events/event">
		<System>
			<Provider Name="Microsoft-Windows-DistributedCOM" Guid="{1B562E86-B7AA-4131-BADC-B6F3A001407E}" EventSourceName="DCOM" />
			<EventID Qualifiers="0">10010</EventID>
			<Version>0</Version>
			<Level>2</Level>
			<Task>0</Task>
			<Opcode>0</Opcode>
			<Keywords>0x8080000000000000</Keywords>
			<TimeCreated SystemTime="2020-01-19T03:06:52.811927900Z" />
			<EventRecordID>17029</EventRecordID>
			<Correlation />
			<Execution ProcessID="636" ThreadID="15992" />
			<Channel>System</Channel>
			<Computer>DESKTOP-SQG8FRI</Computer>
			<Security UserID="S-1-5-18" />
		</System>
		<EventData>
			<Data Name="param1">{E60687F7-01A1-40AA-86AC-DB1CBF673334}</Data>
		</EventData>
		<RenderingInfo Culture="ru-RU">
			<Message>Регистрация сервера {E60687F7-01A1-40AA-86AC-DB1CBF673334} DCOM не выполнена за отведенное время ожидания.</Message>
>>>>>>> fec8b2897779bba52b1342b43a1359c7b424db85
			<Level>Ошибка</Level>
			<Task />
			<Opcode>Сведения</Opcode>
			<Channel />
			<Provider>Microsoft-Windows-DistributedCOM</Provider>
			<Keywords>
				<Keyword>Классический</Keyword>
			</Keywords>
		</RenderingInfo>
	</Event>
	<Event xmlns="http://schemas.microsoft.com/win/2004/08/events/event">
		<System>
<<<<<<< HEAD
			<Provider Name="Microsoft-Windows-DistributedCOM" Guid="{1B562E86-B7AA-4131-BADC-B6F3A001407E}" EventSourceName="DCOM" />
			<EventID Qualifiers="0">10010</EventID>
=======
			<Provider Name="Service Control Manager" Guid="{555908d1-a6d7-4695-8e1e-26931d2012f4}" EventSourceName="Service Control Manager" />
			<EventID Qualifiers="49152">7023</EventID>
>>>>>>> fec8b2897779bba52b1342b43a1359c7b424db85
			<Version>0</Version>
			<Level>2</Level>
			<Task>0</Task>
			<Opcode>0</Opcode>
			<Keywords>0x8080000000000000</Keywords>
<<<<<<< HEAD
			<TimeCreated SystemTime="2020-01-13T04:06:21.482468100Z" />
			<EventRecordID>16739</EventRecordID>
			<Correlation />
			<Execution ProcessID="1128" ThreadID="19300" />
			<Channel>System</Channel>
			<Computer>amur-kua.oduvs.so</Computer>
			<Security UserID="S-1-5-18" />
		</System>
		<EventData>
			<Data Name="param1">{73E709EA-5D93-4B2E-BBB0-99B7938DA9E4}</Data>
		</EventData>
		<RenderingInfo Culture="ru-RU">
			<Message>Регистрация сервера {73E709EA-5D93-4B2E-BBB0-99B7938DA9E4} DCOM не выполнена за отведенное время ожидания.</Message>
=======
			<TimeCreated SystemTime="2020-01-19T03:04:52.807793100Z" />
			<EventRecordID>17028</EventRecordID>
			<Correlation />
			<Execution ProcessID="808" ThreadID="18848" />
			<Channel>System</Channel>
			<Computer>DESKTOP-SQG8FRI</Computer>
			<Security />
		</System>
		<EventData>
			<Data Name="param1">wuauserv</Data>
			<Data Name="param2">%%2</Data>
			<Binary>770075006100750073006500720076000000</Binary>
		</EventData>
		<RenderingInfo Culture="ru-RU">
			<Message>Служба "wuauserv" завершена из-за ошибки 
Не удается найти указанный файл.</Message>
>>>>>>> fec8b2897779bba52b1342b43a1359c7b424db85
			<Level>Ошибка</Level>
			<Task />
			<Opcode>Сведения</Opcode>
			<Channel />
<<<<<<< HEAD
			<Provider>Microsoft-Windows-DistributedCOM</Provider>
=======
			<Provider>Microsoft-Windows-Service Control Manager</Provider>
>>>>>>> fec8b2897779bba52b1342b43a1359c7b424db85
			<Keywords>
				<Keyword>Классический</Keyword>
			</Keywords>
		</RenderingInfo>
	</Event>
	<Event xmlns="http://schemas.microsoft.com/win/2004/08/events/event">
		<System>
			<Provider Name="Microsoft-Windows-DistributedCOM" Guid="{1B562E86-B7AA-4131-BADC-B6F3A001407E}" EventSourceName="DCOM" />
			<EventID Qualifiers="0">10010</EventID>
			<Version>0</Version>
			<Level>2</Level>
			<Task>0</Task>
			<Opcode>0</Opcode>
			<Keywords>0x8080000000000000</Keywords>
<<<<<<< HEAD
			<TimeCreated SystemTime="2020-01-13T04:05:51.306608900Z" />
			<EventRecordID>16738</EventRecordID>
			<Correlation />
			<Execution ProcessID="1128" ThreadID="19300" />
=======
			<TimeCreated SystemTime="2020-01-19T03:04:52.782793800Z" />
			<EventRecordID>17027</EventRecordID>
			<Correlation />
			<Execution ProcessID="636" ThreadID="13852" />
>>>>>>> fec8b2897779bba52b1342b43a1359c7b424db85
			<Channel>System</Channel>
			<Computer>DESKTOP-SQG8FRI</Computer>
			<Security UserID="S-1-5-18" />
		</System>
		<EventData>
<<<<<<< HEAD
			<Data Name="param1">{73E709EA-5D93-4B2E-BBB0-99B7938DA9E4}</Data>
		</EventData>
		<RenderingInfo Culture="ru-RU">
			<Message>Регистрация сервера {73E709EA-5D93-4B2E-BBB0-99B7938DA9E4} DCOM не выполнена за отведенное время ожидания.</Message>
=======
			<Data Name="param1">{E60687F7-01A1-40AA-86AC-DB1CBF673334}</Data>
		</EventData>
		<RenderingInfo Culture="ru-RU">
			<Message>Регистрация сервера {E60687F7-01A1-40AA-86AC-DB1CBF673334} DCOM не выполнена за отведенное время ожидания.</Message>
>>>>>>> fec8b2897779bba52b1342b43a1359c7b424db85
			<Level>Ошибка</Level>
			<Task />
			<Opcode>Сведения</Opcode>
			<Channel />
			<Provider>Microsoft-Windows-DistributedCOM</Provider>
			<Keywords>
				<Keyword>Классический</Keyword>
			</Keywords>
		</RenderingInfo>
	</Event>
	<Event xmlns="http://schemas.microsoft.com/win/2004/08/events/event">
		<System>
<<<<<<< HEAD
			<Provider Name="Microsoft-Windows-DistributedCOM" Guid="{1B562E86-B7AA-4131-BADC-B6F3A001407E}" EventSourceName="DCOM" />
			<EventID Qualifiers="0">10010</EventID>
=======
			<Provider Name="Service Control Manager" Guid="{555908d1-a6d7-4695-8e1e-26931d2012f4}" EventSourceName="Service Control Manager" />
			<EventID Qualifiers="49152">7023</EventID>
>>>>>>> fec8b2897779bba52b1342b43a1359c7b424db85
			<Version>0</Version>
			<Level>2</Level>
			<Task>0</Task>
			<Opcode>0</Opcode>
			<Keywords>0x8080000000000000</Keywords>
<<<<<<< HEAD
			<TimeCreated SystemTime="2020-01-13T04:05:21.130434400Z" />
			<EventRecordID>16737</EventRecordID>
			<Correlation />
			<Execution ProcessID="1128" ThreadID="19300" />
			<Channel>System</Channel>
			<Computer>amur-kua.oduvs.so</Computer>
			<Security UserID="S-1-5-18" />
		</System>
		<EventData>
			<Data Name="param1">{73E709EA-5D93-4B2E-BBB0-99B7938DA9E4}</Data>
		</EventData>
		<RenderingInfo Culture="ru-RU">
			<Message>Регистрация сервера {73E709EA-5D93-4B2E-BBB0-99B7938DA9E4} DCOM не выполнена за отведенное время ожидания.</Message>
=======
			<TimeCreated SystemTime="2020-01-19T03:02:52.782684500Z" />
			<EventRecordID>17026</EventRecordID>
			<Correlation />
			<Execution ProcessID="808" ThreadID="18848" />
			<Channel>System</Channel>
			<Computer>DESKTOP-SQG8FRI</Computer>
			<Security />
		</System>
		<EventData>
			<Data Name="param1">wuauserv</Data>
			<Data Name="param2">%%2</Data>
			<Binary>770075006100750073006500720076000000</Binary>
		</EventData>
		<RenderingInfo Culture="ru-RU">
			<Message>Служба "wuauserv" завершена из-за ошибки 
Не удается найти указанный файл.</Message>
>>>>>>> fec8b2897779bba52b1342b43a1359c7b424db85
			<Level>Ошибка</Level>
			<Task />
			<Opcode>Сведения</Opcode>
			<Channel />
<<<<<<< HEAD
			<Provider>Microsoft-Windows-DistributedCOM</Provider>
=======
			<Provider>Microsoft-Windows-Service Control Manager</Provider>
>>>>>>> fec8b2897779bba52b1342b43a1359c7b424db85
			<Keywords>
				<Keyword>Классический</Keyword>
			</Keywords>
		</RenderingInfo>
	</Event>
	<Event xmlns="http://schemas.microsoft.com/win/2004/08/events/event">
		<System>
			<Provider Name="Microsoft-Windows-DistributedCOM" Guid="{1B562E86-B7AA-4131-BADC-B6F3A001407E}" EventSourceName="DCOM" />
			<EventID Qualifiers="0">10010</EventID>
			<Version>0</Version>
			<Level>2</Level>
			<Task>0</Task>
			<Opcode>0</Opcode>
			<Keywords>0x8080000000000000</Keywords>
<<<<<<< HEAD
			<TimeCreated SystemTime="2020-01-13T04:04:50.938912500Z" />
			<EventRecordID>16736</EventRecordID>
			<Correlation />
			<Execution ProcessID="1128" ThreadID="19300" />
			<Channel>System</Channel>
			<Computer>amur-kua.oduvs.so</Computer>
			<Security UserID="S-1-5-18" />
		</System>
		<EventData>
			<Data Name="param1">{73E709EA-5D93-4B2E-BBB0-99B7938DA9E4}</Data>
		</EventData>
		<RenderingInfo Culture="ru-RU">
			<Message>Регистрация сервера {73E709EA-5D93-4B2E-BBB0-99B7938DA9E4} DCOM не выполнена за отведенное время ожидания.</Message>
=======
			<TimeCreated SystemTime="2020-01-19T03:02:52.756730400Z" />
			<EventRecordID>17025</EventRecordID>
			<Correlation />
			<Execution ProcessID="636" ThreadID="14860" />
			<Channel>System</Channel>
			<Computer>DESKTOP-SQG8FRI</Computer>
			<Security UserID="S-1-5-18" />
		</System>
		<EventData>
			<Data Name="param1">{E60687F7-01A1-40AA-86AC-DB1CBF673334}</Data>
		</EventData>
		<RenderingInfo Culture="ru-RU">
			<Message>Регистрация сервера {E60687F7-01A1-40AA-86AC-DB1CBF673334} DCOM не выполнена за отведенное время ожидания.</Message>
>>>>>>> fec8b2897779bba52b1342b43a1359c7b424db85
			<Level>Ошибка</Level>
			<Task />
			<Opcode>Сведения</Opcode>
			<Channel />
			<Provider>Microsoft-Windows-DistributedCOM</Provider>
			<Keywords>
				<Keyword>Классический</Keyword>
			</Keywords>
		</RenderingInfo>
	</Event>
	<Event xmlns="http://schemas.microsoft.com/win/2004/08/events/event">
		<System>
<<<<<<< HEAD
			<Provider Name="Microsoft-Windows-DistributedCOM" Guid="{1B562E86-B7AA-4131-BADC-B6F3A001407E}" EventSourceName="DCOM" />
			<EventID Qualifiers="0">10010</EventID>
=======
			<Provider Name="Service Control Manager" Guid="{555908d1-a6d7-4695-8e1e-26931d2012f4}" EventSourceName="Service Control Manager" />
			<EventID Qualifiers="49152">7023</EventID>
>>>>>>> fec8b2897779bba52b1342b43a1359c7b424db85
			<Version>0</Version>
			<Level>2</Level>
			<Task>0</Task>
			<Opcode>0</Opcode>
			<Keywords>0x8080000000000000</Keywords>
<<<<<<< HEAD
			<TimeCreated SystemTime="2020-01-13T04:04:20.762818400Z" />
			<EventRecordID>16735</EventRecordID>
			<Correlation />
			<Execution ProcessID="1128" ThreadID="19300" />
			<Channel>System</Channel>
			<Computer>amur-kua.oduvs.so</Computer>
			<Security UserID="S-1-5-18" />
		</System>
		<EventData>
			<Data Name="param1">{73E709EA-5D93-4B2E-BBB0-99B7938DA9E4}</Data>
		</EventData>
		<RenderingInfo Culture="ru-RU">
			<Message>Регистрация сервера {73E709EA-5D93-4B2E-BBB0-99B7938DA9E4} DCOM не выполнена за отведенное время ожидания.</Message>
=======
			<TimeCreated SystemTime="2020-01-19T03:00:52.754684700Z" />
			<EventRecordID>17024</EventRecordID>
			<Correlation />
			<Execution ProcessID="808" ThreadID="20028" />
			<Channel>System</Channel>
			<Computer>DESKTOP-SQG8FRI</Computer>
			<Security />
		</System>
		<EventData>
			<Data Name="param1">wuauserv</Data>
			<Data Name="param2">%%2</Data>
			<Binary>770075006100750073006500720076000000</Binary>
		</EventData>
		<RenderingInfo Culture="ru-RU">
			<Message>Служба "wuauserv" завершена из-за ошибки 
Не удается найти указанный файл.</Message>
>>>>>>> fec8b2897779bba52b1342b43a1359c7b424db85
			<Level>Ошибка</Level>
			<Task />
			<Opcode>Сведения</Opcode>
			<Channel />
<<<<<<< HEAD
			<Provider>Microsoft-Windows-DistributedCOM</Provider>
=======
			<Provider>Microsoft-Windows-Service Control Manager</Provider>
>>>>>>> fec8b2897779bba52b1342b43a1359c7b424db85
			<Keywords>
				<Keyword>Классический</Keyword>
			</Keywords>
		</RenderingInfo>
	</Event>
	<Event xmlns="http://schemas.microsoft.com/win/2004/08/events/event">
		<System>
			<Provider Name="Microsoft-Windows-DistributedCOM" Guid="{1B562E86-B7AA-4131-BADC-B6F3A001407E}" EventSourceName="DCOM" />
			<EventID Qualifiers="0">10010</EventID>
			<Version>0</Version>
			<Level>2</Level>
			<Task>0</Task>
			<Opcode>0</Opcode>
			<Keywords>0x8080000000000000</Keywords>
<<<<<<< HEAD
			<TimeCreated SystemTime="2020-01-13T04:03:50.562268200Z" />
			<EventRecordID>16734</EventRecordID>
			<Correlation />
			<Execution ProcessID="1128" ThreadID="19300" />
			<Channel>System</Channel>
			<Computer>amur-kua.oduvs.so</Computer>
			<Security UserID="S-1-5-18" />
		</System>
		<EventData>
			<Data Name="param1">{73E709EA-5D93-4B2E-BBB0-99B7938DA9E4}</Data>
		</EventData>
		<RenderingInfo Culture="ru-RU">
			<Message>Регистрация сервера {73E709EA-5D93-4B2E-BBB0-99B7938DA9E4} DCOM не выполнена за отведенное время ожидания.</Message>
			<Level>Ошибка</Level>
			<Task />
			<Opcode>Сведения</Opcode>
			<Channel />
			<Provider>Microsoft-Windows-DistributedCOM</Provider>
			<Keywords>
				<Keyword>Классический</Keyword>
			</Keywords>
		</RenderingInfo>
	</Event>
	<Event xmlns="http://schemas.microsoft.com/win/2004/08/events/event">
		<System>
			<Provider Name="Microsoft-Windows-DistributedCOM" Guid="{1B562E86-B7AA-4131-BADC-B6F3A001407E}" EventSourceName="DCOM" />
			<EventID Qualifiers="0">10010</EventID>
			<Version>0</Version>
			<Level>2</Level>
			<Task>0</Task>
			<Opcode>0</Opcode>
			<Keywords>0x8080000000000000</Keywords>
			<TimeCreated SystemTime="2020-01-13T04:03:20.385371300Z" />
			<EventRecordID>16733</EventRecordID>
			<Correlation />
			<Execution ProcessID="1128" ThreadID="19300" />
			<Channel>System</Channel>
			<Computer>amur-kua.oduvs.so</Computer>
			<Security UserID="S-1-5-18" />
		</System>
		<EventData>
			<Data Name="param1">{73E709EA-5D93-4B2E-BBB0-99B7938DA9E4}</Data>
		</EventData>
		<RenderingInfo Culture="ru-RU">
			<Message>Регистрация сервера {73E709EA-5D93-4B2E-BBB0-99B7938DA9E4} DCOM не выполнена за отведенное время ожидания.</Message>
			<Level>Ошибка</Level>
			<Task />
			<Opcode>Сведения</Opcode>
			<Channel />
			<Provider>Microsoft-Windows-DistributedCOM</Provider>
			<Keywords>
				<Keyword>Классический</Keyword>
			</Keywords>
		</RenderingInfo>
	</Event>
	<Event xmlns="http://schemas.microsoft.com/win/2004/08/events/event">
		<System>
			<Provider Name="Microsoft-Windows-DistributedCOM" Guid="{1B562E86-B7AA-4131-BADC-B6F3A001407E}" EventSourceName="DCOM" />
			<EventID Qualifiers="0">10010</EventID>
			<Version>0</Version>
			<Level>2</Level>
			<Task>0</Task>
			<Opcode>0</Opcode>
			<Keywords>0x8080000000000000</Keywords>
			<TimeCreated SystemTime="2020-01-13T04:02:50.203278100Z" />
			<EventRecordID>16731</EventRecordID>
			<Correlation />
			<Execution ProcessID="1128" ThreadID="19300" />
			<Channel>System</Channel>
			<Computer>amur-kua.oduvs.so</Computer>
			<Security UserID="S-1-5-18" />
		</System>
		<EventData>
			<Data Name="param1">{73E709EA-5D93-4B2E-BBB0-99B7938DA9E4}</Data>
		</EventData>
		<RenderingInfo Culture="ru-RU">
			<Message>Регистрация сервера {73E709EA-5D93-4B2E-BBB0-99B7938DA9E4} DCOM не выполнена за отведенное время ожидания.</Message>
			<Level>Ошибка</Level>
			<Task />
			<Opcode>Сведения</Opcode>
			<Channel />
			<Provider>Microsoft-Windows-DistributedCOM</Provider>
			<Keywords>
				<Keyword>Классический</Keyword>
			</Keywords>
		</RenderingInfo>
	</Event>
	