<?xml version="1.0"?>
<Events>
	<Event xmlns="http://schemas.microsoft.com/win/2004/08/events/event">
		<System>
<<<<<<< HEAD
			<Provider Name="Microsoft-Windows-Security-SPP" Guid="{E23B33B0-C8C9-472C-A5F9-F2BDFEA0F156}" EventSourceName="Software Protection Platform Service" />
			<EventID Qualifiers="49152">8198</EventID>
			<Version>0</Version>
			<Level>2</Level>
			<Task>0</Task>
			<Opcode>0</Opcode>
			<Keywords>0x80000000000000</Keywords>
			<TimeCreated SystemTime="2020-01-17T04:07:04.887173800Z" />
			<EventRecordID>12720</EventRecordID>
			<Correlation />
			<Execution ProcessID="0" ThreadID="0" />
			<Channel>Application</Channel>
			<Computer>amur-kua.oduvs.so</Computer>
			<Security />
		</System>
		<EventData>
			<Data>hr=0x8007232B</Data>
			<Data>RuleId=502ff3ba-669a-4674-bbb1-601f34a3b968;Action=AutoActivateSilent;AppId=55c92734-d682-4d71-983e-d6ec3f16059f;SkuId=73111121-5638-40f6-bc11-f1d7b0d64300;NotificationInterval=1440;Trigger=TimerEvent</Data>
		</EventData>
		<RenderingInfo Culture="ru-RU">
			<Message>Сбой активации лицензий (slui.exe) со следующим кодом ошибки:
hr=0x8007232B
Аргументы командной строки:
RuleId=502ff3ba-669a-4674-bbb1-601f34a3b968;Action=AutoActivateSilent;AppId=55c92734-d682-4d71-983e-d6ec3f16059f;SkuId=73111121-5638-40f6-bc11-f1d7b0d64300;NotificationInterval=1440;Trigger=TimerEvent</Message>
			<Level>Ошибка</Level>
			<Task />
			<Opcode />
			<Channel />
			<Provider>Microsoft-Windows-Security-SPP</Provider>
			<Keywords>
				<Keyword>Классический</Keyword>
			</Keywords>
		</RenderingInfo>
	</Event>
	<Event xmlns="http://schemas.microsoft.com/win/2004/08/events/event">
		<System>
			<Provider Name="Microsoft-Windows-DistributedCOM" Guid="{1B562E86-B7AA-4131-BADC-B6F3A001407E}" EventSourceName="DCOM" />
			<EventID Qualifiers="0">10001</EventID>
			<Version>0</Version>
			<Level>2</Level>
			<Task>0</Task>
			<Opcode>0</Opcode>
			<Keywords>0x8080000000000000</Keywords>
			<TimeCreated SystemTime="2020-01-17T03:39:13.994614100Z" />
			<EventRecordID>17491</EventRecordID>
			<Correlation />
			<Execution ProcessID="772" ThreadID="1220" />
			<Channel>System</Channel>
			<Computer>amur-kua.oduvs.so</Computer>
			<Security UserID="S-1-5-21-578921006-2288858441-1423896827-22345" />
		</System>
		<EventData>
			<Data Name="param1">"C:\Program Files\WindowsApps\Microsoft.WindowsStore_12001.1001.1.0_x64__8wekyb3d8bbwe\WinStore.App.exe" -ServerName:App.AppXc75wvwned5vhz4xyxxecvgdjhdkgsdza.mca</Data>
			<Data Name="param2">0</Data>
			<Data Name="param3">Microsoft.WindowsStore_12001.1001.1.0_x64__8wekyb3d8bbwe!App</Data>
			<Data Name="param4">Недоступно</Data>
			<Data Name="param5">Недоступно</Data>
		</EventData>
		<RenderingInfo Culture="ru-RU">
			<Message>Не удалось запустить DCOM-сервер: Microsoft.WindowsStore_12001.1001.1.0_x64__8wekyb3d8bbwe!App как Недоступно/Недоступно.Ошибка:
"0"
Произошла при запуске команды:
"C:\Program Files\WindowsApps\Microsoft.WindowsStore_12001.1001.1.0_x64__8wekyb3d8bbwe\WinStore.App.exe" -ServerName:App.AppXc75wvwned5vhz4xyxxecvgdjhdkgsdza.mca</Message>
			<Level>Ошибка</Level>
			<Task />
			<Opcode>Сведения</Opcode>
			<Channel />
			<Provider>Microsoft-Windows-DistributedCOM</Provider>
			<Keywords>
				<Keyword>Классический</Keyword>
			</Keywords>
		</RenderingInfo>
	</Event>
	<Event xmlns="http://schemas.microsoft.com/win/2004/08/events/event">
		<System>
			<Provider Name="Microsoft-Windows-GroupPolicy" Guid="{aea1b4fa-97d1-45f2-a64c-4d69fffd92c9}" />
			<EventID>1130</EventID>
			<Version>0</Version>
			<Level>2</Level>
			<Task>0</Task>
			<Opcode>0</Opcode>
			<Keywords>0x8000000000000000</Keywords>
			<TimeCreated SystemTime="2020-01-17T03:38:11.226585100Z" />
			<EventRecordID>17487</EventRecordID>
			<Correlation />
			<Execution ProcessID="1860" ThreadID="7004" />
			<Channel>System</Channel>
			<Computer>amur-kua.oduvs.so</Computer>
			<Security UserID="S-1-5-21-578921006-2288858441-1423896827-22345" />
		</System>
		<EventData>
			<Data Name="SupportInfo1">0</Data>
			<Data Name="SupportInfo2">0</Data>
			<Data Name="ErrorCode">53</Data>
			<Data Name="ErrorDescription">Не найден сетевой путь. </Data>
			<Data Name="ScriptType">1</Data>
			<Data Name="GPODisplayName">AMUR-asdou-oduvs</Data>
			<Data Name="GPOFileSystemPath">\\oduvs.so\SysVol\oduvs.so\Policies\{9FCF58D3-7A0C-4FB9-87F6-063BA6D3232D}\User</Data>
			<Data Name="GPOScriptCommandString">\\oduvs.so\SysVol\oduvs.so\Policies\{9FCF58D3-7A0C-4FB9-87F6-063BA6D3232D}\User\Scripts\Logon\SetupCertificates.cmd</Data>
		</EventData>
		<RenderingInfo Culture="ru-RU">
			<Message>Ошибка "Сценарий входа". 
	Имя объекта политики (GPO): AMUR-asdou-oduvs
	Путь файловой системы к GPO: \\oduvs.so\SysVol\oduvs.so\Policies\{9FCF58D3-7A0C-4FB9-87F6-063BA6D3232D}\User
	Имя сценария: \\oduvs.so\SysVol\oduvs.so\Policies\{9FCF58D3-7A0C-4FB9-87F6-063BA6D3232D}\User\Scripts\Logon\SetupCertificates.cmd</Message>
			<Level>Ошибка</Level>
			<Task />
			<Opcode>Сведения</Opcode>
			<Channel>Система</Channel>
			<Provider>Microsoft-Windows-GroupPolicy</Provider>
			<Keywords />
		</RenderingInfo>
	</Event>
	<Event xmlns="http://schemas.microsoft.com/win/2004/08/events/event">
		<System>
			<Provider Name="Microsoft-Windows-GroupPolicy" Guid="{aea1b4fa-97d1-45f2-a64c-4d69fffd92c9}" />
			<EventID>1130</EventID>
			<Version>0</Version>
			<Level>2</Level>
			<Task>0</Task>
			<Opcode>0</Opcode>
			<Keywords>0x8000000000000000</Keywords>
			<TimeCreated SystemTime="2020-01-17T03:38:11.226539100Z" />
			<EventRecordID>17486</EventRecordID>
			<Correlation />
			<Execution ProcessID="1860" ThreadID="7004" />
			<Channel>System</Channel>
			<Computer>amur-kua.oduvs.so</Computer>
			<Security UserID="S-1-5-21-578921006-2288858441-1423896827-22345" />
		</System>
		<EventData>
			<Data Name="SupportInfo1">0</Data>
			<Data Name="SupportInfo2">0</Data>
			<Data Name="ErrorCode">53</Data>
			<Data Name="ErrorDescription">Не найден сетевой путь. </Data>
			<Data Name="ScriptType">1</Data>
			<Data Name="GPODisplayName">AMUR-asdou-oduvs</Data>
			<Data Name="GPOFileSystemPath">\\oduvs.so\SysVol\oduvs.so\Policies\{9FCF58D3-7A0C-4FB9-87F6-063BA6D3232D}\User</Data>
			<Data Name="GPOScriptCommandString">\\asdappsrv-amur\softwareinstall\SetupCertificates.cmd</Data>
		</EventData>
		<RenderingInfo Culture="ru-RU">
			<Message>Ошибка "Сценарий входа". 
	Имя объекта политики (GPO): AMUR-asdou-oduvs
	Путь файловой системы к GPO: \\oduvs.so\SysVol\oduvs.so\Policies\{9FCF58D3-7A0C-4FB9-87F6-063BA6D3232D}\User
	Имя сценария: \\asdappsrv-amur\softwareinstall\SetupCertificates.cmd</Message>
			<Level>Ошибка</Level>
			<Task />
			<Opcode>Сведения</Opcode>
			<Channel>Система</Channel>
			<Provider>Microsoft-Windows-GroupPolicy</Provider>
			<Keywords />
		</RenderingInfo>
	</Event>
	<Event xmlns="http://schemas.microsoft.com/win/2004/08/events/event">
		<System>
			<Provider Name="Microsoft-Windows-DistributedCOM" Guid="{1B562E86-B7AA-4131-BADC-B6F3A001407E}" EventSourceName="DCOM" />
			<EventID Qualifiers="0">10016</EventID>
			<Version>0</Version>
			<Level>2</Level>
			<Task>0</Task>
			<Opcode>0</Opcode>
			<Keywords>0x8080000000000000</Keywords>
			<TimeCreated SystemTime="2020-01-17T03:37:54.524020600Z" />
			<EventRecordID>17484</EventRecordID>
			<Correlation />
			<Execution ProcessID="1140" ThreadID="7592" />
			<Channel>System</Channel>
			<Computer>amur-kua.oduvs.so</Computer>
			<Security UserID="S-1-5-18" />
		</System>
		<EventData>
			<Data Name="param1">для конкретного приложения</Data>
			<Data Name="param2">Локально</Data>
			<Data Name="param3">Запуск</Data>
			<Data Name="param4">Windows.SecurityCenter.WscDataProtection</Data>
			<Data Name="param5">Недоступно</Data>
			<Data Name="param6">NT AUTHORITY</Data>
			<Data Name="param7">СИСТЕМА</Data>
			<Data Name="param8">S-1-5-18</Data>
			<Data Name="param9">LocalHost (с использованием LRPC)</Data>
			<Data Name="param10">Недоступно</Data>
			<Data Name="param11">Недоступно</Data>
		</EventData>
		<RenderingInfo Culture="ru-RU">
			<Message>Параметры разрешений для конкретного приложения не дают разрешения Локально Запуск для приложения COM-сервера с CLSID 
Windows.SecurityCenter.WscDataProtection
 и APPID 
Недоступно
 пользователю NT AUTHORITY\СИСТЕМА с ИД безопасности (S-1-5-18) и адресом LocalHost (с использованием LRPC), выполняемого в контейнере приложения Недоступно с ИД безопасности (Недоступно). Это разрешение безопасности можно изменить с помощью средства администрирования служб компонентов.</Message>
			<Level>Ошибка</Level>
			<Task />
			<Opcode>Сведения</Opcode>
			<Channel />
			<Provider>Microsoft-Windows-DistributedCOM</Provider>
			<Keywords>
				<Keyword>Классический</Keyword>
			</Keywords>
		</RenderingInfo>
	</Event>
	<Event xmlns="http://schemas.microsoft.com/win/2004/08/events/event">
		<System>
			<Provider Name="Microsoft-Windows-DistributedCOM" Guid="{1B562E86-B7AA-4131-BADC-B6F3A001407E}" EventSourceName="DCOM" />
			<EventID Qualifiers="0">10016</EventID>
			<Version>0</Version>
			<Level>2</Level>
			<Task>0</Task>
			<Opcode>0</Opcode>
			<Keywords>0x8080000000000000</Keywords>
			<TimeCreated SystemTime="2020-01-17T03:37:19.266893300Z" />
			<EventRecordID>17481</EventRecordID>
			<Correlation />
			<Execution ProcessID="1140" ThreadID="7592" />
			<Channel>System</Channel>
			<Computer>amur-kua.oduvs.so</Computer>
			<Security UserID="S-1-5-21-578921006-2288858441-1423896827-22345" />
		</System>
		<EventData>
			<Data Name="param1">для конкретного приложения</Data>
			<Data Name="param2">Локально</Data>
			<Data Name="param3">Активация</Data>
			<Data Name="param4">{2593F8B9-4EAF-457C-B68A-50F6B8EA6B54}</Data>
			<Data Name="param5">{15C20B67-12E7-4BB6-92BB-7AFF07997402}</Data>
			<Data Name="param6">ODUVS</Data>
			<Data Name="param7">amur_kua</Data>
			<Data Name="param8">S-1-5-21-578921006-2288858441-1423896827-22345</Data>
			<Data Name="param9">LocalHost (с использованием LRPC)</Data>
			<Data Name="param10">Недоступно</Data>
			<Data Name="param11">Недоступно</Data>
		</EventData>
		<RenderingInfo Culture="ru-RU">
			<Message>Параметры разрешений для конкретного приложения не дают разрешения Локально Активация для приложения COM-сервера с CLSID 
{2593F8B9-4EAF-457C-B68A-50F6B8EA6B54}
 и APPID 
{15C20B67-12E7-4BB6-92BB-7AFF07997402}
 пользователю ODUVS\amur_kua с ИД безопасности (S-1-5-21-578921006-2288858441-1423896827-22345) и адресом LocalHost (с использованием LRPC), выполняемого в контейнере приложения Недоступно с ИД безопасности (Недоступно). Это разрешение безопасности можно изменить с помощью средства администрирования служб компонентов.</Message>
			<Level>Ошибка</Level>
			<Task />
			<Opcode>Сведения</Opcode>
			<Channel />
			<Provider>Microsoft-Windows-DistributedCOM</Provider>
			<Keywords>
				<Keyword>Классический</Keyword>
			</Keywords>
		</RenderingInfo>
	</Event>
	<Event xmlns="http://schemas.microsoft.com/win/2004/08/events/event">
		<System>
			<Provider Name="Microsoft-Windows-GroupPolicy" Guid="{aea1b4fa-97d1-45f2-a64c-4d69fffd92c9}" />
			<EventID>1129</EventID>
			<Version>0</Version>
			<Level>2</Level>
			<Task>0</Task>
			<Opcode>0</Opcode>
			<Keywords>0x8000000000000000</Keywords>
			<TimeCreated SystemTime="2020-01-17T03:36:56.248421800Z" />
			<EventRecordID>17478</EventRecordID>
			<Correlation ActivityID="{e0cc09b2-7b1d-4b06-9e37-7c4f08e112e8}" />
			<Execution ProcessID="1860" ThreadID="6832" />
			<Channel>System</Channel>
			<Computer>amur-kua.oduvs.so</Computer>
			<Security UserID="S-1-5-21-578921006-2288858441-1423896827-22345" />
		</System>
		<EventData>
			<Data Name="SupportInfo1">1</Data>
			<Data Name="SupportInfo2">2049</Data>
			<Data Name="ProcessingMode">1</Data>
			<Data Name="ProcessingTimeInMilliseconds">0</Data>
			<Data Name="ErrorCode">1222</Data>
			<Data Name="ErrorDescription">Сеть отсутствует или не запущена. </Data>
		</EventData>
		<RenderingInfo Culture="ru-RU">
			<Message>Сбой обработки групповой политики из-за отсутствия сетевого подключения к контроллеру домена. Это может быть временным явлением. Как только компьютеру удастся подключиться к контроллеру домена и групповая политика будет обработана успешно, будет создано сообщение об успехе. Если это сообщение не появляется в течение нескольких часов, обратитесь к администратору.</Message>
			<Level>Ошибка</Level>
			<Task />
			<Opcode>Сведения</Opcode>
			<Channel>Система</Channel>
			<Provider>Microsoft-Windows-GroupPolicy</Provider>
			<Keywords />
		</RenderingInfo>
	</Event>
	<Event xmlns="http://schemas.microsoft.com/win/2004/08/events/event">
		<System>
			<Provider Name="Microsoft-Windows-GroupPolicy" Guid="{aea1b4fa-97d1-45f2-a64c-4d69fffd92c9}" />
			<EventID>1130</EventID>
			<Version>0</Version>
			<Level>2</Level>
			<Task>0</Task>
			<Opcode>0</Opcode>
			<Keywords>0x8000000000000000</Keywords>
			<TimeCreated SystemTime="2020-01-17T03:36:06.464048900Z" />
			<EventRecordID>17469</EventRecordID>
			<Correlation ActivityID="{d959c7ed-e930-4cbd-a856-55b23ca6c911}" />
			<Execution ProcessID="1860" ThreadID="808" />
			<Channel>System</Channel>
			<Computer>amur-kua.oduvs.so</Computer>
			<Security UserID="S-1-5-18" />
		</System>
		<EventData>
			<Data Name="SupportInfo1">0</Data>
			<Data Name="SupportInfo2">0</Data>
			<Data Name="ErrorCode">53</Data>
			<Data Name="ErrorDescription">Не найден сетевой путь. </Data>
			<Data Name="ScriptType">0</Data>
			<Data Name="GPODisplayName">AMUR-asdou-oduvs</Data>
			<Data Name="GPOFileSystemPath">\\oduvs.so\SysVol\oduvs.so\Policies\{9FCF58D3-7A0C-4FB9-87F6-063BA6D3232D}\Machine</Data>
			<Data Name="GPOScriptCommandString">\\ASDAPPSRV-AMUR.ODUVS.SO\SoftwareUpdate\RootCert2012\setup.cmd</Data>
		</EventData>
		<RenderingInfo Culture="ru-RU">
			<Message>Ошибка "Сценарий запуска". 
	Имя объекта политики (GPO): AMUR-asdou-oduvs
	Путь файловой системы к GPO: \\oduvs.so\SysVol\oduvs.so\Policies\{9FCF58D3-7A0C-4FB9-87F6-063BA6D3232D}\Machine
	Имя сценария: \\ASDAPPSRV-AMUR.ODUVS.SO\SoftwareUpdate\RootCert2012\setup.cmd</Message>
			<Level>Ошибка</Level>
			<Task />
			<Opcode>Сведения</Opcode>
			<Channel>Система</Channel>
			<Provider>Microsoft-Windows-GroupPolicy</Provider>
			<Keywords />
		</RenderingInfo>
	</Event>
	<Event xmlns="http://schemas.microsoft.com/win/2004/08/events/event">
		<System>
			<Provider Name="Microsoft-Windows-GroupPolicy" Guid="{aea1b4fa-97d1-45f2-a64c-4d69fffd92c9}" />
			<EventID>1130</EventID>
			<Version>0</Version>
			<Level>2</Level>
			<Task>0</Task>
			<Opcode>0</Opcode>
			<Keywords>0x8000000000000000</Keywords>
			<TimeCreated SystemTime="2020-01-17T03:36:06.464025100Z" />
			<EventRecordID>17468</EventRecordID>
			<Correlation ActivityID="{d959c7ed-e930-4cbd-a856-55b23ca6c911}" />
			<Execution ProcessID="1860" ThreadID="808" />
			<Channel>System</Channel>
			<Computer>amur-kua.oduvs.so</Computer>
			<Security UserID="S-1-5-18" />
		</System>
		<EventData>
			<Data Name="SupportInfo1">0</Data>
			<Data Name="SupportInfo2">0</Data>
			<Data Name="ErrorCode">53</Data>
			<Data Name="ErrorDescription">Не найден сетевой путь. </Data>
			<Data Name="ScriptType">0</Data>
			<Data Name="GPODisplayName">AMUR-asdou-oduvs</Data>
			<Data Name="GPOFileSystemPath">\\oduvs.so\SysVol\oduvs.so\Policies\{9FCF58D3-7A0C-4FB9-87F6-063BA6D3232D}\Machine</Data>
			<Data Name="GPOScriptCommandString">\\ASDAPPSRV-AMUR.ODUVS.SO\SoftwareUpdate\setup.cmd</Data>
		</EventData>
		<RenderingInfo Culture="ru-RU">
			<Message>Ошибка "Сценарий запуска". 
	Имя объекта политики (GPO): AMUR-asdou-oduvs
	Путь файловой системы к GPO: \\oduvs.so\SysVol\oduvs.so\Policies\{9FCF58D3-7A0C-4FB9-87F6-063BA6D3232D}\Machine
	Имя сценария: \\ASDAPPSRV-AMUR.ODUVS.SO\SoftwareUpdate\setup.cmd</Message>
			<Level>Ошибка</Level>
			<Task />
			<Opcode>Сведения</Opcode>
			<Channel>Система</Channel>
			<Provider>Microsoft-Windows-GroupPolicy</Provider>
			<Keywords />
		</RenderingInfo>
	</Event>
	<Event xmlns="http://schemas.microsoft.com/win/2004/08/events/event">
		<System>
			<Provider Name="Microsoft-Windows-GroupPolicy" Guid="{aea1b4fa-97d1-45f2-a64c-4d69fffd92c9}" />
			<EventID>1130</EventID>
			<Version>0</Version>
			<Level>2</Level>
			<Task>0</Task>
			<Opcode>0</Opcode>
			<Keywords>0x8000000000000000</Keywords>
			<TimeCreated SystemTime="2020-01-17T03:36:06.463997300Z" />
			<EventRecordID>17467</EventRecordID>
			<Correlation ActivityID="{d959c7ed-e930-4cbd-a856-55b23ca6c911}" />
			<Execution ProcessID="1860" ThreadID="808" />
			<Channel>System</Channel>
			<Computer>amur-kua.oduvs.so</Computer>
			<Security UserID="S-1-5-18" />
		</System>
		<EventData>
			<Data Name="SupportInfo1">0</Data>
			<Data Name="SupportInfo2">0</Data>
			<Data Name="ErrorCode">53</Data>
			<Data Name="ErrorDescription">Не найден сетевой путь. </Data>
			<Data Name="ScriptType">0</Data>
			<Data Name="GPODisplayName">AMUR-asdou-oduvs</Data>
			<Data Name="GPOFileSystemPath">\\oduvs.so\SysVol\oduvs.so\Policies\{9FCF58D3-7A0C-4FB9-87F6-063BA6D3232D}\Machine</Data>
			<Data Name="GPOScriptCommandString">\\asdappsrv-amur\softwareinstall\SetupCertificates.cmd</Data>
		</EventData>
		<RenderingInfo Culture="ru-RU">
			<Message>Ошибка "Сценарий запуска". 
	Имя объекта политики (GPO): AMUR-asdou-oduvs
	Путь файловой системы к GPO: \\oduvs.so\SysVol\oduvs.so\Policies\{9FCF58D3-7A0C-4FB9-87F6-063BA6D3232D}\Machine
	Имя сценария: \\asdappsrv-amur\softwareinstall\SetupCertificates.cmd</Message>
			<Level>Ошибка</Level>
			<Task />
			<Opcode>Сведения</Opcode>
			<Channel>Система</Channel>
			<Provider>Microsoft-Windows-GroupPolicy</Provider>
			<Keywords />
		</RenderingInfo>
	</Event>
	<Event xmlns="http://schemas.microsoft.com/win/2004/08/events/event">
		<System>
			<Provider Name="Microsoft-Windows-GroupPolicy" Guid="{aea1b4fa-97d1-45f2-a64c-4d69fffd92c9}" />
			<EventID>1129</EventID>
			<Version>0</Version>
			<Level>2</Level>
			<Task>0</Task>
			<Opcode>0</Opcode>
			<Keywords>0x8000000000000000</Keywords>
			<TimeCreated SystemTime="2020-01-17T03:36:01.634460300Z" />
			<EventRecordID>17466</EventRecordID>
			<Correlation ActivityID="{d959c7ed-e930-4cbd-a856-55b23ca6c911}" />
			<Execution ProcessID="1860" ThreadID="808" />
			<Channel>System</Channel>
			<Computer>amur-kua.oduvs.so</Computer>
			<Security UserID="S-1-5-18" />
		</System>
		<EventData>
			<Data Name="SupportInfo1">1</Data>
			<Data Name="SupportInfo2">2049</Data>
			<Data Name="ProcessingMode">1</Data>
			<Data Name="ProcessingTimeInMilliseconds">0</Data>
			<Data Name="ErrorCode">1222</Data>
			<Data Name="ErrorDescription">Сеть отсутствует или не запущена. </Data>
		</EventData>
		<RenderingInfo Culture="ru-RU">
			<Message>Сбой обработки групповой политики из-за отсутствия сетевого подключения к контроллеру домена. Это может быть временным явлением. Как только компьютеру удастся подключиться к контроллеру домена и групповая политика будет обработана успешно, будет создано сообщение об успехе. Если это сообщение не появляется в течение нескольких часов, обратитесь к администратору.</Message>
			<Level>Ошибка</Level>
			<Task />
			<Opcode>Сведения</Opcode>
			<Channel>Система</Channel>
			<Provider>Microsoft-Windows-GroupPolicy</Provider>
			<Keywords />
		</RenderingInfo>
	</Event>
	<Event xmlns="http://schemas.microsoft.com/win/2004/08/events/event">
		<System>
			<Provider Name="NETLOGON" />
			<EventID Qualifiers="0">5719</EventID>
			<Level>2</Level>
			<Task>0</Task>
			<Keywords>0x80000000000000</Keywords>
			<TimeCreated SystemTime="2020-01-17T03:35:43.403874200Z" />
			<EventRecordID>17459</EventRecordID>
			<Channel>System</Channel>
			<Computer>amur-kua.oduvs.so</Computer>
			<Security />
		</System>
		<EventData>
			<Data>ODUVS</Data>
			<Data>%%1311</Data>
			<Binary>5E0000C0</Binary>
		</EventData>
		<RenderingInfo Culture="ru-RU">
			<Message>Компьютер не может установить безопасный сеанс связи с контроллером домена ODUVS по следующей причине: 
Вы не можете войти в систему с этими учетными данными, так как ваш домен недоступен. Убедитесь, что устройство подключено к сети организации и повторите попытку. Если вы ранее входили в систему на этом устройстве с другими учетными данными, вы можете войти в систему с этими учетными данными. 
Это может затруднить проверку подлинности. Убедитесь, что компьютер подключен к сети. Если ошибка повторится, обратитесь к администратору домена.  

Дополнительные сведения 
Если данный компьютер является контроллером указанного домена, он устанавливает безопасный сеанс связи с эмулятором основного контроллера этого домена. В противном случае компьютер устанавливает безопасный сеанс связи с произвольным контроллером данного домена.</Message>
			<Level>Ошибка</Level>
			<Task />
			<Opcode>Сведения</Opcode>
			<Channel />
			<Provider />
			<Keywords>
				<Keyword>Классический</Keyword>
			</Keywords>
		</RenderingInfo>
	</Event>
	<Event xmlns="http://schemas.microsoft.com/win/2004/08/events/event">
		<System>
			<Provider Name="VBoxNetLwf" />
			<EventID Qualifiers="49156">12</EventID>
			<Level>2</Level>
			<Task>0</Task>
			<Keywords>0x80000000000000</Keywords>
			<TimeCreated SystemTime="2020-01-17T03:35:41.984206700Z" />
			<EventRecordID>17448</EventRecordID>
			<Channel>System</Channel>
			<Computer>amur-kua.oduvs.so</Computer>
			<Security />
		</System>
		<EventData>
			<Data>\Device\VBoxNetLwf</Data>
			<Binary>0000000001000000000000000C0004C0080000000000000000000000000000000000000000000000</Binary>
		</EventData>
		<RenderingInfo Culture="ru-RU">
			<Message>Драйвер обнаружил внутреннюю ошибку драйвера на \Device\VBoxNetLwf.</Message>
			<Level>Ошибка</Level>
			<Task />
			<Opcode />
			<Channel />
			<Provider />
			<Keywords>
				<Keyword>Классический</Keyword>
			</Keywords>
		</RenderingInfo>
	</Event>
	<Event xmlns="http://schemas.microsoft.com/win/2004/08/events/event">
		<System>
			<Provider Name="Service Control Manager" Guid="{555908d1-a6d7-4695-8e1e-26931d2012f4}" EventSourceName="Service Control Manager" />
			<EventID Qualifiers="49152">7043</EventID>
			<Version>0</Version>
			<Level>2</Level>
			<Task>0</Task>
			<Opcode>0</Opcode>
			<Keywords>0x8080000000000000</Keywords>
			<TimeCreated SystemTime="2020-01-17T03:33:28.722100500Z" />
			<EventRecordID>17406</EventRecordID>
			<Correlation ActivityID="{905811ce-cb5e-0002-056c-5b905ecbd501}" />
			<Execution ProcessID="584" ThreadID="20436" />
			<Channel>System</Channel>
			<Computer>amur-kua.oduvs.so</Computer>
			<Security />
		</System>
		<EventData>
			<Data Name="param1">CK-11 Supervisor</Data>
			<Binary>43004B0031003100530075007000650072007600690073006F0072005300760063000000</Binary>
		</EventData>
		<RenderingInfo Culture="ru-RU">
			<Message>Служба "CK-11 Supervisor" не завершила работу должным образом после получения управления для выполнения предзавершающих операций.</Message>
			<Level>Ошибка</Level>
			<Task />
			<Opcode />
			<Channel />
			<Provider>Microsoft-Windows-Service Control Manager</Provider>
			<Keywords>
				<Keyword>Классический</Keyword>
			</Keywords>
		</RenderingInfo>
	</Event>
	<Event xmlns="http://schemas.microsoft.com/win/2004/08/events/event">
		<System>
			<Provider Name="Service Control Manager" Guid="{555908d1-a6d7-4695-8e1e-26931d2012f4}" EventSourceName="Service Control Manager" />
			<EventID Qualifiers="49152">7023</EventID>
			<Version>0</Version>
			<Level>2</Level>
			<Task>0</Task>
			<Opcode>0</Opcode>
			<Keywords>0x8080000000000000</Keywords>
			<TimeCreated SystemTime="2020-01-17T03:32:50.107801800Z" />
			<EventRecordID>17403</EventRecordID>
			<Correlation />
			<Execution ProcessID="584" ThreadID="21944" />
			<Channel>System</Channel>
			<Computer>amur-kua.oduvs.so</Computer>
			<Security />
		</System>
		<EventData>
			<Data Name="param1">Update Orchestrator Service</Data>
			<Data Name="param2">%%2147549471</Data>
			<Binary>550073006F005300760063000000</Binary>
		</EventData>
		<RenderingInfo Culture="ru-RU">
			<Message>Служба "Update Orchestrator Service" завершена из-за ошибки 
Возврат из операции произошел из-за превышения времени ожидания.</Message>
			<Level>Ошибка</Level>
			<Task />
			<Opcode />
			<Channel />
			<Provider>Microsoft-Windows-Service Control Manager</Provider>
			<Keywords>
				<Keyword>Классический</Keyword>
			</Keywords>
		</RenderingInfo>
	</Event>
	<Event xmlns="http://schemas.microsoft.com/win/2004/08/events/event">
		<System>
			<Provider Name="Microsoft-Windows-DistributedCOM" Guid="{1B562E86-B7AA-4131-BADC-B6F3A001407E}" EventSourceName="DCOM" />
			<EventID Qualifiers="0">10010</EventID>
			<Version>0</Version>
			<Level>2</Level>
			<Task>0</Task>
			<Opcode>0</Opcode>
			<Keywords>0x8080000000000000</Keywords>
			<TimeCreated SystemTime="2020-01-17T03:32:49.029546300Z" />
			<EventRecordID>17401</EventRecordID>
			<Correlation />
			<Execution ProcessID="1148" ThreadID="22616" />
			<Channel>System</Channel>
			<Computer>amur-kua.oduvs.so</Computer>
			<Security UserID="S-1-5-21-578921006-2288858441-1423896827-22345" />
		</System>
		<EventData>
			<Data Name="param1">{9BA05972-F6A8-11CF-A442-00A0C90A8F39}</Data>
		</EventData>
		<RenderingInfo Culture="ru-RU">
			<Message>Регистрация сервера {9BA05972-F6A8-11CF-A442-00A0C90A8F39} DCOM не выполнена за отведенное время ожидания.</Message>
			<Level>Ошибка</Level>
			<Task />
			<Opcode>Сведения</Opcode>
			<Channel />
			<Provider>Microsoft-Windows-DistributedCOM</Provider>
			<Keywords>
				<Keyword>Классический</Keyword>
			</Keywords>
		</RenderingInfo>
	</Event>
	<Event xmlns="http://schemas.microsoft.com/win/2004/08/events/event">
		<System>
			<Provider Name="Microsoft-Windows-DistributedCOM" Guid="{1B562E86-B7AA-4131-BADC-B6F3A001407E}" EventSourceName="DCOM" />
			<EventID Qualifiers="0">10010</EventID>
			<Version>0</Version>
			<Level>2</Level>
			<Task>0</Task>
			<Opcode>0</Opcode>
			<Keywords>0x8080000000000000</Keywords>
			<TimeCreated SystemTime="2020-01-17T03:32:49.013921100Z" />
			<EventRecordID>17400</EventRecordID>
			<Correlation />
			<Execution ProcessID="1148" ThreadID="10904" />
			<Channel>System</Channel>
			<Computer>amur-kua.oduvs.so</Computer>
			<Security UserID="S-1-5-21-578921006-2288858441-1423896827-22345" />
		</System>
		<EventData>
			<Data Name="param1">{9BA05972-F6A8-11CF-A442-00A0C90A8F39}</Data>
		</EventData>
		<RenderingInfo Culture="ru-RU">
			<Message>Регистрация сервера {9BA05972-F6A8-11CF-A442-00A0C90A8F39} DCOM не выполнена за отведенное время ожидания.</Message>
			<Level>Ошибка</Level>
			<Task />
			<Opcode>Сведения</Opcode>
			<Channel />
			<Provider>Microsoft-Windows-DistributedCOM</Provider>
			<Keywords>
				<Keyword>Классический</Keyword>
			</Keywords>
		</RenderingInfo>
	</Event>
	<Event xmlns="http://schemas.microsoft.com/win/2004/08/events/event">
		<System>
			<Provider Name="Microsoft-Windows-DistributedCOM" Guid="{1B562E86-B7AA-4131-BADC-B6F3A001407E}" EventSourceName="DCOM" />
			<EventID Qualifiers="0">10010</EventID>
			<Version>0</Version>
			<Level>2</Level>
			<Task>0</Task>
			<Opcode>0</Opcode>
			<Keywords>0x8080000000000000</Keywords>
			<TimeCreated SystemTime="2020-01-17T03:32:48.982671700Z" />
			<EventRecordID>17399</EventRecordID>
			<Correlation />
			<Execution ProcessID="1148" ThreadID="22616" />
			<Channel>System</Channel>
			<Computer>amur-kua.oduvs.so</Computer>
			<Security UserID="S-1-5-21-578921006-2288858441-1423896827-22345" />
		</System>
		<EventData>
			<Data Name="param1">{9BA05972-F6A8-11CF-A442-00A0C90A8F39}</Data>
		</EventData>
		<RenderingInfo Culture="ru-RU">
			<Message>Регистрация сервера {9BA05972-F6A8-11CF-A442-00A0C90A8F39} DCOM не выполнена за отведенное время ожидания.</Message>
			<Level>Ошибка</Level>
			<Task />
			<Opcode>Сведения</Opcode>
			<Channel />
			<Provider>Microsoft-Windows-DistributedCOM</Provider>
			<Keywords>
				<Keyword>Классический</Keyword>
			</Keywords>
		</RenderingInfo>
	</Event>
	<Event xmlns="http://schemas.microsoft.com/win/2004/08/events/event">
		<System>
			<Provider Name="Git Credential Manager" />
			<EventID Qualifiers="0">0</EventID>
			<Level>2</Level>
			<Task>0</Task>
			<Keywords>0x80000000000000</Keywords>
			<TimeCreated SystemTime="2020-01-17T03:23:26.623824600Z" />
			<EventRecordID>12612</EventRecordID>
			<Channel>Application</Channel>
			<Computer>amur-kua.oduvs.so</Computer>
			<Security />
		</System>
		<EventData>
			<Data>System.Threading.Tasks.TaskCanceledException: Отменена задача.</Data>
		</EventData>
		<RenderingInfo Culture="ru-RU">
			<Message>System.Threading.Tasks.TaskCanceledException: Отменена задача.</Message>
			<Level>Ошибка</Level>
			<Task />
			<Opcode>Сведения</Opcode>
			<Channel />
			<Provider />
			<Keywords>
				<Keyword>Классический</Keyword>
			</Keywords>
		</RenderingInfo>
	</Event>
	<Event xmlns="http://schemas.microsoft.com/win/2004/08/events/event">
		<System>
			<Provider Name="VBoxNetLwf" />
			<EventID Qualifiers="49156">12</EventID>
			<Level>2</Level>
			<Task>0</Task>
			<Keywords>0x80000000000000</Keywords>
			<TimeCreated SystemTime="2020-01-17T03:22:44.721439900Z" />
			<EventRecordID>17384</EventRecordID>
			<Channel>System</Channel>
			<Computer>amur-kua.oduvs.so</Computer>
			<Security />
		</System>
		<EventData>
			<Data>\Device\VBoxNetLwf</Data>
			<Binary>0000080001000000000000000C0004C00800000000000000000000000000000000000000000000002C27D725B6F40000</Binary>
		</EventData>
		<RenderingInfo Culture="ru-RU">
			<Message>Драйвер обнаружил внутреннюю ошибку драйвера на \Device\VBoxNetLwf.</Message>
			<Level>Ошибка</Level>
			<Task />
			<Opcode />
			<Channel />
			<Provider />
			<Keywords>
				<Keyword>Классический</Keyword>
			</Keywords>
		</RenderingInfo>
	</Event>
	<Event xmlns="http://schemas.microsoft.com/win/2004/08/events/event">
		<System>
			<Provider Name="NETLOGON" />
			<EventID Qualifiers="0">5719</EventID>
			<Level>2</Level>
			<Task>0</Task>
			<Keywords>0x80000000000000</Keywords>
			<TimeCreated SystemTime="2020-01-17T03:13:08.455869000Z" />
			<EventRecordID>17379</EventRecordID>
			<Channel>System</Channel>
			<Computer>amur-kua.oduvs.so</Computer>
			<Security />
		</System>
		<EventData>
			<Data>ODUVS</Data>
			<Data>%%1311</Data>
			<Binary>5E0000C0</Binary>
		</EventData>
		<RenderingInfo Culture="ru-RU">
			<Message>Компьютер не может установить безопасный сеанс связи с контроллером домена ODUVS по следующей причине: 
Вы не можете войти в систему с этими учетными данными, так как ваш домен недоступен. Убедитесь, что устройство подключено к сети организации и повторите попытку. Если вы ранее входили в систему на этом устройстве с другими учетными данными, вы можете войти в систему с этими учетными данными. 
Это может затруднить проверку подлинности. Убедитесь, что компьютер подключен к сети. Если ошибка повторится, обратитесь к администратору домена.  

Дополнительные сведения 
Если данный компьютер является контроллером указанного домена, он устанавливает безопасный сеанс связи с эмулятором основного контроллера этого домена. В противном случае компьютер устанавливает безопасный сеанс связи с произвольным контроллером данного домена.</Message>
			<Level>Ошибка</Level>
			<Task />
			<Opcode>Сведения</Opcode>
			<Channel />
			<Provider />
			<Keywords>
				<Keyword>Классический</Keyword>
			</Keywords>
		</RenderingInfo>
	</Event>
	<Event xmlns="http://schemas.microsoft.com/win/2004/08/events/event">
		<System>
			<Provider Name="VBoxNetLwf" />
			<EventID Qualifiers="49156">12</EventID>
			<Level>2</Level>
			<Task>0</Task>
			<Keywords>0x80000000000000</Keywords>
			<TimeCreated SystemTime="2020-01-17T03:09:54.743568800Z" />
			<EventRecordID>17351</EventRecordID>
			<Channel>System</Channel>
			<Computer>amur-kua.oduvs.so</Computer>
			<Security />
		</System>
		<EventData>
			<Data>\Device\VBoxNetLwf</Data>
			<Binary>0000080001000000000000000C0004C00800000000000000000000000000000000000000000000002C27D725B6F40000</Binary>
		</EventData>
		<RenderingInfo Culture="ru-RU">
			<Message>Драйвер обнаружил внутреннюю ошибку драйвера на \Device\VBoxNetLwf.</Message>
			<Level>Ошибка</Level>
			<Task />
			<Opcode />
			<Channel />
			<Provider />
			<Keywords>
				<Keyword>Классический</Keyword>
			</Keywords>
		</RenderingInfo>
	</Event>
	<Event xmlns="http://schemas.microsoft.com/win/2004/08/events/event">
		<System>
			<Provider Name="Microsoft-Windows-NDIS" Guid="{cdead503-17f5-4a3e-b7ae-df8cc2902eb9}" />
			<EventID>10317</EventID>
			<Version>0</Version>
			<Level>2</Level>
			<Task>2</Task>
			<Opcode>0</Opcode>
			<Keywords>0x2000000000004016</Keywords>
			<TimeCreated SystemTime="2020-01-17T03:09:54.706001200Z" />
			<EventRecordID>17350</EventRecordID>
			<Correlation ActivityID="{f658c5d9-ce93-4c29-b549-24cd9a85dea3}" />
			<Execution ProcessID="9608" ThreadID="8840" />
			<Channel>System</Channel>
			<Computer>amur-kua.oduvs.so</Computer>
			<Security UserID="S-1-5-18" />
		</System>
		<EventData>
			<Data Name="IfGuid">{f658c5d9-ce93-4c29-b549-24cd9a85dea3}</Data>
			<Data Name="IfIndex">38</Data>
			<Data Name="IfLuid">282024732524544</Data>
			<Data Name="AdapterName">Apple Mobile Device Ethernet #2</Data>
			<Data Name="MiniportEventEnum">76</Data>
		</EventData>
		<RenderingInfo Culture="ru-RU">
			<Message>На мини-порту Apple Mobile Device Ethernet #2 ({f658c5d9-ce93-4c29-b549-24cd9a85dea3}) произошло событие Network Interface deleted while PNP Device still exists. Note that this event is provided for informational purpose and might not be an error always (Eg: In case of vSwitch which was recently un-installed or a LBFO team was removed)</Message>
			<Level>Ошибка</Level>
			<Task>PnP</Task>
			<Opcode>Сведения</Opcode>
			<Channel>Система</Channel>
			<Provider>Microsoft-Windows-NDIS</Provider>
			<Keywords />
		</RenderingInfo>
	</Event>
	<Event xmlns="http://schemas.microsoft.com/win/2004/08/events/event">
		<System>
			<Provider Name="VBoxNetLwf" />
			<EventID Qualifiers="49156">12</EventID>
			<Level>2</Level>
			<Task>0</Task>
			<Keywords>0x80000000000000</Keywords>
			<TimeCreated SystemTime="2020-01-17T03:09:53.451756000Z" />
			<EventRecordID>17349</EventRecordID>
			<Channel>System</Channel>
			<Computer>amur-kua.oduvs.so</Computer>
			<Security />
		</System>
		<EventData>
			<Data>\Device\VBoxNetLwf</Data>
			<Binary>0000080001000000000000000C0004C00800000000000000000000000000000000000000000000002C27D725B6F40000</Binary>
		</EventData>
		<RenderingInfo Culture="ru-RU">
			<Message>Драйвер обнаружил внутреннюю ошибку драйвера на \Device\VBoxNetLwf.</Message>
			<Level>Ошибка</Level>
			<Task />
			<Opcode />
			<Channel />
			<Provider />
			<Keywords>
				<Keyword>Классический</Keyword>
			</Keywords>
		</RenderingInfo>
	</Event>
	<Event xmlns="http://schemas.microsoft.com/win/2004/08/events/event">
		<System>
			<Provider Name="Microsoft-Windows-GroupPolicy" Guid="{aea1b4fa-97d1-45f2-a64c-4d69fffd92c9}" />
			<EventID>1129</EventID>
			<Version>0</Version>
			<Level>2</Level>
			<Task>0</Task>
			<Opcode>0</Opcode>
			<Keywords>0x8000000000000000</Keywords>
			<TimeCreated SystemTime="2020-01-17T05:06:56.106562300Z" />
			<EventRecordID>17503</EventRecordID>
			<Correlation ActivityID="{119b61ee-882a-469b-b6e8-8f29d57e241d}" />
			<Execution ProcessID="2524" ThreadID="9528" />
			<Channel>System</Channel>
			<Computer>amur-kua.oduvs.so</Computer>
			<Security UserID="S-1-5-21-578921006-2288858441-1423896827-22345" />
		</System>
		<EventData>
			<Data Name="SupportInfo1">1</Data>
			<Data Name="SupportInfo2">2049</Data>
			<Data Name="ProcessingMode">0</Data>
			<Data Name="ProcessingTimeInMilliseconds">0</Data>
			<Data Name="ErrorCode">1222</Data>
			<Data Name="ErrorDescription">Сеть отсутствует или не запущена. </Data>
		</EventData>
		<RenderingInfo Culture="ru-RU">
			<Message>Сбой обработки групповой политики из-за отсутствия сетевого подключения к контроллеру домена. Это может быть временным явлением. Как только компьютеру удастся подключиться к контроллеру домена и групповая политика будет обработана успешно, будет создано сообщение об успехе. Если это сообщение не появляется в течение нескольких часов, обратитесь к администратору.</Message>
			<Level>Ошибка</Level>
			<Task />
			<Opcode>Сведения</Opcode>
			<Channel>Система</Channel>
			<Provider>Microsoft-Windows-GroupPolicy</Provider>
			<Keywords />
		</RenderingInfo>
	</Event>
	<Event xmlns="http://schemas.microsoft.com/win/2004/08/events/event">
		<System>
			<Provider Name="NETLOGON" />
			<EventID Qualifiers="0">5719</EventID>
			<Level>2</Level>
			<Task>0</Task>
			<Keywords>0x80000000000000</Keywords>
			<TimeCreated SystemTime="2020-01-16T03:05:51.081812600Z" />
			<EventRecordID>17181</EventRecordID>
			<Channel>System</Channel>
			<Computer>amur-kua.oduvs.so</Computer>
			<Security />
		</System>
		<EventData>
			<Data>ODUVS</Data>
			<Data>%%1311</Data>
			<Binary>5E0000C0</Binary>
		</EventData>
		<RenderingInfo Culture="ru-RU">
			<Message>Компьютер не может установить безопасный сеанс связи с контроллером домена ODUVS по следующей причине: 
Вы не можете войти в систему с этими учетными данными, так как ваш домен недоступен. Убедитесь, что устройство подключено к сети организации и повторите попытку. Если вы ранее входили в систему на этом устройстве с другими учетными данными, вы можете войти в систему с этими учетными данными. 
Это может затруднить проверку подлинности. Убедитесь, что компьютер подключен к сети. Если ошибка повторится, обратитесь к администратору домена.  

Дополнительные сведения 
Если данный компьютер является контроллером указанного домена, он устанавливает безопасный сеанс связи с эмулятором основного контроллера этого домена. В противном случае компьютер устанавливает безопасный сеанс связи с произвольным контроллером данного домена.</Message>
			<Level>Ошибка</Level>
			<Task />
			<Opcode>Сведения</Opcode>
			<Channel />
			<Provider />
			<Keywords>
				<Keyword>Классический</Keyword>
			</Keywords>
		</RenderingInfo>
	</Event>
	<Event xmlns="http://schemas.microsoft.com/win/2004/08/events/event">
		<System>
			<Provider Name="Bonjour Service" />
			<EventID Qualifiers="0">100</EventID>
			<Level>2</Level>
			<Task>0</Task>
			<Keywords>0x80000000000000</Keywords>
			<TimeCreated SystemTime="2020-01-15T08:01:49.012146700Z" />
			<EventRecordID>12489</EventRecordID>
			<Channel>Application</Channel>
			<Computer>amur-kua.oduvs.so</Computer>
			<Security />
		</System>
		<EventData>
			<Data>Task Scheduling Error: m-&gt;NextScheduledSPRetry 2641</Data>
		</EventData>
		<RenderingInfo Culture="ru-RU">
			<Message>Task Scheduling Error: m-&gt;NextScheduledSPRetry 2641</Message>
			<Level>Ошибка</Level>
			<Task />
			<Opcode>Сведения</Opcode>
			<Channel />
			<Provider />
			<Keywords>
				<Keyword>Классический</Keyword>
			</Keywords>
		</RenderingInfo>
	</Event>
	<Event xmlns="http://schemas.microsoft.com/win/2004/08/events/event">
		<System>
			<Provider Name="Bonjour Service" />
			<EventID Qualifiers="0">100</EventID>
			<Level>2</Level>
			<Task>0</Task>
			<Keywords>0x80000000000000</Keywords>
			<TimeCreated SystemTime="2020-01-15T08:01:49.012146700Z" />
			<EventRecordID>12488</EventRecordID>
			<Channel>Application</Channel>
			<Computer>amur-kua.oduvs.so</Computer>
			<Security />
		</System>
		<EventData>
			<Data>Task Scheduling Error: m-&gt;NextScheduledEvent 2641</Data>
		</EventData>
		<RenderingInfo Culture="ru-RU">
			<Message>Task Scheduling Error: m-&gt;NextScheduledEvent 2641</Message>
			<Level>Ошибка</Level>
			<Task />
			<Opcode>Сведения</Opcode>
			<Channel />
			<Provider />
			<Keywords>
				<Keyword>Классический</Keyword>
			</Keywords>
		</RenderingInfo>
	</Event>
	<Event xmlns="http://schemas.microsoft.com/win/2004/08/events/event">
		<System>
			<Provider Name="Bonjour Service" />
			<EventID Qualifiers="0">100</EventID>
			<Level>2</Level>
			<Task>0</Task>
			<Keywords>0x80000000000000</Keywords>
			<TimeCreated SystemTime="2020-01-15T08:01:49.011146100Z" />
			<EventRecordID>12487</EventRecordID>
			<Channel>Application</Channel>
			<Computer>amur-kua.oduvs.so</Computer>
			<Security />
		</System>
		<EventData>
			<Data>Task Scheduling Error: Continuously busy for more than a second</Data>
		</EventData>
		<RenderingInfo Culture="ru-RU">
			<Message>Task Scheduling Error: Continuously busy for more than a second</Message>
			<Level>Ошибка</Level>
			<Task />
			<Opcode>Сведения</Opcode>
			<Channel />
			<Provider />
			<Keywords>
				<Keyword>Классический</Keyword>
			</Keywords>
		</RenderingInfo>
	</Event>
	<Event xmlns="http://schemas.microsoft.com/win/2004/08/events/event">
		<System>
			<Provider Name="Microsoft-Windows-DistributedCOM" Guid="{1B562E86-B7AA-4131-BADC-B6F3A001407E}" EventSourceName="DCOM" />
			<EventID Qualifiers="0">10001</EventID>
			<Version>0</Version>
			<Level>2</Level>
			<Task>0</Task>
			<Opcode>0</Opcode>
			<Keywords>0x8080000000000000</Keywords>
			<TimeCreated SystemTime="2020-01-15T04:47:57.941556100Z" />
			<EventRecordID>17111</EventRecordID>
			<Correlation />
			<Execution ProcessID="880" ThreadID="7448" />
			<Channel>System</Channel>
			<Computer>amur-kua.oduvs.so</Computer>
			<Security UserID="S-1-5-21-578921006-2288858441-1423896827-22345" />
		</System>
		<EventData>
			<Data Name="param1">"C:\Program Files\WindowsApps\Microsoft.WindowsStore_11912.1001.1.0_x64__8wekyb3d8bbwe\WinStore.App.exe" -ServerName:App.AppXc75wvwned5vhz4xyxxecvgdjhdkgsdza.mca</Data>
			<Data Name="param2">0</Data>
			<Data Name="param3">Microsoft.WindowsStore_11912.1001.1.0_x64__8wekyb3d8bbwe!App</Data>
			<Data Name="param4">Недоступно</Data>
			<Data Name="param5">Недоступно</Data>
		</EventData>
		<RenderingInfo Culture="ru-RU">
			<Message>Не удалось запустить DCOM-сервер: Microsoft.WindowsStore_11912.1001.1.0_x64__8wekyb3d8bbwe!App как Недоступно/Недоступно.Ошибка:
"0"
Произошла при запуске команды:
"C:\Program Files\WindowsApps\Microsoft.WindowsStore_11912.1001.1.0_x64__8wekyb3d8bbwe\WinStore.App.exe" -ServerName:App.AppXc75wvwned5vhz4xyxxecvgdjhdkgsdza.mca</Message>
			<Level>Ошибка</Level>
			<Task />
			<Opcode>Сведения</Opcode>
			<Channel />
			<Provider>Microsoft-Windows-DistributedCOM</Provider>
			<Keywords>
				<Keyword>Классический</Keyword>
			</Keywords>
		</RenderingInfo>
	</Event>
	<Event xmlns="http://schemas.microsoft.com/win/2004/08/events/event">
		<System>
			<Provider Name="Microsoft-Windows-DistributedCOM" Guid="{1B562E86-B7AA-4131-BADC-B6F3A001407E}" EventSourceName="DCOM" />
			<EventID Qualifiers="0">10016</EventID>
			<Version>0</Version>
			<Level>2</Level>
			<Task>0</Task>
			<Opcode>0</Opcode>
			<Keywords>0x8080000000000000</Keywords>
			<TimeCreated SystemTime="2020-01-15T04:46:56.401981300Z" />
			<EventRecordID>17109</EventRecordID>
			<Correlation />
			<Execution ProcessID="1148" ThreadID="1184" />
			<Channel>System</Channel>
			<Computer>amur-kua.oduvs.so</Computer>
			<Security UserID="S-1-5-21-578921006-2288858441-1423896827-22345" />
		</System>
		<EventData>
			<Data Name="param1">для конкретного приложения</Data>
			<Data Name="param2">Локально</Data>
			<Data Name="param3">Активация</Data>
			<Data Name="param4">{2593F8B9-4EAF-457C-B68A-50F6B8EA6B54}</Data>
			<Data Name="param5">{15C20B67-12E7-4BB6-92BB-7AFF07997402}</Data>
			<Data Name="param6">ODUVS</Data>
			<Data Name="param7">amur_kua</Data>
			<Data Name="param8">S-1-5-21-578921006-2288858441-1423896827-22345</Data>
			<Data Name="param9">LocalHost (с использованием LRPC)</Data>
			<Data Name="param10">Недоступно</Data>
			<Data Name="param11">Недоступно</Data>
		</EventData>
		<RenderingInfo Culture="ru-RU">
			<Message>Параметры разрешений для конкретного приложения не дают разрешения Локально Активация для приложения COM-сервера с CLSID 
{2593F8B9-4EAF-457C-B68A-50F6B8EA6B54}
 и APPID 
{15C20B67-12E7-4BB6-92BB-7AFF07997402}
 пользователю ODUVS\amur_kua с ИД безопасности (S-1-5-21-578921006-2288858441-1423896827-22345) и адресом LocalHost (с использованием LRPC), выполняемого в контейнере приложения Недоступно с ИД безопасности (Недоступно). Это разрешение безопасности можно изменить с помощью средства администрирования служб компонентов.</Message>
			<Level>Ошибка</Level>
			<Task />
			<Opcode>Сведения</Opcode>
			<Channel />
			<Provider>Microsoft-Windows-DistributedCOM</Provider>
			<Keywords>
				<Keyword>Классический</Keyword>
			</Keywords>
		</RenderingInfo>
	</Event>
	<Event xmlns="http://schemas.microsoft.com/win/2004/08/events/event">
		<System>
			<Provider Name="Microsoft-Windows-DistributedCOM" Guid="{1B562E86-B7AA-4131-BADC-B6F3A001407E}" EventSourceName="DCOM" />
			<EventID Qualifiers="0">10016</EventID>
			<Version>0</Version>
			<Level>2</Level>
			<Task>0</Task>
			<Opcode>0</Opcode>
			<Keywords>0x8080000000000000</Keywords>
			<TimeCreated SystemTime="2020-01-15T04:46:52.619085100Z" />
			<EventRecordID>17108</EventRecordID>
			<Correlation />
			<Execution ProcessID="1148" ThreadID="3076" />
			<Channel>System</Channel>
			<Computer>amur-kua.oduvs.so</Computer>
			<Security UserID="S-1-5-21-578921006-2288858441-1423896827-22345" />
		</System>
		<EventData>
			<Data Name="param1">для конкретного приложения</Data>
			<Data Name="param2">Локально</Data>
			<Data Name="param3">Активация</Data>
			<Data Name="param4">{2593F8B9-4EAF-457C-B68A-50F6B8EA6B54}</Data>
			<Data Name="param5">{15C20B67-12E7-4BB6-92BB-7AFF07997402}</Data>
			<Data Name="param6">ODUVS</Data>
			<Data Name="param7">amur_kua</Data>
			<Data Name="param8">S-1-5-21-578921006-2288858441-1423896827-22345</Data>
			<Data Name="param9">LocalHost (с использованием LRPC)</Data>
			<Data Name="param10">Недоступно</Data>
			<Data Name="param11">Недоступно</Data>
		</EventData>
		<RenderingInfo Culture="ru-RU">
			<Message>Параметры разрешений для конкретного приложения не дают разрешения Локально Активация для приложения COM-сервера с CLSID 
{2593F8B9-4EAF-457C-B68A-50F6B8EA6B54}
 и APPID 
{15C20B67-12E7-4BB6-92BB-7AFF07997402}
 пользователю ODUVS\amur_kua с ИД безопасности (S-1-5-21-578921006-2288858441-1423896827-22345) и адресом LocalHost (с использованием LRPC), выполняемого в контейнере приложения Недоступно с ИД безопасности (Недоступно). Это разрешение безопасности можно изменить с помощью средства администрирования служб компонентов.</Message>
			<Level>Ошибка</Level>
			<Task />
			<Opcode>Сведения</Opcode>
			<Channel />
			<Provider>Microsoft-Windows-DistributedCOM</Provider>
			<Keywords>
				<Keyword>Классический</Keyword>
			</Keywords>
		</RenderingInfo>
	</Event>
	<Event xmlns="http://schemas.microsoft.com/win/2004/08/events/event">
		<System>
			<Provider Name="Microsoft-Windows-GroupPolicy" Guid="{aea1b4fa-97d1-45f2-a64c-4d69fffd92c9}" />
			<EventID>1129</EventID>
			<Version>0</Version>
			<Level>2</Level>
			<Task>0</Task>
			<Opcode>0</Opcode>
			<Keywords>0x8000000000000000</Keywords>
			<TimeCreated SystemTime="2020-01-15T04:46:30.628359400Z" />
			<EventRecordID>17106</EventRecordID>
			<Correlation ActivityID="{6e5f8627-9d7d-41a4-b7e0-b9d8caa53c22}" />
			<Execution ProcessID="1336" ThreadID="1396" />
			<Channel>System</Channel>
			<Computer>amur-kua.oduvs.so</Computer>
			<Security UserID="S-1-5-21-578921006-2288858441-1423896827-22345" />
		</System>
		<EventData>
			<Data Name="SupportInfo1">1</Data>
			<Data Name="SupportInfo2">2049</Data>
			<Data Name="ProcessingMode">1</Data>
			<Data Name="ProcessingTimeInMilliseconds">0</Data>
			<Data Name="ErrorCode">1222</Data>
			<Data Name="ErrorDescription">Сеть отсутствует или не запущена. </Data>
		</EventData>
		<RenderingInfo Culture="ru-RU">
			<Message>Сбой обработки групповой политики из-за отсутствия сетевого подключения к контроллеру домена. Это может быть временным явлением. Как только компьютеру удастся подключиться к контроллеру домена и групповая политика будет обработана успешно, будет создано сообщение об успехе. Если это сообщение не появляется в течение нескольких часов, обратитесь к администратору.</Message>
			<Level>Ошибка</Level>
			<Task />
			<Opcode>Сведения</Opcode>
			<Channel>Система</Channel>
			<Provider>Microsoft-Windows-GroupPolicy</Provider>
			<Keywords />
		</RenderingInfo>
	</Event>
	<Event xmlns="http://schemas.microsoft.com/win/2004/08/events/event">
		<System>
			<Provider Name="Microsoft-Windows-GroupPolicy" Guid="{aea1b4fa-97d1-45f2-a64c-4d69fffd92c9}" />
			<EventID>1129</EventID>
			<Version>0</Version>
			<Level>2</Level>
			<Task>0</Task>
			<Opcode>0</Opcode>
			<Keywords>0x8000000000000000</Keywords>
			<TimeCreated SystemTime="2020-01-15T04:45:37.043490500Z" />
			<EventRecordID>17101</EventRecordID>
			<Correlation ActivityID="{70c77b66-c8b1-468e-a45c-b87da2175962}" />
			<Execution ProcessID="1336" ThreadID="1568" />
			<Channel>System</Channel>
			<Computer>amur-kua.oduvs.so</Computer>
			<Security UserID="S-1-5-18" />
		</System>
		<EventData>
			<Data Name="SupportInfo1">1</Data>
			<Data Name="SupportInfo2">2049</Data>
			<Data Name="ProcessingMode">1</Data>
			<Data Name="ProcessingTimeInMilliseconds">2141</Data>
			<Data Name="ErrorCode">1222</Data>
			<Data Name="ErrorDescription">Сеть отсутствует или не запущена. </Data>
		</EventData>
		<RenderingInfo Culture="ru-RU">
			<Message>Сбой обработки групповой политики из-за отсутствия сетевого подключения к контроллеру домена. Это может быть временным явлением. Как только компьютеру удастся подключиться к контроллеру домена и групповая политика будет обработана успешно, будет создано сообщение об успехе. Если это сообщение не появляется в течение нескольких часов, обратитесь к администратору.</Message>
			<Level>Ошибка</Level>
			<Task />
			<Opcode>Сведения</Opcode>
			<Channel>Система</Channel>
			<Provider>Microsoft-Windows-GroupPolicy</Provider>
			<Keywords />
		</RenderingInfo>
	</Event>
	